--------------- Clean Started: 06/06/2017 15:12:19 Project: FreeRTOS_Demo, Configuration: ARM GCC 4.9-2015-q1-update Debug ---------------
Deleting file ".\CortexM3\ARM_GCC_493\Debug\BlockQ.o"
Deleting file ".\CortexM3\ARM_GCC_493\Debug\blocktim.o"
Deleting file ".\CortexM3\ARM_GCC_493\Debug\comtest.o"
Deleting file ".\CortexM3\ARM_GCC_493\Debug\countsem.o"
Deleting file ".\CortexM3\ARM_GCC_493\Debug\death.o"
Deleting file ".\CortexM3\ARM_GCC_493\Debug\dynamic.o"
Deleting file ".\CortexM3\ARM_GCC_493\Debug\flash.o"
Deleting file ".\CortexM3\ARM_GCC_493\Debug\flop.o"
Deleting file ".\CortexM3\ARM_GCC_493\Debug\GenQTest.o"
Deleting file ".\CortexM3\ARM_GCC_493\Debug\integer.o"
Deleting file ".\CortexM3\ARM_GCC_493\Debug\IntQueue.o"
Deleting file ".\CortexM3\ARM_GCC_493\Debug\PollQ.o"
Deleting file ".\CortexM3\ARM_GCC_493\Debug\QPeek.o"
Deleting file ".\CortexM3\ARM_GCC_493\Debug\semtest.o"
Deleting file ".\CortexM3\ARM_GCC_493\Debug\USBSerial.o"
Deleting file ".\CortexM3\ARM_GCC_493\Debug\croutine.o"
Deleting file ".\CortexM3\ARM_GCC_493\Debug\heap_2.o"
Deleting file ".\CortexM3\ARM_GCC_493\Debug\list.o"
Deleting file ".\CortexM3\ARM_GCC_493\Debug\port.o"
Deleting file ".\CortexM3\ARM_GCC_493\Debug\queue.o"
Deleting file ".\CortexM3\ARM_GCC_493\Debug\tasks.o"
Deleting file ".\CortexM3\ARM_GCC_493\Debug\IntQueueTimer.o"
Deleting file ".\CortexM3\ARM_GCC_493\Debug\main.o"
Deleting file ".\CortexM3\ARM_GCC_493\Debug\ParTest.o"
Deleting file ".\CortexM3\ARM_GCC_493\Debug\Serial.o"
Deleting file ".\CortexM3\ARM_GCC_493\Debug\TimerTest.o"
Deleting file ".\CortexM3\ARM_GCC_493\Debug\xformatc.o"
Deleting file ".\CortexM3\ARM_GCC_493\Debug\cyfitter_cfg.o"
Deleting file ".\CortexM3\ARM_GCC_493\Debug\cymetadata.o"
Deleting file ".\CortexM3\ARM_GCC_493\Debug\UART_1.o"
Deleting file ".\CortexM3\ARM_GCC_493\Debug\UART_1_PM.o"
Deleting file ".\CortexM3\ARM_GCC_493\Debug\UART_1_INT.o"
Deleting file ".\CortexM3\ARM_GCC_493\Debug\UART_1_BOOT.o"
Deleting file ".\CortexM3\ARM_GCC_493\Debug\Tx_1.o"
Deleting file ".\CortexM3\ARM_GCC_493\Debug\Pin_LED_0.o"
Deleting file ".\CortexM3\ARM_GCC_493\Debug\Pin_LED_1.o"
Deleting file ".\CortexM3\ARM_GCC_493\Debug\isr_UART1_TX_BYTE_COMPLETE.o"
Deleting file ".\CortexM3\ARM_GCC_493\Debug\isr_UART1_RX_BYTE_RECEIVED.o"
Deleting file ".\CortexM3\ARM_GCC_493\Debug\High_Frequency_PWM_0.o"
Deleting file ".\CortexM3\ARM_GCC_493\Debug\High_Frequency_PWM_0_PM.o"
Deleting file ".\CortexM3\ARM_GCC_493\Debug\Clock_1.o"
Deleting file ".\CortexM3\ARM_GCC_493\Debug\isr_High_Frequency_2000Hz.o"
Deleting file ".\CortexM3\ARM_GCC_493\Debug\Pin_LED_2.o"
Deleting file ".\CortexM3\ARM_GCC_493\Debug\Pin_LED_3.o"
Deleting file ".\CortexM3\ARM_GCC_493\Debug\High_Frequency_PWM_1.o"
Deleting file ".\CortexM3\ARM_GCC_493\Debug\High_Frequency_PWM_1_PM.o"
Deleting file ".\CortexM3\ARM_GCC_493\Debug\isr_High_Frequency_2001Hz.o"
Deleting file ".\CortexM3\ARM_GCC_493\Debug\Startup_Release_Switch.o"
Deleting file ".\CortexM3\ARM_GCC_493\Debug\Timer_20KHz.o"
Deleting file ".\CortexM3\ARM_GCC_493\Debug\Timer_20KHz_PM.o"
Deleting file ".\CortexM3\ARM_GCC_493\Debug\isrTimer_20KHz_TC.o"
Deleting file ".\CortexM3\ARM_GCC_493\Debug\Timer_48MHz.o"
Deleting file ".\CortexM3\ARM_GCC_493\Debug\Timer_48MHz_PM.o"
Deleting file ".\CortexM3\ARM_GCC_493\Debug\UART_1_IntClock.o"
Deleting file ".\CortexM3\ARM_GCC_493\Debug\Cm3Start.o"
Deleting file ".\CortexM3\ARM_GCC_493\Debug\CyBootAsmGnu.o"
Deleting file ".\CortexM3\ARM_GCC_493\Debug\CyDmac.o"
Deleting file ".\CortexM3\ARM_GCC_493\Debug\CyFlash.o"
Deleting file ".\CortexM3\ARM_GCC_493\Debug\CyLib.o"
Deleting file ".\CortexM3\ARM_GCC_493\Debug\cyPm.o"
Deleting file ".\CortexM3\ARM_GCC_493\Debug\CySpc.o"
Deleting file ".\CortexM3\ARM_GCC_493\Debug\cyutils.o"
Deleting file ".\CortexM3\ARM_GCC_493\Debug\USBUART.o"
Deleting file ".\CortexM3\ARM_GCC_493\Debug\USBUART_audio.o"
Deleting file ".\CortexM3\ARM_GCC_493\Debug\USBUART_boot.o"
Deleting file ".\CortexM3\ARM_GCC_493\Debug\USBUART_cdc.o"
Deleting file ".\CortexM3\ARM_GCC_493\Debug\USBUART_cls.o"
Deleting file ".\CortexM3\ARM_GCC_493\Debug\USBUART_descr.o"
Deleting file ".\CortexM3\ARM_GCC_493\Debug\USBUART_drv.o"
Deleting file ".\CortexM3\ARM_GCC_493\Debug\USBUART_episr.o"
Deleting file ".\CortexM3\ARM_GCC_493\Debug\USBUART_hid.o"
Deleting file ".\CortexM3\ARM_GCC_493\Debug\USBUART_pm.o"
Deleting file ".\CortexM3\ARM_GCC_493\Debug\USBUART_std.o"
Deleting file ".\CortexM3\ARM_GCC_493\Debug\USBUART_vnd.o"
Deleting file ".\CortexM3\ARM_GCC_493\Debug\USBUART_midi.o"
Deleting file ".\CortexM3\ARM_GCC_493\Debug\USBUART_msc.o"
Deleting file ".\CortexM3\ARM_GCC_493\Debug\USBUART_Dm.o"
Deleting file ".\CortexM3\ARM_GCC_493\Debug\USBUART_Dp.o"
Deleting file ".\CortexM3\ARM_GCC_493\Debug\FreeRTOS_Demo.hex"
Deleting file ".\CortexM3\ARM_GCC_493\Debug\FreeRTOS_Demo.elf"
Deleting file ".\CortexM3\ARM_GCC_493\Debug\FreeRTOS_Demo.map"
Deleting file ".\FreeRTOS_Demo.cycdx"
Deleting file ".\FreeRTOS_Demo.svd"
Deleting file ".\FreeRTOS_Demo.rpt"
Deleting file ".\FreeRTOS_Demo_timing.html"
Deleting file ".\CortexM3\ARM_GCC_493\Debug\.deps\SOURCE_C__ARM_GCC_GENERIC.P"
Deleting file ".\CortexM3\ARM_GCC_493\Debug\.deps\SOURCE_ASM__ARM_GCC_GENERIC.P"
--------------- Clean Succeeded: 06/06/2017 15:12:19 ---------------
