ARM GAS  C:\Users\bmt\AppData\Local\Temp\ccjVvjTN.s 			page 1


   1              		.syntax unified
   2              		.cpu cortex-m3
   3              		.fpu softvfp
   4              		.eabi_attribute 20, 1
   5              		.eabi_attribute 21, 1
   6              		.eabi_attribute 23, 3
   7              		.eabi_attribute 24, 1
   8              		.eabi_attribute 25, 1
   9              		.eabi_attribute 26, 1
  10              		.eabi_attribute 30, 6
  11              		.eabi_attribute 34, 1
  12              		.eabi_attribute 18, 4
  13              		.thumb
  14              		.file	"cymetadata.c"
  15              		.text
  16              	.Ltext0:
  17              		.cfi_sections	.debug_frame
  18              		.global	cy_meta_configecc
  19              		.section	.cyconfigecc,"a",%progbits
  20              		.align	2
  21              		.type	cy_meta_configecc, %object
  22              		.size	cy_meta_configecc, 1448
  23              	cy_meta_configecc:
  24 0000 01       		.byte	1
  25 0001 45       		.byte	69
  26 0002 00       		.byte	0
  27 0003 40       		.byte	64
  28 0004 04       		.byte	4
  29 0005 4F       		.byte	79
  30 0006 00       		.byte	0
  31 0007 40       		.byte	64
  32 0008 04       		.byte	4
  33 0009 52       		.byte	82
  34 000a 00       		.byte	0
  35 000b 40       		.byte	64
  36 000c 01       		.byte	1
  37 000d 64       		.byte	100
  38 000e 00       		.byte	0
  39 000f 40       		.byte	64
  40 0010 04       		.byte	4
  41 0011 65       		.byte	101
  42 0012 00       		.byte	0
  43 0013 40       		.byte	64
  44 0014 01       		.byte	1
  45 0015 03       		.byte	3
  46 0016 01       		.byte	1
  47 0017 40       		.byte	64
  48 0018 01       		.byte	1
  49 0019 07       		.byte	7
  50 001a 01       		.byte	1
  51 001b 40       		.byte	64
  52 001c 58       		.byte	88
  53 001d 08       		.byte	8
  54 001e 01       		.byte	1
  55 001f 40       		.byte	64
  56 0020 2E       		.byte	46
  57 0021 09       		.byte	9
ARM GAS  C:\Users\bmt\AppData\Local\Temp\ccjVvjTN.s 			page 2


  58 0022 01       		.byte	1
  59 0023 40       		.byte	64
  60 0024 02       		.byte	2
  61 0025 0D       		.byte	13
  62 0026 01       		.byte	1
  63 0027 40       		.byte	64
  64 0028 04       		.byte	4
  65 0029 0E       		.byte	14
  66 002a 01       		.byte	1
  67 002b 40       		.byte	64
  68 002c 01       		.byte	1
  69 002d 0F       		.byte	15
  70 002e 01       		.byte	1
  71 002f 40       		.byte	64
  72 0030 01       		.byte	1
  73 0031 15       		.byte	21
  74 0032 01       		.byte	1
  75 0033 40       		.byte	64
  76 0034 3E       		.byte	62
  77 0035 16       		.byte	22
  78 0036 01       		.byte	1
  79 0037 40       		.byte	64
  80 0038 23       		.byte	35
  81 0039 17       		.byte	23
  82 003a 01       		.byte	1
  83 003b 40       		.byte	64
  84 003c 51       		.byte	81
  85 003d 18       		.byte	24
  86 003e 01       		.byte	1
  87 003f 40       		.byte	64
  88 0040 44       		.byte	68
  89 0041 19       		.byte	25
  90 0042 01       		.byte	1
  91 0043 40       		.byte	64
  92 0044 1D       		.byte	29
  93 0045 1A       		.byte	26
  94 0046 01       		.byte	1
  95 0047 40       		.byte	64
  96 0048 44       		.byte	68
  97 0049 1B       		.byte	27
  98 004a 01       		.byte	1
  99 004b 40       		.byte	64
 100 004c 06       		.byte	6
 101 004d 40       		.byte	64
 102 004e 01       		.byte	1
 103 004f 40       		.byte	64
 104 0050 0C       		.byte	12
 105 0051 41       		.byte	65
 106 0052 01       		.byte	1
 107 0053 40       		.byte	64
 108 0054 0C       		.byte	12
 109 0055 42       		.byte	66
 110 0056 01       		.byte	1
 111 0057 40       		.byte	64
 112 0058 07       		.byte	7
 113 0059 43       		.byte	67
 114 005a 01       		.byte	1
ARM GAS  C:\Users\bmt\AppData\Local\Temp\ccjVvjTN.s 			page 3


 115 005b 40       		.byte	64
 116 005c 04       		.byte	4
 117 005d 47       		.byte	71
 118 005e 01       		.byte	1
 119 005f 40       		.byte	64
 120 0060 0A       		.byte	10
 121 0061 48       		.byte	72
 122 0062 01       		.byte	1
 123 0063 40       		.byte	64
 124 0064 02       		.byte	2
 125 0065 49       		.byte	73
 126 0066 01       		.byte	1
 127 0067 40       		.byte	64
 128 0068 05       		.byte	5
 129 0069 4C       		.byte	76
 130 006a 01       		.byte	1
 131 006b 40       		.byte	64
 132 006c 07       		.byte	7
 133 006d 4D       		.byte	77
 134 006e 01       		.byte	1
 135 006f 40       		.byte	64
 136 0070 07       		.byte	7
 137 0071 50       		.byte	80
 138 0072 01       		.byte	1
 139 0073 40       		.byte	64
 140 0074 02       		.byte	2
 141 0075 51       		.byte	81
 142 0076 01       		.byte	1
 143 0077 40       		.byte	64
 144 0078 7E       		.byte	126
 145 0079 02       		.byte	2
 146 007a 01       		.byte	1
 147 007b 80       		.byte	-128
 148 007c 0A       		.byte	10
 149 007d 4B       		.byte	75
 150 007e 0D       		.byte	13
 151 007f 80       		.byte	-128
 152 0080 16       		.byte	22
 153 0081 4B       		.byte	75
 154 0082 14       		.byte	20
 155 0083 04       		.byte	4
 156 0084 60       		.byte	96
 157 0085 80       		.byte	-128
 158 0086 61       		.byte	97
 159 0087 80       		.byte	-128
 160 0088 7C       		.byte	124
 161 0089 40       		.byte	64
 162 008a 89       		.byte	-119
 163 008b 0D       		.byte	13
 164 008c 87       		.byte	-121
 165 008d 0D       		.byte	13
 166 008e 88       		.byte	-120
 167 008f 0F       		.byte	15
 168 0090 89       		.byte	-119
 169 0091 38       		.byte	56
 170 0092 8A       		.byte	-118
 171 0093 72       		.byte	114
ARM GAS  C:\Users\bmt\AppData\Local\Temp\ccjVvjTN.s 			page 4


 172 0094 EA       		.byte	-22
 173 0095 03       		.byte	3
 174 0096 E2       		.byte	-30
 175 0097 02       		.byte	2
 176 0098 01       		.byte	1
 177 0099 08       		.byte	8
 178 009a 04       		.byte	4
 179 009b 40       		.byte	64
 180 009c 08       		.byte	8
 181 009d 2C       		.byte	44
 182 009e 09       		.byte	9
 183 009f 03       		.byte	3
 184 00a0 0A       		.byte	10
 185 00a1 11       		.byte	17
 186 00a2 14       		.byte	20
 187 00a3 09       		.byte	9
 188 00a4 16       		.byte	22
 189 00a5 10       		.byte	16
 190 00a6 17       		.byte	23
 191 00a7 01       		.byte	1
 192 00a8 18       		.byte	24
 193 00a9 14       		.byte	20
 194 00aa 1B       		.byte	27
 195 00ab 04       		.byte	4
 196 00ac 1D       		.byte	29
 197 00ad 02       		.byte	2
 198 00ae 1E       		.byte	30
 199 00af 03       		.byte	3
 200 00b0 24       		.byte	36
 201 00b1 10       		.byte	16
 202 00b2 25       		.byte	37
 203 00b3 03       		.byte	3
 204 00b4 28       		.byte	40
 205 00b5 30       		.byte	48
 206 00b6 2A       		.byte	42
 207 00b7 0C       		.byte	12
 208 00b8 2B       		.byte	43
 209 00b9 04       		.byte	4
 210 00ba 2C       		.byte	44
 211 00bb 1C       		.byte	28
 212 00bc 2E       		.byte	46
 213 00bd 22       		.byte	34
 214 00be 31       		.byte	49
 215 00bf 04       		.byte	4
 216 00c0 32       		.byte	50
 217 00c1 60       		.byte	96
 218 00c2 33       		.byte	51
 219 00c3 03       		.byte	3
 220 00c4 35       		.byte	53
 221 00c5 08       		.byte	8
 222 00c6 36       		.byte	54
 223 00c7 1F       		.byte	31
 224 00c8 38       		.byte	56
 225 00c9 08       		.byte	8
 226 00ca 39       		.byte	57
 227 00cb 08       		.byte	8
 228 00cc 3F       		.byte	63
ARM GAS  C:\Users\bmt\AppData\Local\Temp\ccjVvjTN.s 			page 5


 229 00cd 14       		.byte	20
 230 00ce 40       		.byte	64
 231 00cf 60       		.byte	96
 232 00d0 41       		.byte	65
 233 00d1 02       		.byte	2
 234 00d2 49       		.byte	73
 235 00d3 FF       		.byte	-1
 236 00d4 4A       		.byte	74
 237 00d5 FF       		.byte	-1
 238 00d6 4B       		.byte	75
 239 00d7 FF       		.byte	-1
 240 00d8 4D       		.byte	77
 241 00d9 A0       		.byte	-96
 242 00da 4F       		.byte	79
 243 00db 04       		.byte	4
 244 00dc 50       		.byte	80
 245 00dd 18       		.byte	24
 246 00de 58       		.byte	88
 247 00df 04       		.byte	4
 248 00e0 59       		.byte	89
 249 00e1 04       		.byte	4
 250 00e2 5A       		.byte	90
 251 00e3 04       		.byte	4
 252 00e4 5C       		.byte	92
 253 00e5 01       		.byte	1
 254 00e6 5F       		.byte	95
 255 00e7 01       		.byte	1
 256 00e8 60       		.byte	96
 257 00e9 40       		.byte	64
 258 00ea 62       		.byte	98
 259 00eb C0       		.byte	-64
 260 00ec 64       		.byte	100
 261 00ed 40       		.byte	64
 262 00ee 65       		.byte	101
 263 00ef 40       		.byte	64
 264 00f0 66       		.byte	102
 265 00f1 C0       		.byte	-64
 266 00f2 68       		.byte	104
 267 00f3 C0       		.byte	-64
 268 00f4 6A       		.byte	106
 269 00f5 C0       		.byte	-64
 270 00f6 6C       		.byte	108
 271 00f7 C0       		.byte	-64
 272 00f8 6E       		.byte	110
 273 00f9 C0       		.byte	-64
 274 00fa 8A       		.byte	-118
 275 00fb 02       		.byte	2
 276 00fc 92       		.byte	-110
 277 00fd 04       		.byte	4
 278 00fe 98       		.byte	-104
 279 00ff 01       		.byte	1
 280 0100 9B       		.byte	-101
 281 0101 01       		.byte	1
 282 0102 A6       		.byte	-90
 283 0103 01       		.byte	1
 284 0104 AA       		.byte	-86
 285 0105 02       		.byte	2
ARM GAS  C:\Users\bmt\AppData\Local\Temp\ccjVvjTN.s 			page 6


 286 0106 B0       		.byte	-80
 287 0107 01       		.byte	1
 288 0108 B2       		.byte	-78
 289 0109 02       		.byte	2
 290 010a B4       		.byte	-76
 291 010b 04       		.byte	4
 292 010c B5       		.byte	-75
 293 010d 01       		.byte	1
 294 010e BE       		.byte	-66
 295 010f 04       		.byte	4
 296 0110 C0       		.byte	-64
 297 0111 20       		.byte	32
 298 0112 C1       		.byte	-63
 299 0113 06       		.byte	6
 300 0114 C5       		.byte	-59
 301 0115 D1       		.byte	-47
 302 0116 C7       		.byte	-57
 303 0117 02       		.byte	2
 304 0118 C8       		.byte	-56
 305 0119 13       		.byte	19
 306 011a C9       		.byte	-55
 307 011b FF       		.byte	-1
 308 011c CA       		.byte	-54
 309 011d FF       		.byte	-1
 310 011e CB       		.byte	-53
 311 011f FF       		.byte	-1
 312 0120 CD       		.byte	-51
 313 0121 AF       		.byte	-81
 314 0122 CE       		.byte	-50
 315 0123 0F       		.byte	15
 316 0124 CF       		.byte	-49
 317 0125 04       		.byte	4
 318 0126 D0       		.byte	-48
 319 0127 18       		.byte	24
 320 0128 D2       		.byte	-46
 321 0129 80       		.byte	-128
 322 012a D4       		.byte	-44
 323 012b 05       		.byte	5
 324 012c D8       		.byte	-40
 325 012d 04       		.byte	4
 326 012e D9       		.byte	-39
 327 012f 04       		.byte	4
 328 0130 DA       		.byte	-38
 329 0131 04       		.byte	4
 330 0132 DB       		.byte	-37
 331 0133 04       		.byte	4
 332 0134 DF       		.byte	-33
 333 0135 01       		.byte	1
 334 0136 E0       		.byte	-32
 335 0137 40       		.byte	64
 336 0138 E2       		.byte	-30
 337 0139 C0       		.byte	-64
 338 013a E4       		.byte	-28
 339 013b 40       		.byte	64
 340 013c E5       		.byte	-27
 341 013d 40       		.byte	64
 342 013e E6       		.byte	-26
ARM GAS  C:\Users\bmt\AppData\Local\Temp\ccjVvjTN.s 			page 7


 343 013f C0       		.byte	-64
 344 0140 E8       		.byte	-24
 345 0141 C0       		.byte	-64
 346 0142 EA       		.byte	-22
 347 0143 C0       		.byte	-64
 348 0144 EC       		.byte	-20
 349 0145 C0       		.byte	-64
 350 0146 EE       		.byte	-18
 351 0147 C0       		.byte	-64
 352 0148 01       		.byte	1
 353 0149 20       		.byte	32
 354 014a 04       		.byte	4
 355 014b 10       		.byte	16
 356 014c 05       		.byte	5
 357 014d 08       		.byte	8
 358 014e 09       		.byte	9
 359 014f 22       		.byte	34
 360 0150 0E       		.byte	14
 361 0151 21       		.byte	33
 362 0152 0F       		.byte	15
 363 0153 08       		.byte	8
 364 0154 10       		.byte	16
 365 0155 20       		.byte	32
 366 0156 12       		.byte	18
 367 0157 04       		.byte	4
 368 0158 15       		.byte	21
 369 0159 08       		.byte	8
 370 015a 16       		.byte	22
 371 015b 08       		.byte	8
 372 015c 17       		.byte	23
 373 015d 40       		.byte	64
 374 015e 19       		.byte	25
 375 015f 24       		.byte	36
 376 0160 1A       		.byte	26
 377 0161 4C       		.byte	76
 378 0162 1E       		.byte	30
 379 0163 21       		.byte	33
 380 0164 21       		.byte	33
 381 0165 20       		.byte	32
 382 0166 24       		.byte	36
 383 0167 04       		.byte	4
 384 0168 26       		.byte	38
 385 0169 06       		.byte	6
 386 016a 2C       		.byte	44
 387 016b 08       		.byte	8
 388 016c 2E       		.byte	46
 389 016d 08       		.byte	8
 390 016e 2F       		.byte	47
 391 016f 10       		.byte	16
 392 0170 30       		.byte	48
 393 0171 20       		.byte	32
 394 0172 35       		.byte	53
 395 0173 28       		.byte	40
 396 0174 36       		.byte	54
 397 0175 80       		.byte	-128
 398 0176 37       		.byte	55
 399 0177 40       		.byte	64
ARM GAS  C:\Users\bmt\AppData\Local\Temp\ccjVvjTN.s 			page 8


 400 0178 3C       		.byte	60
 401 0179 10       		.byte	16
 402 017a 3E       		.byte	62
 403 017b 11       		.byte	17
 404 017c 42       		.byte	66
 405 017d 04       		.byte	4
 406 017e 46       		.byte	70
 407 017f 04       		.byte	4
 408 0180 48       		.byte	72
 409 0181 28       		.byte	40
 410 0182 49       		.byte	73
 411 0183 01       		.byte	1
 412 0184 4E       		.byte	78
 413 0185 04       		.byte	4
 414 0186 50       		.byte	80
 415 0187 08       		.byte	8
 416 0188 52       		.byte	82
 417 0189 04       		.byte	4
 418 018a 59       		.byte	89
 419 018b 05       		.byte	5
 420 018c 5A       		.byte	90
 421 018d 40       		.byte	64
 422 018e 71       		.byte	113
 423 018f 02       		.byte	2
 424 0190 86       		.byte	-122
 425 0191 02       		.byte	2
 426 0192 C0       		.byte	-64
 427 0193 62       		.byte	98
 428 0194 C2       		.byte	-62
 429 0195 EA       		.byte	-22
 430 0196 C4       		.byte	-60
 431 0197 E6       		.byte	-26
 432 0198 CA       		.byte	-54
 433 0199 60       		.byte	96
 434 019a CC       		.byte	-52
 435 019b 74       		.byte	116
 436 019c CE       		.byte	-50
 437 019d A0       		.byte	-96
 438 019e D0       		.byte	-48
 439 019f 24       		.byte	36
 440 01a0 D2       		.byte	-46
 441 01a1 24       		.byte	36
 442 01a2 D6       		.byte	-42
 443 01a3 0B       		.byte	11
 444 01a4 AB       		.byte	-85
 445 01a5 80       		.byte	-128
 446 01a6 AF       		.byte	-81
 447 01a7 80       		.byte	-128
 448 01a8 B9       		.byte	-71
 449 01a9 02       		.byte	2
 450 01aa BF       		.byte	-65
 451 01ab 01       		.byte	1
 452 01ac D9       		.byte	-39
 453 01ad 04       		.byte	4
 454 01ae DF       		.byte	-33
 455 01af 01       		.byte	1
 456 01b0 27       		.byte	39
ARM GAS  C:\Users\bmt\AppData\Local\Temp\ccjVvjTN.s 			page 9


 457 01b1 80       		.byte	-128
 458 01b2 AF       		.byte	-81
 459 01b3 02       		.byte	2
 460 01b4 40       		.byte	64
 461 01b5 60       		.byte	96
 462 01b6 41       		.byte	65
 463 01b7 03       		.byte	3
 464 01b8 49       		.byte	73
 465 01b9 FF       		.byte	-1
 466 01ba 4A       		.byte	74
 467 01bb FF       		.byte	-1
 468 01bc 4B       		.byte	75
 469 01bd FF       		.byte	-1
 470 01be 4D       		.byte	77
 471 01bf A0       		.byte	-96
 472 01c0 4F       		.byte	79
 473 01c1 04       		.byte	4
 474 01c2 50       		.byte	80
 475 01c3 18       		.byte	24
 476 01c4 5A       		.byte	90
 477 01c5 04       		.byte	4
 478 01c6 5F       		.byte	95
 479 01c7 01       		.byte	1
 480 01c8 60       		.byte	96
 481 01c9 40       		.byte	64
 482 01ca 62       		.byte	98
 483 01cb C0       		.byte	-64
 484 01cc 64       		.byte	100
 485 01cd 40       		.byte	64
 486 01ce 65       		.byte	101
 487 01cf 40       		.byte	64
 488 01d0 66       		.byte	102
 489 01d1 C0       		.byte	-64
 490 01d2 68       		.byte	104
 491 01d3 C0       		.byte	-64
 492 01d4 6A       		.byte	106
 493 01d5 C0       		.byte	-64
 494 01d6 6C       		.byte	108
 495 01d7 C0       		.byte	-64
 496 01d8 6E       		.byte	110
 497 01d9 C0       		.byte	-64
 498 01da 86       		.byte	-122
 499 01db 02       		.byte	2
 500 01dc 8B       		.byte	-117
 501 01dd 02       		.byte	2
 502 01de 92       		.byte	-110
 503 01df 01       		.byte	1
 504 01e0 97       		.byte	-105
 505 01e1 01       		.byte	1
 506 01e2 98       		.byte	-104
 507 01e3 04       		.byte	4
 508 01e4 9B       		.byte	-101
 509 01e5 02       		.byte	2
 510 01e6 A6       		.byte	-90
 511 01e7 02       		.byte	2
 512 01e8 AA       		.byte	-86
 513 01e9 04       		.byte	4
ARM GAS  C:\Users\bmt\AppData\Local\Temp\ccjVvjTN.s 			page 10


 514 01ea B0       		.byte	-80
 515 01eb 02       		.byte	2
 516 01ec B4       		.byte	-76
 517 01ed 01       		.byte	1
 518 01ee B5       		.byte	-75
 519 01ef 01       		.byte	1
 520 01f0 B6       		.byte	-74
 521 01f1 04       		.byte	4
 522 01f2 B7       		.byte	-73
 523 01f3 02       		.byte	2
 524 01f4 BE       		.byte	-66
 525 01f5 01       		.byte	1
 526 01f6 C0       		.byte	-64
 527 01f7 60       		.byte	96
 528 01f8 C1       		.byte	-63
 529 01f9 02       		.byte	2
 530 01fa C5       		.byte	-59
 531 01fb D0       		.byte	-48
 532 01fc C6       		.byte	-58
 533 01fd 20       		.byte	32
 534 01fe C7       		.byte	-57
 535 01ff 01       		.byte	1
 536 0200 C8       		.byte	-56
 537 0201 1A       		.byte	26
 538 0202 C9       		.byte	-55
 539 0203 FF       		.byte	-1
 540 0204 CA       		.byte	-54
 541 0205 FF       		.byte	-1
 542 0206 CB       		.byte	-53
 543 0207 FF       		.byte	-1
 544 0208 CD       		.byte	-51
 545 0209 AF       		.byte	-81
 546 020a CE       		.byte	-50
 547 020b 0F       		.byte	15
 548 020c CF       		.byte	-49
 549 020d 04       		.byte	4
 550 020e D0       		.byte	-48
 551 020f 18       		.byte	24
 552 0210 D2       		.byte	-46
 553 0211 80       		.byte	-128
 554 0212 D4       		.byte	-44
 555 0213 05       		.byte	5
 556 0214 D8       		.byte	-40
 557 0215 04       		.byte	4
 558 0216 D9       		.byte	-39
 559 0217 04       		.byte	4
 560 0218 DA       		.byte	-38
 561 0219 04       		.byte	4
 562 021a DB       		.byte	-37
 563 021b 04       		.byte	4
 564 021c DF       		.byte	-33
 565 021d 01       		.byte	1
 566 021e E0       		.byte	-32
 567 021f 40       		.byte	64
 568 0220 E2       		.byte	-30
 569 0221 C0       		.byte	-64
 570 0222 E4       		.byte	-28
ARM GAS  C:\Users\bmt\AppData\Local\Temp\ccjVvjTN.s 			page 11


 571 0223 40       		.byte	64
 572 0224 E5       		.byte	-27
 573 0225 40       		.byte	64
 574 0226 E6       		.byte	-26
 575 0227 C0       		.byte	-64
 576 0228 E8       		.byte	-24
 577 0229 C0       		.byte	-64
 578 022a EA       		.byte	-22
 579 022b C0       		.byte	-64
 580 022c EC       		.byte	-20
 581 022d C0       		.byte	-64
 582 022e EE       		.byte	-18
 583 022f C0       		.byte	-64
 584 0230 00       		.byte	0
 585 0231 04       		.byte	4
 586 0232 09       		.byte	9
 587 0233 22       		.byte	34
 588 0234 10       		.byte	16
 589 0235 08       		.byte	8
 590 0236 12       		.byte	18
 591 0237 10       		.byte	16
 592 0238 18       		.byte	24
 593 0239 44       		.byte	68
 594 023a 19       		.byte	25
 595 023b 90       		.byte	-112
 596 023c 1B       		.byte	27
 597 023d 10       		.byte	16
 598 023e 21       		.byte	33
 599 023f 20       		.byte	32
 600 0240 23       		.byte	35
 601 0241 02       		.byte	2
 602 0242 30       		.byte	48
 603 0243 08       		.byte	8
 604 0244 31       		.byte	49
 605 0245 10       		.byte	16
 606 0246 39       		.byte	57
 607 0247 20       		.byte	32
 608 0248 41       		.byte	65
 609 0249 10       		.byte	16
 610 024a 46       		.byte	70
 611 024b 10       		.byte	16
 612 024c 49       		.byte	73
 613 024d 11       		.byte	17
 614 024e 4F       		.byte	79
 615 024f 20       		.byte	32
 616 0250 50       		.byte	80
 617 0251 08       		.byte	8
 618 0252 51       		.byte	81
 619 0253 10       		.byte	16
 620 0254 52       		.byte	82
 621 0255 10       		.byte	16
 622 0256 58       		.byte	88
 623 0257 08       		.byte	8
 624 0258 59       		.byte	89
 625 0259 81       		.byte	-127
 626 025a 71       		.byte	113
 627 025b 02       		.byte	2
ARM GAS  C:\Users\bmt\AppData\Local\Temp\ccjVvjTN.s 			page 12


 628 025c 80       		.byte	-128
 629 025d 48       		.byte	72
 630 025e C0       		.byte	-64
 631 025f 04       		.byte	4
 632 0260 C2       		.byte	-62
 633 0261 0A       		.byte	10
 634 0262 C4       		.byte	-60
 635 0263 06       		.byte	6
 636 0264 CC       		.byte	-52
 637 0265 06       		.byte	6
 638 0266 CE       		.byte	-50
 639 0267 04       		.byte	4
 640 0268 D0       		.byte	-48
 641 0269 44       		.byte	68
 642 026a D2       		.byte	-46
 643 026b 24       		.byte	36
 644 026c D6       		.byte	-42
 645 026d 0B       		.byte	11
 646 026e E2       		.byte	-30
 647 026f 08       		.byte	8
 648 0270 E6       		.byte	-26
 649 0271 40       		.byte	64
 650 0272 EA       		.byte	-22
 651 0273 02       		.byte	2
 652 0274 EE       		.byte	-18
 653 0275 0A       		.byte	10
 654 0276 06       		.byte	6
 655 0277 15       		.byte	21
 656 0278 07       		.byte	7
 657 0279 01       		.byte	1
 658 027a 08       		.byte	8
 659 027b 03       		.byte	3
 660 027c 0A       		.byte	10
 661 027d 1C       		.byte	28
 662 027e 0B       		.byte	11
 663 027f 10       		.byte	16
 664 0280 0C       		.byte	12
 665 0281 2A       		.byte	42
 666 0282 0E       		.byte	14
 667 0283 14       		.byte	20
 668 0284 16       		.byte	22
 669 0285 28       		.byte	40
 670 0286 17       		.byte	23
 671 0287 07       		.byte	7
 672 0288 18       		.byte	24
 673 0289 03       		.byte	3
 674 028a 1A       		.byte	26
 675 028b 04       		.byte	4
 676 028c 1B       		.byte	27
 677 028d 18       		.byte	24
 678 028e 1D       		.byte	29
 679 028f 18       		.byte	24
 680 0290 1F       		.byte	31
 681 0291 07       		.byte	7
 682 0292 25       		.byte	37
 683 0293 03       		.byte	3
 684 0294 26       		.byte	38
ARM GAS  C:\Users\bmt\AppData\Local\Temp\ccjVvjTN.s 			page 13


 685 0295 20       		.byte	32
 686 0296 27       		.byte	39
 687 0297 0C       		.byte	12
 688 0298 28       		.byte	40
 689 0299 03       		.byte	3
 690 029a 29       		.byte	41
 691 029b 03       		.byte	3
 692 029c 2A       		.byte	42
 693 029d 34       		.byte	52
 694 029e 2B       		.byte	43
 695 029f 1C       		.byte	28
 696 02a0 2D       		.byte	45
 697 02a1 20       		.byte	32
 698 02a2 31       		.byte	49
 699 02a3 01       		.byte	1
 700 02a4 32       		.byte	50
 701 02a5 38       		.byte	56
 702 02a6 34       		.byte	52
 703 02a7 0F       		.byte	15
 704 02a8 35       		.byte	53
 705 02a9 20       		.byte	32
 706 02aa 37       		.byte	55
 707 02ab 1E       		.byte	30
 708 02ac 3A       		.byte	58
 709 02ad 28       		.byte	40
 710 02ae 3B       		.byte	59
 711 02af 80       		.byte	-128
 712 02b0 3F       		.byte	63
 713 02b1 11       		.byte	17
 714 02b2 40       		.byte	64
 715 02b3 26       		.byte	38
 716 02b4 41       		.byte	65
 717 02b5 03       		.byte	3
 718 02b6 45       		.byte	69
 719 02b7 0C       		.byte	12
 720 02b8 47       		.byte	71
 721 02b9 EB       		.byte	-21
 722 02ba 48       		.byte	72
 723 02bb 31       		.byte	49
 724 02bc 49       		.byte	73
 725 02bd FF       		.byte	-1
 726 02be 4A       		.byte	74
 727 02bf FF       		.byte	-1
 728 02c0 4B       		.byte	75
 729 02c1 FF       		.byte	-1
 730 02c2 4E       		.byte	78
 731 02c3 F0       		.byte	-16
 732 02c4 4F       		.byte	79
 733 02c5 44       		.byte	68
 734 02c6 50       		.byte	80
 735 02c7 0C       		.byte	12
 736 02c8 54       		.byte	84
 737 02c9 01       		.byte	1
 738 02ca 56       		.byte	86
 739 02cb 04       		.byte	4
 740 02cc 58       		.byte	88
 741 02cd 04       		.byte	4
ARM GAS  C:\Users\bmt\AppData\Local\Temp\ccjVvjTN.s 			page 14


 742 02ce 59       		.byte	89
 743 02cf 04       		.byte	4
 744 02d0 5A       		.byte	90
 745 02d1 04       		.byte	4
 746 02d2 5B       		.byte	91
 747 02d3 04       		.byte	4
 748 02d4 5C       		.byte	92
 749 02d5 11       		.byte	17
 750 02d6 5D       		.byte	93
 751 02d7 11       		.byte	17
 752 02d8 5F       		.byte	95
 753 02d9 01       		.byte	1
 754 02da 66       		.byte	102
 755 02db C0       		.byte	-64
 756 02dc 6A       		.byte	106
 757 02dd 40       		.byte	64
 758 02de 6B       		.byte	107
 759 02df 02       		.byte	2
 760 02e0 86       		.byte	-122
 761 02e1 01       		.byte	1
 762 02e2 8A       		.byte	-118
 763 02e3 01       		.byte	1
 764 02e4 92       		.byte	-110
 765 02e5 02       		.byte	2
 766 02e6 AA       		.byte	-86
 767 02e7 02       		.byte	2
 768 02e8 B0       		.byte	-80
 769 02e9 01       		.byte	1
 770 02ea B4       		.byte	-76
 771 02eb 02       		.byte	2
 772 02ec BE       		.byte	-66
 773 02ed 11       		.byte	17
 774 02ee C0       		.byte	-64
 775 02ef 06       		.byte	6
 776 02f0 C7       		.byte	-57
 777 02f1 04       		.byte	4
 778 02f2 C9       		.byte	-55
 779 02f3 FF       		.byte	-1
 780 02f4 CA       		.byte	-54
 781 02f5 07       		.byte	7
 782 02f6 CB       		.byte	-53
 783 02f7 FF       		.byte	-1
 784 02f8 CC       		.byte	-52
 785 02f9 40       		.byte	64
 786 02fa CD       		.byte	-51
 787 02fb 20       		.byte	32
 788 02fc CE       		.byte	-50
 789 02fd F0       		.byte	-16
 790 02fe CF       		.byte	-49
 791 02ff 05       		.byte	5
 792 0300 D0       		.byte	-48
 793 0301 08       		.byte	8
 794 0302 D4       		.byte	-44
 795 0303 18       		.byte	24
 796 0304 D6       		.byte	-42
 797 0305 04       		.byte	4
 798 0306 D8       		.byte	-40
ARM GAS  C:\Users\bmt\AppData\Local\Temp\ccjVvjTN.s 			page 15


 799 0307 04       		.byte	4
 800 0308 DA       		.byte	-38
 801 0309 04       		.byte	4
 802 030a DB       		.byte	-37
 803 030b 04       		.byte	4
 804 030c DD       		.byte	-35
 805 030d 11       		.byte	17
 806 030e DF       		.byte	-33
 807 030f 01       		.byte	1
 808 0310 E0       		.byte	-32
 809 0311 40       		.byte	64
 810 0312 E1       		.byte	-31
 811 0313 A8       		.byte	-88
 812 0314 E2       		.byte	-30
 813 0315 40       		.byte	64
 814 0316 E3       		.byte	-29
 815 0317 20       		.byte	32
 816 0318 00       		.byte	0
 817 0319 28       		.byte	40
 818 031a 05       		.byte	5
 819 031b 18       		.byte	24
 820 031c 07       		.byte	7
 821 031d 01       		.byte	1
 822 031e 08       		.byte	8
 823 031f 20       		.byte	32
 824 0320 0A       		.byte	10
 825 0321 80       		.byte	-128
 826 0322 0B       		.byte	11
 827 0323 04       		.byte	4
 828 0324 0E       		.byte	14
 829 0325 20       		.byte	32
 830 0326 0F       		.byte	15
 831 0327 04       		.byte	4
 832 0328 12       		.byte	18
 833 0329 04       		.byte	4
 834 032a 15       		.byte	21
 835 032b 18       		.byte	24
 836 032c 16       		.byte	22
 837 032d 20       		.byte	32
 838 032e 18       		.byte	24
 839 032f 04       		.byte	4
 840 0330 1B       		.byte	27
 841 0331 01       		.byte	1
 842 0332 1D       		.byte	29
 843 0333 38       		.byte	56
 844 0334 1E       		.byte	30
 845 0335 10       		.byte	16
 846 0336 1F       		.byte	31
 847 0337 10       		.byte	16
 848 0338 24       		.byte	36
 849 0339 40       		.byte	64
 850 033a 26       		.byte	38
 851 033b 80       		.byte	-128
 852 033c 27       		.byte	39
 853 033d 09       		.byte	9
 854 033e 2C       		.byte	44
 855 033f 02       		.byte	2
ARM GAS  C:\Users\bmt\AppData\Local\Temp\ccjVvjTN.s 			page 16


 856 0340 2D       		.byte	45
 857 0341 10       		.byte	16
 858 0342 2E       		.byte	46
 859 0343 10       		.byte	16
 860 0344 2F       		.byte	47
 861 0345 10       		.byte	16
 862 0346 35       		.byte	53
 863 0347 08       		.byte	8
 864 0348 36       		.byte	54
 865 0349 90       		.byte	-112
 866 034a 3E       		.byte	62
 867 034b 20       		.byte	32
 868 034c 3F       		.byte	63
 869 034d 04       		.byte	4
 870 034e 45       		.byte	69
 871 034f 28       		.byte	40
 872 0350 48       		.byte	72
 873 0351 02       		.byte	2
 874 0352 49       		.byte	73
 875 0353 08       		.byte	8
 876 0354 4A       		.byte	74
 877 0355 05       		.byte	5
 878 0356 4E       		.byte	78
 879 0357 04       		.byte	4
 880 0358 4F       		.byte	79
 881 0359 04       		.byte	4
 882 035a 51       		.byte	81
 883 035b 04       		.byte	4
 884 035c 54       		.byte	84
 885 035d 02       		.byte	2
 886 035e 57       		.byte	87
 887 035f 04       		.byte	4
 888 0360 59       		.byte	89
 889 0361 08       		.byte	8
 890 0362 5A       		.byte	90
 891 0363 0A       		.byte	10
 892 0364 5C       		.byte	92
 893 0365 60       		.byte	96
 894 0366 5E       		.byte	94
 895 0367 02       		.byte	2
 896 0368 5F       		.byte	95
 897 0369 08       		.byte	8
 898 036a 60       		.byte	96
 899 036b 04       		.byte	4
 900 036c 61       		.byte	97
 901 036d 01       		.byte	1
 902 036e 63       		.byte	99
 903 036f 02       		.byte	2
 904 0370 67       		.byte	103
 905 0371 80       		.byte	-128
 906 0372 87       		.byte	-121
 907 0373 40       		.byte	64
 908 0374 8D       		.byte	-115
 909 0375 01       		.byte	1
 910 0376 95       		.byte	-107
 911 0377 08       		.byte	8
 912 0378 96       		.byte	-106
ARM GAS  C:\Users\bmt\AppData\Local\Temp\ccjVvjTN.s 			page 17


 913 0379 10       		.byte	16
 914 037a 97       		.byte	-105
 915 037b 20       		.byte	32
 916 037c 9D       		.byte	-99
 917 037d 08       		.byte	8
 918 037e A2       		.byte	-94
 919 037f 14       		.byte	20
 920 0380 A6       		.byte	-90
 921 0381 80       		.byte	-128
 922 0382 A7       		.byte	-89
 923 0383 04       		.byte	4
 924 0384 B4       		.byte	-76
 925 0385 04       		.byte	4
 926 0386 C0       		.byte	-64
 927 0387 E6       		.byte	-26
 928 0388 C2       		.byte	-62
 929 0389 68       		.byte	104
 930 038a C4       		.byte	-60
 931 038b 62       		.byte	98
 932 038c CA       		.byte	-54
 933 038d 70       		.byte	112
 934 038e CC       		.byte	-52
 935 038f 70       		.byte	112
 936 0390 CE       		.byte	-50
 937 0391 60       		.byte	96
 938 0392 D0       		.byte	-48
 939 0393 60       		.byte	96
 940 0394 D2       		.byte	-46
 941 0395 24       		.byte	36
 942 0396 D6       		.byte	-42
 943 0397 F1       		.byte	-15
 944 0398 D8       		.byte	-40
 945 0399 8D       		.byte	-115
 946 039a E6       		.byte	-26
 947 039b 40       		.byte	64
 948 039c EA       		.byte	-22
 949 039d 02       		.byte	2
 950 039e EE       		.byte	-18
 951 039f 0A       		.byte	10
 952 03a0 81       		.byte	-127
 953 03a1 02       		.byte	2
 954 03a2 83       		.byte	-125
 955 03a3 29       		.byte	41
 956 03a4 84       		.byte	-124
 957 03a5 02       		.byte	2
 958 03a6 85       		.byte	-123
 959 03a7 13       		.byte	19
 960 03a8 86       		.byte	-122
 961 03a9 01       		.byte	1
 962 03aa 89       		.byte	-119
 963 03ab 13       		.byte	19
 964 03ac 8C       		.byte	-116
 965 03ad 01       		.byte	1
 966 03ae 8E       		.byte	-114
 967 03af 06       		.byte	6
 968 03b0 91       		.byte	-111
 969 03b1 10       		.byte	16
ARM GAS  C:\Users\bmt\AppData\Local\Temp\ccjVvjTN.s 			page 18


 970 03b2 99       		.byte	-103
 971 03b3 01       		.byte	1
 972 03b4 9B       		.byte	-101
 973 03b5 0A       		.byte	10
 974 03b6 9C       		.byte	-100
 975 03b7 04       		.byte	4
 976 03b8 9E       		.byte	-98
 977 03b9 01       		.byte	1
 978 03ba A3       		.byte	-93
 979 03bb 04       		.byte	4
 980 03bc A4       		.byte	-92
 981 03bd 07       		.byte	7
 982 03be A8       		.byte	-88
 983 03bf 07       		.byte	7
 984 03c0 B1       		.byte	-79
 985 03c1 0C       		.byte	12
 986 03c2 B3       		.byte	-77
 987 03c3 03       		.byte	3
 988 03c4 B5       		.byte	-75
 989 03c5 10       		.byte	16
 990 03c6 B6       		.byte	-74
 991 03c7 07       		.byte	7
 992 03c8 B7       		.byte	-73
 993 03c9 20       		.byte	32
 994 03ca BF       		.byte	-65
 995 03cb 01       		.byte	1
 996 03cc D6       		.byte	-42
 997 03cd 08       		.byte	8
 998 03ce D8       		.byte	-40
 999 03cf 04       		.byte	4
 1000 03d0 D9       		.byte	-39
 1001 03d1 04       		.byte	4
 1002 03d2 DB       		.byte	-37
 1003 03d3 04       		.byte	4
 1004 03d4 DC       		.byte	-36
 1005 03d5 11       		.byte	17
 1006 03d6 DD       		.byte	-35
 1007 03d7 90       		.byte	-112
 1008 03d8 DF       		.byte	-33
 1009 03d9 01       		.byte	1
 1010 03da 00       		.byte	0
 1011 03db 04       		.byte	4
 1012 03dc 02       		.byte	2
 1013 03dd 40       		.byte	64
 1014 03de 03       		.byte	3
 1015 03df 06       		.byte	6
 1016 03e0 05       		.byte	5
 1017 03e1 40       		.byte	64
 1018 03e2 07       		.byte	7
 1019 03e3 10       		.byte	16
 1020 03e4 08       		.byte	8
 1021 03e5 11       		.byte	17
 1022 03e6 0A       		.byte	10
 1023 03e7 21       		.byte	33
 1024 03e8 0F       		.byte	15
 1025 03e9 01       		.byte	1
 1026 03ea 10       		.byte	16
ARM GAS  C:\Users\bmt\AppData\Local\Temp\ccjVvjTN.s 			page 19


 1027 03eb A8       		.byte	-88
 1028 03ec 11       		.byte	17
 1029 03ed 80       		.byte	-128
 1030 03ee 15       		.byte	21
 1031 03ef 18       		.byte	24
 1032 03f0 18       		.byte	24
 1033 03f1 04       		.byte	4
 1034 03f2 19       		.byte	25
 1035 03f3 A5       		.byte	-91
 1036 03f4 1A       		.byte	26
 1037 03f5 20       		.byte	32
 1038 03f6 1B       		.byte	27
 1039 03f7 02       		.byte	2
 1040 03f8 1D       		.byte	29
 1041 03f9 40       		.byte	64
 1042 03fa 1E       		.byte	30
 1043 03fb 01       		.byte	1
 1044 03fc 1F       		.byte	31
 1045 03fd 40       		.byte	64
 1046 03fe 20       		.byte	32
 1047 03ff 08       		.byte	8
 1048 0400 21       		.byte	33
 1049 0401 20       		.byte	32
 1050 0402 22       		.byte	34
 1051 0403 45       		.byte	69
 1052 0404 24       		.byte	36
 1053 0405 40       		.byte	64
 1054 0406 25       		.byte	37
 1055 0407 40       		.byte	64
 1056 0408 27       		.byte	39
 1057 0409 14       		.byte	20
 1058 040a 29       		.byte	41
 1059 040b A5       		.byte	-91
 1060 040c 2A       		.byte	42
 1061 040d 40       		.byte	64
 1062 040e 2F       		.byte	47
 1063 040f 40       		.byte	64
 1064 0410 30       		.byte	48
 1065 0411 01       		.byte	1
 1066 0412 33       		.byte	51
 1067 0413 14       		.byte	20
 1068 0414 34       		.byte	52
 1069 0415 10       		.byte	16
 1070 0416 37       		.byte	55
 1071 0417 12       		.byte	18
 1072 0418 38       		.byte	56
 1073 0419 28       		.byte	40
 1074 041a 3A       		.byte	58
 1075 041b 02       		.byte	2
 1076 041c 3B       		.byte	59
 1077 041d 80       		.byte	-128
 1078 041e 3E       		.byte	62
 1079 041f 14       		.byte	20
 1080 0420 3F       		.byte	63
 1081 0421 01       		.byte	1
 1082 0422 40       		.byte	64
 1083 0423 40       		.byte	64
ARM GAS  C:\Users\bmt\AppData\Local\Temp\ccjVvjTN.s 			page 20


 1084 0424 41       		.byte	65
 1085 0425 20       		.byte	32
 1086 0426 43       		.byte	67
 1087 0427 04       		.byte	4
 1088 0428 48       		.byte	72
 1089 0429 10       		.byte	16
 1090 042a 49       		.byte	73
 1091 042b 20       		.byte	32
 1092 042c 4B       		.byte	75
 1093 042d 40       		.byte	64
 1094 042e 52       		.byte	82
 1095 042f 04       		.byte	4
 1096 0430 5A       		.byte	90
 1097 0431 08       		.byte	8
 1098 0432 5C       		.byte	92
 1099 0433 80       		.byte	-128
 1100 0434 61       		.byte	97
 1101 0435 01       		.byte	1
 1102 0436 63       		.byte	99
 1103 0437 40       		.byte	64
 1104 0438 64       		.byte	100
 1105 0439 01       		.byte	1
 1106 043a 67       		.byte	103
 1107 043b 01       		.byte	1
 1108 043c 69       		.byte	105
 1109 043d 18       		.byte	24
 1110 043e 6A       		.byte	106
 1111 043f 14       		.byte	20
 1112 0440 6B       		.byte	107
 1113 0441 02       		.byte	2
 1114 0442 70       		.byte	112
 1115 0443 BC       		.byte	-68
 1116 0444 72       		.byte	114
 1117 0445 02       		.byte	2
 1118 0446 8C       		.byte	-116
 1119 0447 80       		.byte	-128
 1120 0448 96       		.byte	-106
 1121 0449 82       		.byte	-126
 1122 044a 9E       		.byte	-98
 1123 044b 04       		.byte	4
 1124 044c A4       		.byte	-92
 1125 044d 14       		.byte	20
 1126 044e C0       		.byte	-64
 1127 044f AF       		.byte	-81
 1128 0450 C2       		.byte	-62
 1129 0451 8F       		.byte	-113
 1130 0452 C4       		.byte	-60
 1131 0453 6F       		.byte	111
 1132 0454 CA       		.byte	-54
 1133 0455 8F       		.byte	-113
 1134 0456 CC       		.byte	-52
 1135 0457 A7       		.byte	-89
 1136 0458 CE       		.byte	-50
 1137 0459 EF       		.byte	-17
 1138 045a D0       		.byte	-48
 1139 045b 07       		.byte	7
 1140 045c D2       		.byte	-46
ARM GAS  C:\Users\bmt\AppData\Local\Temp\ccjVvjTN.s 			page 21


 1141 045d 0C       		.byte	12
 1142 045e D6       		.byte	-42
 1143 045f 12       		.byte	18
 1144 0460 D8       		.byte	-40
 1145 0461 10       		.byte	16
 1146 0462 33       		.byte	51
 1147 0463 81       		.byte	-127
 1148 0464 36       		.byte	54
 1149 0465 40       		.byte	64
 1150 0466 37       		.byte	55
 1151 0467 08       		.byte	8
 1152 0468 3B       		.byte	59
 1153 0469 40       		.byte	64
 1154 046a CC       		.byte	-52
 1155 046b F0       		.byte	-16
 1156 046c CE       		.byte	-50
 1157 046d 10       		.byte	16
 1158 046e 30       		.byte	48
 1159 046f 22       		.byte	34
 1160 0470 37       		.byte	55
 1161 0471 10       		.byte	16
 1162 0472 93       		.byte	-109
 1163 0473 04       		.byte	4
 1164 0474 97       		.byte	-105
 1165 0475 40       		.byte	64
 1166 0476 9B       		.byte	-101
 1167 0477 04       		.byte	4
 1168 0478 9F       		.byte	-97
 1169 0479 09       		.byte	9
 1170 047a A6       		.byte	-90
 1171 047b 40       		.byte	64
 1172 047c A7       		.byte	-89
 1173 047d 80       		.byte	-128
 1174 047e AB       		.byte	-85
 1175 047f 04       		.byte	4
 1176 0480 AF       		.byte	-81
 1177 0481 04       		.byte	4
 1178 0482 CC       		.byte	-52
 1179 0483 70       		.byte	112
 1180 0484 EA       		.byte	-22
 1181 0485 C0       		.byte	-64
 1182 0486 13       		.byte	19
 1183 0487 08       		.byte	8
 1184 0488 5B       		.byte	91
 1185 0489 04       		.byte	4
 1186 048a 5F       		.byte	95
 1187 048b 04       		.byte	4
 1188 048c 93       		.byte	-109
 1189 048d 04       		.byte	4
 1190 048e 97       		.byte	-105
 1191 048f 40       		.byte	64
 1192 0490 9B       		.byte	-101
 1193 0491 04       		.byte	4
 1194 0492 9F       		.byte	-97
 1195 0493 19       		.byte	25
 1196 0494 A4       		.byte	-92
 1197 0495 22       		.byte	34
ARM GAS  C:\Users\bmt\AppData\Local\Temp\ccjVvjTN.s 			page 22


 1198 0496 A6       		.byte	-90
 1199 0497 40       		.byte	64
 1200 0498 A7       		.byte	-89
 1201 0499 80       		.byte	-128
 1202 049a C4       		.byte	-60
 1203 049b 10       		.byte	16
 1204 049c D6       		.byte	-42
 1205 049d C0       		.byte	-64
 1206 049e 84       		.byte	-124
 1207 049f 20       		.byte	32
 1208 04a0 97       		.byte	-105
 1209 04a1 40       		.byte	64
 1210 04a2 9F       		.byte	-97
 1211 04a3 11       		.byte	17
 1212 04a4 A4       		.byte	-92
 1213 04a5 22       		.byte	34
 1214 04a6 A6       		.byte	-90
 1215 04a7 40       		.byte	64
 1216 04a8 A7       		.byte	-89
 1217 04a9 80       		.byte	-128
 1218 04aa E2       		.byte	-30
 1219 04ab 40       		.byte	64
 1220 04ac 08       		.byte	8
 1221 04ad 08       		.byte	8
 1222 04ae 0B       		.byte	11
 1223 04af 04       		.byte	4
 1224 04b0 0F       		.byte	15
 1225 04b1 40       		.byte	64
 1226 04b2 C2       		.byte	-62
 1227 04b3 0E       		.byte	14
 1228 04b4 84       		.byte	-124
 1229 04b5 02       		.byte	2
 1230 04b6 8F       		.byte	-113
 1231 04b7 10       		.byte	16
 1232 04b8 97       		.byte	-105
 1233 04b9 40       		.byte	64
 1234 04ba 9F       		.byte	-97
 1235 04bb 10       		.byte	16
 1236 04bc A4       		.byte	-92
 1237 04bd 02       		.byte	2
 1238 04be AE       		.byte	-82
 1239 04bf 40       		.byte	64
 1240 04c0 AF       		.byte	-81
 1241 04c1 81       		.byte	-127
 1242 04c2 E2       		.byte	-30
 1243 04c3 10       		.byte	16
 1244 04c4 EA       		.byte	-22
 1245 04c5 40       		.byte	64
 1246 04c6 EE       		.byte	-18
 1247 04c7 50       		.byte	80
 1248 04c8 AF       		.byte	-81
 1249 04c9 40       		.byte	64
 1250 04ca EE       		.byte	-18
 1251 04cb 40       		.byte	64
 1252 04cc A0       		.byte	-96
 1253 04cd 02       		.byte	2
 1254 04ce AC       		.byte	-84
ARM GAS  C:\Users\bmt\AppData\Local\Temp\ccjVvjTN.s 			page 23


 1255 04cf 08       		.byte	8
 1256 04d0 AF       		.byte	-81
 1257 04d1 44       		.byte	68
 1258 04d2 B4       		.byte	-76
 1259 04d3 02       		.byte	2
 1260 04d4 EC       		.byte	-20
 1261 04d5 02       		.byte	2
 1262 04d6 12       		.byte	18
 1263 04d7 20       		.byte	32
 1264 04d8 74       		.byte	116
 1265 04d9 02       		.byte	2
 1266 04da 8E       		.byte	-114
 1267 04db 20       		.byte	32
 1268 04dc A0       		.byte	-96
 1269 04dd 02       		.byte	2
 1270 04de C4       		.byte	-60
 1271 04df 08       		.byte	8
 1272 04e0 DE       		.byte	-34
 1273 04e1 04       		.byte	4
 1274 04e2 E2       		.byte	-30
 1275 04e3 08       		.byte	8
 1276 04e4 00       		.byte	0
 1277 04e5 03       		.byte	3
 1278 04e6 0C       		.byte	12
 1279 04e7 03       		.byte	3
 1280 04e8 10       		.byte	16
 1281 04e9 03       		.byte	3
 1282 04ea 11       		.byte	17
 1283 04eb 01       		.byte	1
 1284 04ec 1A       		.byte	26
 1285 04ed 01       		.byte	1
 1286 04ee 1C       		.byte	28
 1287 04ef 02       		.byte	2
 1288 04f0 1D       		.byte	29
 1289 04f1 01       		.byte	1
 1290 04f2 00       		.byte	0
 1291 04f3 EA       		.byte	-22
 1292 04f4 01       		.byte	1
 1293 04f5 BF       		.byte	-65
 1294 04f6 00       		.byte	0
 1295 04f7 00       		.byte	0
 1296 04f8 4C       		.byte	76
 1297 04f9 20       		.byte	32
 1298 04fa A3       		.byte	-93
 1299 04fb 00       		.byte	0
 1300 04fc FF       		.byte	-1
 1301 04fd 30       		.byte	48
 1302 04fe 00       		.byte	0
 1303 04ff 00       		.byte	0
 1304 0500 00       		.byte	0
 1305 0501 10       		.byte	16
 1306 0502 B3       		.byte	-77
 1307 0503 00       		.byte	0
 1308 0504 F3       		.byte	-13
 1309 0505 03       		.byte	3
 1310 0506 0C       		.byte	12
 1311 0507 00       		.byte	0
ARM GAS  C:\Users\bmt\AppData\Local\Temp\ccjVvjTN.s 			page 24


 1312 0508 42       		.byte	66
 1313 0509 02       		.byte	2
 1314 050a 00       		.byte	0
 1315 050b 00       		.byte	0
 1316 050c 4F       		.byte	79
 1317 050d 00       		.byte	0
 1318 050e 90       		.byte	-112
 1319 050f 0B       		.byte	11
 1320 0510 01       		.byte	1
 1321 0511 01       		.byte	1
 1322 0512 00       		.byte	0
 1323 0513 00       		.byte	0
 1324 0514 03       		.byte	3
 1325 0515 00       		.byte	0
 1326 0516 00       		.byte	0
 1327 0517 00       		.byte	0
 1328 0518 08       		.byte	8
 1329 0519 4F       		.byte	79
 1330 051a 00       		.byte	0
 1331 051b 30       		.byte	48
 1332 051c 04       		.byte	4
 1333 051d 70       		.byte	112
 1334 051e 00       		.byte	0
 1335 051f 0F       		.byte	15
 1336 0520 0C       		.byte	12
 1337 0521 7F       		.byte	127
 1338 0522 00       		.byte	0
 1339 0523 00       		.byte	0
 1340 0524 00       		.byte	0
 1341 0525 78       		.byte	120
 1342 0526 40       		.byte	64
 1343 0527 07       		.byte	7
 1344 0528 0F       		.byte	15
 1345 0529 03       		.byte	3
 1346 052a 8C       		.byte	-116
 1347 052b 40       		.byte	64
 1348 052c 00       		.byte	0
 1349 052d 38       		.byte	56
 1350 052e 7C       		.byte	124
 1351 052f 04       		.byte	4
 1352 0530 00       		.byte	0
 1353 0531 80       		.byte	-128
 1354 0532 AA       		.byte	-86
 1355 0533 00       		.byte	0
 1356 0534 00       		.byte	0
 1357 0535 00       		.byte	0
 1358 0536 00       		.byte	0
 1359 0537 04       		.byte	4
 1360 0538 53       		.byte	83
 1361 0539 06       		.byte	6
 1362 053a 02       		.byte	2
 1363 053b 00       		.byte	0
 1364 053c 04       		.byte	4
 1365 053d 0C       		.byte	12
 1366 053e 00       		.byte	0
 1367 053f 0E       		.byte	14
 1368 0540 11       		.byte	17
ARM GAS  C:\Users\bmt\AppData\Local\Temp\ccjVvjTN.s 			page 25


 1369 0541 FF       		.byte	-1
 1370 0542 FF       		.byte	-1
 1371 0543 FF       		.byte	-1
 1372 0544 62       		.byte	98
 1373 0545 A0       		.byte	-96
 1374 0546 F0       		.byte	-16
 1375 0547 41       		.byte	65
 1376 0548 0C       		.byte	12
 1377 0549 00       		.byte	0
 1378 054a 00       		.byte	0
 1379 054b 00       		.byte	0
 1380 054c 00       		.byte	0
 1381 054d 00       		.byte	0
 1382 054e 02       		.byte	2
 1383 054f 12       		.byte	18
 1384 0550 04       		.byte	4
 1385 0551 04       		.byte	4
 1386 0552 04       		.byte	4
 1387 0553 04       		.byte	4
 1388 0554 11       		.byte	17
 1389 0555 11       		.byte	17
 1390 0556 00       		.byte	0
 1391 0557 01       		.byte	1
 1392 0558 00       		.byte	0
 1393 0559 00       		.byte	0
 1394 055a 00       		.byte	0
 1395 055b 00       		.byte	0
 1396 055c 00       		.byte	0
 1397 055d 00       		.byte	0
 1398 055e 40       		.byte	64
 1399 055f 02       		.byte	2
 1400 0560 00       		.byte	0
 1401 0561 10       		.byte	16
 1402 0562 30       		.byte	48
 1403 0563 10       		.byte	16
 1404 0564 00       		.byte	0
 1405 0565 10       		.byte	16
 1406 0566 10       		.byte	16
 1407 0567 12       		.byte	18
 1408 0568 00       		.byte	0
 1409 0569 00       		.byte	0
 1410 056a 00       		.byte	0
 1411 056b 00       		.byte	0
 1412 056c 00       		.byte	0
 1413 056d 00       		.byte	0
 1414 056e 00       		.byte	0
 1415 056f 00       		.byte	0
 1416 0570 00       		.byte	0
 1417 0571 00       		.byte	0
 1418 0572 00       		.byte	0
 1419 0573 00       		.byte	0
 1420 0574 00       		.byte	0
 1421 0575 00       		.byte	0
 1422 0576 00       		.byte	0
 1423 0577 00       		.byte	0
 1424 0578 00       		.byte	0
 1425 0579 07       		.byte	7
ARM GAS  C:\Users\bmt\AppData\Local\Temp\ccjVvjTN.s 			page 26


 1426 057a 07       		.byte	7
 1427 057b 00       		.byte	0
 1428 057c 00       		.byte	0
 1429 057d 00       		.byte	0
 1430 057e 00       		.byte	0
 1431 057f 00       		.byte	0
 1432 0580 40       		.byte	64
 1433 0581 80       		.byte	-128
 1434 0582 80       		.byte	-128
 1435 0583 00       		.byte	0
 1436 0584 80       		.byte	-128
 1437 0585 00       		.byte	0
 1438 0586 00       		.byte	0
 1439 0587 00       		.byte	0
 1440 0588 40       		.byte	64
 1441 0589 00       		.byte	0
 1442 058a 00       		.byte	0
 1443 058b 00       		.byte	0
 1444 058c 00       		.byte	0
 1445 058d 00       		.byte	0
 1446 058e 00       		.byte	0
 1447 058f 00       		.byte	0
 1448 0590 C0       		.byte	-64
 1449 0591 00       		.byte	0
 1450 0592 00       		.byte	0
 1451 0593 00       		.byte	0
 1452 0594 00       		.byte	0
 1453 0595 0B       		.byte	11
 1454 0596 0B       		.byte	11
 1455 0597 00       		.byte	0
 1456 0598 00       		.byte	0
 1457 0599 00       		.byte	0
 1458 059a 00       		.byte	0
 1459 059b 00       		.byte	0
 1460 059c 04       		.byte	4
 1461 059d 00       		.byte	0
 1462 059e 00       		.byte	0
 1463 059f 06       		.byte	6
 1464 05a0 02       		.byte	2
 1465 05a1 00       		.byte	0
 1466 05a2 00       		.byte	0
 1467 05a3 00       		.byte	0
 1468 05a4 00       		.byte	0
 1469 05a5 00       		.byte	0
 1470 05a6 00       		.byte	0
 1471 05a7 00       		.byte	0
 1472              		.global	cy_meta_custnvl
 1473              		.section	.cycustnvl,"a",%progbits
 1474              		.align	2
 1475              		.type	cy_meta_custnvl, %object
 1476              		.size	cy_meta_custnvl, 4
 1477              	cy_meta_custnvl:
 1478 0000 00       		.byte	0
 1479 0001 00       		.byte	0
 1480 0002 40       		.byte	64
 1481 0003 05       		.byte	5
 1482              		.global	cy_meta_wonvl
ARM GAS  C:\Users\bmt\AppData\Local\Temp\ccjVvjTN.s 			page 27


 1483              		.section	.cywolatch,"a",%progbits
 1484              		.align	2
 1485              		.type	cy_meta_wonvl, %object
 1486              		.size	cy_meta_wonvl, 4
 1487              	cy_meta_wonvl:
 1488 0000 BC       		.byte	-68
 1489 0001 90       		.byte	-112
 1490 0002 AC       		.byte	-84
 1491 0003 AF       		.byte	-81
 1492              		.global	cy_meta_flashprotect
 1493              		.section	.cyflashprotect,"a",%progbits
 1494              		.align	2
 1495              		.type	cy_meta_flashprotect, %object
 1496              		.size	cy_meta_flashprotect, 256
 1497              	cy_meta_flashprotect:
 1498 0000 00000000 		.space	256
 1498      00000000 
 1498      00000000 
 1498      00000000 
 1498      00000000 
 1499              		.global	cy_metadata
 1500              		.section	.cymeta,"a",%progbits
 1501              		.align	2
 1502              		.type	cy_metadata, %object
 1503              		.size	cy_metadata, 12
 1504              	cy_metadata:
 1505 0000 00       		.byte	0
 1506 0001 01       		.byte	1
 1507 0002 2E       		.byte	46
 1508 0003 16       		.byte	22
 1509 0004 10       		.byte	16
 1510 0005 69       		.byte	105
 1511 0006 00       		.byte	0
 1512 0007 01       		.byte	1
 1513 0008 00       		.byte	0
 1514 0009 00       		.byte	0
 1515 000a 00       		.byte	0
 1516 000b 00       		.byte	0
 1517              		.text
 1518              	.Letext0:
 1519              		.file 1 "Generated_Source\\PSoC5\\cymetadata.c"
 1520              		.file 2 "Generated_Source\\PSoC5\\cytypes.h"
 1521              		.section	.debug_info,"",%progbits
 1522              	.Ldebug_info0:
 1523 0000 38010000 		.4byte	0x138
 1524 0004 0400     		.2byte	0x4
 1525 0006 00000000 		.4byte	.Ldebug_abbrev0
 1526 000a 04       		.byte	0x4
 1527 000b 01       		.uleb128 0x1
 1528 000c 00000000 		.4byte	.LASF18
 1529 0010 01       		.byte	0x1
 1530 0011 CB010000 		.4byte	.LASF19
 1531 0015 5F010000 		.4byte	.LASF20
 1532 0019 00000000 		.4byte	.Ldebug_line0
 1533 001d 02       		.uleb128 0x2
 1534 001e 01       		.byte	0x1
 1535 001f 06       		.byte	0x6
ARM GAS  C:\Users\bmt\AppData\Local\Temp\ccjVvjTN.s 			page 28


 1536 0020 BF010000 		.4byte	.LASF0
 1537 0024 02       		.uleb128 0x2
 1538 0025 01       		.byte	0x1
 1539 0026 08       		.byte	0x8
 1540 0027 A0000000 		.4byte	.LASF1
 1541 002b 02       		.uleb128 0x2
 1542 002c 02       		.byte	0x2
 1543 002d 05       		.byte	0x5
 1544 002e A6010000 		.4byte	.LASF2
 1545 0032 02       		.uleb128 0x2
 1546 0033 02       		.byte	0x2
 1547 0034 07       		.byte	0x7
 1548 0035 C0000000 		.4byte	.LASF3
 1549 0039 02       		.uleb128 0x2
 1550 003a 04       		.byte	0x4
 1551 003b 05       		.byte	0x5
 1552 003c B6010000 		.4byte	.LASF4
 1553 0040 02       		.uleb128 0x2
 1554 0041 04       		.byte	0x4
 1555 0042 07       		.byte	0x7
 1556 0043 AE000000 		.4byte	.LASF5
 1557 0047 02       		.uleb128 0x2
 1558 0048 08       		.byte	0x8
 1559 0049 05       		.byte	0x5
 1560 004a 4C010000 		.4byte	.LASF6
 1561 004e 02       		.uleb128 0x2
 1562 004f 08       		.byte	0x8
 1563 0050 07       		.byte	0x7
 1564 0051 09010000 		.4byte	.LASF7
 1565 0055 03       		.uleb128 0x3
 1566 0056 04       		.byte	0x4
 1567 0057 05       		.byte	0x5
 1568 0058 696E7400 		.ascii	"int\000"
 1569 005c 02       		.uleb128 0x2
 1570 005d 04       		.byte	0x4
 1571 005e 07       		.byte	0x7
 1572 005f FC000000 		.4byte	.LASF8
 1573 0063 04       		.uleb128 0x4
 1574 0064 B0010000 		.4byte	.LASF21
 1575 0068 02       		.byte	0x2
 1576 0069 9201     		.2byte	0x192
 1577 006b 24000000 		.4byte	0x24
 1578 006f 02       		.uleb128 0x2
 1579 0070 04       		.byte	0x4
 1580 0071 04       		.byte	0x4
 1581 0072 9A000000 		.4byte	.LASF9
 1582 0076 02       		.uleb128 0x2
 1583 0077 08       		.byte	0x8
 1584 0078 04       		.byte	0x4
 1585 0079 D3000000 		.4byte	.LASF10
 1586 007d 02       		.uleb128 0x2
 1587 007e 01       		.byte	0x1
 1588 007f 08       		.byte	0x8
 1589 0080 5A010000 		.4byte	.LASF11
 1590 0084 05       		.uleb128 0x5
 1591 0085 63000000 		.4byte	0x63
 1592 0089 95000000 		.4byte	0x95
ARM GAS  C:\Users\bmt\AppData\Local\Temp\ccjVvjTN.s 			page 29


 1593 008d 06       		.uleb128 0x6
 1594 008e 95000000 		.4byte	0x95
 1595 0092 A705     		.2byte	0x5a7
 1596 0094 00       		.byte	0
 1597 0095 02       		.uleb128 0x2
 1598 0096 04       		.byte	0x4
 1599 0097 07       		.byte	0x7
 1600 0098 43010000 		.4byte	.LASF12
 1601 009c 07       		.uleb128 0x7
 1602 009d EA000000 		.4byte	.LASF13
 1603 00a1 01       		.byte	0x1
 1604 00a2 1F       		.byte	0x1f
 1605 00a3 AD000000 		.4byte	0xad
 1606 00a7 05       		.uleb128 0x5
 1607 00a8 03       		.byte	0x3
 1608 00a9 00000000 		.4byte	cy_meta_configecc
 1609 00ad 08       		.uleb128 0x8
 1610 00ae 84000000 		.4byte	0x84
 1611 00b2 05       		.uleb128 0x5
 1612 00b3 63000000 		.4byte	0x63
 1613 00b7 C2000000 		.4byte	0xc2
 1614 00bb 09       		.uleb128 0x9
 1615 00bc 95000000 		.4byte	0x95
 1616 00c0 03       		.byte	0x3
 1617 00c1 00       		.byte	0
 1618 00c2 07       		.uleb128 0x7
 1619 00c3 DA000000 		.4byte	.LASF14
 1620 00c7 01       		.byte	0x1
 1621 00c8 E1       		.byte	0xe1
 1622 00c9 D3000000 		.4byte	0xd3
 1623 00cd 05       		.uleb128 0x5
 1624 00ce 03       		.byte	0x3
 1625 00cf 00000000 		.4byte	cy_meta_custnvl
 1626 00d3 08       		.uleb128 0x8
 1627 00d4 B2000000 		.4byte	0xb2
 1628 00d8 07       		.uleb128 0x7
 1629 00d9 35010000 		.4byte	.LASF15
 1630 00dd 01       		.byte	0x1
 1631 00de EF       		.byte	0xef
 1632 00df E9000000 		.4byte	0xe9
 1633 00e3 05       		.uleb128 0x5
 1634 00e4 03       		.byte	0x3
 1635 00e5 00000000 		.4byte	cy_meta_wonvl
 1636 00e9 08       		.uleb128 0x8
 1637 00ea B2000000 		.4byte	0xb2
 1638 00ee 05       		.uleb128 0x5
 1639 00ef 63000000 		.4byte	0x63
 1640 00f3 FE000000 		.4byte	0xfe
 1641 00f7 09       		.uleb128 0x9
 1642 00f8 95000000 		.4byte	0x95
 1643 00fc FF       		.byte	0xff
 1644 00fd 00       		.byte	0
 1645 00fe 07       		.uleb128 0x7
 1646 00ff 20010000 		.4byte	.LASF16
 1647 0103 01       		.byte	0x1
 1648 0104 FD       		.byte	0xfd
 1649 0105 0F010000 		.4byte	0x10f
ARM GAS  C:\Users\bmt\AppData\Local\Temp\ccjVvjTN.s 			page 30


 1650 0109 05       		.uleb128 0x5
 1651 010a 03       		.byte	0x3
 1652 010b 00000000 		.4byte	cy_meta_flashprotect
 1653 010f 08       		.uleb128 0x8
 1654 0110 EE000000 		.4byte	0xee
 1655 0114 05       		.uleb128 0x5
 1656 0115 63000000 		.4byte	0x63
 1657 0119 24010000 		.4byte	0x124
 1658 011d 09       		.uleb128 0x9
 1659 011e 95000000 		.4byte	0x95
 1660 0122 0B       		.byte	0xb
 1661 0123 00       		.byte	0
 1662 0124 0A       		.uleb128 0xa
 1663 0125 8E000000 		.4byte	.LASF17
 1664 0129 01       		.byte	0x1
 1665 012a 2A01     		.2byte	0x12a
 1666 012c 36010000 		.4byte	0x136
 1667 0130 05       		.uleb128 0x5
 1668 0131 03       		.byte	0x3
 1669 0132 00000000 		.4byte	cy_metadata
 1670 0136 08       		.uleb128 0x8
 1671 0137 14010000 		.4byte	0x114
 1672 013b 00       		.byte	0
 1673              		.section	.debug_abbrev,"",%progbits
 1674              	.Ldebug_abbrev0:
 1675 0000 01       		.uleb128 0x1
 1676 0001 11       		.uleb128 0x11
 1677 0002 01       		.byte	0x1
 1678 0003 25       		.uleb128 0x25
 1679 0004 0E       		.uleb128 0xe
 1680 0005 13       		.uleb128 0x13
 1681 0006 0B       		.uleb128 0xb
 1682 0007 03       		.uleb128 0x3
 1683 0008 0E       		.uleb128 0xe
 1684 0009 1B       		.uleb128 0x1b
 1685 000a 0E       		.uleb128 0xe
 1686 000b 10       		.uleb128 0x10
 1687 000c 17       		.uleb128 0x17
 1688 000d 00       		.byte	0
 1689 000e 00       		.byte	0
 1690 000f 02       		.uleb128 0x2
 1691 0010 24       		.uleb128 0x24
 1692 0011 00       		.byte	0
 1693 0012 0B       		.uleb128 0xb
 1694 0013 0B       		.uleb128 0xb
 1695 0014 3E       		.uleb128 0x3e
 1696 0015 0B       		.uleb128 0xb
 1697 0016 03       		.uleb128 0x3
 1698 0017 0E       		.uleb128 0xe
 1699 0018 00       		.byte	0
 1700 0019 00       		.byte	0
 1701 001a 03       		.uleb128 0x3
 1702 001b 24       		.uleb128 0x24
 1703 001c 00       		.byte	0
 1704 001d 0B       		.uleb128 0xb
 1705 001e 0B       		.uleb128 0xb
 1706 001f 3E       		.uleb128 0x3e
ARM GAS  C:\Users\bmt\AppData\Local\Temp\ccjVvjTN.s 			page 31


 1707 0020 0B       		.uleb128 0xb
 1708 0021 03       		.uleb128 0x3
 1709 0022 08       		.uleb128 0x8
 1710 0023 00       		.byte	0
 1711 0024 00       		.byte	0
 1712 0025 04       		.uleb128 0x4
 1713 0026 16       		.uleb128 0x16
 1714 0027 00       		.byte	0
 1715 0028 03       		.uleb128 0x3
 1716 0029 0E       		.uleb128 0xe
 1717 002a 3A       		.uleb128 0x3a
 1718 002b 0B       		.uleb128 0xb
 1719 002c 3B       		.uleb128 0x3b
 1720 002d 05       		.uleb128 0x5
 1721 002e 49       		.uleb128 0x49
 1722 002f 13       		.uleb128 0x13
 1723 0030 00       		.byte	0
 1724 0031 00       		.byte	0
 1725 0032 05       		.uleb128 0x5
 1726 0033 01       		.uleb128 0x1
 1727 0034 01       		.byte	0x1
 1728 0035 49       		.uleb128 0x49
 1729 0036 13       		.uleb128 0x13
 1730 0037 01       		.uleb128 0x1
 1731 0038 13       		.uleb128 0x13
 1732 0039 00       		.byte	0
 1733 003a 00       		.byte	0
 1734 003b 06       		.uleb128 0x6
 1735 003c 21       		.uleb128 0x21
 1736 003d 00       		.byte	0
 1737 003e 49       		.uleb128 0x49
 1738 003f 13       		.uleb128 0x13
 1739 0040 2F       		.uleb128 0x2f
 1740 0041 05       		.uleb128 0x5
 1741 0042 00       		.byte	0
 1742 0043 00       		.byte	0
 1743 0044 07       		.uleb128 0x7
 1744 0045 34       		.uleb128 0x34
 1745 0046 00       		.byte	0
 1746 0047 03       		.uleb128 0x3
 1747 0048 0E       		.uleb128 0xe
 1748 0049 3A       		.uleb128 0x3a
 1749 004a 0B       		.uleb128 0xb
 1750 004b 3B       		.uleb128 0x3b
 1751 004c 0B       		.uleb128 0xb
 1752 004d 49       		.uleb128 0x49
 1753 004e 13       		.uleb128 0x13
 1754 004f 3F       		.uleb128 0x3f
 1755 0050 19       		.uleb128 0x19
 1756 0051 02       		.uleb128 0x2
 1757 0052 18       		.uleb128 0x18
 1758 0053 00       		.byte	0
 1759 0054 00       		.byte	0
 1760 0055 08       		.uleb128 0x8
 1761 0056 26       		.uleb128 0x26
 1762 0057 00       		.byte	0
 1763 0058 49       		.uleb128 0x49
ARM GAS  C:\Users\bmt\AppData\Local\Temp\ccjVvjTN.s 			page 32


 1764 0059 13       		.uleb128 0x13
 1765 005a 00       		.byte	0
 1766 005b 00       		.byte	0
 1767 005c 09       		.uleb128 0x9
 1768 005d 21       		.uleb128 0x21
 1769 005e 00       		.byte	0
 1770 005f 49       		.uleb128 0x49
 1771 0060 13       		.uleb128 0x13
 1772 0061 2F       		.uleb128 0x2f
 1773 0062 0B       		.uleb128 0xb
 1774 0063 00       		.byte	0
 1775 0064 00       		.byte	0
 1776 0065 0A       		.uleb128 0xa
 1777 0066 34       		.uleb128 0x34
 1778 0067 00       		.byte	0
 1779 0068 03       		.uleb128 0x3
 1780 0069 0E       		.uleb128 0xe
 1781 006a 3A       		.uleb128 0x3a
 1782 006b 0B       		.uleb128 0xb
 1783 006c 3B       		.uleb128 0x3b
 1784 006d 05       		.uleb128 0x5
 1785 006e 49       		.uleb128 0x49
 1786 006f 13       		.uleb128 0x13
 1787 0070 3F       		.uleb128 0x3f
 1788 0071 19       		.uleb128 0x19
 1789 0072 02       		.uleb128 0x2
 1790 0073 18       		.uleb128 0x18
 1791 0074 00       		.byte	0
 1792 0075 00       		.byte	0
 1793 0076 00       		.byte	0
 1794              		.section	.debug_aranges,"",%progbits
 1795 0000 14000000 		.4byte	0x14
 1796 0004 0200     		.2byte	0x2
 1797 0006 00000000 		.4byte	.Ldebug_info0
 1798 000a 04       		.byte	0x4
 1799 000b 00       		.byte	0
 1800 000c 0000     		.2byte	0
 1801 000e 0000     		.2byte	0
 1802 0010 00000000 		.4byte	0
 1803 0014 00000000 		.4byte	0
 1804              		.section	.debug_line,"",%progbits
 1805              	.Ldebug_line0:
 1806 0000 4D000000 		.section	.debug_str,"MS",%progbits,1
 1806      02004700 
 1806      00000201 
 1806      FB0E0D00 
 1806      01010101 
 1807              	.LASF18:
 1808 0000 474E5520 		.ascii	"GNU C 4.9.3 20150303 (release) [ARM/embedded-4_9-br"
 1808      4320342E 
 1808      392E3320 
 1808      32303135 
 1808      30333033 
 1809 0033 616E6368 		.ascii	"anch revision 221220] -mcpu=cortex-m3 -mthumb -g -O"
 1809      20726576 
 1809      6973696F 
 1809      6E203232 
ARM GAS  C:\Users\bmt\AppData\Local\Temp\ccjVvjTN.s 			page 33


 1809      31323230 
 1810 0066 30202D66 		.ascii	"0 -ffunction-sections -ffat-lto-objects\000"
 1810      66756E63 
 1810      74696F6E 
 1810      2D736563 
 1810      74696F6E 
 1811              	.LASF17:
 1812 008e 63795F6D 		.ascii	"cy_metadata\000"
 1812      65746164 
 1812      61746100 
 1813              	.LASF9:
 1814 009a 666C6F61 		.ascii	"float\000"
 1814      7400
 1815              	.LASF1:
 1816 00a0 756E7369 		.ascii	"unsigned char\000"
 1816      676E6564 
 1816      20636861 
 1816      7200
 1817              	.LASF5:
 1818 00ae 6C6F6E67 		.ascii	"long unsigned int\000"
 1818      20756E73 
 1818      69676E65 
 1818      6420696E 
 1818      7400
 1819              	.LASF3:
 1820 00c0 73686F72 		.ascii	"short unsigned int\000"
 1820      7420756E 
 1820      7369676E 
 1820      65642069 
 1820      6E7400
 1821              	.LASF10:
 1822 00d3 646F7562 		.ascii	"double\000"
 1822      6C6500
 1823              	.LASF14:
 1824 00da 63795F6D 		.ascii	"cy_meta_custnvl\000"
 1824      6574615F 
 1824      63757374 
 1824      6E766C00 
 1825              	.LASF13:
 1826 00ea 63795F6D 		.ascii	"cy_meta_configecc\000"
 1826      6574615F 
 1826      636F6E66 
 1826      69676563 
 1826      6300
 1827              	.LASF8:
 1828 00fc 756E7369 		.ascii	"unsigned int\000"
 1828      676E6564 
 1828      20696E74 
 1828      00
 1829              	.LASF7:
 1830 0109 6C6F6E67 		.ascii	"long long unsigned int\000"
 1830      206C6F6E 
 1830      6720756E 
 1830      7369676E 
 1830      65642069 
 1831              	.LASF16:
 1832 0120 63795F6D 		.ascii	"cy_meta_flashprotect\000"
ARM GAS  C:\Users\bmt\AppData\Local\Temp\ccjVvjTN.s 			page 34


 1832      6574615F 
 1832      666C6173 
 1832      6870726F 
 1832      74656374 
 1833              	.LASF15:
 1834 0135 63795F6D 		.ascii	"cy_meta_wonvl\000"
 1834      6574615F 
 1834      776F6E76 
 1834      6C00
 1835              	.LASF12:
 1836 0143 73697A65 		.ascii	"sizetype\000"
 1836      74797065 
 1836      00
 1837              	.LASF6:
 1838 014c 6C6F6E67 		.ascii	"long long int\000"
 1838      206C6F6E 
 1838      6720696E 
 1838      7400
 1839              	.LASF11:
 1840 015a 63686172 		.ascii	"char\000"
 1840      00
 1841              	.LASF20:
 1842 015f 433A5C55 		.ascii	"C:\\Users\\bmt\\Documents\\GitHub\\FreeRTOS_CY8CKIT"
 1842      73657273 
 1842      5C626D74 
 1842      5C446F63 
 1842      756D656E 
 1843 018d 5F303539 		.ascii	"_059\\FreeRTOS_Demo.cydsn\000"
 1843      5C467265 
 1843      6552544F 
 1843      535F4465 
 1843      6D6F2E63 
 1844              	.LASF2:
 1845 01a6 73686F72 		.ascii	"short int\000"
 1845      7420696E 
 1845      7400
 1846              	.LASF21:
 1847 01b0 75696E74 		.ascii	"uint8\000"
 1847      3800
 1848              	.LASF4:
 1849 01b6 6C6F6E67 		.ascii	"long int\000"
 1849      20696E74 
 1849      00
 1850              	.LASF0:
 1851 01bf 7369676E 		.ascii	"signed char\000"
 1851      65642063 
 1851      68617200 
 1852              	.LASF19:
 1853 01cb 47656E65 		.ascii	"Generated_Source\\PSoC5\\cymetadata.c\000"
 1853      72617465 
 1853      645F536F 
 1853      75726365 
 1853      5C50536F 
 1854              		.ident	"GCC: (GNU Tools for ARM Embedded Processors) 4.9.3 20150303 (release) [ARM/embedded-4_9-br
