ARM GAS  C:\Users\bmt\AppData\Local\Temp\ccx2kqHx.s 			page 1


   1              		.syntax unified
   2              		.cpu cortex-m3
   3              		.fpu softvfp
   4              		.eabi_attribute 20, 1
   5              		.eabi_attribute 21, 1
   6              		.eabi_attribute 23, 3
   7              		.eabi_attribute 24, 1
   8              		.eabi_attribute 25, 1
   9              		.eabi_attribute 26, 1
  10              		.eabi_attribute 30, 6
  11              		.eabi_attribute 34, 1
  12              		.eabi_attribute 18, 4
  13              		.thumb
  14              		.file	"cyutils.c"
  15              		.text
  16              	.Ltext0:
  17              		.cfi_sections	.debug_frame
  18              		.section	.text.CySetReg24,"ax",%progbits
  19              		.align	2
  20              		.global	CySetReg24
  21              		.thumb
  22              		.thumb_func
  23              		.type	CySetReg24, %function
  24              	CySetReg24:
  25              	.LFB0:
  26              		.file 1 "Generated_Source\\PSoC5\\cyutils.c"
   1:Generated_Source\PSoC5/cyutils.c **** /***************************************************************************//**
   2:Generated_Source\PSoC5/cyutils.c **** * \file cyutils.c
   3:Generated_Source\PSoC5/cyutils.c **** * \version 5.50
   4:Generated_Source\PSoC5/cyutils.c **** *
   5:Generated_Source\PSoC5/cyutils.c **** * \brief Provides a function to handle 24-bit value writes.
   6:Generated_Source\PSoC5/cyutils.c **** *
   7:Generated_Source\PSoC5/cyutils.c **** ********************************************************************************
   8:Generated_Source\PSoC5/cyutils.c **** * \copyright
   9:Generated_Source\PSoC5/cyutils.c **** * Copyright 2008-2016, Cypress Semiconductor Corporation.  All rights reserved.
  10:Generated_Source\PSoC5/cyutils.c **** * You may use this file only in accordance with the license, terms, conditions,
  11:Generated_Source\PSoC5/cyutils.c **** * disclaimers, and limitations in the end user license agreement accompanying
  12:Generated_Source\PSoC5/cyutils.c **** * the software package with which this file was provided.
  13:Generated_Source\PSoC5/cyutils.c **** *******************************************************************************/
  14:Generated_Source\PSoC5/cyutils.c **** 
  15:Generated_Source\PSoC5/cyutils.c **** #include "cytypes.h"
  16:Generated_Source\PSoC5/cyutils.c **** 
  17:Generated_Source\PSoC5/cyutils.c **** #if (!CY_PSOC3)
  18:Generated_Source\PSoC5/cyutils.c **** 
  19:Generated_Source\PSoC5/cyutils.c ****     /***************************************************************************
  20:Generated_Source\PSoC5/cyutils.c ****     * Function Name: CySetReg24
  21:Generated_Source\PSoC5/cyutils.c ****     ************************************************************************//**
  22:Generated_Source\PSoC5/cyutils.c ****     *
  23:Generated_Source\PSoC5/cyutils.c ****     * Writes a 24-bit value to the specified register.
  24:Generated_Source\PSoC5/cyutils.c ****     *
  25:Generated_Source\PSoC5/cyutils.c ****     * \param add The address where data must be written.
  26:Generated_Source\PSoC5/cyutils.c ****     * \param value The data that must be written.
  27:Generated_Source\PSoC5/cyutils.c ****     *
  28:Generated_Source\PSoC5/cyutils.c ****     * Reentrant:
  29:Generated_Source\PSoC5/cyutils.c ****     *  No
  30:Generated_Source\PSoC5/cyutils.c ****     *
  31:Generated_Source\PSoC5/cyutils.c ****     ***************************************************************************/
ARM GAS  C:\Users\bmt\AppData\Local\Temp\ccx2kqHx.s 			page 2


  32:Generated_Source\PSoC5/cyutils.c ****     void CySetReg24(uint32 volatile * addr, uint32 value)
  33:Generated_Source\PSoC5/cyutils.c ****     {
  27              		.loc 1 33 0
  28              		.cfi_startproc
  29              		@ args = 0, pretend = 0, frame = 16
  30              		@ frame_needed = 1, uses_anonymous_args = 0
  31              		@ link register save eliminated.
  32 0000 80B4     		push	{r7}
  33              		.cfi_def_cfa_offset 4
  34              		.cfi_offset 7, -4
  35 0002 85B0     		sub	sp, sp, #20
  36              		.cfi_def_cfa_offset 24
  37 0004 00AF     		add	r7, sp, #0
  38              		.cfi_def_cfa_register 7
  39 0006 7860     		str	r0, [r7, #4]
  40 0008 3960     		str	r1, [r7]
  34:Generated_Source\PSoC5/cyutils.c ****         uint8 volatile *tmpAddr;
  35:Generated_Source\PSoC5/cyutils.c **** 
  36:Generated_Source\PSoC5/cyutils.c ****         tmpAddr = (uint8 volatile *) addr;
  41              		.loc 1 36 0
  42 000a 7B68     		ldr	r3, [r7, #4]
  43 000c FB60     		str	r3, [r7, #12]
  37:Generated_Source\PSoC5/cyutils.c **** 
  38:Generated_Source\PSoC5/cyutils.c ****         tmpAddr[0u] = (uint8) value;
  44              		.loc 1 38 0
  45 000e 3B68     		ldr	r3, [r7]
  46 0010 DAB2     		uxtb	r2, r3
  47 0012 FB68     		ldr	r3, [r7, #12]
  48 0014 1A70     		strb	r2, [r3]
  39:Generated_Source\PSoC5/cyutils.c ****         tmpAddr[1u] = (uint8) (value >> 8u);
  49              		.loc 1 39 0
  50 0016 FB68     		ldr	r3, [r7, #12]
  51 0018 0133     		adds	r3, r3, #1
  52 001a 3A68     		ldr	r2, [r7]
  53 001c 120A     		lsrs	r2, r2, #8
  54 001e D2B2     		uxtb	r2, r2
  55 0020 1A70     		strb	r2, [r3]
  40:Generated_Source\PSoC5/cyutils.c ****         tmpAddr[2u] = (uint8) (value >> 16u);
  56              		.loc 1 40 0
  57 0022 FB68     		ldr	r3, [r7, #12]
  58 0024 0233     		adds	r3, r3, #2
  59 0026 3A68     		ldr	r2, [r7]
  60 0028 120C     		lsrs	r2, r2, #16
  61 002a D2B2     		uxtb	r2, r2
  62 002c 1A70     		strb	r2, [r3]
  41:Generated_Source\PSoC5/cyutils.c ****     }
  63              		.loc 1 41 0
  64 002e 1437     		adds	r7, r7, #20
  65              		.cfi_def_cfa_offset 4
  66 0030 BD46     		mov	sp, r7
  67              		.cfi_def_cfa_register 13
  68              		@ sp needed
  69 0032 5DF8047B 		ldr	r7, [sp], #4
  70              		.cfi_restore 7
  71              		.cfi_def_cfa_offset 0
  72 0036 7047     		bx	lr
  73              		.cfi_endproc
ARM GAS  C:\Users\bmt\AppData\Local\Temp\ccx2kqHx.s 			page 3


  74              	.LFE0:
  75              		.size	CySetReg24, .-CySetReg24
  76              		.text
  77              	.Letext0:
  78              		.file 2 "Generated_Source\\PSoC5\\cytypes.h"
  79              		.section	.debug_info,"",%progbits
  80              	.Ldebug_info0:
  81 0000 EB000000 		.4byte	0xeb
  82 0004 0400     		.2byte	0x4
  83 0006 00000000 		.4byte	.Ldebug_abbrev0
  84 000a 04       		.byte	0x4
  85 000b 01       		.uleb128 0x1
  86 000c 11000000 		.4byte	.LASF16
  87 0010 01       		.byte	0x1
  88 0011 E5000000 		.4byte	.LASF17
  89 0015 70010000 		.4byte	.LASF18
  90 0019 00000000 		.4byte	.Ldebug_ranges0+0
  91 001d 00000000 		.4byte	0
  92 0021 00000000 		.4byte	.Ldebug_line0
  93 0025 02       		.uleb128 0x2
  94 0026 01       		.byte	0x1
  95 0027 06       		.byte	0x6
  96 0028 64010000 		.4byte	.LASF0
  97 002c 02       		.uleb128 0x2
  98 002d 01       		.byte	0x1
  99 002e 08       		.byte	0x8
 100 002f AA000000 		.4byte	.LASF1
 101 0033 02       		.uleb128 0x2
 102 0034 02       		.byte	0x2
 103 0035 05       		.byte	0x5
 104 0036 4B010000 		.4byte	.LASF2
 105 003a 02       		.uleb128 0x2
 106 003b 02       		.byte	0x2
 107 003c 07       		.byte	0x7
 108 003d D2000000 		.4byte	.LASF3
 109 0041 02       		.uleb128 0x2
 110 0042 04       		.byte	0x4
 111 0043 05       		.byte	0x5
 112 0044 5B010000 		.4byte	.LASF4
 113 0048 02       		.uleb128 0x2
 114 0049 04       		.byte	0x4
 115 004a 07       		.byte	0x7
 116 004b C0000000 		.4byte	.LASF5
 117 004f 02       		.uleb128 0x2
 118 0050 08       		.byte	0x8
 119 0051 05       		.byte	0x5
 120 0052 38010000 		.4byte	.LASF6
 121 0056 02       		.uleb128 0x2
 122 0057 08       		.byte	0x8
 123 0058 07       		.byte	0x7
 124 0059 21010000 		.4byte	.LASF7
 125 005d 03       		.uleb128 0x3
 126 005e 04       		.byte	0x4
 127 005f 05       		.byte	0x5
 128 0060 696E7400 		.ascii	"int\000"
 129 0064 02       		.uleb128 0x2
 130 0065 04       		.byte	0x4
ARM GAS  C:\Users\bmt\AppData\Local\Temp\ccx2kqHx.s 			page 4


 131 0066 07       		.byte	0x7
 132 0067 14010000 		.4byte	.LASF8
 133 006b 04       		.uleb128 0x4
 134 006c 55010000 		.4byte	.LASF9
 135 0070 02       		.byte	0x2
 136 0071 9201     		.2byte	0x192
 137 0073 2C000000 		.4byte	0x2c
 138 0077 04       		.uleb128 0x4
 139 0078 0D010000 		.4byte	.LASF10
 140 007c 02       		.byte	0x2
 141 007d 9401     		.2byte	0x194
 142 007f 48000000 		.4byte	0x48
 143 0083 02       		.uleb128 0x2
 144 0084 04       		.byte	0x4
 145 0085 04       		.byte	0x4
 146 0086 A4000000 		.4byte	.LASF11
 147 008a 02       		.uleb128 0x2
 148 008b 08       		.byte	0x8
 149 008c 04       		.byte	0x4
 150 008d 06010000 		.4byte	.LASF12
 151 0091 02       		.uleb128 0x2
 152 0092 01       		.byte	0x1
 153 0093 08       		.byte	0x8
 154 0094 46010000 		.4byte	.LASF13
 155 0098 05       		.uleb128 0x5
 156 0099 6B000000 		.4byte	0x6b
 157 009d 05       		.uleb128 0x5
 158 009e 77000000 		.4byte	0x77
 159 00a2 06       		.uleb128 0x6
 160 00a3 06000000 		.4byte	.LASF19
 161 00a7 01       		.byte	0x1
 162 00a8 20       		.byte	0x20
 163 00a9 00000000 		.4byte	.LFB0
 164 00ad 38000000 		.4byte	.LFE0-.LFB0
 165 00b1 01       		.uleb128 0x1
 166 00b2 9C       		.byte	0x9c
 167 00b3 E2000000 		.4byte	0xe2
 168 00b7 07       		.uleb128 0x7
 169 00b8 9F000000 		.4byte	.LASF14
 170 00bc 01       		.byte	0x1
 171 00bd 20       		.byte	0x20
 172 00be E2000000 		.4byte	0xe2
 173 00c2 02       		.uleb128 0x2
 174 00c3 91       		.byte	0x91
 175 00c4 6C       		.sleb128 -20
 176 00c5 07       		.uleb128 0x7
 177 00c6 00000000 		.4byte	.LASF15
 178 00ca 01       		.byte	0x1
 179 00cb 20       		.byte	0x20
 180 00cc 77000000 		.4byte	0x77
 181 00d0 02       		.uleb128 0x2
 182 00d1 91       		.byte	0x91
 183 00d2 68       		.sleb128 -24
 184 00d3 08       		.uleb128 0x8
 185 00d4 B8000000 		.4byte	.LASF20
 186 00d8 01       		.byte	0x1
 187 00d9 22       		.byte	0x22
ARM GAS  C:\Users\bmt\AppData\Local\Temp\ccx2kqHx.s 			page 5


 188 00da E8000000 		.4byte	0xe8
 189 00de 02       		.uleb128 0x2
 190 00df 91       		.byte	0x91
 191 00e0 74       		.sleb128 -12
 192 00e1 00       		.byte	0
 193 00e2 09       		.uleb128 0x9
 194 00e3 04       		.byte	0x4
 195 00e4 9D000000 		.4byte	0x9d
 196 00e8 09       		.uleb128 0x9
 197 00e9 04       		.byte	0x4
 198 00ea 98000000 		.4byte	0x98
 199 00ee 00       		.byte	0
 200              		.section	.debug_abbrev,"",%progbits
 201              	.Ldebug_abbrev0:
 202 0000 01       		.uleb128 0x1
 203 0001 11       		.uleb128 0x11
 204 0002 01       		.byte	0x1
 205 0003 25       		.uleb128 0x25
 206 0004 0E       		.uleb128 0xe
 207 0005 13       		.uleb128 0x13
 208 0006 0B       		.uleb128 0xb
 209 0007 03       		.uleb128 0x3
 210 0008 0E       		.uleb128 0xe
 211 0009 1B       		.uleb128 0x1b
 212 000a 0E       		.uleb128 0xe
 213 000b 55       		.uleb128 0x55
 214 000c 17       		.uleb128 0x17
 215 000d 11       		.uleb128 0x11
 216 000e 01       		.uleb128 0x1
 217 000f 10       		.uleb128 0x10
 218 0010 17       		.uleb128 0x17
 219 0011 00       		.byte	0
 220 0012 00       		.byte	0
 221 0013 02       		.uleb128 0x2
 222 0014 24       		.uleb128 0x24
 223 0015 00       		.byte	0
 224 0016 0B       		.uleb128 0xb
 225 0017 0B       		.uleb128 0xb
 226 0018 3E       		.uleb128 0x3e
 227 0019 0B       		.uleb128 0xb
 228 001a 03       		.uleb128 0x3
 229 001b 0E       		.uleb128 0xe
 230 001c 00       		.byte	0
 231 001d 00       		.byte	0
 232 001e 03       		.uleb128 0x3
 233 001f 24       		.uleb128 0x24
 234 0020 00       		.byte	0
 235 0021 0B       		.uleb128 0xb
 236 0022 0B       		.uleb128 0xb
 237 0023 3E       		.uleb128 0x3e
 238 0024 0B       		.uleb128 0xb
 239 0025 03       		.uleb128 0x3
 240 0026 08       		.uleb128 0x8
 241 0027 00       		.byte	0
 242 0028 00       		.byte	0
 243 0029 04       		.uleb128 0x4
 244 002a 16       		.uleb128 0x16
ARM GAS  C:\Users\bmt\AppData\Local\Temp\ccx2kqHx.s 			page 6


 245 002b 00       		.byte	0
 246 002c 03       		.uleb128 0x3
 247 002d 0E       		.uleb128 0xe
 248 002e 3A       		.uleb128 0x3a
 249 002f 0B       		.uleb128 0xb
 250 0030 3B       		.uleb128 0x3b
 251 0031 05       		.uleb128 0x5
 252 0032 49       		.uleb128 0x49
 253 0033 13       		.uleb128 0x13
 254 0034 00       		.byte	0
 255 0035 00       		.byte	0
 256 0036 05       		.uleb128 0x5
 257 0037 35       		.uleb128 0x35
 258 0038 00       		.byte	0
 259 0039 49       		.uleb128 0x49
 260 003a 13       		.uleb128 0x13
 261 003b 00       		.byte	0
 262 003c 00       		.byte	0
 263 003d 06       		.uleb128 0x6
 264 003e 2E       		.uleb128 0x2e
 265 003f 01       		.byte	0x1
 266 0040 3F       		.uleb128 0x3f
 267 0041 19       		.uleb128 0x19
 268 0042 03       		.uleb128 0x3
 269 0043 0E       		.uleb128 0xe
 270 0044 3A       		.uleb128 0x3a
 271 0045 0B       		.uleb128 0xb
 272 0046 3B       		.uleb128 0x3b
 273 0047 0B       		.uleb128 0xb
 274 0048 27       		.uleb128 0x27
 275 0049 19       		.uleb128 0x19
 276 004a 11       		.uleb128 0x11
 277 004b 01       		.uleb128 0x1
 278 004c 12       		.uleb128 0x12
 279 004d 06       		.uleb128 0x6
 280 004e 40       		.uleb128 0x40
 281 004f 18       		.uleb128 0x18
 282 0050 9742     		.uleb128 0x2117
 283 0052 19       		.uleb128 0x19
 284 0053 01       		.uleb128 0x1
 285 0054 13       		.uleb128 0x13
 286 0055 00       		.byte	0
 287 0056 00       		.byte	0
 288 0057 07       		.uleb128 0x7
 289 0058 05       		.uleb128 0x5
 290 0059 00       		.byte	0
 291 005a 03       		.uleb128 0x3
 292 005b 0E       		.uleb128 0xe
 293 005c 3A       		.uleb128 0x3a
 294 005d 0B       		.uleb128 0xb
 295 005e 3B       		.uleb128 0x3b
 296 005f 0B       		.uleb128 0xb
 297 0060 49       		.uleb128 0x49
 298 0061 13       		.uleb128 0x13
 299 0062 02       		.uleb128 0x2
 300 0063 18       		.uleb128 0x18
 301 0064 00       		.byte	0
ARM GAS  C:\Users\bmt\AppData\Local\Temp\ccx2kqHx.s 			page 7


 302 0065 00       		.byte	0
 303 0066 08       		.uleb128 0x8
 304 0067 34       		.uleb128 0x34
 305 0068 00       		.byte	0
 306 0069 03       		.uleb128 0x3
 307 006a 0E       		.uleb128 0xe
 308 006b 3A       		.uleb128 0x3a
 309 006c 0B       		.uleb128 0xb
 310 006d 3B       		.uleb128 0x3b
 311 006e 0B       		.uleb128 0xb
 312 006f 49       		.uleb128 0x49
 313 0070 13       		.uleb128 0x13
 314 0071 02       		.uleb128 0x2
 315 0072 18       		.uleb128 0x18
 316 0073 00       		.byte	0
 317 0074 00       		.byte	0
 318 0075 09       		.uleb128 0x9
 319 0076 0F       		.uleb128 0xf
 320 0077 00       		.byte	0
 321 0078 0B       		.uleb128 0xb
 322 0079 0B       		.uleb128 0xb
 323 007a 49       		.uleb128 0x49
 324 007b 13       		.uleb128 0x13
 325 007c 00       		.byte	0
 326 007d 00       		.byte	0
 327 007e 00       		.byte	0
 328              		.section	.debug_aranges,"",%progbits
 329 0000 1C000000 		.4byte	0x1c
 330 0004 0200     		.2byte	0x2
 331 0006 00000000 		.4byte	.Ldebug_info0
 332 000a 04       		.byte	0x4
 333 000b 00       		.byte	0
 334 000c 0000     		.2byte	0
 335 000e 0000     		.2byte	0
 336 0010 00000000 		.4byte	.LFB0
 337 0014 38000000 		.4byte	.LFE0-.LFB0
 338 0018 00000000 		.4byte	0
 339 001c 00000000 		.4byte	0
 340              		.section	.debug_ranges,"",%progbits
 341              	.Ldebug_ranges0:
 342 0000 00000000 		.4byte	.LFB0
 343 0004 38000000 		.4byte	.LFE0
 344 0008 00000000 		.4byte	0
 345 000c 00000000 		.4byte	0
 346              		.section	.debug_line,"",%progbits
 347              	.Ldebug_line0:
 348 0000 5E000000 		.section	.debug_str,"MS",%progbits,1
 348      02004400 
 348      00000201 
 348      FB0E0D00 
 348      01010101 
 349              	.LASF15:
 350 0000 76616C75 		.ascii	"value\000"
 350      6500
 351              	.LASF19:
 352 0006 43795365 		.ascii	"CySetReg24\000"
 352      74526567 
ARM GAS  C:\Users\bmt\AppData\Local\Temp\ccx2kqHx.s 			page 8


 352      323400
 353              	.LASF16:
 354 0011 474E5520 		.ascii	"GNU C 4.9.3 20150303 (release) [ARM/embedded-4_9-br"
 354      4320342E 
 354      392E3320 
 354      32303135 
 354      30333033 
 355 0044 616E6368 		.ascii	"anch revision 221220] -mcpu=cortex-m3 -mthumb -g -O"
 355      20726576 
 355      6973696F 
 355      6E203232 
 355      31323230 
 356 0077 30202D66 		.ascii	"0 -ffunction-sections -ffat-lto-objects\000"
 356      66756E63 
 356      74696F6E 
 356      2D736563 
 356      74696F6E 
 357              	.LASF14:
 358 009f 61646472 		.ascii	"addr\000"
 358      00
 359              	.LASF11:
 360 00a4 666C6F61 		.ascii	"float\000"
 360      7400
 361              	.LASF1:
 362 00aa 756E7369 		.ascii	"unsigned char\000"
 362      676E6564 
 362      20636861 
 362      7200
 363              	.LASF20:
 364 00b8 746D7041 		.ascii	"tmpAddr\000"
 364      64647200 
 365              	.LASF5:
 366 00c0 6C6F6E67 		.ascii	"long unsigned int\000"
 366      20756E73 
 366      69676E65 
 366      6420696E 
 366      7400
 367              	.LASF3:
 368 00d2 73686F72 		.ascii	"short unsigned int\000"
 368      7420756E 
 368      7369676E 
 368      65642069 
 368      6E7400
 369              	.LASF17:
 370 00e5 47656E65 		.ascii	"Generated_Source\\PSoC5\\cyutils.c\000"
 370      72617465 
 370      645F536F 
 370      75726365 
 370      5C50536F 
 371              	.LASF12:
 372 0106 646F7562 		.ascii	"double\000"
 372      6C6500
 373              	.LASF10:
 374 010d 75696E74 		.ascii	"uint32\000"
 374      333200
 375              	.LASF8:
 376 0114 756E7369 		.ascii	"unsigned int\000"
ARM GAS  C:\Users\bmt\AppData\Local\Temp\ccx2kqHx.s 			page 9


 376      676E6564 
 376      20696E74 
 376      00
 377              	.LASF7:
 378 0121 6C6F6E67 		.ascii	"long long unsigned int\000"
 378      206C6F6E 
 378      6720756E 
 378      7369676E 
 378      65642069 
 379              	.LASF6:
 380 0138 6C6F6E67 		.ascii	"long long int\000"
 380      206C6F6E 
 380      6720696E 
 380      7400
 381              	.LASF13:
 382 0146 63686172 		.ascii	"char\000"
 382      00
 383              	.LASF2:
 384 014b 73686F72 		.ascii	"short int\000"
 384      7420696E 
 384      7400
 385              	.LASF9:
 386 0155 75696E74 		.ascii	"uint8\000"
 386      3800
 387              	.LASF4:
 388 015b 6C6F6E67 		.ascii	"long int\000"
 388      20696E74 
 388      00
 389              	.LASF0:
 390 0164 7369676E 		.ascii	"signed char\000"
 390      65642063 
 390      68617200 
 391              	.LASF18:
 392 0170 433A5C55 		.ascii	"C:\\Users\\bmt\\Documents\\GitHub\\FreeRTOS_CY8CKIT"
 392      73657273 
 392      5C626D74 
 392      5C446F63 
 392      756D656E 
 393 019e 5F303539 		.ascii	"_059\\FreeRTOS_Demo.cydsn\000"
 393      5C467265 
 393      6552544F 
 393      535F4465 
 393      6D6F2E63 
 394              		.ident	"GCC: (GNU Tools for ARM Embedded Processors) 4.9.3 20150303 (release) [ARM/embedded-4_9-br
