ARM GAS  C:\Users\bmt\AppData\Local\Temp\cc0KIBz2.s 			page 1


   1              		.syntax unified
   2              		.cpu cortex-m3
   3              		.fpu softvfp
   4              		.eabi_attribute 20, 1
   5              		.eabi_attribute 21, 1
   6              		.eabi_attribute 23, 3
   7              		.eabi_attribute 24, 1
   8              		.eabi_attribute 25, 1
   9              		.eabi_attribute 26, 1
  10              		.eabi_attribute 30, 6
  11              		.eabi_attribute 34, 1
  12              		.eabi_attribute 18, 4
  13              		.thumb
  14              		.file	"flash.c"
  15              		.text
  16              	.Ltext0:
  17              		.cfi_sections	.debug_frame
  18              		.bss
  19              		.align	2
  20              	uxFlashTaskNumber:
  21 0000 00000000 		.space	4
  22              		.section	.rodata
  23              		.align	2
  24              	.LC0:
  25 0000 4C454478 		.ascii	"LEDx\000"
  25      00
  26 0005 000000   		.section	.text.vStartLEDFlashTasks,"ax",%progbits
  27              		.align	2
  28              		.global	vStartLEDFlashTasks
  29              		.thumb
  30              		.thumb_func
  31              		.type	vStartLEDFlashTasks, %function
  32              	vStartLEDFlashTasks:
  33              	.LFB68:
  34              		.file 1 "..\\Common\\Minimal\\flash.c"
   1:..\Common\Minimal/flash.c **** /*
   2:..\Common\Minimal/flash.c ****     FreeRTOS V9.0.0 - Copyright (C) 2016 Real Time Engineers Ltd.
   3:..\Common\Minimal/flash.c ****     All rights reserved
   4:..\Common\Minimal/flash.c **** 
   5:..\Common\Minimal/flash.c ****     VISIT http://www.FreeRTOS.org TO ENSURE YOU ARE USING THE LATEST VERSION.
   6:..\Common\Minimal/flash.c **** 
   7:..\Common\Minimal/flash.c ****     This file is part of the FreeRTOS distribution.
   8:..\Common\Minimal/flash.c **** 
   9:..\Common\Minimal/flash.c ****     FreeRTOS is free software; you can redistribute it and/or modify it under
  10:..\Common\Minimal/flash.c ****     the terms of the GNU General Public License (version 2) as published by the
  11:..\Common\Minimal/flash.c ****     Free Software Foundation >>>> AND MODIFIED BY <<<< the FreeRTOS exception.
  12:..\Common\Minimal/flash.c **** 
  13:..\Common\Minimal/flash.c ****     ***************************************************************************
  14:..\Common\Minimal/flash.c ****     >>!   NOTE: The modification to the GPL is included to allow you to     !<<
  15:..\Common\Minimal/flash.c ****     >>!   distribute a combined work that includes FreeRTOS without being   !<<
  16:..\Common\Minimal/flash.c ****     >>!   obliged to provide the source code for proprietary components     !<<
  17:..\Common\Minimal/flash.c ****     >>!   outside of the FreeRTOS kernel.                                   !<<
  18:..\Common\Minimal/flash.c ****     ***************************************************************************
  19:..\Common\Minimal/flash.c **** 
  20:..\Common\Minimal/flash.c ****     FreeRTOS is distributed in the hope that it will be useful, but WITHOUT ANY
  21:..\Common\Minimal/flash.c ****     WARRANTY; without even the implied warranty of MERCHANTABILITY or FITNESS
  22:..\Common\Minimal/flash.c ****     FOR A PARTICULAR PURPOSE.  Full license text is available on the following
ARM GAS  C:\Users\bmt\AppData\Local\Temp\cc0KIBz2.s 			page 2


  23:..\Common\Minimal/flash.c ****     link: http://www.freertos.org/a00114.html
  24:..\Common\Minimal/flash.c **** 
  25:..\Common\Minimal/flash.c ****     ***************************************************************************
  26:..\Common\Minimal/flash.c ****      *                                                                       *
  27:..\Common\Minimal/flash.c ****      *    FreeRTOS provides completely free yet professionally developed,    *
  28:..\Common\Minimal/flash.c ****      *    robust, strictly quality controlled, supported, and cross          *
  29:..\Common\Minimal/flash.c ****      *    platform software that is more than just the market leader, it     *
  30:..\Common\Minimal/flash.c ****      *    is the industry's de facto standard.                               *
  31:..\Common\Minimal/flash.c ****      *                                                                       *
  32:..\Common\Minimal/flash.c ****      *    Help yourself get started quickly while simultaneously helping     *
  33:..\Common\Minimal/flash.c ****      *    to support the FreeRTOS project by purchasing a FreeRTOS           *
  34:..\Common\Minimal/flash.c ****      *    tutorial book, reference manual, or both:                          *
  35:..\Common\Minimal/flash.c ****      *    http://www.FreeRTOS.org/Documentation                              *
  36:..\Common\Minimal/flash.c ****      *                                                                       *
  37:..\Common\Minimal/flash.c ****     ***************************************************************************
  38:..\Common\Minimal/flash.c **** 
  39:..\Common\Minimal/flash.c ****     http://www.FreeRTOS.org/FAQHelp.html - Having a problem?  Start by reading
  40:..\Common\Minimal/flash.c ****     the FAQ page "My application does not run, what could be wrong?".  Have you
  41:..\Common\Minimal/flash.c ****     defined configASSERT()?
  42:..\Common\Minimal/flash.c **** 
  43:..\Common\Minimal/flash.c ****     http://www.FreeRTOS.org/support - In return for receiving this top quality
  44:..\Common\Minimal/flash.c ****     embedded software for free we request you assist our global community by
  45:..\Common\Minimal/flash.c ****     participating in the support forum.
  46:..\Common\Minimal/flash.c **** 
  47:..\Common\Minimal/flash.c ****     http://www.FreeRTOS.org/training - Investing in training allows your team to
  48:..\Common\Minimal/flash.c ****     be as productive as possible as early as possible.  Now you can receive
  49:..\Common\Minimal/flash.c ****     FreeRTOS training directly from Richard Barry, CEO of Real Time Engineers
  50:..\Common\Minimal/flash.c ****     Ltd, and the world's leading authority on the world's leading RTOS.
  51:..\Common\Minimal/flash.c **** 
  52:..\Common\Minimal/flash.c ****     http://www.FreeRTOS.org/plus - A selection of FreeRTOS ecosystem products,
  53:..\Common\Minimal/flash.c ****     including FreeRTOS+Trace - an indispensable productivity tool, a DOS
  54:..\Common\Minimal/flash.c ****     compatible FAT file system, and our tiny thread aware UDP/IP stack.
  55:..\Common\Minimal/flash.c **** 
  56:..\Common\Minimal/flash.c ****     http://www.FreeRTOS.org/labs - Where new FreeRTOS products go to incubate.
  57:..\Common\Minimal/flash.c ****     Come and try FreeRTOS+TCP, our new open source TCP/IP stack for FreeRTOS.
  58:..\Common\Minimal/flash.c **** 
  59:..\Common\Minimal/flash.c ****     http://www.OpenRTOS.com - Real Time Engineers ltd. license FreeRTOS to High
  60:..\Common\Minimal/flash.c ****     Integrity Systems ltd. to sell under the OpenRTOS brand.  Low cost OpenRTOS
  61:..\Common\Minimal/flash.c ****     licenses offer ticketed support, indemnification and commercial middleware.
  62:..\Common\Minimal/flash.c **** 
  63:..\Common\Minimal/flash.c ****     http://www.SafeRTOS.com - High Integrity Systems also provide a safety
  64:..\Common\Minimal/flash.c ****     engineered and independently SIL3 certified version for use in safety and
  65:..\Common\Minimal/flash.c ****     mission critical applications that require provable dependability.
  66:..\Common\Minimal/flash.c **** 
  67:..\Common\Minimal/flash.c ****     1 tab == 4 spaces!
  68:..\Common\Minimal/flash.c **** */
  69:..\Common\Minimal/flash.c **** 
  70:..\Common\Minimal/flash.c **** /**
  71:..\Common\Minimal/flash.c ****  * This version of flash .c is for use on systems that have limited stack space
  72:..\Common\Minimal/flash.c ****  * and no display facilities.  The complete version can be found in the 
  73:..\Common\Minimal/flash.c ****  * Demo/Common/Full directory.
  74:..\Common\Minimal/flash.c ****  * 
  75:..\Common\Minimal/flash.c ****  * Three tasks are created, each of which flash an LED at a different rate.  The first 
  76:..\Common\Minimal/flash.c ****  * LED flashes every 200ms, the second every 400ms, the third every 600ms.
  77:..\Common\Minimal/flash.c ****  *
  78:..\Common\Minimal/flash.c ****  * The LED flash tasks provide instant visual feedback.  They show that the scheduler 
  79:..\Common\Minimal/flash.c ****  * is still operational.
ARM GAS  C:\Users\bmt\AppData\Local\Temp\cc0KIBz2.s 			page 3


  80:..\Common\Minimal/flash.c ****  *
  81:..\Common\Minimal/flash.c ****  */
  82:..\Common\Minimal/flash.c **** 
  83:..\Common\Minimal/flash.c **** 
  84:..\Common\Minimal/flash.c **** #include <stdlib.h>
  85:..\Common\Minimal/flash.c **** 
  86:..\Common\Minimal/flash.c **** /* Scheduler include files. */
  87:..\Common\Minimal/flash.c **** #include "FreeRTOS.h"
  88:..\Common\Minimal/flash.c **** #include "task.h"
  89:..\Common\Minimal/flash.c **** 
  90:..\Common\Minimal/flash.c **** /* Demo program include files. */
  91:..\Common\Minimal/flash.c **** #include "partest.h"
  92:..\Common\Minimal/flash.c **** #include "flash.h"
  93:..\Common\Minimal/flash.c **** 
  94:..\Common\Minimal/flash.c **** #define ledSTACK_SIZE		configMINIMAL_STACK_SIZE
  95:..\Common\Minimal/flash.c **** #define ledNUMBER_OF_LEDS	( 1 )
  96:..\Common\Minimal/flash.c **** #define ledFLASH_RATE_BASE	( ( TickType_t ) 999 )
  97:..\Common\Minimal/flash.c **** 
  98:..\Common\Minimal/flash.c **** /* Variable used by the created tasks to calculate the LED number to use, and
  99:..\Common\Minimal/flash.c **** the rate at which they should flash the LED. */
 100:..\Common\Minimal/flash.c **** static volatile UBaseType_t uxFlashTaskNumber = 0;
 101:..\Common\Minimal/flash.c **** 
 102:..\Common\Minimal/flash.c **** /* The task that is created three times. */
 103:..\Common\Minimal/flash.c **** static portTASK_FUNCTION_PROTO( vLEDFlashTask, pvParameters );
 104:..\Common\Minimal/flash.c **** 
 105:..\Common\Minimal/flash.c **** /*-----------------------------------------------------------*/
 106:..\Common\Minimal/flash.c **** 
 107:..\Common\Minimal/flash.c **** void vStartLEDFlashTasks( UBaseType_t uxPriority )
 108:..\Common\Minimal/flash.c **** {
  35              		.loc 1 108 0
  36              		.cfi_startproc
  37              		@ args = 0, pretend = 0, frame = 16
  38              		@ frame_needed = 1, uses_anonymous_args = 0
  39 0000 80B5     		push	{r7, lr}
  40              		.cfi_def_cfa_offset 8
  41              		.cfi_offset 7, -8
  42              		.cfi_offset 14, -4
  43 0002 86B0     		sub	sp, sp, #24
  44              		.cfi_def_cfa_offset 32
  45 0004 02AF     		add	r7, sp, #8
  46              		.cfi_def_cfa 7, 24
  47 0006 7860     		str	r0, [r7, #4]
 109:..\Common\Minimal/flash.c **** BaseType_t xLEDTask;
 110:..\Common\Minimal/flash.c **** 
 111:..\Common\Minimal/flash.c **** 	/* Create the three tasks. */
 112:..\Common\Minimal/flash.c **** 	for( xLEDTask = 0; xLEDTask < ledNUMBER_OF_LEDS; ++xLEDTask )
  48              		.loc 1 112 0
  49 0008 0023     		movs	r3, #0
  50 000a FB60     		str	r3, [r7, #12]
  51 000c 0CE0     		b	.L2
  52              	.L3:
 113:..\Common\Minimal/flash.c **** 	{
 114:..\Common\Minimal/flash.c **** 		/* Spawn the task. */
 115:..\Common\Minimal/flash.c **** 		xTaskCreate( vLEDFlashTask, "LEDx", ledSTACK_SIZE, NULL, uxPriority, ( TaskHandle_t * ) NULL );
  53              		.loc 1 115 0 discriminator 3
  54 000e 7B68     		ldr	r3, [r7, #4]
  55 0010 0093     		str	r3, [sp]
ARM GAS  C:\Users\bmt\AppData\Local\Temp\cc0KIBz2.s 			page 4


  56 0012 0023     		movs	r3, #0
  57 0014 0193     		str	r3, [sp, #4]
  58 0016 0748     		ldr	r0, .L4
  59 0018 0749     		ldr	r1, .L4+4
  60 001a 6422     		movs	r2, #100
  61 001c 0023     		movs	r3, #0
  62 001e FFF7FEFF 		bl	xTaskCreate
 112:..\Common\Minimal/flash.c **** 	{
  63              		.loc 1 112 0 discriminator 3
  64 0022 FB68     		ldr	r3, [r7, #12]
  65 0024 0133     		adds	r3, r3, #1
  66 0026 FB60     		str	r3, [r7, #12]
  67              	.L2:
 112:..\Common\Minimal/flash.c **** 	{
  68              		.loc 1 112 0 is_stmt 0 discriminator 1
  69 0028 FB68     		ldr	r3, [r7, #12]
  70 002a 002B     		cmp	r3, #0
  71 002c EFDD     		ble	.L3
 116:..\Common\Minimal/flash.c **** 	}
 117:..\Common\Minimal/flash.c **** }
  72              		.loc 1 117 0 is_stmt 1
  73 002e 1037     		adds	r7, r7, #16
  74              		.cfi_def_cfa_offset 8
  75 0030 BD46     		mov	sp, r7
  76              		.cfi_def_cfa_register 13
  77              		@ sp needed
  78 0032 80BD     		pop	{r7, pc}
  79              	.L5:
  80              		.align	2
  81              	.L4:
  82 0034 00000000 		.word	vLEDFlashTask
  83 0038 00000000 		.word	.LC0
  84              		.cfi_endproc
  85              	.LFE68:
  86              		.size	vStartLEDFlashTasks, .-vStartLEDFlashTasks
  87              		.section	.text.vLEDFlashTask,"ax",%progbits
  88              		.align	2
  89              		.thumb
  90              		.thumb_func
  91              		.type	vLEDFlashTask, %function
  92              	vLEDFlashTask:
  93              	.LFB69:
 118:..\Common\Minimal/flash.c **** /*-----------------------------------------------------------*/
 119:..\Common\Minimal/flash.c **** 
 120:..\Common\Minimal/flash.c **** static portTASK_FUNCTION( vLEDFlashTask, pvParameters )
 121:..\Common\Minimal/flash.c **** {
  94              		.loc 1 121 0
  95              		.cfi_startproc
  96              		@ args = 0, pretend = 0, frame = 24
  97              		@ frame_needed = 1, uses_anonymous_args = 0
  98 0000 80B5     		push	{r7, lr}
  99              		.cfi_def_cfa_offset 8
 100              		.cfi_offset 7, -8
 101              		.cfi_offset 14, -4
 102 0002 86B0     		sub	sp, sp, #24
 103              		.cfi_def_cfa_offset 32
 104 0004 00AF     		add	r7, sp, #0
ARM GAS  C:\Users\bmt\AppData\Local\Temp\cc0KIBz2.s 			page 5


 105              		.cfi_def_cfa_register 7
 106 0006 7860     		str	r0, [r7, #4]
 122:..\Common\Minimal/flash.c **** TickType_t xFlashRate, xLastFlashTime;
 123:..\Common\Minimal/flash.c **** UBaseType_t uxLED;
 124:..\Common\Minimal/flash.c **** 
 125:..\Common\Minimal/flash.c **** 	/* The parameters are not used. */
 126:..\Common\Minimal/flash.c **** 	( void ) pvParameters;
 127:..\Common\Minimal/flash.c **** 
 128:..\Common\Minimal/flash.c **** 	/* Calculate the LED and flash rate. */
 129:..\Common\Minimal/flash.c **** 	portENTER_CRITICAL();
 107              		.loc 1 129 0
 108 0008 FFF7FEFF 		bl	vPortEnterCritical
 130:..\Common\Minimal/flash.c **** 	{
 131:..\Common\Minimal/flash.c **** 		/* See which of the eight LED's we should use. */
 132:..\Common\Minimal/flash.c **** 		uxLED = uxFlashTaskNumber;
 109              		.loc 1 132 0
 110 000c 154B     		ldr	r3, .L8
 111 000e 1B68     		ldr	r3, [r3]
 112 0010 7B61     		str	r3, [r7, #20]
 133:..\Common\Minimal/flash.c **** 
 134:..\Common\Minimal/flash.c **** 		/* Update so the next task uses the next LED. */
 135:..\Common\Minimal/flash.c **** 		uxFlashTaskNumber++;
 113              		.loc 1 135 0
 114 0012 144B     		ldr	r3, .L8
 115 0014 1B68     		ldr	r3, [r3]
 116 0016 0133     		adds	r3, r3, #1
 117 0018 124A     		ldr	r2, .L8
 118 001a 1360     		str	r3, [r2]
 136:..\Common\Minimal/flash.c **** 	}
 137:..\Common\Minimal/flash.c **** 	portEXIT_CRITICAL();
 119              		.loc 1 137 0
 120 001c FFF7FEFF 		bl	vPortExitCritical
 138:..\Common\Minimal/flash.c **** 
 139:..\Common\Minimal/flash.c **** 	xFlashRate = ledFLASH_RATE_BASE + ( ledFLASH_RATE_BASE * ( TickType_t ) uxLED );
 121              		.loc 1 139 0
 122 0020 7B69     		ldr	r3, [r7, #20]
 123 0022 0133     		adds	r3, r3, #1
 124 0024 40F2E732 		movw	r2, #999
 125 0028 02FB03F3 		mul	r3, r2, r3
 126 002c 3B61     		str	r3, [r7, #16]
 140:..\Common\Minimal/flash.c **** 	xFlashRate /= portTICK_PERIOD_MS;
 141:..\Common\Minimal/flash.c **** 
 142:..\Common\Minimal/flash.c **** 	/* We will turn the LED on and off again in the delay period, so each
 143:..\Common\Minimal/flash.c **** 	delay is only half the total period. */
 144:..\Common\Minimal/flash.c **** 	xFlashRate /= ( TickType_t ) 2;
 127              		.loc 1 144 0
 128 002e 3B69     		ldr	r3, [r7, #16]
 129 0030 5B08     		lsrs	r3, r3, #1
 130 0032 3B61     		str	r3, [r7, #16]
 145:..\Common\Minimal/flash.c **** 
 146:..\Common\Minimal/flash.c **** 	/* We need to initialise xLastFlashTime prior to the first call to 
 147:..\Common\Minimal/flash.c **** 	vTaskDelayUntil(). */
 148:..\Common\Minimal/flash.c **** 	xLastFlashTime = xTaskGetTickCount();
 131              		.loc 1 148 0
 132 0034 FFF7FEFF 		bl	xTaskGetTickCount
 133 0038 0346     		mov	r3, r0
 134 003a FB60     		str	r3, [r7, #12]
ARM GAS  C:\Users\bmt\AppData\Local\Temp\cc0KIBz2.s 			page 6


 135              	.L7:
 149:..\Common\Minimal/flash.c **** 
 150:..\Common\Minimal/flash.c **** 	for(;;)
 151:..\Common\Minimal/flash.c **** 	{
 152:..\Common\Minimal/flash.c **** 		/* Delay for half the flash period then turn the LED on. */
 153:..\Common\Minimal/flash.c **** 		vTaskDelayUntil( &xLastFlashTime, xFlashRate );
 136              		.loc 1 153 0 discriminator 1
 137 003c 07F10C03 		add	r3, r7, #12
 138 0040 1846     		mov	r0, r3
 139 0042 3969     		ldr	r1, [r7, #16]
 140 0044 FFF7FEFF 		bl	vTaskDelayUntil
 154:..\Common\Minimal/flash.c **** 		vParTestToggleLED( uxLED );
 141              		.loc 1 154 0 discriminator 1
 142 0048 7869     		ldr	r0, [r7, #20]
 143 004a FFF7FEFF 		bl	vParTestToggleLED
 155:..\Common\Minimal/flash.c **** 
 156:..\Common\Minimal/flash.c **** 		/* Delay for half the flash period then turn the LED off. */
 157:..\Common\Minimal/flash.c **** 		vTaskDelayUntil( &xLastFlashTime, xFlashRate );
 144              		.loc 1 157 0 discriminator 1
 145 004e 07F10C03 		add	r3, r7, #12
 146 0052 1846     		mov	r0, r3
 147 0054 3969     		ldr	r1, [r7, #16]
 148 0056 FFF7FEFF 		bl	vTaskDelayUntil
 158:..\Common\Minimal/flash.c **** 		vParTestToggleLED( uxLED );
 149              		.loc 1 158 0 discriminator 1
 150 005a 7869     		ldr	r0, [r7, #20]
 151 005c FFF7FEFF 		bl	vParTestToggleLED
 159:..\Common\Minimal/flash.c **** 	}
 152              		.loc 1 159 0 discriminator 1
 153 0060 ECE7     		b	.L7
 154              	.L9:
 155 0062 00BF     		.align	2
 156              	.L8:
 157 0064 00000000 		.word	uxFlashTaskNumber
 158              		.cfi_endproc
 159              	.LFE69:
 160              		.size	vLEDFlashTask, .-vLEDFlashTask
 161              		.text
 162              	.Letext0:
 163              		.file 2 "c:\\program files (x86)\\cypress\\psoc creator\\4.0\\psoc creator\\import\\gnu\\arm\\4.9.
 164              		.file 3 "c:\\program files (x86)\\cypress\\psoc creator\\4.0\\psoc creator\\import\\gnu\\arm\\4.9.
 165              		.file 4 "..\\Source\\portable\\GCC\\ARM_CM3/portmacro.h"
 166              		.file 5 "..\\Source\\include/task.h"
 167              		.file 6 "Generated_Source\\PSoC5/core_cm3.h"
 168              		.section	.debug_info,"",%progbits
 169              	.Ldebug_info0:
 170 0000 85010000 		.4byte	0x185
 171 0004 0400     		.2byte	0x4
 172 0006 00000000 		.4byte	.Ldebug_abbrev0
 173 000a 04       		.byte	0x4
 174 000b 01       		.uleb128 0x1
 175 000c 24000000 		.4byte	.LASF28
 176 0010 01       		.byte	0x1
 177 0011 2C010000 		.4byte	.LASF29
 178 0015 0C020000 		.4byte	.LASF30
 179 0019 00000000 		.4byte	.Ldebug_ranges0+0
 180 001d 00000000 		.4byte	0
ARM GAS  C:\Users\bmt\AppData\Local\Temp\cc0KIBz2.s 			page 7


 181 0021 00000000 		.4byte	.Ldebug_line0
 182 0025 02       		.uleb128 0x2
 183 0026 04       		.byte	0x4
 184 0027 07       		.byte	0x7
 185 0028 51010000 		.4byte	.LASF0
 186 002c 03       		.uleb128 0x3
 187 002d 04       		.byte	0x4
 188 002e 05       		.byte	0x5
 189 002f 696E7400 		.ascii	"int\000"
 190 0033 02       		.uleb128 0x2
 191 0034 01       		.byte	0x1
 192 0035 06       		.byte	0x6
 193 0036 E9010000 		.4byte	.LASF1
 194 003a 02       		.uleb128 0x2
 195 003b 01       		.byte	0x1
 196 003c 08       		.byte	0x8
 197 003d CC000000 		.4byte	.LASF2
 198 0041 02       		.uleb128 0x2
 199 0042 02       		.byte	0x2
 200 0043 05       		.byte	0x5
 201 0044 B5010000 		.4byte	.LASF3
 202 0048 02       		.uleb128 0x2
 203 0049 02       		.byte	0x2
 204 004a 07       		.byte	0x7
 205 004b EC000000 		.4byte	.LASF4
 206 004f 04       		.uleb128 0x4
 207 0050 1A000000 		.4byte	.LASF6
 208 0054 02       		.byte	0x2
 209 0055 3F       		.byte	0x3f
 210 0056 5A000000 		.4byte	0x5a
 211 005a 02       		.uleb128 0x2
 212 005b 04       		.byte	0x4
 213 005c 05       		.byte	0x5
 214 005d E0010000 		.4byte	.LASF5
 215 0061 04       		.uleb128 0x4
 216 0062 13010000 		.4byte	.LASF7
 217 0066 02       		.byte	0x2
 218 0067 41       		.byte	0x41
 219 0068 6C000000 		.4byte	0x6c
 220 006c 02       		.uleb128 0x2
 221 006d 04       		.byte	0x4
 222 006e 07       		.byte	0x7
 223 006f DA000000 		.4byte	.LASF8
 224 0073 02       		.uleb128 0x2
 225 0074 08       		.byte	0x8
 226 0075 05       		.byte	0x5
 227 0076 86010000 		.4byte	.LASF9
 228 007a 02       		.uleb128 0x2
 229 007b 08       		.byte	0x8
 230 007c 07       		.byte	0x7
 231 007d 5E010000 		.4byte	.LASF10
 232 0081 02       		.uleb128 0x2
 233 0082 04       		.byte	0x4
 234 0083 07       		.byte	0x7
 235 0084 7D010000 		.4byte	.LASF11
 236 0088 05       		.uleb128 0x5
 237 0089 04       		.byte	0x4
ARM GAS  C:\Users\bmt\AppData\Local\Temp\cc0KIBz2.s 			page 8


 238 008a 02       		.uleb128 0x2
 239 008b 01       		.byte	0x1
 240 008c 08       		.byte	0x8
 241 008d 94010000 		.4byte	.LASF12
 242 0091 04       		.uleb128 0x4
 243 0092 75010000 		.4byte	.LASF13
 244 0096 03       		.byte	0x3
 245 0097 2C       		.byte	0x2c
 246 0098 4F000000 		.4byte	0x4f
 247 009c 04       		.uleb128 0x4
 248 009d D7010000 		.4byte	.LASF14
 249 00a1 03       		.byte	0x3
 250 00a2 2D       		.byte	0x2d
 251 00a3 61000000 		.4byte	0x61
 252 00a7 02       		.uleb128 0x2
 253 00a8 04       		.byte	0x4
 254 00a9 04       		.byte	0x4
 255 00aa C6000000 		.4byte	.LASF15
 256 00ae 02       		.uleb128 0x2
 257 00af 08       		.byte	0x8
 258 00b0 04       		.byte	0x4
 259 00b1 0C010000 		.4byte	.LASF16
 260 00b5 04       		.uleb128 0x4
 261 00b6 01020000 		.4byte	.LASF17
 262 00ba 04       		.byte	0x4
 263 00bb 62       		.byte	0x62
 264 00bc 5A000000 		.4byte	0x5a
 265 00c0 04       		.uleb128 0x4
 266 00c1 F5010000 		.4byte	.LASF18
 267 00c5 04       		.byte	0x4
 268 00c6 63       		.byte	0x63
 269 00c7 6C000000 		.4byte	0x6c
 270 00cb 04       		.uleb128 0x4
 271 00cc 00000000 		.4byte	.LASF19
 272 00d0 04       		.byte	0x4
 273 00d1 69       		.byte	0x69
 274 00d2 9C000000 		.4byte	0x9c
 275 00d6 04       		.uleb128 0x4
 276 00d7 CA010000 		.4byte	.LASF20
 277 00db 05       		.byte	0x5
 278 00dc 67       		.byte	0x67
 279 00dd 88000000 		.4byte	0x88
 280 00e1 06       		.uleb128 0x6
 281 00e2 B2000000 		.4byte	.LASF31
 282 00e6 01       		.byte	0x1
 283 00e7 6B       		.byte	0x6b
 284 00e8 00000000 		.4byte	.LFB68
 285 00ec 3C000000 		.4byte	.LFE68-.LFB68
 286 00f0 01       		.uleb128 0x1
 287 00f1 9C       		.byte	0x9c
 288 00f2 13010000 		.4byte	0x113
 289 00f6 07       		.uleb128 0x7
 290 00f7 46010000 		.4byte	.LASF21
 291 00fb 01       		.byte	0x1
 292 00fc 6B       		.byte	0x6b
 293 00fd C0000000 		.4byte	0xc0
 294 0101 02       		.uleb128 0x2
ARM GAS  C:\Users\bmt\AppData\Local\Temp\cc0KIBz2.s 			page 9


 295 0102 91       		.byte	0x91
 296 0103 6C       		.sleb128 -20
 297 0104 08       		.uleb128 0x8
 298 0105 0B000000 		.4byte	.LASF23
 299 0109 01       		.byte	0x1
 300 010a 6D       		.byte	0x6d
 301 010b B5000000 		.4byte	0xb5
 302 010f 02       		.uleb128 0x2
 303 0110 91       		.byte	0x91
 304 0111 74       		.sleb128 -12
 305 0112 00       		.byte	0
 306 0113 09       		.uleb128 0x9
 307 0114 1E010000 		.4byte	.LASF32
 308 0118 01       		.byte	0x1
 309 0119 78       		.byte	0x78
 310 011a 00000000 		.4byte	.LFB69
 311 011e 68000000 		.4byte	.LFE69-.LFB69
 312 0122 01       		.uleb128 0x1
 313 0123 9C       		.byte	0x9c
 314 0124 61010000 		.4byte	0x161
 315 0128 07       		.uleb128 0x7
 316 0129 99010000 		.4byte	.LASF22
 317 012d 01       		.byte	0x1
 318 012e 78       		.byte	0x78
 319 012f 88000000 		.4byte	0x88
 320 0133 02       		.uleb128 0x2
 321 0134 91       		.byte	0x91
 322 0135 64       		.sleb128 -28
 323 0136 08       		.uleb128 0x8
 324 0137 BF010000 		.4byte	.LASF24
 325 013b 01       		.byte	0x1
 326 013c 7A       		.byte	0x7a
 327 013d CB000000 		.4byte	0xcb
 328 0141 02       		.uleb128 0x2
 329 0142 91       		.byte	0x91
 330 0143 70       		.sleb128 -16
 331 0144 08       		.uleb128 0x8
 332 0145 A6010000 		.4byte	.LASF25
 333 0149 01       		.byte	0x1
 334 014a 7A       		.byte	0x7a
 335 014b CB000000 		.4byte	0xcb
 336 014f 02       		.uleb128 0x2
 337 0150 91       		.byte	0x91
 338 0151 6C       		.sleb128 -20
 339 0152 08       		.uleb128 0x8
 340 0153 14000000 		.4byte	.LASF26
 341 0157 01       		.byte	0x1
 342 0158 7B       		.byte	0x7b
 343 0159 C0000000 		.4byte	0xc0
 344 015d 02       		.uleb128 0x2
 345 015e 91       		.byte	0x91
 346 015f 74       		.sleb128 -12
 347 0160 00       		.byte	0
 348 0161 08       		.uleb128 0x8
 349 0162 53020000 		.4byte	.LASF27
 350 0166 01       		.byte	0x1
 351 0167 64       		.byte	0x64
ARM GAS  C:\Users\bmt\AppData\Local\Temp\cc0KIBz2.s 			page 10


 352 0168 72010000 		.4byte	0x172
 353 016c 05       		.uleb128 0x5
 354 016d 03       		.byte	0x3
 355 016e 00000000 		.4byte	uxFlashTaskNumber
 356 0172 0A       		.uleb128 0xa
 357 0173 C0000000 		.4byte	0xc0
 358 0177 0B       		.uleb128 0xb
 359 0178 FF000000 		.4byte	.LASF33
 360 017c 06       		.byte	0x6
 361 017d 9606     		.2byte	0x696
 362 017f 83010000 		.4byte	0x183
 363 0183 0A       		.uleb128 0xa
 364 0184 91000000 		.4byte	0x91
 365 0188 00       		.byte	0
 366              		.section	.debug_abbrev,"",%progbits
 367              	.Ldebug_abbrev0:
 368 0000 01       		.uleb128 0x1
 369 0001 11       		.uleb128 0x11
 370 0002 01       		.byte	0x1
 371 0003 25       		.uleb128 0x25
 372 0004 0E       		.uleb128 0xe
 373 0005 13       		.uleb128 0x13
 374 0006 0B       		.uleb128 0xb
 375 0007 03       		.uleb128 0x3
 376 0008 0E       		.uleb128 0xe
 377 0009 1B       		.uleb128 0x1b
 378 000a 0E       		.uleb128 0xe
 379 000b 55       		.uleb128 0x55
 380 000c 17       		.uleb128 0x17
 381 000d 11       		.uleb128 0x11
 382 000e 01       		.uleb128 0x1
 383 000f 10       		.uleb128 0x10
 384 0010 17       		.uleb128 0x17
 385 0011 00       		.byte	0
 386 0012 00       		.byte	0
 387 0013 02       		.uleb128 0x2
 388 0014 24       		.uleb128 0x24
 389 0015 00       		.byte	0
 390 0016 0B       		.uleb128 0xb
 391 0017 0B       		.uleb128 0xb
 392 0018 3E       		.uleb128 0x3e
 393 0019 0B       		.uleb128 0xb
 394 001a 03       		.uleb128 0x3
 395 001b 0E       		.uleb128 0xe
 396 001c 00       		.byte	0
 397 001d 00       		.byte	0
 398 001e 03       		.uleb128 0x3
 399 001f 24       		.uleb128 0x24
 400 0020 00       		.byte	0
 401 0021 0B       		.uleb128 0xb
 402 0022 0B       		.uleb128 0xb
 403 0023 3E       		.uleb128 0x3e
 404 0024 0B       		.uleb128 0xb
 405 0025 03       		.uleb128 0x3
 406 0026 08       		.uleb128 0x8
 407 0027 00       		.byte	0
 408 0028 00       		.byte	0
ARM GAS  C:\Users\bmt\AppData\Local\Temp\cc0KIBz2.s 			page 11


 409 0029 04       		.uleb128 0x4
 410 002a 16       		.uleb128 0x16
 411 002b 00       		.byte	0
 412 002c 03       		.uleb128 0x3
 413 002d 0E       		.uleb128 0xe
 414 002e 3A       		.uleb128 0x3a
 415 002f 0B       		.uleb128 0xb
 416 0030 3B       		.uleb128 0x3b
 417 0031 0B       		.uleb128 0xb
 418 0032 49       		.uleb128 0x49
 419 0033 13       		.uleb128 0x13
 420 0034 00       		.byte	0
 421 0035 00       		.byte	0
 422 0036 05       		.uleb128 0x5
 423 0037 0F       		.uleb128 0xf
 424 0038 00       		.byte	0
 425 0039 0B       		.uleb128 0xb
 426 003a 0B       		.uleb128 0xb
 427 003b 00       		.byte	0
 428 003c 00       		.byte	0
 429 003d 06       		.uleb128 0x6
 430 003e 2E       		.uleb128 0x2e
 431 003f 01       		.byte	0x1
 432 0040 3F       		.uleb128 0x3f
 433 0041 19       		.uleb128 0x19
 434 0042 03       		.uleb128 0x3
 435 0043 0E       		.uleb128 0xe
 436 0044 3A       		.uleb128 0x3a
 437 0045 0B       		.uleb128 0xb
 438 0046 3B       		.uleb128 0x3b
 439 0047 0B       		.uleb128 0xb
 440 0048 27       		.uleb128 0x27
 441 0049 19       		.uleb128 0x19
 442 004a 11       		.uleb128 0x11
 443 004b 01       		.uleb128 0x1
 444 004c 12       		.uleb128 0x12
 445 004d 06       		.uleb128 0x6
 446 004e 40       		.uleb128 0x40
 447 004f 18       		.uleb128 0x18
 448 0050 9642     		.uleb128 0x2116
 449 0052 19       		.uleb128 0x19
 450 0053 01       		.uleb128 0x1
 451 0054 13       		.uleb128 0x13
 452 0055 00       		.byte	0
 453 0056 00       		.byte	0
 454 0057 07       		.uleb128 0x7
 455 0058 05       		.uleb128 0x5
 456 0059 00       		.byte	0
 457 005a 03       		.uleb128 0x3
 458 005b 0E       		.uleb128 0xe
 459 005c 3A       		.uleb128 0x3a
 460 005d 0B       		.uleb128 0xb
 461 005e 3B       		.uleb128 0x3b
 462 005f 0B       		.uleb128 0xb
 463 0060 49       		.uleb128 0x49
 464 0061 13       		.uleb128 0x13
 465 0062 02       		.uleb128 0x2
ARM GAS  C:\Users\bmt\AppData\Local\Temp\cc0KIBz2.s 			page 12


 466 0063 18       		.uleb128 0x18
 467 0064 00       		.byte	0
 468 0065 00       		.byte	0
 469 0066 08       		.uleb128 0x8
 470 0067 34       		.uleb128 0x34
 471 0068 00       		.byte	0
 472 0069 03       		.uleb128 0x3
 473 006a 0E       		.uleb128 0xe
 474 006b 3A       		.uleb128 0x3a
 475 006c 0B       		.uleb128 0xb
 476 006d 3B       		.uleb128 0x3b
 477 006e 0B       		.uleb128 0xb
 478 006f 49       		.uleb128 0x49
 479 0070 13       		.uleb128 0x13
 480 0071 02       		.uleb128 0x2
 481 0072 18       		.uleb128 0x18
 482 0073 00       		.byte	0
 483 0074 00       		.byte	0
 484 0075 09       		.uleb128 0x9
 485 0076 2E       		.uleb128 0x2e
 486 0077 01       		.byte	0x1
 487 0078 03       		.uleb128 0x3
 488 0079 0E       		.uleb128 0xe
 489 007a 3A       		.uleb128 0x3a
 490 007b 0B       		.uleb128 0xb
 491 007c 3B       		.uleb128 0x3b
 492 007d 0B       		.uleb128 0xb
 493 007e 27       		.uleb128 0x27
 494 007f 19       		.uleb128 0x19
 495 0080 11       		.uleb128 0x11
 496 0081 01       		.uleb128 0x1
 497 0082 12       		.uleb128 0x12
 498 0083 06       		.uleb128 0x6
 499 0084 40       		.uleb128 0x40
 500 0085 18       		.uleb128 0x18
 501 0086 9642     		.uleb128 0x2116
 502 0088 19       		.uleb128 0x19
 503 0089 01       		.uleb128 0x1
 504 008a 13       		.uleb128 0x13
 505 008b 00       		.byte	0
 506 008c 00       		.byte	0
 507 008d 0A       		.uleb128 0xa
 508 008e 35       		.uleb128 0x35
 509 008f 00       		.byte	0
 510 0090 49       		.uleb128 0x49
 511 0091 13       		.uleb128 0x13
 512 0092 00       		.byte	0
 513 0093 00       		.byte	0
 514 0094 0B       		.uleb128 0xb
 515 0095 34       		.uleb128 0x34
 516 0096 00       		.byte	0
 517 0097 03       		.uleb128 0x3
 518 0098 0E       		.uleb128 0xe
 519 0099 3A       		.uleb128 0x3a
 520 009a 0B       		.uleb128 0xb
 521 009b 3B       		.uleb128 0x3b
 522 009c 05       		.uleb128 0x5
ARM GAS  C:\Users\bmt\AppData\Local\Temp\cc0KIBz2.s 			page 13


 523 009d 49       		.uleb128 0x49
 524 009e 13       		.uleb128 0x13
 525 009f 3F       		.uleb128 0x3f
 526 00a0 19       		.uleb128 0x19
 527 00a1 3C       		.uleb128 0x3c
 528 00a2 19       		.uleb128 0x19
 529 00a3 00       		.byte	0
 530 00a4 00       		.byte	0
 531 00a5 00       		.byte	0
 532              		.section	.debug_aranges,"",%progbits
 533 0000 24000000 		.4byte	0x24
 534 0004 0200     		.2byte	0x2
 535 0006 00000000 		.4byte	.Ldebug_info0
 536 000a 04       		.byte	0x4
 537 000b 00       		.byte	0
 538 000c 0000     		.2byte	0
 539 000e 0000     		.2byte	0
 540 0010 00000000 		.4byte	.LFB68
 541 0014 3C000000 		.4byte	.LFE68-.LFB68
 542 0018 00000000 		.4byte	.LFB69
 543 001c 68000000 		.4byte	.LFE69-.LFB69
 544 0020 00000000 		.4byte	0
 545 0024 00000000 		.4byte	0
 546              		.section	.debug_ranges,"",%progbits
 547              	.Ldebug_ranges0:
 548 0000 00000000 		.4byte	.LFB68
 549 0004 3C000000 		.4byte	.LFE68
 550 0008 00000000 		.4byte	.LFB69
 551 000c 68000000 		.4byte	.LFE69
 552 0010 00000000 		.4byte	0
 553 0014 00000000 		.4byte	0
 554              		.section	.debug_line,"",%progbits
 555              	.Ldebug_line0:
 556 0000 F0010000 		.section	.debug_str,"MS",%progbits,1
 556      02009701 
 556      00000201 
 556      FB0E0D00 
 556      01010101 
 557              	.LASF19:
 558 0000 5469636B 		.ascii	"TickType_t\000"
 558      54797065 
 558      5F7400
 559              	.LASF23:
 560 000b 784C4544 		.ascii	"xLEDTask\000"
 560      5461736B 
 560      00
 561              	.LASF26:
 562 0014 75784C45 		.ascii	"uxLED\000"
 562      4400
 563              	.LASF6:
 564 001a 5F5F696E 		.ascii	"__int32_t\000"
 564      7433325F 
 564      7400
 565              	.LASF28:
 566 0024 474E5520 		.ascii	"GNU C 4.9.3 20150303 (release) [ARM/embedded-4_9-br"
 566      4320342E 
 566      392E3320 
ARM GAS  C:\Users\bmt\AppData\Local\Temp\cc0KIBz2.s 			page 14


 566      32303135 
 566      30333033 
 567 0057 616E6368 		.ascii	"anch revision 221220] -mcpu=cortex-m3 -mthumb -g -O"
 567      20726576 
 567      6973696F 
 567      6E203232 
 567      31323230 
 568 008a 30202D66 		.ascii	"0 -ffunction-sections -ffat-lto-objects\000"
 568      66756E63 
 568      74696F6E 
 568      2D736563 
 568      74696F6E 
 569              	.LASF31:
 570 00b2 76537461 		.ascii	"vStartLEDFlashTasks\000"
 570      72744C45 
 570      44466C61 
 570      73685461 
 570      736B7300 
 571              	.LASF15:
 572 00c6 666C6F61 		.ascii	"float\000"
 572      7400
 573              	.LASF2:
 574 00cc 756E7369 		.ascii	"unsigned char\000"
 574      676E6564 
 574      20636861 
 574      7200
 575              	.LASF8:
 576 00da 6C6F6E67 		.ascii	"long unsigned int\000"
 576      20756E73 
 576      69676E65 
 576      6420696E 
 576      7400
 577              	.LASF4:
 578 00ec 73686F72 		.ascii	"short unsigned int\000"
 578      7420756E 
 578      7369676E 
 578      65642069 
 578      6E7400
 579              	.LASF33:
 580 00ff 49544D5F 		.ascii	"ITM_RxBuffer\000"
 580      52784275 
 580      66666572 
 580      00
 581              	.LASF16:
 582 010c 646F7562 		.ascii	"double\000"
 582      6C6500
 583              	.LASF7:
 584 0113 5F5F7569 		.ascii	"__uint32_t\000"
 584      6E743332 
 584      5F7400
 585              	.LASF32:
 586 011e 764C4544 		.ascii	"vLEDFlashTask\000"
 586      466C6173 
 586      68546173 
 586      6B00
 587              	.LASF29:
 588 012c 2E2E5C43 		.ascii	"..\\Common\\Minimal\\flash.c\000"
ARM GAS  C:\Users\bmt\AppData\Local\Temp\cc0KIBz2.s 			page 15


 588      6F6D6D6F 
 588      6E5C4D69 
 588      6E696D61 
 588      6C5C666C 
 589              	.LASF21:
 590 0146 75785072 		.ascii	"uxPriority\000"
 590      696F7269 
 590      747900
 591              	.LASF0:
 592 0151 756E7369 		.ascii	"unsigned int\000"
 592      676E6564 
 592      20696E74 
 592      00
 593              	.LASF10:
 594 015e 6C6F6E67 		.ascii	"long long unsigned int\000"
 594      206C6F6E 
 594      6720756E 
 594      7369676E 
 594      65642069 
 595              	.LASF13:
 596 0175 696E7433 		.ascii	"int32_t\000"
 596      325F7400 
 597              	.LASF11:
 598 017d 73697A65 		.ascii	"sizetype\000"
 598      74797065 
 598      00
 599              	.LASF9:
 600 0186 6C6F6E67 		.ascii	"long long int\000"
 600      206C6F6E 
 600      6720696E 
 600      7400
 601              	.LASF12:
 602 0194 63686172 		.ascii	"char\000"
 602      00
 603              	.LASF22:
 604 0199 70765061 		.ascii	"pvParameters\000"
 604      72616D65 
 604      74657273 
 604      00
 605              	.LASF25:
 606 01a6 784C6173 		.ascii	"xLastFlashTime\000"
 606      74466C61 
 606      73685469 
 606      6D6500
 607              	.LASF3:
 608 01b5 73686F72 		.ascii	"short int\000"
 608      7420696E 
 608      7400
 609              	.LASF24:
 610 01bf 78466C61 		.ascii	"xFlashRate\000"
 610      73685261 
 610      746500
 611              	.LASF20:
 612 01ca 5461736B 		.ascii	"TaskHandle_t\000"
 612      48616E64 
 612      6C655F74 
 612      00
ARM GAS  C:\Users\bmt\AppData\Local\Temp\cc0KIBz2.s 			page 16


 613              	.LASF14:
 614 01d7 75696E74 		.ascii	"uint32_t\000"
 614      33325F74 
 614      00
 615              	.LASF5:
 616 01e0 6C6F6E67 		.ascii	"long int\000"
 616      20696E74 
 616      00
 617              	.LASF1:
 618 01e9 7369676E 		.ascii	"signed char\000"
 618      65642063 
 618      68617200 
 619              	.LASF18:
 620 01f5 55426173 		.ascii	"UBaseType_t\000"
 620      65547970 
 620      655F7400 
 621              	.LASF17:
 622 0201 42617365 		.ascii	"BaseType_t\000"
 622      54797065 
 622      5F7400
 623              	.LASF30:
 624 020c 433A5C55 		.ascii	"C:\\Users\\bmt\\Documents\\GitHub\\FreeRTOS_CY8CKIT"
 624      73657273 
 624      5C626D74 
 624      5C446F63 
 624      756D656E 
 625 023a 5F303539 		.ascii	"_059\\FreeRTOS_Demo.cydsn\000"
 625      5C467265 
 625      6552544F 
 625      535F4465 
 625      6D6F2E63 
 626              	.LASF27:
 627 0253 7578466C 		.ascii	"uxFlashTaskNumber\000"
 627      61736854 
 627      61736B4E 
 627      756D6265 
 627      7200
 628              		.ident	"GCC: (GNU Tools for ARM Embedded Processors) 4.9.3 20150303 (release) [ARM/embedded-4_9-br
