ARM GAS  C:\Users\bmt\AppData\Local\Temp\ccuqtAOe.s 			page 1


   1              		.syntax unified
   2              		.cpu cortex-m3
   3              		.fpu softvfp
   4              		.eabi_attribute 20, 1
   5              		.eabi_attribute 21, 1
   6              		.eabi_attribute 23, 3
   7              		.eabi_attribute 24, 1
   8              		.eabi_attribute 25, 1
   9              		.eabi_attribute 26, 1
  10              		.eabi_attribute 30, 6
  11              		.eabi_attribute 34, 1
  12              		.eabi_attribute 18, 4
  13              		.thumb
  14              		.file	"LCD_Character_Display_LCDPort.c"
  15              		.text
  16              	.Ltext0:
  17              		.cfi_sections	.debug_frame
  18              		.section	.text.LCD_Character_Display_LCDPort_Write,"ax",%progbits
  19              		.align	2
  20              		.global	LCD_Character_Display_LCDPort_Write
  21              		.thumb
  22              		.thumb_func
  23              		.type	LCD_Character_Display_LCDPort_Write, %function
  24              	LCD_Character_Display_LCDPort_Write:
  25              	.LFB0:
  26              		.file 1 "Generated_Source\\PSoC5\\LCD_Character_Display_LCDPort.c"
   1:Generated_Source\PSoC5/LCD_Character_Display_LCDPort.c **** /*******************************************************************************
   2:Generated_Source\PSoC5/LCD_Character_Display_LCDPort.c **** * File Name: LCD_Character_Display_LCDPort.c  
   3:Generated_Source\PSoC5/LCD_Character_Display_LCDPort.c **** * Version 2.20
   4:Generated_Source\PSoC5/LCD_Character_Display_LCDPort.c **** *
   5:Generated_Source\PSoC5/LCD_Character_Display_LCDPort.c **** * Description:
   6:Generated_Source\PSoC5/LCD_Character_Display_LCDPort.c **** *  This file contains API to enable firmware control of a Pins component.
   7:Generated_Source\PSoC5/LCD_Character_Display_LCDPort.c **** *
   8:Generated_Source\PSoC5/LCD_Character_Display_LCDPort.c **** * Note:
   9:Generated_Source\PSoC5/LCD_Character_Display_LCDPort.c **** *
  10:Generated_Source\PSoC5/LCD_Character_Display_LCDPort.c **** ********************************************************************************
  11:Generated_Source\PSoC5/LCD_Character_Display_LCDPort.c **** * Copyright 2008-2015, Cypress Semiconductor Corporation.  All rights reserved.
  12:Generated_Source\PSoC5/LCD_Character_Display_LCDPort.c **** * You may use this file only in accordance with the license, terms, conditions, 
  13:Generated_Source\PSoC5/LCD_Character_Display_LCDPort.c **** * disclaimers, and limitations in the end user license agreement accompanying 
  14:Generated_Source\PSoC5/LCD_Character_Display_LCDPort.c **** * the software package with which this file was provided.
  15:Generated_Source\PSoC5/LCD_Character_Display_LCDPort.c **** *******************************************************************************/
  16:Generated_Source\PSoC5/LCD_Character_Display_LCDPort.c **** 
  17:Generated_Source\PSoC5/LCD_Character_Display_LCDPort.c **** #include "cytypes.h"
  18:Generated_Source\PSoC5/LCD_Character_Display_LCDPort.c **** #include "LCD_Character_Display_LCDPort.h"
  19:Generated_Source\PSoC5/LCD_Character_Display_LCDPort.c **** 
  20:Generated_Source\PSoC5/LCD_Character_Display_LCDPort.c **** /* APIs are not generated for P15[7:6] on PSoC 5 */
  21:Generated_Source\PSoC5/LCD_Character_Display_LCDPort.c **** #if !(CY_PSOC5A &&\
  22:Generated_Source\PSoC5/LCD_Character_Display_LCDPort.c **** 	 LCD_Character_Display_LCDPort__PORT == 15 && ((LCD_Character_Display_LCDPort__MASK & 0xC0) != 0))
  23:Generated_Source\PSoC5/LCD_Character_Display_LCDPort.c **** 
  24:Generated_Source\PSoC5/LCD_Character_Display_LCDPort.c **** 
  25:Generated_Source\PSoC5/LCD_Character_Display_LCDPort.c **** /*******************************************************************************
  26:Generated_Source\PSoC5/LCD_Character_Display_LCDPort.c **** * Function Name: LCD_Character_Display_LCDPort_Write
  27:Generated_Source\PSoC5/LCD_Character_Display_LCDPort.c **** ****************************************************************************//**
  28:Generated_Source\PSoC5/LCD_Character_Display_LCDPort.c **** *
  29:Generated_Source\PSoC5/LCD_Character_Display_LCDPort.c **** * \brief Writes the value to the physical port (data output register), masking
  30:Generated_Source\PSoC5/LCD_Character_Display_LCDPort.c **** *  and shifting the bits appropriately. 
  31:Generated_Source\PSoC5/LCD_Character_Display_LCDPort.c **** *
ARM GAS  C:\Users\bmt\AppData\Local\Temp\ccuqtAOe.s 			page 2


  32:Generated_Source\PSoC5/LCD_Character_Display_LCDPort.c **** * The data output register controls the signal applied to the physical pin in 
  33:Generated_Source\PSoC5/LCD_Character_Display_LCDPort.c **** * conjunction with the drive mode parameter. This function avoids changing 
  34:Generated_Source\PSoC5/LCD_Character_Display_LCDPort.c **** * other bits in the port by using the appropriate method (read-modify-write or
  35:Generated_Source\PSoC5/LCD_Character_Display_LCDPort.c **** * bit banding).
  36:Generated_Source\PSoC5/LCD_Character_Display_LCDPort.c **** *
  37:Generated_Source\PSoC5/LCD_Character_Display_LCDPort.c **** * <b>Note</b> This function should not be used on a hardware digital output pin 
  38:Generated_Source\PSoC5/LCD_Character_Display_LCDPort.c **** * as it is driven by the hardware signal attached to it.
  39:Generated_Source\PSoC5/LCD_Character_Display_LCDPort.c **** *
  40:Generated_Source\PSoC5/LCD_Character_Display_LCDPort.c **** * \param value
  41:Generated_Source\PSoC5/LCD_Character_Display_LCDPort.c **** *  Value to write to the component instance.
  42:Generated_Source\PSoC5/LCD_Character_Display_LCDPort.c **** *
  43:Generated_Source\PSoC5/LCD_Character_Display_LCDPort.c **** * \return 
  44:Generated_Source\PSoC5/LCD_Character_Display_LCDPort.c **** *  None 
  45:Generated_Source\PSoC5/LCD_Character_Display_LCDPort.c **** *
  46:Generated_Source\PSoC5/LCD_Character_Display_LCDPort.c **** * \sideeffect
  47:Generated_Source\PSoC5/LCD_Character_Display_LCDPort.c **** *  If you use read-modify-write operations that are not atomic; the Interrupt 
  48:Generated_Source\PSoC5/LCD_Character_Display_LCDPort.c **** *  Service Routines (ISR) can cause corruption of this function. An ISR that 
  49:Generated_Source\PSoC5/LCD_Character_Display_LCDPort.c **** *  interrupts this function and performs writes to the Pins component data 
  50:Generated_Source\PSoC5/LCD_Character_Display_LCDPort.c **** *  register can cause corrupted port data. To avoid this issue, you should 
  51:Generated_Source\PSoC5/LCD_Character_Display_LCDPort.c **** *  either use the Per-Pin APIs (primary method) or disable interrupts around 
  52:Generated_Source\PSoC5/LCD_Character_Display_LCDPort.c **** *  this function.
  53:Generated_Source\PSoC5/LCD_Character_Display_LCDPort.c **** *
  54:Generated_Source\PSoC5/LCD_Character_Display_LCDPort.c **** * \funcusage
  55:Generated_Source\PSoC5/LCD_Character_Display_LCDPort.c **** *  \snippet LCD_Character_Display_LCDPort_SUT.c usage_LCD_Character_Display_LCDPort_Write
  56:Generated_Source\PSoC5/LCD_Character_Display_LCDPort.c **** *******************************************************************************/
  57:Generated_Source\PSoC5/LCD_Character_Display_LCDPort.c **** void LCD_Character_Display_LCDPort_Write(uint8 value)
  58:Generated_Source\PSoC5/LCD_Character_Display_LCDPort.c **** {
  27              		.loc 1 58 0
  28              		.cfi_startproc
  29              		@ args = 0, pretend = 0, frame = 16
  30              		@ frame_needed = 1, uses_anonymous_args = 0
  31              		@ link register save eliminated.
  32 0000 80B4     		push	{r7}
  33              		.cfi_def_cfa_offset 4
  34              		.cfi_offset 7, -4
  35 0002 85B0     		sub	sp, sp, #20
  36              		.cfi_def_cfa_offset 24
  37 0004 00AF     		add	r7, sp, #0
  38              		.cfi_def_cfa_register 7
  39 0006 0346     		mov	r3, r0
  40 0008 FB71     		strb	r3, [r7, #7]
  59:Generated_Source\PSoC5/LCD_Character_Display_LCDPort.c ****     uint8 staticBits = (LCD_Character_Display_LCDPort_DR & (uint8)(~LCD_Character_Display_LCDPort_M
  41              		.loc 1 59 0
  42 000a 0A4B     		ldr	r3, .L2
  43 000c 1B78     		ldrb	r3, [r3]
  44 000e DBB2     		uxtb	r3, r3
  45 0010 23F07F03 		bic	r3, r3, #127
  46 0014 FB73     		strb	r3, [r7, #15]
  60:Generated_Source\PSoC5/LCD_Character_Display_LCDPort.c ****     LCD_Character_Display_LCDPort_DR = staticBits | ((uint8)(value << LCD_Character_Display_LCDPort
  47              		.loc 1 60 0
  48 0016 0749     		ldr	r1, .L2
  49 0018 FB79     		ldrb	r3, [r7, #7]
  50 001a 03F07F03 		and	r3, r3, #127
  51 001e DAB2     		uxtb	r2, r3
  52 0020 FB7B     		ldrb	r3, [r7, #15]
  53 0022 1343     		orrs	r3, r3, r2
  54 0024 DBB2     		uxtb	r3, r3
ARM GAS  C:\Users\bmt\AppData\Local\Temp\ccuqtAOe.s 			page 3


  55 0026 0B70     		strb	r3, [r1]
  61:Generated_Source\PSoC5/LCD_Character_Display_LCDPort.c **** }
  56              		.loc 1 61 0
  57 0028 1437     		adds	r7, r7, #20
  58              		.cfi_def_cfa_offset 4
  59 002a BD46     		mov	sp, r7
  60              		.cfi_def_cfa_register 13
  61              		@ sp needed
  62 002c 5DF8047B 		ldr	r7, [sp], #4
  63              		.cfi_restore 7
  64              		.cfi_def_cfa_offset 0
  65 0030 7047     		bx	lr
  66              	.L3:
  67 0032 00BF     		.align	2
  68              	.L2:
  69 0034 20510040 		.word	1073762592
  70              		.cfi_endproc
  71              	.LFE0:
  72              		.size	LCD_Character_Display_LCDPort_Write, .-LCD_Character_Display_LCDPort_Write
  73              		.section	.text.LCD_Character_Display_LCDPort_SetDriveMode,"ax",%progbits
  74              		.align	2
  75              		.global	LCD_Character_Display_LCDPort_SetDriveMode
  76              		.thumb
  77              		.thumb_func
  78              		.type	LCD_Character_Display_LCDPort_SetDriveMode, %function
  79              	LCD_Character_Display_LCDPort_SetDriveMode:
  80              	.LFB1:
  62:Generated_Source\PSoC5/LCD_Character_Display_LCDPort.c **** 
  63:Generated_Source\PSoC5/LCD_Character_Display_LCDPort.c **** 
  64:Generated_Source\PSoC5/LCD_Character_Display_LCDPort.c **** /*******************************************************************************
  65:Generated_Source\PSoC5/LCD_Character_Display_LCDPort.c **** * Function Name: LCD_Character_Display_LCDPort_SetDriveMode
  66:Generated_Source\PSoC5/LCD_Character_Display_LCDPort.c **** ****************************************************************************//**
  67:Generated_Source\PSoC5/LCD_Character_Display_LCDPort.c **** *
  68:Generated_Source\PSoC5/LCD_Character_Display_LCDPort.c **** * \brief Sets the drive mode for each of the Pins component's pins.
  69:Generated_Source\PSoC5/LCD_Character_Display_LCDPort.c **** * 
  70:Generated_Source\PSoC5/LCD_Character_Display_LCDPort.c **** * <b>Note</b> This affects all pins in the Pins component instance. Use the
  71:Generated_Source\PSoC5/LCD_Character_Display_LCDPort.c **** * Per-Pin APIs if you wish to control individual pin's drive modes.
  72:Generated_Source\PSoC5/LCD_Character_Display_LCDPort.c **** *
  73:Generated_Source\PSoC5/LCD_Character_Display_LCDPort.c **** * \param mode
  74:Generated_Source\PSoC5/LCD_Character_Display_LCDPort.c **** *  Mode for the selected signals. Valid options are documented in 
  75:Generated_Source\PSoC5/LCD_Character_Display_LCDPort.c **** *  \ref driveMode.
  76:Generated_Source\PSoC5/LCD_Character_Display_LCDPort.c **** *
  77:Generated_Source\PSoC5/LCD_Character_Display_LCDPort.c **** * \return
  78:Generated_Source\PSoC5/LCD_Character_Display_LCDPort.c **** *  None
  79:Generated_Source\PSoC5/LCD_Character_Display_LCDPort.c **** *
  80:Generated_Source\PSoC5/LCD_Character_Display_LCDPort.c **** * \sideeffect
  81:Generated_Source\PSoC5/LCD_Character_Display_LCDPort.c **** *  If you use read-modify-write operations that are not atomic, the ISR can
  82:Generated_Source\PSoC5/LCD_Character_Display_LCDPort.c **** *  cause corruption of this function. An ISR that interrupts this function 
  83:Generated_Source\PSoC5/LCD_Character_Display_LCDPort.c **** *  and performs writes to the Pins component Drive Mode registers can cause 
  84:Generated_Source\PSoC5/LCD_Character_Display_LCDPort.c **** *  corrupted port data. To avoid this issue, you should either use the Per-Pin
  85:Generated_Source\PSoC5/LCD_Character_Display_LCDPort.c **** *  APIs (primary method) or disable interrupts around this function.
  86:Generated_Source\PSoC5/LCD_Character_Display_LCDPort.c **** *
  87:Generated_Source\PSoC5/LCD_Character_Display_LCDPort.c **** * \funcusage
  88:Generated_Source\PSoC5/LCD_Character_Display_LCDPort.c **** *  \snippet LCD_Character_Display_LCDPort_SUT.c usage_LCD_Character_Display_LCDPort_SetDriveMode
  89:Generated_Source\PSoC5/LCD_Character_Display_LCDPort.c **** *******************************************************************************/
  90:Generated_Source\PSoC5/LCD_Character_Display_LCDPort.c **** void LCD_Character_Display_LCDPort_SetDriveMode(uint8 mode)
  91:Generated_Source\PSoC5/LCD_Character_Display_LCDPort.c **** {
ARM GAS  C:\Users\bmt\AppData\Local\Temp\ccuqtAOe.s 			page 4


  81              		.loc 1 91 0
  82              		.cfi_startproc
  83              		@ args = 0, pretend = 0, frame = 8
  84              		@ frame_needed = 1, uses_anonymous_args = 0
  85              		@ link register save eliminated.
  86 0000 80B4     		push	{r7}
  87              		.cfi_def_cfa_offset 4
  88              		.cfi_offset 7, -4
  89 0002 83B0     		sub	sp, sp, #12
  90              		.cfi_def_cfa_offset 16
  91 0004 00AF     		add	r7, sp, #0
  92              		.cfi_def_cfa_register 7
  93 0006 0346     		mov	r3, r0
  94 0008 FB71     		strb	r3, [r7, #7]
  92:Generated_Source\PSoC5/LCD_Character_Display_LCDPort.c **** 	CyPins_SetPinDriveMode(LCD_Character_Display_LCDPort_0, mode);
  95              		.loc 1 92 0
  96 000a 3A4B     		ldr	r3, .L5
  97 000c 394A     		ldr	r2, .L5
  98 000e 1278     		ldrb	r2, [r2]
  99 0010 D2B2     		uxtb	r2, r2
 100 0012 D2B2     		uxtb	r2, r2
 101 0014 22F00E02 		bic	r2, r2, #14
 102 0018 D1B2     		uxtb	r1, r2
 103 001a FA79     		ldrb	r2, [r7, #7]	@ zero_extendqisi2
 104 001c 02F00E02 		and	r2, r2, #14
 105 0020 D2B2     		uxtb	r2, r2
 106 0022 0A43     		orrs	r2, r2, r1
 107 0024 D2B2     		uxtb	r2, r2
 108 0026 D2B2     		uxtb	r2, r2
 109 0028 1A70     		strb	r2, [r3]
  93:Generated_Source\PSoC5/LCD_Character_Display_LCDPort.c **** 	CyPins_SetPinDriveMode(LCD_Character_Display_LCDPort_1, mode);
 110              		.loc 1 93 0
 111 002a 334B     		ldr	r3, .L5+4
 112 002c 324A     		ldr	r2, .L5+4
 113 002e 1278     		ldrb	r2, [r2]
 114 0030 D2B2     		uxtb	r2, r2
 115 0032 D2B2     		uxtb	r2, r2
 116 0034 22F00E02 		bic	r2, r2, #14
 117 0038 D1B2     		uxtb	r1, r2
 118 003a FA79     		ldrb	r2, [r7, #7]	@ zero_extendqisi2
 119 003c 02F00E02 		and	r2, r2, #14
 120 0040 D2B2     		uxtb	r2, r2
 121 0042 0A43     		orrs	r2, r2, r1
 122 0044 D2B2     		uxtb	r2, r2
 123 0046 D2B2     		uxtb	r2, r2
 124 0048 1A70     		strb	r2, [r3]
  94:Generated_Source\PSoC5/LCD_Character_Display_LCDPort.c **** 	CyPins_SetPinDriveMode(LCD_Character_Display_LCDPort_2, mode);
 125              		.loc 1 94 0
 126 004a 2C4B     		ldr	r3, .L5+8
 127 004c 2B4A     		ldr	r2, .L5+8
 128 004e 1278     		ldrb	r2, [r2]
 129 0050 D2B2     		uxtb	r2, r2
 130 0052 D2B2     		uxtb	r2, r2
 131 0054 22F00E02 		bic	r2, r2, #14
 132 0058 D1B2     		uxtb	r1, r2
 133 005a FA79     		ldrb	r2, [r7, #7]	@ zero_extendqisi2
 134 005c 02F00E02 		and	r2, r2, #14
ARM GAS  C:\Users\bmt\AppData\Local\Temp\ccuqtAOe.s 			page 5


 135 0060 D2B2     		uxtb	r2, r2
 136 0062 0A43     		orrs	r2, r2, r1
 137 0064 D2B2     		uxtb	r2, r2
 138 0066 D2B2     		uxtb	r2, r2
 139 0068 1A70     		strb	r2, [r3]
  95:Generated_Source\PSoC5/LCD_Character_Display_LCDPort.c **** 	CyPins_SetPinDriveMode(LCD_Character_Display_LCDPort_3, mode);
 140              		.loc 1 95 0
 141 006a 254B     		ldr	r3, .L5+12
 142 006c 244A     		ldr	r2, .L5+12
 143 006e 1278     		ldrb	r2, [r2]
 144 0070 D2B2     		uxtb	r2, r2
 145 0072 D2B2     		uxtb	r2, r2
 146 0074 22F00E02 		bic	r2, r2, #14
 147 0078 D1B2     		uxtb	r1, r2
 148 007a FA79     		ldrb	r2, [r7, #7]	@ zero_extendqisi2
 149 007c 02F00E02 		and	r2, r2, #14
 150 0080 D2B2     		uxtb	r2, r2
 151 0082 0A43     		orrs	r2, r2, r1
 152 0084 D2B2     		uxtb	r2, r2
 153 0086 D2B2     		uxtb	r2, r2
 154 0088 1A70     		strb	r2, [r3]
  96:Generated_Source\PSoC5/LCD_Character_Display_LCDPort.c **** 	CyPins_SetPinDriveMode(LCD_Character_Display_LCDPort_4, mode);
 155              		.loc 1 96 0
 156 008a 1E4B     		ldr	r3, .L5+16
 157 008c 1D4A     		ldr	r2, .L5+16
 158 008e 1278     		ldrb	r2, [r2]
 159 0090 D2B2     		uxtb	r2, r2
 160 0092 D2B2     		uxtb	r2, r2
 161 0094 22F00E02 		bic	r2, r2, #14
 162 0098 D1B2     		uxtb	r1, r2
 163 009a FA79     		ldrb	r2, [r7, #7]	@ zero_extendqisi2
 164 009c 02F00E02 		and	r2, r2, #14
 165 00a0 D2B2     		uxtb	r2, r2
 166 00a2 0A43     		orrs	r2, r2, r1
 167 00a4 D2B2     		uxtb	r2, r2
 168 00a6 D2B2     		uxtb	r2, r2
 169 00a8 1A70     		strb	r2, [r3]
  97:Generated_Source\PSoC5/LCD_Character_Display_LCDPort.c **** 	CyPins_SetPinDriveMode(LCD_Character_Display_LCDPort_5, mode);
 170              		.loc 1 97 0
 171 00aa 174B     		ldr	r3, .L5+20
 172 00ac 164A     		ldr	r2, .L5+20
 173 00ae 1278     		ldrb	r2, [r2]
 174 00b0 D2B2     		uxtb	r2, r2
 175 00b2 D2B2     		uxtb	r2, r2
 176 00b4 22F00E02 		bic	r2, r2, #14
 177 00b8 D1B2     		uxtb	r1, r2
 178 00ba FA79     		ldrb	r2, [r7, #7]	@ zero_extendqisi2
 179 00bc 02F00E02 		and	r2, r2, #14
 180 00c0 D2B2     		uxtb	r2, r2
 181 00c2 0A43     		orrs	r2, r2, r1
 182 00c4 D2B2     		uxtb	r2, r2
 183 00c6 D2B2     		uxtb	r2, r2
 184 00c8 1A70     		strb	r2, [r3]
  98:Generated_Source\PSoC5/LCD_Character_Display_LCDPort.c **** 	CyPins_SetPinDriveMode(LCD_Character_Display_LCDPort_6, mode);
 185              		.loc 1 98 0
 186 00ca 104B     		ldr	r3, .L5+24
 187 00cc 0F4A     		ldr	r2, .L5+24
ARM GAS  C:\Users\bmt\AppData\Local\Temp\ccuqtAOe.s 			page 6


 188 00ce 1278     		ldrb	r2, [r2]
 189 00d0 D2B2     		uxtb	r2, r2
 190 00d2 D2B2     		uxtb	r2, r2
 191 00d4 22F00E02 		bic	r2, r2, #14
 192 00d8 D1B2     		uxtb	r1, r2
 193 00da FA79     		ldrb	r2, [r7, #7]	@ zero_extendqisi2
 194 00dc 02F00E02 		and	r2, r2, #14
 195 00e0 D2B2     		uxtb	r2, r2
 196 00e2 0A43     		orrs	r2, r2, r1
 197 00e4 D2B2     		uxtb	r2, r2
 198 00e6 D2B2     		uxtb	r2, r2
 199 00e8 1A70     		strb	r2, [r3]
  99:Generated_Source\PSoC5/LCD_Character_Display_LCDPort.c **** }
 200              		.loc 1 99 0
 201 00ea 0C37     		adds	r7, r7, #12
 202              		.cfi_def_cfa_offset 4
 203 00ec BD46     		mov	sp, r7
 204              		.cfi_def_cfa_register 13
 205              		@ sp needed
 206 00ee 5DF8047B 		ldr	r7, [sp], #4
 207              		.cfi_restore 7
 208              		.cfi_def_cfa_offset 0
 209 00f2 7047     		bx	lr
 210              	.L6:
 211              		.align	2
 212              	.L5:
 213 00f4 10500040 		.word	1073762320
 214 00f8 11500040 		.word	1073762321
 215 00fc 12500040 		.word	1073762322
 216 0100 13500040 		.word	1073762323
 217 0104 14500040 		.word	1073762324
 218 0108 15500040 		.word	1073762325
 219 010c 16500040 		.word	1073762326
 220              		.cfi_endproc
 221              	.LFE1:
 222              		.size	LCD_Character_Display_LCDPort_SetDriveMode, .-LCD_Character_Display_LCDPort_SetDriveMode
 223              		.section	.text.LCD_Character_Display_LCDPort_Read,"ax",%progbits
 224              		.align	2
 225              		.global	LCD_Character_Display_LCDPort_Read
 226              		.thumb
 227              		.thumb_func
 228              		.type	LCD_Character_Display_LCDPort_Read, %function
 229              	LCD_Character_Display_LCDPort_Read:
 230              	.LFB2:
 100:Generated_Source\PSoC5/LCD_Character_Display_LCDPort.c **** 
 101:Generated_Source\PSoC5/LCD_Character_Display_LCDPort.c **** 
 102:Generated_Source\PSoC5/LCD_Character_Display_LCDPort.c **** /*******************************************************************************
 103:Generated_Source\PSoC5/LCD_Character_Display_LCDPort.c **** * Function Name: LCD_Character_Display_LCDPort_Read
 104:Generated_Source\PSoC5/LCD_Character_Display_LCDPort.c **** ****************************************************************************//**
 105:Generated_Source\PSoC5/LCD_Character_Display_LCDPort.c **** *
 106:Generated_Source\PSoC5/LCD_Character_Display_LCDPort.c **** * \brief Reads the associated physical port (pin status register) and masks 
 107:Generated_Source\PSoC5/LCD_Character_Display_LCDPort.c **** *  the required bits according to the width and bit position of the component
 108:Generated_Source\PSoC5/LCD_Character_Display_LCDPort.c **** *  instance. 
 109:Generated_Source\PSoC5/LCD_Character_Display_LCDPort.c **** *
 110:Generated_Source\PSoC5/LCD_Character_Display_LCDPort.c **** * The pin's status register returns the current logic level present on the 
 111:Generated_Source\PSoC5/LCD_Character_Display_LCDPort.c **** * physical pin.
 112:Generated_Source\PSoC5/LCD_Character_Display_LCDPort.c **** *
ARM GAS  C:\Users\bmt\AppData\Local\Temp\ccuqtAOe.s 			page 7


 113:Generated_Source\PSoC5/LCD_Character_Display_LCDPort.c **** * \return 
 114:Generated_Source\PSoC5/LCD_Character_Display_LCDPort.c **** *  The current value for the pins in the component as a right justified number.
 115:Generated_Source\PSoC5/LCD_Character_Display_LCDPort.c **** *
 116:Generated_Source\PSoC5/LCD_Character_Display_LCDPort.c **** * \funcusage
 117:Generated_Source\PSoC5/LCD_Character_Display_LCDPort.c **** *  \snippet LCD_Character_Display_LCDPort_SUT.c usage_LCD_Character_Display_LCDPort_Read  
 118:Generated_Source\PSoC5/LCD_Character_Display_LCDPort.c **** *******************************************************************************/
 119:Generated_Source\PSoC5/LCD_Character_Display_LCDPort.c **** uint8 LCD_Character_Display_LCDPort_Read(void)
 120:Generated_Source\PSoC5/LCD_Character_Display_LCDPort.c **** {
 231              		.loc 1 120 0
 232              		.cfi_startproc
 233              		@ args = 0, pretend = 0, frame = 0
 234              		@ frame_needed = 1, uses_anonymous_args = 0
 235              		@ link register save eliminated.
 236 0000 80B4     		push	{r7}
 237              		.cfi_def_cfa_offset 4
 238              		.cfi_offset 7, -4
 239 0002 00AF     		add	r7, sp, #0
 240              		.cfi_def_cfa_register 7
 121:Generated_Source\PSoC5/LCD_Character_Display_LCDPort.c ****     return (LCD_Character_Display_LCDPort_PS & LCD_Character_Display_LCDPort_MASK) >> LCD_Character
 241              		.loc 1 121 0
 242 0004 054B     		ldr	r3, .L9
 243 0006 1B78     		ldrb	r3, [r3]
 244 0008 DBB2     		uxtb	r3, r3
 245 000a 03F07F03 		and	r3, r3, #127
 246 000e DBB2     		uxtb	r3, r3
 122:Generated_Source\PSoC5/LCD_Character_Display_LCDPort.c **** }
 247              		.loc 1 122 0
 248 0010 1846     		mov	r0, r3
 249 0012 BD46     		mov	sp, r7
 250              		.cfi_def_cfa_register 13
 251              		@ sp needed
 252 0014 5DF8047B 		ldr	r7, [sp], #4
 253              		.cfi_restore 7
 254              		.cfi_def_cfa_offset 0
 255 0018 7047     		bx	lr
 256              	.L10:
 257 001a 00BF     		.align	2
 258              	.L9:
 259 001c 21510040 		.word	1073762593
 260              		.cfi_endproc
 261              	.LFE2:
 262              		.size	LCD_Character_Display_LCDPort_Read, .-LCD_Character_Display_LCDPort_Read
 263              		.section	.text.LCD_Character_Display_LCDPort_ReadDataReg,"ax",%progbits
 264              		.align	2
 265              		.global	LCD_Character_Display_LCDPort_ReadDataReg
 266              		.thumb
 267              		.thumb_func
 268              		.type	LCD_Character_Display_LCDPort_ReadDataReg, %function
 269              	LCD_Character_Display_LCDPort_ReadDataReg:
 270              	.LFB3:
 123:Generated_Source\PSoC5/LCD_Character_Display_LCDPort.c **** 
 124:Generated_Source\PSoC5/LCD_Character_Display_LCDPort.c **** 
 125:Generated_Source\PSoC5/LCD_Character_Display_LCDPort.c **** /*******************************************************************************
 126:Generated_Source\PSoC5/LCD_Character_Display_LCDPort.c **** * Function Name: LCD_Character_Display_LCDPort_ReadDataReg
 127:Generated_Source\PSoC5/LCD_Character_Display_LCDPort.c **** ****************************************************************************//**
 128:Generated_Source\PSoC5/LCD_Character_Display_LCDPort.c **** *
 129:Generated_Source\PSoC5/LCD_Character_Display_LCDPort.c **** * \brief Reads the associated physical port's data output register and masks 
ARM GAS  C:\Users\bmt\AppData\Local\Temp\ccuqtAOe.s 			page 8


 130:Generated_Source\PSoC5/LCD_Character_Display_LCDPort.c **** *  the correct bits according to the width and bit position of the component 
 131:Generated_Source\PSoC5/LCD_Character_Display_LCDPort.c **** *  instance. 
 132:Generated_Source\PSoC5/LCD_Character_Display_LCDPort.c **** *
 133:Generated_Source\PSoC5/LCD_Character_Display_LCDPort.c **** * The data output register controls the signal applied to the physical pin in 
 134:Generated_Source\PSoC5/LCD_Character_Display_LCDPort.c **** * conjunction with the drive mode parameter. This is not the same as the 
 135:Generated_Source\PSoC5/LCD_Character_Display_LCDPort.c **** * preferred LCD_Character_Display_LCDPort_Read() API because the 
 136:Generated_Source\PSoC5/LCD_Character_Display_LCDPort.c **** * LCD_Character_Display_LCDPort_ReadDataReg() reads the data register instead of the status 
 137:Generated_Source\PSoC5/LCD_Character_Display_LCDPort.c **** * register. For output pins this is a useful function to determine the value 
 138:Generated_Source\PSoC5/LCD_Character_Display_LCDPort.c **** * just written to the pin.
 139:Generated_Source\PSoC5/LCD_Character_Display_LCDPort.c **** *
 140:Generated_Source\PSoC5/LCD_Character_Display_LCDPort.c **** * \return 
 141:Generated_Source\PSoC5/LCD_Character_Display_LCDPort.c **** *  The current value of the data register masked and shifted into a right 
 142:Generated_Source\PSoC5/LCD_Character_Display_LCDPort.c **** *  justified number for the component instance.
 143:Generated_Source\PSoC5/LCD_Character_Display_LCDPort.c **** *
 144:Generated_Source\PSoC5/LCD_Character_Display_LCDPort.c **** * \funcusage
 145:Generated_Source\PSoC5/LCD_Character_Display_LCDPort.c **** *  \snippet LCD_Character_Display_LCDPort_SUT.c usage_LCD_Character_Display_LCDPort_ReadDataReg 
 146:Generated_Source\PSoC5/LCD_Character_Display_LCDPort.c **** *******************************************************************************/
 147:Generated_Source\PSoC5/LCD_Character_Display_LCDPort.c **** uint8 LCD_Character_Display_LCDPort_ReadDataReg(void)
 148:Generated_Source\PSoC5/LCD_Character_Display_LCDPort.c **** {
 271              		.loc 1 148 0
 272              		.cfi_startproc
 273              		@ args = 0, pretend = 0, frame = 0
 274              		@ frame_needed = 1, uses_anonymous_args = 0
 275              		@ link register save eliminated.
 276 0000 80B4     		push	{r7}
 277              		.cfi_def_cfa_offset 4
 278              		.cfi_offset 7, -4
 279 0002 00AF     		add	r7, sp, #0
 280              		.cfi_def_cfa_register 7
 149:Generated_Source\PSoC5/LCD_Character_Display_LCDPort.c ****     return (LCD_Character_Display_LCDPort_DR & LCD_Character_Display_LCDPort_MASK) >> LCD_Character
 281              		.loc 1 149 0
 282 0004 054B     		ldr	r3, .L13
 283 0006 1B78     		ldrb	r3, [r3]
 284 0008 DBB2     		uxtb	r3, r3
 285 000a 03F07F03 		and	r3, r3, #127
 286 000e DBB2     		uxtb	r3, r3
 150:Generated_Source\PSoC5/LCD_Character_Display_LCDPort.c **** }
 287              		.loc 1 150 0
 288 0010 1846     		mov	r0, r3
 289 0012 BD46     		mov	sp, r7
 290              		.cfi_def_cfa_register 13
 291              		@ sp needed
 292 0014 5DF8047B 		ldr	r7, [sp], #4
 293              		.cfi_restore 7
 294              		.cfi_def_cfa_offset 0
 295 0018 7047     		bx	lr
 296              	.L14:
 297 001a 00BF     		.align	2
 298              	.L13:
 299 001c 20510040 		.word	1073762592
 300              		.cfi_endproc
 301              	.LFE3:
 302              		.size	LCD_Character_Display_LCDPort_ReadDataReg, .-LCD_Character_Display_LCDPort_ReadDataReg
 303              		.text
 304              	.Letext0:
 305              		.file 2 "Generated_Source\\PSoC5\\cytypes.h"
 306              		.section	.debug_info,"",%progbits
ARM GAS  C:\Users\bmt\AppData\Local\Temp\ccuqtAOe.s 			page 9


 307              	.Ldebug_info0:
 308 0000 1A010000 		.4byte	0x11a
 309 0004 0400     		.2byte	0x4
 310 0006 00000000 		.4byte	.Ldebug_abbrev0
 311 000a 04       		.byte	0x4
 312 000b 01       		.uleb128 0x1
 313 000c 34000000 		.4byte	.LASF20
 314 0010 01       		.byte	0x1
 315 0011 35020000 		.4byte	.LASF21
 316 0015 FA000000 		.4byte	.LASF22
 317 0019 00000000 		.4byte	.Ldebug_ranges0+0
 318 001d 00000000 		.4byte	0
 319 0021 00000000 		.4byte	.Ldebug_line0
 320 0025 02       		.uleb128 0x2
 321 0026 01       		.byte	0x1
 322 0027 06       		.byte	0x6
 323 0028 75020000 		.4byte	.LASF0
 324 002c 02       		.uleb128 0x2
 325 002d 01       		.byte	0x1
 326 002e 08       		.byte	0x8
 327 002f EC000000 		.4byte	.LASF1
 328 0033 02       		.uleb128 0x2
 329 0034 02       		.byte	0x2
 330 0035 05       		.byte	0x5
 331 0036 25020000 		.4byte	.LASF2
 332 003a 02       		.uleb128 0x2
 333 003b 02       		.byte	0x2
 334 003c 07       		.byte	0x7
 335 003d 7A010000 		.4byte	.LASF3
 336 0041 02       		.uleb128 0x2
 337 0042 04       		.byte	0x4
 338 0043 05       		.byte	0x5
 339 0044 6C020000 		.4byte	.LASF4
 340 0048 02       		.uleb128 0x2
 341 0049 04       		.byte	0x4
 342 004a 07       		.byte	0x7
 343 004b 68010000 		.4byte	.LASF5
 344 004f 02       		.uleb128 0x2
 345 0050 08       		.byte	0x8
 346 0051 05       		.byte	0x5
 347 0052 12020000 		.4byte	.LASF6
 348 0056 02       		.uleb128 0x2
 349 0057 08       		.byte	0x8
 350 0058 07       		.byte	0x7
 351 0059 CC010000 		.4byte	.LASF7
 352 005d 03       		.uleb128 0x3
 353 005e 04       		.byte	0x4
 354 005f 05       		.byte	0x5
 355 0060 696E7400 		.ascii	"int\000"
 356 0064 02       		.uleb128 0x2
 357 0065 04       		.byte	0x4
 358 0066 07       		.byte	0x7
 359 0067 BF010000 		.4byte	.LASF8
 360 006b 04       		.uleb128 0x4
 361 006c 2F020000 		.4byte	.LASF12
 362 0070 02       		.byte	0x2
 363 0071 9201     		.2byte	0x192
ARM GAS  C:\Users\bmt\AppData\Local\Temp\ccuqtAOe.s 			page 10


 364 0073 2C000000 		.4byte	0x2c
 365 0077 02       		.uleb128 0x2
 366 0078 04       		.byte	0x4
 367 0079 04       		.byte	0x4
 368 007a E6000000 		.4byte	.LASF9
 369 007e 02       		.uleb128 0x2
 370 007f 08       		.byte	0x8
 371 0080 04       		.byte	0x4
 372 0081 B8010000 		.4byte	.LASF10
 373 0085 02       		.uleb128 0x2
 374 0086 01       		.byte	0x1
 375 0087 08       		.byte	0x8
 376 0088 20020000 		.4byte	.LASF11
 377 008c 04       		.uleb128 0x4
 378 008d 63010000 		.4byte	.LASF13
 379 0091 02       		.byte	0x2
 380 0092 3C02     		.2byte	0x23c
 381 0094 98000000 		.4byte	0x98
 382 0098 05       		.uleb128 0x5
 383 0099 6B000000 		.4byte	0x6b
 384 009d 06       		.uleb128 0x6
 385 009e C2000000 		.4byte	.LASF14
 386 00a2 01       		.byte	0x1
 387 00a3 39       		.byte	0x39
 388 00a4 00000000 		.4byte	.LFB0
 389 00a8 38000000 		.4byte	.LFE0-.LFB0
 390 00ac 01       		.uleb128 0x1
 391 00ad 9C       		.byte	0x9c
 392 00ae CF000000 		.4byte	0xcf
 393 00b2 07       		.uleb128 0x7
 394 00b3 23000000 		.4byte	.LASF16
 395 00b7 01       		.byte	0x1
 396 00b8 39       		.byte	0x39
 397 00b9 6B000000 		.4byte	0x6b
 398 00bd 02       		.uleb128 0x2
 399 00be 91       		.byte	0x91
 400 00bf 6F       		.sleb128 -17
 401 00c0 08       		.uleb128 0x8
 402 00c1 29000000 		.4byte	.LASF23
 403 00c5 01       		.byte	0x1
 404 00c6 3B       		.byte	0x3b
 405 00c7 6B000000 		.4byte	0x6b
 406 00cb 02       		.uleb128 0x2
 407 00cc 91       		.byte	0x91
 408 00cd 77       		.sleb128 -9
 409 00ce 00       		.byte	0
 410 00cf 06       		.uleb128 0x6
 411 00d0 8D010000 		.4byte	.LASF15
 412 00d4 01       		.byte	0x1
 413 00d5 5A       		.byte	0x5a
 414 00d6 00000000 		.4byte	.LFB1
 415 00da 10010000 		.4byte	.LFE1-.LFB1
 416 00de 01       		.uleb128 0x1
 417 00df 9C       		.byte	0x9c
 418 00e0 F3000000 		.4byte	0xf3
 419 00e4 07       		.uleb128 0x7
 420 00e5 E3010000 		.4byte	.LASF17
ARM GAS  C:\Users\bmt\AppData\Local\Temp\ccuqtAOe.s 			page 11


 421 00e9 01       		.byte	0x1
 422 00ea 5A       		.byte	0x5a
 423 00eb 6B000000 		.4byte	0x6b
 424 00ef 02       		.uleb128 0x2
 425 00f0 91       		.byte	0x91
 426 00f1 77       		.sleb128 -9
 427 00f2 00       		.byte	0
 428 00f3 09       		.uleb128 0x9
 429 00f4 00000000 		.4byte	.LASF18
 430 00f8 01       		.byte	0x1
 431 00f9 77       		.byte	0x77
 432 00fa 6B000000 		.4byte	0x6b
 433 00fe 00000000 		.4byte	.LFB2
 434 0102 20000000 		.4byte	.LFE2-.LFB2
 435 0106 01       		.uleb128 0x1
 436 0107 9C       		.byte	0x9c
 437 0108 09       		.uleb128 0x9
 438 0109 E8010000 		.4byte	.LASF19
 439 010d 01       		.byte	0x1
 440 010e 93       		.byte	0x93
 441 010f 6B000000 		.4byte	0x6b
 442 0113 00000000 		.4byte	.LFB3
 443 0117 20000000 		.4byte	.LFE3-.LFB3
 444 011b 01       		.uleb128 0x1
 445 011c 9C       		.byte	0x9c
 446 011d 00       		.byte	0
 447              		.section	.debug_abbrev,"",%progbits
 448              	.Ldebug_abbrev0:
 449 0000 01       		.uleb128 0x1
 450 0001 11       		.uleb128 0x11
 451 0002 01       		.byte	0x1
 452 0003 25       		.uleb128 0x25
 453 0004 0E       		.uleb128 0xe
 454 0005 13       		.uleb128 0x13
 455 0006 0B       		.uleb128 0xb
 456 0007 03       		.uleb128 0x3
 457 0008 0E       		.uleb128 0xe
 458 0009 1B       		.uleb128 0x1b
 459 000a 0E       		.uleb128 0xe
 460 000b 55       		.uleb128 0x55
 461 000c 17       		.uleb128 0x17
 462 000d 11       		.uleb128 0x11
 463 000e 01       		.uleb128 0x1
 464 000f 10       		.uleb128 0x10
 465 0010 17       		.uleb128 0x17
 466 0011 00       		.byte	0
 467 0012 00       		.byte	0
 468 0013 02       		.uleb128 0x2
 469 0014 24       		.uleb128 0x24
 470 0015 00       		.byte	0
 471 0016 0B       		.uleb128 0xb
 472 0017 0B       		.uleb128 0xb
 473 0018 3E       		.uleb128 0x3e
 474 0019 0B       		.uleb128 0xb
 475 001a 03       		.uleb128 0x3
 476 001b 0E       		.uleb128 0xe
 477 001c 00       		.byte	0
ARM GAS  C:\Users\bmt\AppData\Local\Temp\ccuqtAOe.s 			page 12


 478 001d 00       		.byte	0
 479 001e 03       		.uleb128 0x3
 480 001f 24       		.uleb128 0x24
 481 0020 00       		.byte	0
 482 0021 0B       		.uleb128 0xb
 483 0022 0B       		.uleb128 0xb
 484 0023 3E       		.uleb128 0x3e
 485 0024 0B       		.uleb128 0xb
 486 0025 03       		.uleb128 0x3
 487 0026 08       		.uleb128 0x8
 488 0027 00       		.byte	0
 489 0028 00       		.byte	0
 490 0029 04       		.uleb128 0x4
 491 002a 16       		.uleb128 0x16
 492 002b 00       		.byte	0
 493 002c 03       		.uleb128 0x3
 494 002d 0E       		.uleb128 0xe
 495 002e 3A       		.uleb128 0x3a
 496 002f 0B       		.uleb128 0xb
 497 0030 3B       		.uleb128 0x3b
 498 0031 05       		.uleb128 0x5
 499 0032 49       		.uleb128 0x49
 500 0033 13       		.uleb128 0x13
 501 0034 00       		.byte	0
 502 0035 00       		.byte	0
 503 0036 05       		.uleb128 0x5
 504 0037 35       		.uleb128 0x35
 505 0038 00       		.byte	0
 506 0039 49       		.uleb128 0x49
 507 003a 13       		.uleb128 0x13
 508 003b 00       		.byte	0
 509 003c 00       		.byte	0
 510 003d 06       		.uleb128 0x6
 511 003e 2E       		.uleb128 0x2e
 512 003f 01       		.byte	0x1
 513 0040 3F       		.uleb128 0x3f
 514 0041 19       		.uleb128 0x19
 515 0042 03       		.uleb128 0x3
 516 0043 0E       		.uleb128 0xe
 517 0044 3A       		.uleb128 0x3a
 518 0045 0B       		.uleb128 0xb
 519 0046 3B       		.uleb128 0x3b
 520 0047 0B       		.uleb128 0xb
 521 0048 27       		.uleb128 0x27
 522 0049 19       		.uleb128 0x19
 523 004a 11       		.uleb128 0x11
 524 004b 01       		.uleb128 0x1
 525 004c 12       		.uleb128 0x12
 526 004d 06       		.uleb128 0x6
 527 004e 40       		.uleb128 0x40
 528 004f 18       		.uleb128 0x18
 529 0050 9742     		.uleb128 0x2117
 530 0052 19       		.uleb128 0x19
 531 0053 01       		.uleb128 0x1
 532 0054 13       		.uleb128 0x13
 533 0055 00       		.byte	0
 534 0056 00       		.byte	0
ARM GAS  C:\Users\bmt\AppData\Local\Temp\ccuqtAOe.s 			page 13


 535 0057 07       		.uleb128 0x7
 536 0058 05       		.uleb128 0x5
 537 0059 00       		.byte	0
 538 005a 03       		.uleb128 0x3
 539 005b 0E       		.uleb128 0xe
 540 005c 3A       		.uleb128 0x3a
 541 005d 0B       		.uleb128 0xb
 542 005e 3B       		.uleb128 0x3b
 543 005f 0B       		.uleb128 0xb
 544 0060 49       		.uleb128 0x49
 545 0061 13       		.uleb128 0x13
 546 0062 02       		.uleb128 0x2
 547 0063 18       		.uleb128 0x18
 548 0064 00       		.byte	0
 549 0065 00       		.byte	0
 550 0066 08       		.uleb128 0x8
 551 0067 34       		.uleb128 0x34
 552 0068 00       		.byte	0
 553 0069 03       		.uleb128 0x3
 554 006a 0E       		.uleb128 0xe
 555 006b 3A       		.uleb128 0x3a
 556 006c 0B       		.uleb128 0xb
 557 006d 3B       		.uleb128 0x3b
 558 006e 0B       		.uleb128 0xb
 559 006f 49       		.uleb128 0x49
 560 0070 13       		.uleb128 0x13
 561 0071 02       		.uleb128 0x2
 562 0072 18       		.uleb128 0x18
 563 0073 00       		.byte	0
 564 0074 00       		.byte	0
 565 0075 09       		.uleb128 0x9
 566 0076 2E       		.uleb128 0x2e
 567 0077 00       		.byte	0
 568 0078 3F       		.uleb128 0x3f
 569 0079 19       		.uleb128 0x19
 570 007a 03       		.uleb128 0x3
 571 007b 0E       		.uleb128 0xe
 572 007c 3A       		.uleb128 0x3a
 573 007d 0B       		.uleb128 0xb
 574 007e 3B       		.uleb128 0x3b
 575 007f 0B       		.uleb128 0xb
 576 0080 27       		.uleb128 0x27
 577 0081 19       		.uleb128 0x19
 578 0082 49       		.uleb128 0x49
 579 0083 13       		.uleb128 0x13
 580 0084 11       		.uleb128 0x11
 581 0085 01       		.uleb128 0x1
 582 0086 12       		.uleb128 0x12
 583 0087 06       		.uleb128 0x6
 584 0088 40       		.uleb128 0x40
 585 0089 18       		.uleb128 0x18
 586 008a 9742     		.uleb128 0x2117
 587 008c 19       		.uleb128 0x19
 588 008d 00       		.byte	0
 589 008e 00       		.byte	0
 590 008f 00       		.byte	0
 591              		.section	.debug_aranges,"",%progbits
ARM GAS  C:\Users\bmt\AppData\Local\Temp\ccuqtAOe.s 			page 14


 592 0000 34000000 		.4byte	0x34
 593 0004 0200     		.2byte	0x2
 594 0006 00000000 		.4byte	.Ldebug_info0
 595 000a 04       		.byte	0x4
 596 000b 00       		.byte	0
 597 000c 0000     		.2byte	0
 598 000e 0000     		.2byte	0
 599 0010 00000000 		.4byte	.LFB0
 600 0014 38000000 		.4byte	.LFE0-.LFB0
 601 0018 00000000 		.4byte	.LFB1
 602 001c 10010000 		.4byte	.LFE1-.LFB1
 603 0020 00000000 		.4byte	.LFB2
 604 0024 20000000 		.4byte	.LFE2-.LFB2
 605 0028 00000000 		.4byte	.LFB3
 606 002c 20000000 		.4byte	.LFE3-.LFB3
 607 0030 00000000 		.4byte	0
 608 0034 00000000 		.4byte	0
 609              		.section	.debug_ranges,"",%progbits
 610              	.Ldebug_ranges0:
 611 0000 00000000 		.4byte	.LFB0
 612 0004 38000000 		.4byte	.LFE0
 613 0008 00000000 		.4byte	.LFB1
 614 000c 10010000 		.4byte	.LFE1
 615 0010 00000000 		.4byte	.LFB2
 616 0014 20000000 		.4byte	.LFE2
 617 0018 00000000 		.4byte	.LFB3
 618 001c 20000000 		.4byte	.LFE3
 619 0020 00000000 		.4byte	0
 620 0024 00000000 		.4byte	0
 621              		.section	.debug_line,"",%progbits
 622              	.Ldebug_line0:
 623 0000 AE000000 		.section	.debug_str,"MS",%progbits,1
 623      02005A00 
 623      00000201 
 623      FB0E0D00 
 623      01010101 
 624              	.LASF18:
 625 0000 4C43445F 		.ascii	"LCD_Character_Display_LCDPort_Read\000"
 625      43686172 
 625      61637465 
 625      725F4469 
 625      73706C61 
 626              	.LASF16:
 627 0023 76616C75 		.ascii	"value\000"
 627      6500
 628              	.LASF23:
 629 0029 73746174 		.ascii	"staticBits\000"
 629      69634269 
 629      747300
 630              	.LASF20:
 631 0034 474E5520 		.ascii	"GNU C 4.9.3 20150303 (release) [ARM/embedded-4_9-br"
 631      4320342E 
 631      392E3320 
 631      32303135 
 631      30333033 
 632 0067 616E6368 		.ascii	"anch revision 221220] -mcpu=cortex-m3 -mthumb -g -O"
 632      20726576 
ARM GAS  C:\Users\bmt\AppData\Local\Temp\ccuqtAOe.s 			page 15


 632      6973696F 
 632      6E203232 
 632      31323230 
 633 009a 30202D66 		.ascii	"0 -ffunction-sections -ffat-lto-objects\000"
 633      66756E63 
 633      74696F6E 
 633      2D736563 
 633      74696F6E 
 634              	.LASF14:
 635 00c2 4C43445F 		.ascii	"LCD_Character_Display_LCDPort_Write\000"
 635      43686172 
 635      61637465 
 635      725F4469 
 635      73706C61 
 636              	.LASF9:
 637 00e6 666C6F61 		.ascii	"float\000"
 637      7400
 638              	.LASF1:
 639 00ec 756E7369 		.ascii	"unsigned char\000"
 639      676E6564 
 639      20636861 
 639      7200
 640              	.LASF22:
 641 00fa 433A5C55 		.ascii	"C:\\Users\\bmt\\Downloads\\FreeRTOSv9.0.0\\FreeRTOS"
 641      73657273 
 641      5C626D74 
 641      5C446F77 
 641      6E6C6F61 
 642 0128 5C44656D 		.ascii	"\\Demo\\CORTEX_CY8C5588_PSoC_Creator_GCC\\FreeRTOS_"
 642      6F5C434F 
 642      52544558 
 642      5F435938 
 642      43353538 
 643 0158 44656D6F 		.ascii	"Demo.cydsn\000"
 643      2E637964 
 643      736E00
 644              	.LASF13:
 645 0163 72656738 		.ascii	"reg8\000"
 645      00
 646              	.LASF5:
 647 0168 6C6F6E67 		.ascii	"long unsigned int\000"
 647      20756E73 
 647      69676E65 
 647      6420696E 
 647      7400
 648              	.LASF3:
 649 017a 73686F72 		.ascii	"short unsigned int\000"
 649      7420756E 
 649      7369676E 
 649      65642069 
 649      6E7400
 650              	.LASF15:
 651 018d 4C43445F 		.ascii	"LCD_Character_Display_LCDPort_SetDriveMode\000"
 651      43686172 
 651      61637465 
 651      725F4469 
 651      73706C61 
ARM GAS  C:\Users\bmt\AppData\Local\Temp\ccuqtAOe.s 			page 16


 652              	.LASF10:
 653 01b8 646F7562 		.ascii	"double\000"
 653      6C6500
 654              	.LASF8:
 655 01bf 756E7369 		.ascii	"unsigned int\000"
 655      676E6564 
 655      20696E74 
 655      00
 656              	.LASF7:
 657 01cc 6C6F6E67 		.ascii	"long long unsigned int\000"
 657      206C6F6E 
 657      6720756E 
 657      7369676E 
 657      65642069 
 658              	.LASF17:
 659 01e3 6D6F6465 		.ascii	"mode\000"
 659      00
 660              	.LASF19:
 661 01e8 4C43445F 		.ascii	"LCD_Character_Display_LCDPort_ReadDataReg\000"
 661      43686172 
 661      61637465 
 661      725F4469 
 661      73706C61 
 662              	.LASF6:
 663 0212 6C6F6E67 		.ascii	"long long int\000"
 663      206C6F6E 
 663      6720696E 
 663      7400
 664              	.LASF11:
 665 0220 63686172 		.ascii	"char\000"
 665      00
 666              	.LASF2:
 667 0225 73686F72 		.ascii	"short int\000"
 667      7420696E 
 667      7400
 668              	.LASF12:
 669 022f 75696E74 		.ascii	"uint8\000"
 669      3800
 670              	.LASF21:
 671 0235 47656E65 		.ascii	"Generated_Source\\PSoC5\\LCD_Character_Display_LCDP"
 671      72617465 
 671      645F536F 
 671      75726365 
 671      5C50536F 
 672 0266 6F72742E 		.ascii	"ort.c\000"
 672      6300
 673              	.LASF4:
 674 026c 6C6F6E67 		.ascii	"long int\000"
 674      20696E74 
 674      00
 675              	.LASF0:
 676 0275 7369676E 		.ascii	"signed char\000"
 676      65642063 
 676      68617200 
 677              		.ident	"GCC: (GNU Tools for ARM Embedded Processors) 4.9.3 20150303 (release) [ARM/embedded-4_9-br
