ARM GAS  C:\Users\bmt\AppData\Local\Temp\ccBAADyQ.s 			page 1


   1              		.syntax unified
   2              		.cpu cortex-m3
   3              		.fpu softvfp
   4              		.eabi_attribute 20, 1
   5              		.eabi_attribute 21, 1
   6              		.eabi_attribute 23, 3
   7              		.eabi_attribute 24, 1
   8              		.eabi_attribute 25, 1
   9              		.eabi_attribute 26, 1
  10              		.eabi_attribute 30, 6
  11              		.eabi_attribute 34, 1
  12              		.eabi_attribute 18, 4
  13              		.thumb
  14              		.file	"LCD_Character_Display_PM.c"
  15              		.text
  16              	.Ltext0:
  17              		.cfi_sections	.debug_frame
  18              		.bss
  19              		.align	2
  20              	LCD_Character_Display_backup:
  21 0000 00       		.space	1
  22 0001 000000   		.section	.text.LCD_Character_Display_SaveConfig,"ax",%progbits
  23              		.align	2
  24              		.global	LCD_Character_Display_SaveConfig
  25              		.thumb
  26              		.thumb_func
  27              		.type	LCD_Character_Display_SaveConfig, %function
  28              	LCD_Character_Display_SaveConfig:
  29              	.LFB0:
  30              		.file 1 "Generated_Source\\PSoC5\\LCD_Character_Display_PM.c"
   1:Generated_Source\PSoC5/LCD_Character_Display_PM.c **** /*******************************************************************************
   2:Generated_Source\PSoC5/LCD_Character_Display_PM.c **** * File Name: LCD_Character_Display_PM.c
   3:Generated_Source\PSoC5/LCD_Character_Display_PM.c **** * Version 2.20
   4:Generated_Source\PSoC5/LCD_Character_Display_PM.c **** *
   5:Generated_Source\PSoC5/LCD_Character_Display_PM.c **** * Description:
   6:Generated_Source\PSoC5/LCD_Character_Display_PM.c **** *  This file provides the API source code for the Static Segment LCD component.
   7:Generated_Source\PSoC5/LCD_Character_Display_PM.c **** *
   8:Generated_Source\PSoC5/LCD_Character_Display_PM.c **** * Note:
   9:Generated_Source\PSoC5/LCD_Character_Display_PM.c **** *
  10:Generated_Source\PSoC5/LCD_Character_Display_PM.c **** ********************************************************************************
  11:Generated_Source\PSoC5/LCD_Character_Display_PM.c **** * Copyright 2008-2014, Cypress Semiconductor Corporation.  All rights reserved.
  12:Generated_Source\PSoC5/LCD_Character_Display_PM.c **** * You may use this file only in accordance with the license, terms, conditions,
  13:Generated_Source\PSoC5/LCD_Character_Display_PM.c **** * disclaimers, and limitations in the end user license agreement accompanying
  14:Generated_Source\PSoC5/LCD_Character_Display_PM.c **** * the software package with which this file was provided.
  15:Generated_Source\PSoC5/LCD_Character_Display_PM.c **** *******************************************************************************/
  16:Generated_Source\PSoC5/LCD_Character_Display_PM.c **** 
  17:Generated_Source\PSoC5/LCD_Character_Display_PM.c **** #include "LCD_Character_Display.h"
  18:Generated_Source\PSoC5/LCD_Character_Display_PM.c **** 
  19:Generated_Source\PSoC5/LCD_Character_Display_PM.c **** 
  20:Generated_Source\PSoC5/LCD_Character_Display_PM.c **** static LCD_Character_Display_BACKUP_STRUCT LCD_Character_Display_backup;
  21:Generated_Source\PSoC5/LCD_Character_Display_PM.c **** 
  22:Generated_Source\PSoC5/LCD_Character_Display_PM.c **** 
  23:Generated_Source\PSoC5/LCD_Character_Display_PM.c **** /*******************************************************************************
  24:Generated_Source\PSoC5/LCD_Character_Display_PM.c **** * Function Name: LCD_Character_Display_SaveConfig
  25:Generated_Source\PSoC5/LCD_Character_Display_PM.c **** ********************************************************************************
  26:Generated_Source\PSoC5/LCD_Character_Display_PM.c **** *
  27:Generated_Source\PSoC5/LCD_Character_Display_PM.c **** * Summary:
ARM GAS  C:\Users\bmt\AppData\Local\Temp\ccBAADyQ.s 			page 2


  28:Generated_Source\PSoC5/LCD_Character_Display_PM.c **** *  Does nothing, provided for consistency.
  29:Generated_Source\PSoC5/LCD_Character_Display_PM.c **** *
  30:Generated_Source\PSoC5/LCD_Character_Display_PM.c **** * Parameters:
  31:Generated_Source\PSoC5/LCD_Character_Display_PM.c **** *  None.
  32:Generated_Source\PSoC5/LCD_Character_Display_PM.c **** *
  33:Generated_Source\PSoC5/LCD_Character_Display_PM.c **** * Return:
  34:Generated_Source\PSoC5/LCD_Character_Display_PM.c **** *  None.
  35:Generated_Source\PSoC5/LCD_Character_Display_PM.c **** *
  36:Generated_Source\PSoC5/LCD_Character_Display_PM.c **** *******************************************************************************/
  37:Generated_Source\PSoC5/LCD_Character_Display_PM.c **** void LCD_Character_Display_SaveConfig(void) 
  38:Generated_Source\PSoC5/LCD_Character_Display_PM.c **** {
  31              		.loc 1 38 0
  32              		.cfi_startproc
  33              		@ args = 0, pretend = 0, frame = 0
  34              		@ frame_needed = 1, uses_anonymous_args = 0
  35              		@ link register save eliminated.
  36 0000 80B4     		push	{r7}
  37              		.cfi_def_cfa_offset 4
  38              		.cfi_offset 7, -4
  39 0002 00AF     		add	r7, sp, #0
  40              		.cfi_def_cfa_register 7
  39:Generated_Source\PSoC5/LCD_Character_Display_PM.c **** }
  41              		.loc 1 39 0
  42 0004 BD46     		mov	sp, r7
  43              		.cfi_def_cfa_register 13
  44              		@ sp needed
  45 0006 5DF8047B 		ldr	r7, [sp], #4
  46              		.cfi_restore 7
  47              		.cfi_def_cfa_offset 0
  48 000a 7047     		bx	lr
  49              		.cfi_endproc
  50              	.LFE0:
  51              		.size	LCD_Character_Display_SaveConfig, .-LCD_Character_Display_SaveConfig
  52              		.section	.text.LCD_Character_Display_RestoreConfig,"ax",%progbits
  53              		.align	2
  54              		.global	LCD_Character_Display_RestoreConfig
  55              		.thumb
  56              		.thumb_func
  57              		.type	LCD_Character_Display_RestoreConfig, %function
  58              	LCD_Character_Display_RestoreConfig:
  59              	.LFB1:
  40:Generated_Source\PSoC5/LCD_Character_Display_PM.c **** 
  41:Generated_Source\PSoC5/LCD_Character_Display_PM.c **** 
  42:Generated_Source\PSoC5/LCD_Character_Display_PM.c **** /*******************************************************************************
  43:Generated_Source\PSoC5/LCD_Character_Display_PM.c **** * Function Name: LCD_Character_Display_RestoreConfig
  44:Generated_Source\PSoC5/LCD_Character_Display_PM.c **** ********************************************************************************
  45:Generated_Source\PSoC5/LCD_Character_Display_PM.c **** *
  46:Generated_Source\PSoC5/LCD_Character_Display_PM.c **** * Summary:
  47:Generated_Source\PSoC5/LCD_Character_Display_PM.c **** *  Does nothing, provided for consistency.
  48:Generated_Source\PSoC5/LCD_Character_Display_PM.c **** *
  49:Generated_Source\PSoC5/LCD_Character_Display_PM.c **** * Parameters:
  50:Generated_Source\PSoC5/LCD_Character_Display_PM.c **** *  None.
  51:Generated_Source\PSoC5/LCD_Character_Display_PM.c **** *
  52:Generated_Source\PSoC5/LCD_Character_Display_PM.c **** * Return:
  53:Generated_Source\PSoC5/LCD_Character_Display_PM.c **** *  None.
  54:Generated_Source\PSoC5/LCD_Character_Display_PM.c **** *
  55:Generated_Source\PSoC5/LCD_Character_Display_PM.c **** *******************************************************************************/
ARM GAS  C:\Users\bmt\AppData\Local\Temp\ccBAADyQ.s 			page 3


  56:Generated_Source\PSoC5/LCD_Character_Display_PM.c **** void LCD_Character_Display_RestoreConfig(void) 
  57:Generated_Source\PSoC5/LCD_Character_Display_PM.c **** {
  60              		.loc 1 57 0
  61              		.cfi_startproc
  62              		@ args = 0, pretend = 0, frame = 0
  63              		@ frame_needed = 1, uses_anonymous_args = 0
  64              		@ link register save eliminated.
  65 0000 80B4     		push	{r7}
  66              		.cfi_def_cfa_offset 4
  67              		.cfi_offset 7, -4
  68 0002 00AF     		add	r7, sp, #0
  69              		.cfi_def_cfa_register 7
  58:Generated_Source\PSoC5/LCD_Character_Display_PM.c **** }
  70              		.loc 1 58 0
  71 0004 BD46     		mov	sp, r7
  72              		.cfi_def_cfa_register 13
  73              		@ sp needed
  74 0006 5DF8047B 		ldr	r7, [sp], #4
  75              		.cfi_restore 7
  76              		.cfi_def_cfa_offset 0
  77 000a 7047     		bx	lr
  78              		.cfi_endproc
  79              	.LFE1:
  80              		.size	LCD_Character_Display_RestoreConfig, .-LCD_Character_Display_RestoreConfig
  81              		.section	.text.LCD_Character_Display_Sleep,"ax",%progbits
  82              		.align	2
  83              		.global	LCD_Character_Display_Sleep
  84              		.thumb
  85              		.thumb_func
  86              		.type	LCD_Character_Display_Sleep, %function
  87              	LCD_Character_Display_Sleep:
  88              	.LFB2:
  59:Generated_Source\PSoC5/LCD_Character_Display_PM.c **** 
  60:Generated_Source\PSoC5/LCD_Character_Display_PM.c **** 
  61:Generated_Source\PSoC5/LCD_Character_Display_PM.c **** /*******************************************************************************
  62:Generated_Source\PSoC5/LCD_Character_Display_PM.c **** * Function Name: LCD_Character_Display_Sleep
  63:Generated_Source\PSoC5/LCD_Character_Display_PM.c **** ********************************************************************************
  64:Generated_Source\PSoC5/LCD_Character_Display_PM.c **** *
  65:Generated_Source\PSoC5/LCD_Character_Display_PM.c **** * Summary:
  66:Generated_Source\PSoC5/LCD_Character_Display_PM.c **** *  Prepares the component for entering the sleep mode.
  67:Generated_Source\PSoC5/LCD_Character_Display_PM.c **** *
  68:Generated_Source\PSoC5/LCD_Character_Display_PM.c **** * Parameters:
  69:Generated_Source\PSoC5/LCD_Character_Display_PM.c **** *  None.
  70:Generated_Source\PSoC5/LCD_Character_Display_PM.c **** *
  71:Generated_Source\PSoC5/LCD_Character_Display_PM.c **** * Return:
  72:Generated_Source\PSoC5/LCD_Character_Display_PM.c **** *  None.
  73:Generated_Source\PSoC5/LCD_Character_Display_PM.c **** *
  74:Generated_Source\PSoC5/LCD_Character_Display_PM.c **** * Reentrant:
  75:Generated_Source\PSoC5/LCD_Character_Display_PM.c **** *  No.
  76:Generated_Source\PSoC5/LCD_Character_Display_PM.c **** *
  77:Generated_Source\PSoC5/LCD_Character_Display_PM.c **** *******************************************************************************/
  78:Generated_Source\PSoC5/LCD_Character_Display_PM.c **** void LCD_Character_Display_Sleep(void) 
  79:Generated_Source\PSoC5/LCD_Character_Display_PM.c **** {
  89              		.loc 1 79 0
  90              		.cfi_startproc
  91              		@ args = 0, pretend = 0, frame = 0
  92              		@ frame_needed = 1, uses_anonymous_args = 0
ARM GAS  C:\Users\bmt\AppData\Local\Temp\ccBAADyQ.s 			page 4


  93 0000 80B5     		push	{r7, lr}
  94              		.cfi_def_cfa_offset 8
  95              		.cfi_offset 7, -8
  96              		.cfi_offset 14, -4
  97 0002 00AF     		add	r7, sp, #0
  98              		.cfi_def_cfa_register 7
  80:Generated_Source\PSoC5/LCD_Character_Display_PM.c ****     LCD_Character_Display_backup.enableState = LCD_Character_Display_enableState;
  99              		.loc 1 80 0
 100 0004 044B     		ldr	r3, .L4
 101 0006 1A78     		ldrb	r2, [r3]	@ zero_extendqisi2
 102 0008 044B     		ldr	r3, .L4+4
 103 000a 1A70     		strb	r2, [r3]
  81:Generated_Source\PSoC5/LCD_Character_Display_PM.c ****     LCD_Character_Display_SaveConfig();
 104              		.loc 1 81 0
 105 000c FFF7FEFF 		bl	LCD_Character_Display_SaveConfig
  82:Generated_Source\PSoC5/LCD_Character_Display_PM.c ****     LCD_Character_Display_Stop();
 106              		.loc 1 82 0
 107 0010 FFF7FEFF 		bl	LCD_Character_Display_Stop
  83:Generated_Source\PSoC5/LCD_Character_Display_PM.c **** }
 108              		.loc 1 83 0
 109 0014 80BD     		pop	{r7, pc}
 110              	.L5:
 111 0016 00BF     		.align	2
 112              	.L4:
 113 0018 00000000 		.word	LCD_Character_Display_enableState
 114 001c 00000000 		.word	LCD_Character_Display_backup
 115              		.cfi_endproc
 116              	.LFE2:
 117              		.size	LCD_Character_Display_Sleep, .-LCD_Character_Display_Sleep
 118              		.section	.text.LCD_Character_Display_Wakeup,"ax",%progbits
 119              		.align	2
 120              		.global	LCD_Character_Display_Wakeup
 121              		.thumb
 122              		.thumb_func
 123              		.type	LCD_Character_Display_Wakeup, %function
 124              	LCD_Character_Display_Wakeup:
 125              	.LFB3:
  84:Generated_Source\PSoC5/LCD_Character_Display_PM.c **** 
  85:Generated_Source\PSoC5/LCD_Character_Display_PM.c **** 
  86:Generated_Source\PSoC5/LCD_Character_Display_PM.c **** /*******************************************************************************
  87:Generated_Source\PSoC5/LCD_Character_Display_PM.c **** * Function Name: LCD_Character_Display_Wakeup
  88:Generated_Source\PSoC5/LCD_Character_Display_PM.c **** ********************************************************************************
  89:Generated_Source\PSoC5/LCD_Character_Display_PM.c **** *
  90:Generated_Source\PSoC5/LCD_Character_Display_PM.c **** * Summary:
  91:Generated_Source\PSoC5/LCD_Character_Display_PM.c **** *  Wakes the component from sleep mode. Configures DMA and enables the component
  92:Generated_Source\PSoC5/LCD_Character_Display_PM.c **** *  for normal operation.
  93:Generated_Source\PSoC5/LCD_Character_Display_PM.c **** *
  94:Generated_Source\PSoC5/LCD_Character_Display_PM.c **** * Parameters:
  95:Generated_Source\PSoC5/LCD_Character_Display_PM.c **** *  LCD_Character_Display_enableState - Global variable.
  96:Generated_Source\PSoC5/LCD_Character_Display_PM.c **** *
  97:Generated_Source\PSoC5/LCD_Character_Display_PM.c **** * Return:
  98:Generated_Source\PSoC5/LCD_Character_Display_PM.c **** *  Status one of standard status for PSoC3 Component
  99:Generated_Source\PSoC5/LCD_Character_Display_PM.c **** *       CYRET_SUCCESS - Function completed successfully.
 100:Generated_Source\PSoC5/LCD_Character_Display_PM.c **** *       CYRET_LOCKED - The object was locked, already in use. Some of TDs or
 101:Generated_Source\PSoC5/LCD_Character_Display_PM.c **** *                      a channel already in use.
 102:Generated_Source\PSoC5/LCD_Character_Display_PM.c **** *
 103:Generated_Source\PSoC5/LCD_Character_Display_PM.c **** * Reentrant:
ARM GAS  C:\Users\bmt\AppData\Local\Temp\ccBAADyQ.s 			page 5


 104:Generated_Source\PSoC5/LCD_Character_Display_PM.c **** *  No.
 105:Generated_Source\PSoC5/LCD_Character_Display_PM.c **** *
 106:Generated_Source\PSoC5/LCD_Character_Display_PM.c **** *******************************************************************************/
 107:Generated_Source\PSoC5/LCD_Character_Display_PM.c **** void LCD_Character_Display_Wakeup(void) 
 108:Generated_Source\PSoC5/LCD_Character_Display_PM.c **** {
 126              		.loc 1 108 0
 127              		.cfi_startproc
 128              		@ args = 0, pretend = 0, frame = 0
 129              		@ frame_needed = 1, uses_anonymous_args = 0
 130 0000 80B5     		push	{r7, lr}
 131              		.cfi_def_cfa_offset 8
 132              		.cfi_offset 7, -8
 133              		.cfi_offset 14, -4
 134 0002 00AF     		add	r7, sp, #0
 135              		.cfi_def_cfa_register 7
 109:Generated_Source\PSoC5/LCD_Character_Display_PM.c ****     LCD_Character_Display_RestoreConfig();
 136              		.loc 1 109 0
 137 0004 FFF7FEFF 		bl	LCD_Character_Display_RestoreConfig
 110:Generated_Source\PSoC5/LCD_Character_Display_PM.c **** 
 111:Generated_Source\PSoC5/LCD_Character_Display_PM.c ****     if(LCD_Character_Display_backup.enableState == 1u)
 138              		.loc 1 111 0
 139 0008 034B     		ldr	r3, .L8
 140 000a 1B78     		ldrb	r3, [r3]	@ zero_extendqisi2
 141 000c 012B     		cmp	r3, #1
 142 000e 01D1     		bne	.L6
 112:Generated_Source\PSoC5/LCD_Character_Display_PM.c ****     {
 113:Generated_Source\PSoC5/LCD_Character_Display_PM.c ****         LCD_Character_Display_Enable();
 143              		.loc 1 113 0
 144 0010 FFF7FEFF 		bl	LCD_Character_Display_Enable
 145              	.L6:
 114:Generated_Source\PSoC5/LCD_Character_Display_PM.c ****     }
 115:Generated_Source\PSoC5/LCD_Character_Display_PM.c **** }
 146              		.loc 1 115 0
 147 0014 80BD     		pop	{r7, pc}
 148              	.L9:
 149 0016 00BF     		.align	2
 150              	.L8:
 151 0018 00000000 		.word	LCD_Character_Display_backup
 152              		.cfi_endproc
 153              	.LFE3:
 154              		.size	LCD_Character_Display_Wakeup, .-LCD_Character_Display_Wakeup
 155              		.text
 156              	.Letext0:
 157              		.file 2 "Generated_Source\\PSoC5\\cytypes.h"
 158              		.file 3 "Generated_Source\\PSoC5\\LCD_Character_Display.h"
 159              		.section	.debug_info,"",%progbits
 160              	.Ldebug_info0:
 161 0000 09010000 		.4byte	0x109
 162 0004 0400     		.2byte	0x4
 163 0006 00000000 		.4byte	.Ldebug_abbrev0
 164 000a 04       		.byte	0x4
 165 000b 01       		.uleb128 0x1
 166 000c 00000000 		.4byte	.LASF18
 167 0010 01       		.byte	0x1
 168 0011 8E000000 		.4byte	.LASF19
 169 0015 D4000000 		.4byte	.LASF20
 170 0019 00000000 		.4byte	.Ldebug_ranges0+0
ARM GAS  C:\Users\bmt\AppData\Local\Temp\ccBAADyQ.s 			page 6


 171 001d 00000000 		.4byte	0
 172 0021 00000000 		.4byte	.Ldebug_line0
 173 0025 02       		.uleb128 0x2
 174 0026 01       		.byte	0x1
 175 0027 06       		.byte	0x6
 176 0028 68020000 		.4byte	.LASF0
 177 002c 02       		.uleb128 0x2
 178 002d 01       		.byte	0x1
 179 002e 08       		.byte	0x8
 180 002f C6000000 		.4byte	.LASF1
 181 0033 02       		.uleb128 0x2
 182 0034 02       		.byte	0x2
 183 0035 05       		.byte	0x5
 184 0036 03020000 		.4byte	.LASF2
 185 003a 02       		.uleb128 0x2
 186 003b 02       		.byte	0x2
 187 003c 07       		.byte	0x7
 188 003d 4F010000 		.4byte	.LASF3
 189 0041 02       		.uleb128 0x2
 190 0042 04       		.byte	0x4
 191 0043 05       		.byte	0x5
 192 0044 37020000 		.4byte	.LASF4
 193 0048 02       		.uleb128 0x2
 194 0049 04       		.byte	0x4
 195 004a 07       		.byte	0x7
 196 004b 3D010000 		.4byte	.LASF5
 197 004f 02       		.uleb128 0x2
 198 0050 08       		.byte	0x8
 199 0051 05       		.byte	0x5
 200 0052 F0010000 		.4byte	.LASF6
 201 0056 02       		.uleb128 0x2
 202 0057 08       		.byte	0x8
 203 0058 07       		.byte	0x7
 204 0059 9A010000 		.4byte	.LASF7
 205 005d 03       		.uleb128 0x3
 206 005e 04       		.byte	0x4
 207 005f 05       		.byte	0x5
 208 0060 696E7400 		.ascii	"int\000"
 209 0064 02       		.uleb128 0x2
 210 0065 04       		.byte	0x4
 211 0066 07       		.byte	0x7
 212 0067 8D010000 		.4byte	.LASF8
 213 006b 04       		.uleb128 0x4
 214 006c 0D020000 		.4byte	.LASF12
 215 0070 02       		.byte	0x2
 216 0071 9201     		.2byte	0x192
 217 0073 2C000000 		.4byte	0x2c
 218 0077 02       		.uleb128 0x2
 219 0078 04       		.byte	0x4
 220 0079 04       		.byte	0x4
 221 007a C0000000 		.4byte	.LASF9
 222 007e 02       		.uleb128 0x2
 223 007f 08       		.byte	0x8
 224 0080 04       		.byte	0x4
 225 0081 86010000 		.4byte	.LASF10
 226 0085 02       		.uleb128 0x2
 227 0086 01       		.byte	0x1
ARM GAS  C:\Users\bmt\AppData\Local\Temp\ccBAADyQ.s 			page 7


 228 0087 08       		.byte	0x8
 229 0088 FE010000 		.4byte	.LASF11
 230 008c 05       		.uleb128 0x5
 231 008d 01       		.byte	0x1
 232 008e 03       		.byte	0x3
 233 008f 2C       		.byte	0x2c
 234 0090 A1000000 		.4byte	0xa1
 235 0094 06       		.uleb128 0x6
 236 0095 40020000 		.4byte	.LASF21
 237 0099 03       		.byte	0x3
 238 009a 2E       		.byte	0x2e
 239 009b 6B000000 		.4byte	0x6b
 240 009f 00       		.byte	0
 241 00a0 00       		.byte	0
 242 00a1 07       		.uleb128 0x7
 243 00a2 62010000 		.4byte	.LASF13
 244 00a6 03       		.byte	0x3
 245 00a7 2F       		.byte	0x2f
 246 00a8 8C000000 		.4byte	0x8c
 247 00ac 08       		.uleb128 0x8
 248 00ad 91020000 		.4byte	.LASF14
 249 00b1 01       		.byte	0x1
 250 00b2 25       		.byte	0x25
 251 00b3 00000000 		.4byte	.LFB0
 252 00b7 0C000000 		.4byte	.LFE0-.LFB0
 253 00bb 01       		.uleb128 0x1
 254 00bc 9C       		.byte	0x9c
 255 00bd 08       		.uleb128 0x8
 256 00be 13020000 		.4byte	.LASF15
 257 00c2 01       		.byte	0x1
 258 00c3 38       		.byte	0x38
 259 00c4 00000000 		.4byte	.LFB1
 260 00c8 0C000000 		.4byte	.LFE1-.LFB1
 261 00cc 01       		.uleb128 0x1
 262 00cd 9C       		.byte	0x9c
 263 00ce 09       		.uleb128 0x9
 264 00cf 4C020000 		.4byte	.LASF16
 265 00d3 01       		.byte	0x1
 266 00d4 4E       		.byte	0x4e
 267 00d5 00000000 		.4byte	.LFB2
 268 00d9 20000000 		.4byte	.LFE2-.LFB2
 269 00dd 01       		.uleb128 0x1
 270 00de 9C       		.byte	0x9c
 271 00df 09       		.uleb128 0x9
 272 00e0 74020000 		.4byte	.LASF17
 273 00e4 01       		.byte	0x1
 274 00e5 6B       		.byte	0x6b
 275 00e6 00000000 		.4byte	.LFB3
 276 00ea 1C000000 		.4byte	.LFE3-.LFB3
 277 00ee 01       		.uleb128 0x1
 278 00ef 9C       		.byte	0x9c
 279 00f0 0A       		.uleb128 0xa
 280 00f1 D3010000 		.4byte	.LASF22
 281 00f5 01       		.byte	0x1
 282 00f6 14       		.byte	0x14
 283 00f7 A1000000 		.4byte	0xa1
 284 00fb 05       		.uleb128 0x5
ARM GAS  C:\Users\bmt\AppData\Local\Temp\ccBAADyQ.s 			page 8


 285 00fc 03       		.byte	0x3
 286 00fd 00000000 		.4byte	LCD_Character_Display_backup
 287 0101 0B       		.uleb128 0xb
 288 0102 B1010000 		.4byte	.LASF23
 289 0106 03       		.byte	0x3
 290 0107 76       		.byte	0x76
 291 0108 6B000000 		.4byte	0x6b
 292 010c 00       		.byte	0
 293              		.section	.debug_abbrev,"",%progbits
 294              	.Ldebug_abbrev0:
 295 0000 01       		.uleb128 0x1
 296 0001 11       		.uleb128 0x11
 297 0002 01       		.byte	0x1
 298 0003 25       		.uleb128 0x25
 299 0004 0E       		.uleb128 0xe
 300 0005 13       		.uleb128 0x13
 301 0006 0B       		.uleb128 0xb
 302 0007 03       		.uleb128 0x3
 303 0008 0E       		.uleb128 0xe
 304 0009 1B       		.uleb128 0x1b
 305 000a 0E       		.uleb128 0xe
 306 000b 55       		.uleb128 0x55
 307 000c 17       		.uleb128 0x17
 308 000d 11       		.uleb128 0x11
 309 000e 01       		.uleb128 0x1
 310 000f 10       		.uleb128 0x10
 311 0010 17       		.uleb128 0x17
 312 0011 00       		.byte	0
 313 0012 00       		.byte	0
 314 0013 02       		.uleb128 0x2
 315 0014 24       		.uleb128 0x24
 316 0015 00       		.byte	0
 317 0016 0B       		.uleb128 0xb
 318 0017 0B       		.uleb128 0xb
 319 0018 3E       		.uleb128 0x3e
 320 0019 0B       		.uleb128 0xb
 321 001a 03       		.uleb128 0x3
 322 001b 0E       		.uleb128 0xe
 323 001c 00       		.byte	0
 324 001d 00       		.byte	0
 325 001e 03       		.uleb128 0x3
 326 001f 24       		.uleb128 0x24
 327 0020 00       		.byte	0
 328 0021 0B       		.uleb128 0xb
 329 0022 0B       		.uleb128 0xb
 330 0023 3E       		.uleb128 0x3e
 331 0024 0B       		.uleb128 0xb
 332 0025 03       		.uleb128 0x3
 333 0026 08       		.uleb128 0x8
 334 0027 00       		.byte	0
 335 0028 00       		.byte	0
 336 0029 04       		.uleb128 0x4
 337 002a 16       		.uleb128 0x16
 338 002b 00       		.byte	0
 339 002c 03       		.uleb128 0x3
 340 002d 0E       		.uleb128 0xe
 341 002e 3A       		.uleb128 0x3a
ARM GAS  C:\Users\bmt\AppData\Local\Temp\ccBAADyQ.s 			page 9


 342 002f 0B       		.uleb128 0xb
 343 0030 3B       		.uleb128 0x3b
 344 0031 05       		.uleb128 0x5
 345 0032 49       		.uleb128 0x49
 346 0033 13       		.uleb128 0x13
 347 0034 00       		.byte	0
 348 0035 00       		.byte	0
 349 0036 05       		.uleb128 0x5
 350 0037 13       		.uleb128 0x13
 351 0038 01       		.byte	0x1
 352 0039 0B       		.uleb128 0xb
 353 003a 0B       		.uleb128 0xb
 354 003b 3A       		.uleb128 0x3a
 355 003c 0B       		.uleb128 0xb
 356 003d 3B       		.uleb128 0x3b
 357 003e 0B       		.uleb128 0xb
 358 003f 01       		.uleb128 0x1
 359 0040 13       		.uleb128 0x13
 360 0041 00       		.byte	0
 361 0042 00       		.byte	0
 362 0043 06       		.uleb128 0x6
 363 0044 0D       		.uleb128 0xd
 364 0045 00       		.byte	0
 365 0046 03       		.uleb128 0x3
 366 0047 0E       		.uleb128 0xe
 367 0048 3A       		.uleb128 0x3a
 368 0049 0B       		.uleb128 0xb
 369 004a 3B       		.uleb128 0x3b
 370 004b 0B       		.uleb128 0xb
 371 004c 49       		.uleb128 0x49
 372 004d 13       		.uleb128 0x13
 373 004e 38       		.uleb128 0x38
 374 004f 0B       		.uleb128 0xb
 375 0050 00       		.byte	0
 376 0051 00       		.byte	0
 377 0052 07       		.uleb128 0x7
 378 0053 16       		.uleb128 0x16
 379 0054 00       		.byte	0
 380 0055 03       		.uleb128 0x3
 381 0056 0E       		.uleb128 0xe
 382 0057 3A       		.uleb128 0x3a
 383 0058 0B       		.uleb128 0xb
 384 0059 3B       		.uleb128 0x3b
 385 005a 0B       		.uleb128 0xb
 386 005b 49       		.uleb128 0x49
 387 005c 13       		.uleb128 0x13
 388 005d 00       		.byte	0
 389 005e 00       		.byte	0
 390 005f 08       		.uleb128 0x8
 391 0060 2E       		.uleb128 0x2e
 392 0061 00       		.byte	0
 393 0062 3F       		.uleb128 0x3f
 394 0063 19       		.uleb128 0x19
 395 0064 03       		.uleb128 0x3
 396 0065 0E       		.uleb128 0xe
 397 0066 3A       		.uleb128 0x3a
 398 0067 0B       		.uleb128 0xb
ARM GAS  C:\Users\bmt\AppData\Local\Temp\ccBAADyQ.s 			page 10


 399 0068 3B       		.uleb128 0x3b
 400 0069 0B       		.uleb128 0xb
 401 006a 27       		.uleb128 0x27
 402 006b 19       		.uleb128 0x19
 403 006c 11       		.uleb128 0x11
 404 006d 01       		.uleb128 0x1
 405 006e 12       		.uleb128 0x12
 406 006f 06       		.uleb128 0x6
 407 0070 40       		.uleb128 0x40
 408 0071 18       		.uleb128 0x18
 409 0072 9742     		.uleb128 0x2117
 410 0074 19       		.uleb128 0x19
 411 0075 00       		.byte	0
 412 0076 00       		.byte	0
 413 0077 09       		.uleb128 0x9
 414 0078 2E       		.uleb128 0x2e
 415 0079 00       		.byte	0
 416 007a 3F       		.uleb128 0x3f
 417 007b 19       		.uleb128 0x19
 418 007c 03       		.uleb128 0x3
 419 007d 0E       		.uleb128 0xe
 420 007e 3A       		.uleb128 0x3a
 421 007f 0B       		.uleb128 0xb
 422 0080 3B       		.uleb128 0x3b
 423 0081 0B       		.uleb128 0xb
 424 0082 27       		.uleb128 0x27
 425 0083 19       		.uleb128 0x19
 426 0084 11       		.uleb128 0x11
 427 0085 01       		.uleb128 0x1
 428 0086 12       		.uleb128 0x12
 429 0087 06       		.uleb128 0x6
 430 0088 40       		.uleb128 0x40
 431 0089 18       		.uleb128 0x18
 432 008a 9642     		.uleb128 0x2116
 433 008c 19       		.uleb128 0x19
 434 008d 00       		.byte	0
 435 008e 00       		.byte	0
 436 008f 0A       		.uleb128 0xa
 437 0090 34       		.uleb128 0x34
 438 0091 00       		.byte	0
 439 0092 03       		.uleb128 0x3
 440 0093 0E       		.uleb128 0xe
 441 0094 3A       		.uleb128 0x3a
 442 0095 0B       		.uleb128 0xb
 443 0096 3B       		.uleb128 0x3b
 444 0097 0B       		.uleb128 0xb
 445 0098 49       		.uleb128 0x49
 446 0099 13       		.uleb128 0x13
 447 009a 02       		.uleb128 0x2
 448 009b 18       		.uleb128 0x18
 449 009c 00       		.byte	0
 450 009d 00       		.byte	0
 451 009e 0B       		.uleb128 0xb
 452 009f 34       		.uleb128 0x34
 453 00a0 00       		.byte	0
 454 00a1 03       		.uleb128 0x3
 455 00a2 0E       		.uleb128 0xe
ARM GAS  C:\Users\bmt\AppData\Local\Temp\ccBAADyQ.s 			page 11


 456 00a3 3A       		.uleb128 0x3a
 457 00a4 0B       		.uleb128 0xb
 458 00a5 3B       		.uleb128 0x3b
 459 00a6 0B       		.uleb128 0xb
 460 00a7 49       		.uleb128 0x49
 461 00a8 13       		.uleb128 0x13
 462 00a9 3F       		.uleb128 0x3f
 463 00aa 19       		.uleb128 0x19
 464 00ab 3C       		.uleb128 0x3c
 465 00ac 19       		.uleb128 0x19
 466 00ad 00       		.byte	0
 467 00ae 00       		.byte	0
 468 00af 00       		.byte	0
 469              		.section	.debug_aranges,"",%progbits
 470 0000 34000000 		.4byte	0x34
 471 0004 0200     		.2byte	0x2
 472 0006 00000000 		.4byte	.Ldebug_info0
 473 000a 04       		.byte	0x4
 474 000b 00       		.byte	0
 475 000c 0000     		.2byte	0
 476 000e 0000     		.2byte	0
 477 0010 00000000 		.4byte	.LFB0
 478 0014 0C000000 		.4byte	.LFE0-.LFB0
 479 0018 00000000 		.4byte	.LFB1
 480 001c 0C000000 		.4byte	.LFE1-.LFB1
 481 0020 00000000 		.4byte	.LFB2
 482 0024 20000000 		.4byte	.LFE2-.LFB2
 483 0028 00000000 		.4byte	.LFB3
 484 002c 1C000000 		.4byte	.LFE3-.LFB3
 485 0030 00000000 		.4byte	0
 486 0034 00000000 		.4byte	0
 487              		.section	.debug_ranges,"",%progbits
 488              	.Ldebug_ranges0:
 489 0000 00000000 		.4byte	.LFB0
 490 0004 0C000000 		.4byte	.LFE0
 491 0008 00000000 		.4byte	.LFB1
 492 000c 0C000000 		.4byte	.LFE1
 493 0010 00000000 		.4byte	.LFB2
 494 0014 20000000 		.4byte	.LFE2
 495 0018 00000000 		.4byte	.LFB3
 496 001c 1C000000 		.4byte	.LFE3
 497 0020 00000000 		.4byte	0
 498 0024 00000000 		.4byte	0
 499              		.section	.debug_line,"",%progbits
 500              	.Ldebug_line0:
 501 0000 BE000000 		.section	.debug_str,"MS",%progbits,1
 501      02007000 
 501      00000201 
 501      FB0E0D00 
 501      01010101 
 502              	.LASF18:
 503 0000 474E5520 		.ascii	"GNU C 4.9.3 20150303 (release) [ARM/embedded-4_9-br"
 503      4320342E 
 503      392E3320 
 503      32303135 
 503      30333033 
 504 0033 616E6368 		.ascii	"anch revision 221220] -mcpu=cortex-m3 -mthumb -g -O"
ARM GAS  C:\Users\bmt\AppData\Local\Temp\ccBAADyQ.s 			page 12


 504      20726576 
 504      6973696F 
 504      6E203232 
 504      31323230 
 505 0066 30202D66 		.ascii	"0 -ffunction-sections -ffat-lto-objects\000"
 505      66756E63 
 505      74696F6E 
 505      2D736563 
 505      74696F6E 
 506              	.LASF19:
 507 008e 47656E65 		.ascii	"Generated_Source\\PSoC5\\LCD_Character_Display_PM.c"
 507      72617465 
 507      645F536F 
 507      75726365 
 507      5C50536F 
 508 00bf 00       		.ascii	"\000"
 509              	.LASF9:
 510 00c0 666C6F61 		.ascii	"float\000"
 510      7400
 511              	.LASF1:
 512 00c6 756E7369 		.ascii	"unsigned char\000"
 512      676E6564 
 512      20636861 
 512      7200
 513              	.LASF20:
 514 00d4 433A5C55 		.ascii	"C:\\Users\\bmt\\Downloads\\FreeRTOSv9.0.0\\FreeRTOS"
 514      73657273 
 514      5C626D74 
 514      5C446F77 
 514      6E6C6F61 
 515 0102 5C44656D 		.ascii	"\\Demo\\CORTEX_CY8C5588_PSoC_Creator_GCC\\FreeRTOS_"
 515      6F5C434F 
 515      52544558 
 515      5F435938 
 515      43353538 
 516 0132 44656D6F 		.ascii	"Demo.cydsn\000"
 516      2E637964 
 516      736E00
 517              	.LASF5:
 518 013d 6C6F6E67 		.ascii	"long unsigned int\000"
 518      20756E73 
 518      69676E65 
 518      6420696E 
 518      7400
 519              	.LASF3:
 520 014f 73686F72 		.ascii	"short unsigned int\000"
 520      7420756E 
 520      7369676E 
 520      65642069 
 520      6E7400
 521              	.LASF13:
 522 0162 4C43445F 		.ascii	"LCD_Character_Display_BACKUP_STRUCT\000"
 522      43686172 
 522      61637465 
 522      725F4469 
 522      73706C61 
 523              	.LASF10:
ARM GAS  C:\Users\bmt\AppData\Local\Temp\ccBAADyQ.s 			page 13


 524 0186 646F7562 		.ascii	"double\000"
 524      6C6500
 525              	.LASF8:
 526 018d 756E7369 		.ascii	"unsigned int\000"
 526      676E6564 
 526      20696E74 
 526      00
 527              	.LASF7:
 528 019a 6C6F6E67 		.ascii	"long long unsigned int\000"
 528      206C6F6E 
 528      6720756E 
 528      7369676E 
 528      65642069 
 529              	.LASF23:
 530 01b1 4C43445F 		.ascii	"LCD_Character_Display_enableState\000"
 530      43686172 
 530      61637465 
 530      725F4469 
 530      73706C61 
 531              	.LASF22:
 532 01d3 4C43445F 		.ascii	"LCD_Character_Display_backup\000"
 532      43686172 
 532      61637465 
 532      725F4469 
 532      73706C61 
 533              	.LASF6:
 534 01f0 6C6F6E67 		.ascii	"long long int\000"
 534      206C6F6E 
 534      6720696E 
 534      7400
 535              	.LASF11:
 536 01fe 63686172 		.ascii	"char\000"
 536      00
 537              	.LASF2:
 538 0203 73686F72 		.ascii	"short int\000"
 538      7420696E 
 538      7400
 539              	.LASF12:
 540 020d 75696E74 		.ascii	"uint8\000"
 540      3800
 541              	.LASF15:
 542 0213 4C43445F 		.ascii	"LCD_Character_Display_RestoreConfig\000"
 542      43686172 
 542      61637465 
 542      725F4469 
 542      73706C61 
 543              	.LASF4:
 544 0237 6C6F6E67 		.ascii	"long int\000"
 544      20696E74 
 544      00
 545              	.LASF21:
 546 0240 656E6162 		.ascii	"enableState\000"
 546      6C655374 
 546      61746500 
 547              	.LASF16:
 548 024c 4C43445F 		.ascii	"LCD_Character_Display_Sleep\000"
 548      43686172 
ARM GAS  C:\Users\bmt\AppData\Local\Temp\ccBAADyQ.s 			page 14


 548      61637465 
 548      725F4469 
 548      73706C61 
 549              	.LASF0:
 550 0268 7369676E 		.ascii	"signed char\000"
 550      65642063 
 550      68617200 
 551              	.LASF17:
 552 0274 4C43445F 		.ascii	"LCD_Character_Display_Wakeup\000"
 552      43686172 
 552      61637465 
 552      725F4469 
 552      73706C61 
 553              	.LASF14:
 554 0291 4C43445F 		.ascii	"LCD_Character_Display_SaveConfig\000"
 554      43686172 
 554      61637465 
 554      725F4469 
 554      73706C61 
 555              		.ident	"GCC: (GNU Tools for ARM Embedded Processors) 4.9.3 20150303 (release) [ARM/embedded-4_9-br
