ARM GAS  C:\Users\bmt\AppData\Local\Temp\cciAtTFk.s 			page 1


   1              		.syntax unified
   2              		.cpu cortex-m3
   3              		.fpu softvfp
   4              		.eabi_attribute 20, 1
   5              		.eabi_attribute 21, 1
   6              		.eabi_attribute 23, 3
   7              		.eabi_attribute 24, 1
   8              		.eabi_attribute 25, 1
   9              		.eabi_attribute 26, 1
  10              		.eabi_attribute 30, 6
  11              		.eabi_attribute 34, 1
  12              		.eabi_attribute 18, 4
  13              		.thumb
  14              		.file	"UART_1_INT.c"
  15              		.text
  16              	.Ltext0:
  17              		.cfi_sections	.debug_frame
  18              	.Letext0:
  19              		.section	.debug_info,"",%progbits
  20              	.Ldebug_info0:
  21 0000 7C000000 		.4byte	0x7c
  22 0004 0400     		.2byte	0x4
  23 0006 00000000 		.4byte	.Ldebug_abbrev0
  24 000a 04       		.byte	0x4
  25 000b 01       		.uleb128 0x1
  26 000c 60000000 		.4byte	.LASF13
  27 0010 01       		.byte	0x1
  28 0011 EE000000 		.4byte	.LASF14
  29 0015 51010000 		.4byte	.LASF15
  30 0019 00000000 		.4byte	.Ldebug_line0
  31 001d 02       		.uleb128 0x2
  32 001e 01       		.byte	0x1
  33 001f 06       		.byte	0x6
  34 0020 2C010000 		.4byte	.LASF0
  35 0024 02       		.uleb128 0x2
  36 0025 01       		.byte	0x1
  37 0026 08       		.byte	0x8
  38 0027 44000000 		.4byte	.LASF1
  39 002b 02       		.uleb128 0x2
  40 002c 02       		.byte	0x2
  41 002d 05       		.byte	0x5
  42 002e 3E010000 		.4byte	.LASF2
  43 0032 02       		.uleb128 0x2
  44 0033 02       		.byte	0x2
  45 0034 07       		.byte	0x7
  46 0035 19010000 		.4byte	.LASF3
  47 0039 02       		.uleb128 0x2
  48 003a 04       		.byte	0x4
  49 003b 05       		.byte	0x5
  50 003c 57000000 		.4byte	.LASF4
  51 0040 02       		.uleb128 0x2
  52 0041 04       		.byte	0x4
  53 0042 07       		.byte	0x7
  54 0043 1B000000 		.4byte	.LASF5
  55 0047 02       		.uleb128 0x2
  56 0048 08       		.byte	0x8
  57 0049 05       		.byte	0x5
ARM GAS  C:\Users\bmt\AppData\Local\Temp\cciAtTFk.s 			page 2


  58 004a 00000000 		.4byte	.LASF6
  59 004e 02       		.uleb128 0x2
  60 004f 08       		.byte	0x8
  61 0050 07       		.byte	0x7
  62 0051 2D000000 		.4byte	.LASF7
  63 0055 03       		.uleb128 0x3
  64 0056 04       		.byte	0x4
  65 0057 05       		.byte	0x5
  66 0058 696E7400 		.ascii	"int\000"
  67 005c 02       		.uleb128 0x2
  68 005d 04       		.byte	0x4
  69 005e 07       		.byte	0x7
  70 005f 0E000000 		.4byte	.LASF8
  71 0063 02       		.uleb128 0x2
  72 0064 04       		.byte	0x4
  73 0065 04       		.byte	0x4
  74 0066 38010000 		.4byte	.LASF9
  75 006a 02       		.uleb128 0x2
  76 006b 08       		.byte	0x8
  77 006c 04       		.byte	0x4
  78 006d 12010000 		.4byte	.LASF10
  79 0071 02       		.uleb128 0x2
  80 0072 01       		.byte	0x1
  81 0073 08       		.byte	0x8
  82 0074 52000000 		.4byte	.LASF11
  83 0078 02       		.uleb128 0x2
  84 0079 04       		.byte	0x4
  85 007a 07       		.byte	0x7
  86 007b 48010000 		.4byte	.LASF12
  87 007f 00       		.byte	0
  88              		.section	.debug_abbrev,"",%progbits
  89              	.Ldebug_abbrev0:
  90 0000 01       		.uleb128 0x1
  91 0001 11       		.uleb128 0x11
  92 0002 01       		.byte	0x1
  93 0003 25       		.uleb128 0x25
  94 0004 0E       		.uleb128 0xe
  95 0005 13       		.uleb128 0x13
  96 0006 0B       		.uleb128 0xb
  97 0007 03       		.uleb128 0x3
  98 0008 0E       		.uleb128 0xe
  99 0009 1B       		.uleb128 0x1b
 100 000a 0E       		.uleb128 0xe
 101 000b 10       		.uleb128 0x10
 102 000c 17       		.uleb128 0x17
 103 000d 00       		.byte	0
 104 000e 00       		.byte	0
 105 000f 02       		.uleb128 0x2
 106 0010 24       		.uleb128 0x24
 107 0011 00       		.byte	0
 108 0012 0B       		.uleb128 0xb
 109 0013 0B       		.uleb128 0xb
 110 0014 3E       		.uleb128 0x3e
 111 0015 0B       		.uleb128 0xb
 112 0016 03       		.uleb128 0x3
 113 0017 0E       		.uleb128 0xe
 114 0018 00       		.byte	0
ARM GAS  C:\Users\bmt\AppData\Local\Temp\cciAtTFk.s 			page 3


 115 0019 00       		.byte	0
 116 001a 03       		.uleb128 0x3
 117 001b 24       		.uleb128 0x24
 118 001c 00       		.byte	0
 119 001d 0B       		.uleb128 0xb
 120 001e 0B       		.uleb128 0xb
 121 001f 3E       		.uleb128 0x3e
 122 0020 0B       		.uleb128 0xb
 123 0021 03       		.uleb128 0x3
 124 0022 08       		.uleb128 0x8
 125 0023 00       		.byte	0
 126 0024 00       		.byte	0
 127 0025 00       		.byte	0
 128              		.section	.debug_aranges,"",%progbits
 129 0000 14000000 		.4byte	0x14
 130 0004 0200     		.2byte	0x2
 131 0006 00000000 		.4byte	.Ldebug_info0
 132 000a 04       		.byte	0x4
 133 000b 00       		.byte	0
 134 000c 0000     		.2byte	0
 135 000e 0000     		.2byte	0
 136 0010 00000000 		.4byte	0
 137 0014 00000000 		.4byte	0
 138              		.section	.debug_line,"",%progbits
 139              	.Ldebug_line0:
 140 0000 19000000 		.section	.debug_str,"MS",%progbits,1
 140      02001300 
 140      00000201 
 140      FB0E0D00 
 140      01010101 
 141              	.LASF6:
 142 0000 6C6F6E67 		.ascii	"long long int\000"
 142      206C6F6E 
 142      6720696E 
 142      7400
 143              	.LASF8:
 144 000e 756E7369 		.ascii	"unsigned int\000"
 144      676E6564 
 144      20696E74 
 144      00
 145              	.LASF5:
 146 001b 6C6F6E67 		.ascii	"long unsigned int\000"
 146      20756E73 
 146      69676E65 
 146      6420696E 
 146      7400
 147              	.LASF7:
 148 002d 6C6F6E67 		.ascii	"long long unsigned int\000"
 148      206C6F6E 
 148      6720756E 
 148      7369676E 
 148      65642069 
 149              	.LASF1:
 150 0044 756E7369 		.ascii	"unsigned char\000"
 150      676E6564 
 150      20636861 
 150      7200
ARM GAS  C:\Users\bmt\AppData\Local\Temp\cciAtTFk.s 			page 4


 151              	.LASF11:
 152 0052 63686172 		.ascii	"char\000"
 152      00
 153              	.LASF4:
 154 0057 6C6F6E67 		.ascii	"long int\000"
 154      20696E74 
 154      00
 155              	.LASF13:
 156 0060 474E5520 		.ascii	"GNU C 4.9.3 20150303 (release) [ARM/embedded-4_9-br"
 156      4320342E 
 156      392E3320 
 156      32303135 
 156      30333033 
 157 0093 616E6368 		.ascii	"anch revision 221220] -mcpu=cortex-m3 -mthumb -g -O"
 157      20726576 
 157      6973696F 
 157      6E203232 
 157      31323230 
 158 00c6 30202D66 		.ascii	"0 -ffunction-sections -ffat-lto-objects\000"
 158      66756E63 
 158      74696F6E 
 158      2D736563 
 158      74696F6E 
 159              	.LASF14:
 160 00ee 47656E65 		.ascii	"Generated_Source\\PSoC5\\UART_1_INT.c\000"
 160      72617465 
 160      645F536F 
 160      75726365 
 160      5C50536F 
 161              	.LASF10:
 162 0112 646F7562 		.ascii	"double\000"
 162      6C6500
 163              	.LASF3:
 164 0119 73686F72 		.ascii	"short unsigned int\000"
 164      7420756E 
 164      7369676E 
 164      65642069 
 164      6E7400
 165              	.LASF0:
 166 012c 7369676E 		.ascii	"signed char\000"
 166      65642063 
 166      68617200 
 167              	.LASF9:
 168 0138 666C6F61 		.ascii	"float\000"
 168      7400
 169              	.LASF2:
 170 013e 73686F72 		.ascii	"short int\000"
 170      7420696E 
 170      7400
 171              	.LASF12:
 172 0148 73697A65 		.ascii	"sizetype\000"
 172      74797065 
 172      00
 173              	.LASF15:
 174 0151 433A5C55 		.ascii	"C:\\Users\\bmt\\Documents\\GitHub\\FreeRTOS_CY8CKIT"
 174      73657273 
 174      5C626D74 
ARM GAS  C:\Users\bmt\AppData\Local\Temp\cciAtTFk.s 			page 5


 174      5C446F63 
 174      756D656E 
 175 017f 5F303539 		.ascii	"_059\\FreeRTOS_Demo.cydsn\000"
 175      5C467265 
 175      6552544F 
 175      535F4465 
 175      6D6F2E63 
 176              		.ident	"GCC: (GNU Tools for ARM Embedded Processors) 4.9.3 20150303 (release) [ARM/embedded-4_9-br
