ARM GAS  C:\Users\bmt\AppData\Local\Temp\ccK7q03X.s 			page 1


   1              		.syntax unified
   2              		.cpu cortex-m3
   3              		.fpu softvfp
   4              		.eabi_attribute 20, 1
   5              		.eabi_attribute 21, 1
   6              		.eabi_attribute 23, 3
   7              		.eabi_attribute 24, 1
   8              		.eabi_attribute 25, 1
   9              		.eabi_attribute 26, 1
  10              		.eabi_attribute 30, 6
  11              		.eabi_attribute 34, 1
  12              		.eabi_attribute 18, 4
  13              		.thumb
  14              		.file	"USBUART_1_vnd.c"
  15              		.text
  16              	.Ltext0:
  17              		.cfi_sections	.debug_frame
  18              		.section	.text.USBUART_1_HandleVendorRqst,"ax",%progbits
  19              		.align	2
  20              		.global	USBUART_1_HandleVendorRqst
  21              		.thumb
  22              		.thumb_func
  23              		.type	USBUART_1_HandleVendorRqst, %function
  24              	USBUART_1_HandleVendorRqst:
  25              	.LFB0:
  26              		.file 1 "Generated_Source\\PSoC5\\USBUART_1_vnd.c"
   1:Generated_Source\PSoC5/USBUART_1_vnd.c **** /***************************************************************************//**
   2:Generated_Source\PSoC5/USBUART_1_vnd.c **** * \file USBUART_1_vnd.c
   3:Generated_Source\PSoC5/USBUART_1_vnd.c **** * \version 3.10
   4:Generated_Source\PSoC5/USBUART_1_vnd.c **** *
   5:Generated_Source\PSoC5/USBUART_1_vnd.c **** * \brief
   6:Generated_Source\PSoC5/USBUART_1_vnd.c **** *  This file contains the  USB vendor request handler.
   7:Generated_Source\PSoC5/USBUART_1_vnd.c **** *
   8:Generated_Source\PSoC5/USBUART_1_vnd.c **** ********************************************************************************
   9:Generated_Source\PSoC5/USBUART_1_vnd.c **** * \copyright
  10:Generated_Source\PSoC5/USBUART_1_vnd.c **** * Copyright 2008-2016, Cypress Semiconductor Corporation.  All rights reserved.
  11:Generated_Source\PSoC5/USBUART_1_vnd.c **** * You may use this file only in accordance with the license, terms, conditions,
  12:Generated_Source\PSoC5/USBUART_1_vnd.c **** * disclaimers, and limitations in the end user license agreement accompanying
  13:Generated_Source\PSoC5/USBUART_1_vnd.c **** * the software package with which this file was provided.
  14:Generated_Source\PSoC5/USBUART_1_vnd.c **** *******************************************************************************/
  15:Generated_Source\PSoC5/USBUART_1_vnd.c **** 
  16:Generated_Source\PSoC5/USBUART_1_vnd.c **** #include "USBUART_1_pvt.h"
  17:Generated_Source\PSoC5/USBUART_1_vnd.c **** 
  18:Generated_Source\PSoC5/USBUART_1_vnd.c **** 
  19:Generated_Source\PSoC5/USBUART_1_vnd.c **** #if(USBUART_1_EXTERN_VND == USBUART_1_FALSE)
  20:Generated_Source\PSoC5/USBUART_1_vnd.c **** 
  21:Generated_Source\PSoC5/USBUART_1_vnd.c **** /***************************************
  22:Generated_Source\PSoC5/USBUART_1_vnd.c **** * Vendor Specific Declarations
  23:Generated_Source\PSoC5/USBUART_1_vnd.c **** ***************************************/
  24:Generated_Source\PSoC5/USBUART_1_vnd.c **** 
  25:Generated_Source\PSoC5/USBUART_1_vnd.c **** /* `#START VENDOR_SPECIFIC_DECLARATIONS` Place your declaration here */
  26:Generated_Source\PSoC5/USBUART_1_vnd.c **** 
  27:Generated_Source\PSoC5/USBUART_1_vnd.c **** /* `#END` */
  28:Generated_Source\PSoC5/USBUART_1_vnd.c **** 
  29:Generated_Source\PSoC5/USBUART_1_vnd.c **** 
  30:Generated_Source\PSoC5/USBUART_1_vnd.c **** /*******************************************************************************
  31:Generated_Source\PSoC5/USBUART_1_vnd.c **** * Function Name: USBUART_1_HandleVendorRqst
ARM GAS  C:\Users\bmt\AppData\Local\Temp\ccK7q03X.s 			page 2


  32:Generated_Source\PSoC5/USBUART_1_vnd.c **** ****************************************************************************//**
  33:Generated_Source\PSoC5/USBUART_1_vnd.c **** *
  34:Generated_Source\PSoC5/USBUART_1_vnd.c **** *  This routine provide users with a method to implement vendor specific
  35:Generated_Source\PSoC5/USBUART_1_vnd.c **** *  requests.
  36:Generated_Source\PSoC5/USBUART_1_vnd.c **** *
  37:Generated_Source\PSoC5/USBUART_1_vnd.c **** *  To implement vendor specific requests, add your code in this function to
  38:Generated_Source\PSoC5/USBUART_1_vnd.c **** *  decode and disposition the request.  If the request is handled, your code
  39:Generated_Source\PSoC5/USBUART_1_vnd.c **** *  must set the variable "requestHandled" to TRUE, indicating that the
  40:Generated_Source\PSoC5/USBUART_1_vnd.c **** *  request has been handled.
  41:Generated_Source\PSoC5/USBUART_1_vnd.c **** *
  42:Generated_Source\PSoC5/USBUART_1_vnd.c **** * \return
  43:Generated_Source\PSoC5/USBUART_1_vnd.c **** *  requestHandled.
  44:Generated_Source\PSoC5/USBUART_1_vnd.c **** *
  45:Generated_Source\PSoC5/USBUART_1_vnd.c **** * \reentrant
  46:Generated_Source\PSoC5/USBUART_1_vnd.c **** *  No.
  47:Generated_Source\PSoC5/USBUART_1_vnd.c **** *
  48:Generated_Source\PSoC5/USBUART_1_vnd.c **** *******************************************************************************/
  49:Generated_Source\PSoC5/USBUART_1_vnd.c **** uint8 USBUART_1_HandleVendorRqst(void) 
  50:Generated_Source\PSoC5/USBUART_1_vnd.c **** {
  27              		.loc 1 50 0
  28              		.cfi_startproc
  29              		@ args = 0, pretend = 0, frame = 8
  30              		@ frame_needed = 1, uses_anonymous_args = 0
  31              		@ link register save eliminated.
  32 0000 80B4     		push	{r7}
  33              		.cfi_def_cfa_offset 4
  34              		.cfi_offset 7, -4
  35 0002 83B0     		sub	sp, sp, #12
  36              		.cfi_def_cfa_offset 16
  37 0004 00AF     		add	r7, sp, #0
  38              		.cfi_def_cfa_register 7
  51:Generated_Source\PSoC5/USBUART_1_vnd.c ****     uint8 requestHandled = USBUART_1_FALSE;
  39              		.loc 1 51 0
  40 0006 0023     		movs	r3, #0
  41 0008 FB71     		strb	r3, [r7, #7]
  52:Generated_Source\PSoC5/USBUART_1_vnd.c **** 
  53:Generated_Source\PSoC5/USBUART_1_vnd.c ****     /* Check request direction: D2H or H2D. */
  54:Generated_Source\PSoC5/USBUART_1_vnd.c ****     if (0u != (USBUART_1_bmRequestTypeReg & USBUART_1_RQST_DIR_D2H))
  42              		.loc 1 54 0
  43 000a 0A4B     		ldr	r3, .L7
  44 000c 1B78     		ldrb	r3, [r3]
  45 000e DBB2     		uxtb	r3, r3
  46 0010 DBB2     		uxtb	r3, r3
  47 0012 5BB2     		sxtb	r3, r3
  48 0014 002B     		cmp	r3, #0
  49 0016 06DA     		bge	.L2
  55:Generated_Source\PSoC5/USBUART_1_vnd.c ****     {
  56:Generated_Source\PSoC5/USBUART_1_vnd.c ****         /* Handle direction from device to host. */
  57:Generated_Source\PSoC5/USBUART_1_vnd.c ****         
  58:Generated_Source\PSoC5/USBUART_1_vnd.c ****         switch (USBUART_1_bRequestReg)
  50              		.loc 1 58 0
  51 0018 064B     		ldr	r3, .L7
  52 001a 5B78     		ldrb	r3, [r3, #1]
  53 001c DBB2     		uxtb	r3, r3
  54 001e 012B     		cmp	r3, #1
  55 0020 00D0     		beq	.L6
  59:Generated_Source\PSoC5/USBUART_1_vnd.c ****         {
ARM GAS  C:\Users\bmt\AppData\Local\Temp\ccK7q03X.s 			page 3


  60:Generated_Source\PSoC5/USBUART_1_vnd.c ****             case USBUART_1_GET_EXTENDED_CONFIG_DESCRIPTOR:
  61:Generated_Source\PSoC5/USBUART_1_vnd.c ****             #if defined(USBUART_1_ENABLE_MSOS_STRING)
  62:Generated_Source\PSoC5/USBUART_1_vnd.c ****                 USBUART_1_currentTD.pData = (volatile uint8 *) &USBUART_1_MSOS_CONFIGURATION_DESCR[
  63:Generated_Source\PSoC5/USBUART_1_vnd.c ****                 USBUART_1_currentTD.count = USBUART_1_MSOS_CONFIGURATION_DESCR[0u];
  64:Generated_Source\PSoC5/USBUART_1_vnd.c ****                 requestHandled  = USBUART_1_InitControlRead();
  65:Generated_Source\PSoC5/USBUART_1_vnd.c ****             #endif /* (USBUART_1_ENABLE_MSOS_STRING) */
  66:Generated_Source\PSoC5/USBUART_1_vnd.c ****                 break;
  67:Generated_Source\PSoC5/USBUART_1_vnd.c ****             
  68:Generated_Source\PSoC5/USBUART_1_vnd.c ****             default:
  69:Generated_Source\PSoC5/USBUART_1_vnd.c ****                 break;
  56              		.loc 1 69 0
  57 0022 00E0     		b	.L2
  58              	.L6:
  66:Generated_Source\PSoC5/USBUART_1_vnd.c ****             
  59              		.loc 1 66 0
  60 0024 00BF     		nop
  61              	.L2:
  70:Generated_Source\PSoC5/USBUART_1_vnd.c ****         }
  71:Generated_Source\PSoC5/USBUART_1_vnd.c ****     }
  72:Generated_Source\PSoC5/USBUART_1_vnd.c **** 
  73:Generated_Source\PSoC5/USBUART_1_vnd.c ****     /* `#START VENDOR_SPECIFIC_CODE` Place your vendor specific request here */
  74:Generated_Source\PSoC5/USBUART_1_vnd.c **** 
  75:Generated_Source\PSoC5/USBUART_1_vnd.c ****     /* `#END` */
  76:Generated_Source\PSoC5/USBUART_1_vnd.c **** 
  77:Generated_Source\PSoC5/USBUART_1_vnd.c **** #ifdef USBUART_1_HANDLE_VENDOR_RQST_CALLBACK
  78:Generated_Source\PSoC5/USBUART_1_vnd.c ****     if (USBUART_1_FALSE == requestHandled)
  79:Generated_Source\PSoC5/USBUART_1_vnd.c ****     {
  80:Generated_Source\PSoC5/USBUART_1_vnd.c ****         requestHandled = USBUART_1_HandleVendorRqst_Callback();
  81:Generated_Source\PSoC5/USBUART_1_vnd.c ****     }
  82:Generated_Source\PSoC5/USBUART_1_vnd.c **** #endif /* (USBUART_1_HANDLE_VENDOR_RQST_CALLBACK) */
  83:Generated_Source\PSoC5/USBUART_1_vnd.c **** 
  84:Generated_Source\PSoC5/USBUART_1_vnd.c ****     return (requestHandled);
  62              		.loc 1 84 0
  63 0026 FB79     		ldrb	r3, [r7, #7]	@ zero_extendqisi2
  85:Generated_Source\PSoC5/USBUART_1_vnd.c **** }
  64              		.loc 1 85 0
  65 0028 1846     		mov	r0, r3
  66 002a 0C37     		adds	r7, r7, #12
  67              		.cfi_def_cfa_offset 4
  68 002c BD46     		mov	sp, r7
  69              		.cfi_def_cfa_register 13
  70              		@ sp needed
  71 002e 5DF8047B 		ldr	r7, [sp], #4
  72              		.cfi_restore 7
  73              		.cfi_def_cfa_offset 0
  74 0032 7047     		bx	lr
  75              	.L8:
  76              		.align	2
  77              	.L7:
  78 0034 00600040 		.word	1073766400
  79              		.cfi_endproc
  80              	.LFE0:
  81              		.size	USBUART_1_HandleVendorRqst, .-USBUART_1_HandleVendorRqst
  82              		.text
  83              	.Letext0:
  84              		.file 2 "Generated_Source\\PSoC5\\cytypes.h"
  85              		.file 3 "Generated_Source\\PSoC5\\USBUART_1.h"
ARM GAS  C:\Users\bmt\AppData\Local\Temp\ccK7q03X.s 			page 4


  86              		.section	.debug_info,"",%progbits
  87              	.Ldebug_info0:
  88 0000 E4000000 		.4byte	0xe4
  89 0004 0400     		.2byte	0x4
  90 0006 00000000 		.4byte	.Ldebug_abbrev0
  91 000a 04       		.byte	0x4
  92 000b 01       		.uleb128 0x1
  93 000c 41010000 		.4byte	.LASF15
  94 0010 01       		.byte	0x1
  95 0011 3C000000 		.4byte	.LASF16
  96 0015 63000000 		.4byte	.LASF17
  97 0019 00000000 		.4byte	.Ldebug_ranges0+0
  98 001d 00000000 		.4byte	0
  99 0021 00000000 		.4byte	.Ldebug_line0
 100 0025 02       		.uleb128 0x2
 101 0026 01       		.byte	0x1
 102 0027 06       		.byte	0x6
 103 0028 E9010000 		.4byte	.LASF0
 104 002c 02       		.uleb128 0x2
 105 002d 01       		.byte	0x1
 106 002e 08       		.byte	0x8
 107 002f 0A010000 		.4byte	.LASF1
 108 0033 02       		.uleb128 0x2
 109 0034 02       		.byte	0x2
 110 0035 05       		.byte	0x5
 111 0036 FB010000 		.4byte	.LASF2
 112 003a 02       		.uleb128 0x2
 113 003b 02       		.byte	0x2
 114 003c 07       		.byte	0x7
 115 003d D6010000 		.4byte	.LASF3
 116 0041 02       		.uleb128 0x2
 117 0042 04       		.byte	0x4
 118 0043 05       		.byte	0x5
 119 0044 38010000 		.4byte	.LASF4
 120 0048 02       		.uleb128 0x2
 121 0049 04       		.byte	0x4
 122 004a 07       		.byte	0x7
 123 004b D2000000 		.4byte	.LASF5
 124 004f 02       		.uleb128 0x2
 125 0050 08       		.byte	0x8
 126 0051 05       		.byte	0x5
 127 0052 00000000 		.4byte	.LASF6
 128 0056 02       		.uleb128 0x2
 129 0057 08       		.byte	0x8
 130 0058 07       		.byte	0x7
 131 0059 F3000000 		.4byte	.LASF7
 132 005d 03       		.uleb128 0x3
 133 005e 04       		.byte	0x4
 134 005f 05       		.byte	0x5
 135 0060 696E7400 		.ascii	"int\000"
 136 0064 02       		.uleb128 0x2
 137 0065 04       		.byte	0x4
 138 0066 07       		.byte	0x7
 139 0067 15000000 		.4byte	.LASF8
 140 006b 04       		.uleb128 0x4
 141 006c CC000000 		.4byte	.LASF13
 142 0070 02       		.byte	0x2
ARM GAS  C:\Users\bmt\AppData\Local\Temp\ccK7q03X.s 			page 5


 143 0071 9201     		.2byte	0x192
 144 0073 2C000000 		.4byte	0x2c
 145 0077 02       		.uleb128 0x2
 146 0078 04       		.byte	0x4
 147 0079 04       		.byte	0x4
 148 007a F5010000 		.4byte	.LASF9
 149 007e 02       		.uleb128 0x2
 150 007f 08       		.byte	0x8
 151 0080 04       		.byte	0x4
 152 0081 CF010000 		.4byte	.LASF10
 153 0085 02       		.uleb128 0x2
 154 0086 01       		.byte	0x1
 155 0087 08       		.byte	0x8
 156 0088 18010000 		.4byte	.LASF11
 157 008c 02       		.uleb128 0x2
 158 008d 04       		.byte	0x4
 159 008e 07       		.byte	0x7
 160 008f 05020000 		.4byte	.LASF12
 161 0093 05       		.uleb128 0x5
 162 0094 08       		.byte	0x8
 163 0095 03       		.byte	0x3
 164 0096 C5       		.byte	0xc5
 165 0097 A8000000 		.4byte	0xa8
 166 009b 06       		.uleb128 0x6
 167 009c 0E000000 		.4byte	.LASF18
 168 00a0 03       		.byte	0x3
 169 00a1 C7       		.byte	0xc7
 170 00a2 A8000000 		.4byte	0xa8
 171 00a6 00       		.byte	0
 172 00a7 00       		.byte	0
 173 00a8 07       		.uleb128 0x7
 174 00a9 6B000000 		.4byte	0x6b
 175 00ad B8000000 		.4byte	0xb8
 176 00b1 08       		.uleb128 0x8
 177 00b2 8C000000 		.4byte	0x8c
 178 00b6 07       		.byte	0x7
 179 00b7 00       		.byte	0
 180 00b8 09       		.uleb128 0x9
 181 00b9 22000000 		.4byte	.LASF14
 182 00bd 03       		.byte	0x3
 183 00be C8       		.byte	0xc8
 184 00bf 93000000 		.4byte	0x93
 185 00c3 0A       		.uleb128 0xa
 186 00c4 1D010000 		.4byte	.LASF19
 187 00c8 01       		.byte	0x1
 188 00c9 31       		.byte	0x31
 189 00ca 6B000000 		.4byte	0x6b
 190 00ce 00000000 		.4byte	.LFB0
 191 00d2 38000000 		.4byte	.LFE0-.LFB0
 192 00d6 01       		.uleb128 0x1
 193 00d7 9C       		.byte	0x9c
 194 00d8 0B       		.uleb128 0xb
 195 00d9 E4000000 		.4byte	.LASF20
 196 00dd 01       		.byte	0x1
 197 00de 33       		.byte	0x33
 198 00df 6B000000 		.4byte	0x6b
 199 00e3 02       		.uleb128 0x2
ARM GAS  C:\Users\bmt\AppData\Local\Temp\ccK7q03X.s 			page 6


 200 00e4 91       		.byte	0x91
 201 00e5 77       		.sleb128 -9
 202 00e6 00       		.byte	0
 203 00e7 00       		.byte	0
 204              		.section	.debug_abbrev,"",%progbits
 205              	.Ldebug_abbrev0:
 206 0000 01       		.uleb128 0x1
 207 0001 11       		.uleb128 0x11
 208 0002 01       		.byte	0x1
 209 0003 25       		.uleb128 0x25
 210 0004 0E       		.uleb128 0xe
 211 0005 13       		.uleb128 0x13
 212 0006 0B       		.uleb128 0xb
 213 0007 03       		.uleb128 0x3
 214 0008 0E       		.uleb128 0xe
 215 0009 1B       		.uleb128 0x1b
 216 000a 0E       		.uleb128 0xe
 217 000b 55       		.uleb128 0x55
 218 000c 17       		.uleb128 0x17
 219 000d 11       		.uleb128 0x11
 220 000e 01       		.uleb128 0x1
 221 000f 10       		.uleb128 0x10
 222 0010 17       		.uleb128 0x17
 223 0011 00       		.byte	0
 224 0012 00       		.byte	0
 225 0013 02       		.uleb128 0x2
 226 0014 24       		.uleb128 0x24
 227 0015 00       		.byte	0
 228 0016 0B       		.uleb128 0xb
 229 0017 0B       		.uleb128 0xb
 230 0018 3E       		.uleb128 0x3e
 231 0019 0B       		.uleb128 0xb
 232 001a 03       		.uleb128 0x3
 233 001b 0E       		.uleb128 0xe
 234 001c 00       		.byte	0
 235 001d 00       		.byte	0
 236 001e 03       		.uleb128 0x3
 237 001f 24       		.uleb128 0x24
 238 0020 00       		.byte	0
 239 0021 0B       		.uleb128 0xb
 240 0022 0B       		.uleb128 0xb
 241 0023 3E       		.uleb128 0x3e
 242 0024 0B       		.uleb128 0xb
 243 0025 03       		.uleb128 0x3
 244 0026 08       		.uleb128 0x8
 245 0027 00       		.byte	0
 246 0028 00       		.byte	0
 247 0029 04       		.uleb128 0x4
 248 002a 16       		.uleb128 0x16
 249 002b 00       		.byte	0
 250 002c 03       		.uleb128 0x3
 251 002d 0E       		.uleb128 0xe
 252 002e 3A       		.uleb128 0x3a
 253 002f 0B       		.uleb128 0xb
 254 0030 3B       		.uleb128 0x3b
 255 0031 05       		.uleb128 0x5
 256 0032 49       		.uleb128 0x49
ARM GAS  C:\Users\bmt\AppData\Local\Temp\ccK7q03X.s 			page 7


 257 0033 13       		.uleb128 0x13
 258 0034 00       		.byte	0
 259 0035 00       		.byte	0
 260 0036 05       		.uleb128 0x5
 261 0037 13       		.uleb128 0x13
 262 0038 01       		.byte	0x1
 263 0039 0B       		.uleb128 0xb
 264 003a 0B       		.uleb128 0xb
 265 003b 3A       		.uleb128 0x3a
 266 003c 0B       		.uleb128 0xb
 267 003d 3B       		.uleb128 0x3b
 268 003e 0B       		.uleb128 0xb
 269 003f 01       		.uleb128 0x1
 270 0040 13       		.uleb128 0x13
 271 0041 00       		.byte	0
 272 0042 00       		.byte	0
 273 0043 06       		.uleb128 0x6
 274 0044 0D       		.uleb128 0xd
 275 0045 00       		.byte	0
 276 0046 03       		.uleb128 0x3
 277 0047 0E       		.uleb128 0xe
 278 0048 3A       		.uleb128 0x3a
 279 0049 0B       		.uleb128 0xb
 280 004a 3B       		.uleb128 0x3b
 281 004b 0B       		.uleb128 0xb
 282 004c 49       		.uleb128 0x49
 283 004d 13       		.uleb128 0x13
 284 004e 38       		.uleb128 0x38
 285 004f 0B       		.uleb128 0xb
 286 0050 00       		.byte	0
 287 0051 00       		.byte	0
 288 0052 07       		.uleb128 0x7
 289 0053 01       		.uleb128 0x1
 290 0054 01       		.byte	0x1
 291 0055 49       		.uleb128 0x49
 292 0056 13       		.uleb128 0x13
 293 0057 01       		.uleb128 0x1
 294 0058 13       		.uleb128 0x13
 295 0059 00       		.byte	0
 296 005a 00       		.byte	0
 297 005b 08       		.uleb128 0x8
 298 005c 21       		.uleb128 0x21
 299 005d 00       		.byte	0
 300 005e 49       		.uleb128 0x49
 301 005f 13       		.uleb128 0x13
 302 0060 2F       		.uleb128 0x2f
 303 0061 0B       		.uleb128 0xb
 304 0062 00       		.byte	0
 305 0063 00       		.byte	0
 306 0064 09       		.uleb128 0x9
 307 0065 16       		.uleb128 0x16
 308 0066 00       		.byte	0
 309 0067 03       		.uleb128 0x3
 310 0068 0E       		.uleb128 0xe
 311 0069 3A       		.uleb128 0x3a
 312 006a 0B       		.uleb128 0xb
 313 006b 3B       		.uleb128 0x3b
ARM GAS  C:\Users\bmt\AppData\Local\Temp\ccK7q03X.s 			page 8


 314 006c 0B       		.uleb128 0xb
 315 006d 49       		.uleb128 0x49
 316 006e 13       		.uleb128 0x13
 317 006f 00       		.byte	0
 318 0070 00       		.byte	0
 319 0071 0A       		.uleb128 0xa
 320 0072 2E       		.uleb128 0x2e
 321 0073 01       		.byte	0x1
 322 0074 3F       		.uleb128 0x3f
 323 0075 19       		.uleb128 0x19
 324 0076 03       		.uleb128 0x3
 325 0077 0E       		.uleb128 0xe
 326 0078 3A       		.uleb128 0x3a
 327 0079 0B       		.uleb128 0xb
 328 007a 3B       		.uleb128 0x3b
 329 007b 0B       		.uleb128 0xb
 330 007c 27       		.uleb128 0x27
 331 007d 19       		.uleb128 0x19
 332 007e 49       		.uleb128 0x49
 333 007f 13       		.uleb128 0x13
 334 0080 11       		.uleb128 0x11
 335 0081 01       		.uleb128 0x1
 336 0082 12       		.uleb128 0x12
 337 0083 06       		.uleb128 0x6
 338 0084 40       		.uleb128 0x40
 339 0085 18       		.uleb128 0x18
 340 0086 9742     		.uleb128 0x2117
 341 0088 19       		.uleb128 0x19
 342 0089 00       		.byte	0
 343 008a 00       		.byte	0
 344 008b 0B       		.uleb128 0xb
 345 008c 34       		.uleb128 0x34
 346 008d 00       		.byte	0
 347 008e 03       		.uleb128 0x3
 348 008f 0E       		.uleb128 0xe
 349 0090 3A       		.uleb128 0x3a
 350 0091 0B       		.uleb128 0xb
 351 0092 3B       		.uleb128 0x3b
 352 0093 0B       		.uleb128 0xb
 353 0094 49       		.uleb128 0x49
 354 0095 13       		.uleb128 0x13
 355 0096 02       		.uleb128 0x2
 356 0097 18       		.uleb128 0x18
 357 0098 00       		.byte	0
 358 0099 00       		.byte	0
 359 009a 00       		.byte	0
 360              		.section	.debug_aranges,"",%progbits
 361 0000 1C000000 		.4byte	0x1c
 362 0004 0200     		.2byte	0x2
 363 0006 00000000 		.4byte	.Ldebug_info0
 364 000a 04       		.byte	0x4
 365 000b 00       		.byte	0
 366 000c 0000     		.2byte	0
 367 000e 0000     		.2byte	0
 368 0010 00000000 		.4byte	.LFB0
 369 0014 38000000 		.4byte	.LFE0-.LFB0
 370 0018 00000000 		.4byte	0
ARM GAS  C:\Users\bmt\AppData\Local\Temp\ccK7q03X.s 			page 9


 371 001c 00000000 		.4byte	0
 372              		.section	.debug_ranges,"",%progbits
 373              	.Ldebug_ranges0:
 374 0000 00000000 		.4byte	.LFB0
 375 0004 38000000 		.4byte	.LFE0
 376 0008 00000000 		.4byte	0
 377 000c 00000000 		.4byte	0
 378              		.section	.debug_line,"",%progbits
 379              	.Ldebug_line0:
 380 0000 79000000 		.section	.debug_str,"MS",%progbits,1
 380      02005900 
 380      00000201 
 380      FB0E0D00 
 380      01010101 
 381              	.LASF6:
 382 0000 6C6F6E67 		.ascii	"long long int\000"
 382      206C6F6E 
 382      6720696E 
 382      7400
 383              	.LASF18:
 384 000e 65704461 		.ascii	"epData\000"
 384      746100
 385              	.LASF8:
 386 0015 756E7369 		.ascii	"unsigned int\000"
 386      676E6564 
 386      20696E74 
 386      00
 387              	.LASF14:
 388 0022 55534255 		.ascii	"USBUART_1_ep0_data_struct\000"
 388      4152545F 
 388      315F6570 
 388      305F6461 
 388      74615F73 
 389              	.LASF16:
 390 003c 47656E65 		.ascii	"Generated_Source\\PSoC5\\USBUART_1_vnd.c\000"
 390      72617465 
 390      645F536F 
 390      75726365 
 390      5C50536F 
 391              	.LASF17:
 392 0063 433A5C55 		.ascii	"C:\\Users\\bmt\\Downloads\\FreeRTOSv9.0.0\\FreeRTOS"
 392      73657273 
 392      5C626D74 
 392      5C446F77 
 392      6E6C6F61 
 393 0091 5C44656D 		.ascii	"\\Demo\\CORTEX_CY8C5588_PSoC_Creator_GCC\\FreeRTOS_"
 393      6F5C434F 
 393      52544558 
 393      5F435938 
 393      43353538 
 394 00c1 44656D6F 		.ascii	"Demo.cydsn\000"
 394      2E637964 
 394      736E00
 395              	.LASF13:
 396 00cc 75696E74 		.ascii	"uint8\000"
 396      3800
 397              	.LASF5:
ARM GAS  C:\Users\bmt\AppData\Local\Temp\ccK7q03X.s 			page 10


 398 00d2 6C6F6E67 		.ascii	"long unsigned int\000"
 398      20756E73 
 398      69676E65 
 398      6420696E 
 398      7400
 399              	.LASF20:
 400 00e4 72657175 		.ascii	"requestHandled\000"
 400      65737448 
 400      616E646C 
 400      656400
 401              	.LASF7:
 402 00f3 6C6F6E67 		.ascii	"long long unsigned int\000"
 402      206C6F6E 
 402      6720756E 
 402      7369676E 
 402      65642069 
 403              	.LASF1:
 404 010a 756E7369 		.ascii	"unsigned char\000"
 404      676E6564 
 404      20636861 
 404      7200
 405              	.LASF11:
 406 0118 63686172 		.ascii	"char\000"
 406      00
 407              	.LASF19:
 408 011d 55534255 		.ascii	"USBUART_1_HandleVendorRqst\000"
 408      4152545F 
 408      315F4861 
 408      6E646C65 
 408      56656E64 
 409              	.LASF4:
 410 0138 6C6F6E67 		.ascii	"long int\000"
 410      20696E74 
 410      00
 411              	.LASF15:
 412 0141 474E5520 		.ascii	"GNU C 4.9.3 20150303 (release) [ARM/embedded-4_9-br"
 412      4320342E 
 412      392E3320 
 412      32303135 
 412      30333033 
 413 0174 616E6368 		.ascii	"anch revision 221220] -mcpu=cortex-m3 -mthumb -g -O"
 413      20726576 
 413      6973696F 
 413      6E203232 
 413      31323230 
 414 01a7 30202D66 		.ascii	"0 -ffunction-sections -ffat-lto-objects\000"
 414      66756E63 
 414      74696F6E 
 414      2D736563 
 414      74696F6E 
 415              	.LASF10:
 416 01cf 646F7562 		.ascii	"double\000"
 416      6C6500
 417              	.LASF3:
 418 01d6 73686F72 		.ascii	"short unsigned int\000"
 418      7420756E 
 418      7369676E 
ARM GAS  C:\Users\bmt\AppData\Local\Temp\ccK7q03X.s 			page 11


 418      65642069 
 418      6E7400
 419              	.LASF0:
 420 01e9 7369676E 		.ascii	"signed char\000"
 420      65642063 
 420      68617200 
 421              	.LASF9:
 422 01f5 666C6F61 		.ascii	"float\000"
 422      7400
 423              	.LASF2:
 424 01fb 73686F72 		.ascii	"short int\000"
 424      7420696E 
 424      7400
 425              	.LASF12:
 426 0205 73697A65 		.ascii	"sizetype\000"
 426      74797065 
 426      00
 427              		.ident	"GCC: (GNU Tools for ARM Embedded Processors) 4.9.3 20150303 (release) [ARM/embedded-4_9-br
