ARM GAS  C:\Users\bmt\AppData\Local\Temp\cc980SKj.s 			page 1


   1              		.syntax unified
   2              		.cpu cortex-m3
   3              		.fpu softvfp
   4              		.eabi_attribute 20, 1
   5              		.eabi_attribute 21, 1
   6              		.eabi_attribute 23, 3
   7              		.eabi_attribute 24, 1
   8              		.eabi_attribute 25, 1
   9              		.eabi_attribute 26, 1
  10              		.eabi_attribute 30, 6
  11              		.eabi_attribute 34, 1
  12              		.eabi_attribute 18, 4
  13              		.thumb
  14              		.file	"USBUART_1_descr.c"
  15              		.text
  16              	.Ltext0:
  17              		.cfi_sections	.debug_frame
  18              		.global	USBUART_1_DEVICE0_DESCR
  19              		.section	.rodata
  20              		.align	2
  21              		.type	USBUART_1_DEVICE0_DESCR, %object
  22              		.size	USBUART_1_DEVICE0_DESCR, 18
  23              	USBUART_1_DEVICE0_DESCR:
  24 0000 12       		.byte	18
  25 0001 01       		.byte	1
  26 0002 00       		.byte	0
  27 0003 02       		.byte	2
  28 0004 02       		.byte	2
  29 0005 00       		.byte	0
  30 0006 00       		.byte	0
  31 0007 08       		.byte	8
  32 0008 B4       		.byte	-76
  33 0009 04       		.byte	4
  34 000a 32       		.byte	50
  35 000b F2       		.byte	-14
  36 000c 01       		.byte	1
  37 000d 00       		.byte	0
  38 000e 01       		.byte	1
  39 000f 02       		.byte	2
  40 0010 80       		.byte	-128
  41 0011 01       		.byte	1
  42              		.global	USBUART_1_DEVICE0_CONFIGURATION0_DESCR
  43 0012 0000     		.align	2
  44              		.type	USBUART_1_DEVICE0_CONFIGURATION0_DESCR, %object
  45              		.size	USBUART_1_DEVICE0_CONFIGURATION0_DESCR, 67
  46              	USBUART_1_DEVICE0_CONFIGURATION0_DESCR:
  47 0014 09       		.byte	9
  48 0015 02       		.byte	2
  49 0016 43       		.byte	67
  50 0017 00       		.byte	0
  51 0018 02       		.byte	2
  52 0019 01       		.byte	1
  53 001a 01       		.byte	1
  54 001b 80       		.byte	-128
  55 001c 32       		.byte	50
  56 001d 09       		.byte	9
  57 001e 04       		.byte	4
ARM GAS  C:\Users\bmt\AppData\Local\Temp\cc980SKj.s 			page 2


  58 001f 00       		.byte	0
  59 0020 00       		.byte	0
  60 0021 01       		.byte	1
  61 0022 02       		.byte	2
  62 0023 02       		.byte	2
  63 0024 01       		.byte	1
  64 0025 03       		.byte	3
  65 0026 05       		.byte	5
  66 0027 24       		.byte	36
  67 0028 00       		.byte	0
  68 0029 10       		.byte	16
  69 002a 01       		.byte	1
  70 002b 04       		.byte	4
  71 002c 24       		.byte	36
  72 002d 02       		.byte	2
  73 002e 02       		.byte	2
  74 002f 05       		.byte	5
  75 0030 24       		.byte	36
  76 0031 06       		.byte	6
  77 0032 00       		.byte	0
  78 0033 01       		.byte	1
  79 0034 05       		.byte	5
  80 0035 24       		.byte	36
  81 0036 01       		.byte	1
  82 0037 00       		.byte	0
  83 0038 01       		.byte	1
  84 0039 07       		.byte	7
  85 003a 05       		.byte	5
  86 003b 81       		.byte	-127
  87 003c 03       		.byte	3
  88 003d 08       		.byte	8
  89 003e 00       		.byte	0
  90 003f 0A       		.byte	10
  91 0040 09       		.byte	9
  92 0041 04       		.byte	4
  93 0042 01       		.byte	1
  94 0043 00       		.byte	0
  95 0044 02       		.byte	2
  96 0045 0A       		.byte	10
  97 0046 00       		.byte	0
  98 0047 00       		.byte	0
  99 0048 04       		.byte	4
 100 0049 07       		.byte	7
 101 004a 05       		.byte	5
 102 004b 82       		.byte	-126
 103 004c 02       		.byte	2
 104 004d 40       		.byte	64
 105 004e 00       		.byte	0
 106 004f 00       		.byte	0
 107 0050 07       		.byte	7
 108 0051 05       		.byte	5
 109 0052 03       		.byte	3
 110 0053 02       		.byte	2
 111 0054 40       		.byte	64
 112 0055 00       		.byte	0
 113 0056 00       		.byte	0
 114              		.global	USBUART_1_STRING_DESCRIPTORS
ARM GAS  C:\Users\bmt\AppData\Local\Temp\cc980SKj.s 			page 3


 115 0057 00       		.align	2
 116              		.type	USBUART_1_STRING_DESCRIPTORS, %object
 117              		.size	USBUART_1_STRING_DESCRIPTORS, 159
 118              	USBUART_1_STRING_DESCRIPTORS:
 119 0058 04       		.byte	4
 120 0059 03       		.byte	3
 121 005a 09       		.byte	9
 122 005b 04       		.byte	4
 123 005c 2C       		.byte	44
 124 005d 03       		.byte	3
 125 005e 43       		.byte	67
 126 005f 00       		.byte	0
 127 0060 79       		.byte	121
 128 0061 00       		.byte	0
 129 0062 70       		.byte	112
 130 0063 00       		.byte	0
 131 0064 72       		.byte	114
 132 0065 00       		.byte	0
 133 0066 65       		.byte	101
 134 0067 00       		.byte	0
 135 0068 73       		.byte	115
 136 0069 00       		.byte	0
 137 006a 73       		.byte	115
 138 006b 00       		.byte	0
 139 006c 20       		.byte	32
 140 006d 00       		.byte	0
 141 006e 53       		.byte	83
 142 006f 00       		.byte	0
 143 0070 65       		.byte	101
 144 0071 00       		.byte	0
 145 0072 6D       		.byte	109
 146 0073 00       		.byte	0
 147 0074 69       		.byte	105
 148 0075 00       		.byte	0
 149 0076 63       		.byte	99
 150 0077 00       		.byte	0
 151 0078 6F       		.byte	111
 152 0079 00       		.byte	0
 153 007a 6E       		.byte	110
 154 007b 00       		.byte	0
 155 007c 64       		.byte	100
 156 007d 00       		.byte	0
 157 007e 75       		.byte	117
 158 007f 00       		.byte	0
 159 0080 63       		.byte	99
 160 0081 00       		.byte	0
 161 0082 74       		.byte	116
 162 0083 00       		.byte	0
 163 0084 6F       		.byte	111
 164 0085 00       		.byte	0
 165 0086 72       		.byte	114
 166 0087 00       		.byte	0
 167 0088 10       		.byte	16
 168 0089 03       		.byte	3
 169 008a 55       		.byte	85
 170 008b 00       		.byte	0
 171 008c 53       		.byte	83
ARM GAS  C:\Users\bmt\AppData\Local\Temp\cc980SKj.s 			page 4


 172 008d 00       		.byte	0
 173 008e 42       		.byte	66
 174 008f 00       		.byte	0
 175 0090 55       		.byte	85
 176 0091 00       		.byte	0
 177 0092 41       		.byte	65
 178 0093 00       		.byte	0
 179 0094 52       		.byte	82
 180 0095 00       		.byte	0
 181 0096 54       		.byte	84
 182 0097 00       		.byte	0
 183 0098 38       		.byte	56
 184 0099 03       		.byte	3
 185 009a 43       		.byte	67
 186 009b 00       		.byte	0
 187 009c 44       		.byte	68
 188 009d 00       		.byte	0
 189 009e 43       		.byte	67
 190 009f 00       		.byte	0
 191 00a0 20       		.byte	32
 192 00a1 00       		.byte	0
 193 00a2 43       		.byte	67
 194 00a3 00       		.byte	0
 195 00a4 6F       		.byte	111
 196 00a5 00       		.byte	0
 197 00a6 6D       		.byte	109
 198 00a7 00       		.byte	0
 199 00a8 6D       		.byte	109
 200 00a9 00       		.byte	0
 201 00aa 75       		.byte	117
 202 00ab 00       		.byte	0
 203 00ac 6E       		.byte	110
 204 00ad 00       		.byte	0
 205 00ae 69       		.byte	105
 206 00af 00       		.byte	0
 207 00b0 63       		.byte	99
 208 00b1 00       		.byte	0
 209 00b2 61       		.byte	97
 210 00b3 00       		.byte	0
 211 00b4 74       		.byte	116
 212 00b5 00       		.byte	0
 213 00b6 69       		.byte	105
 214 00b7 00       		.byte	0
 215 00b8 6F       		.byte	111
 216 00b9 00       		.byte	0
 217 00ba 6E       		.byte	110
 218 00bb 00       		.byte	0
 219 00bc 20       		.byte	32
 220 00bd 00       		.byte	0
 221 00be 49       		.byte	73
 222 00bf 00       		.byte	0
 223 00c0 6E       		.byte	110
 224 00c1 00       		.byte	0
 225 00c2 74       		.byte	116
 226 00c3 00       		.byte	0
 227 00c4 65       		.byte	101
 228 00c5 00       		.byte	0
ARM GAS  C:\Users\bmt\AppData\Local\Temp\cc980SKj.s 			page 5


 229 00c6 72       		.byte	114
 230 00c7 00       		.byte	0
 231 00c8 66       		.byte	102
 232 00c9 00       		.byte	0
 233 00ca 61       		.byte	97
 234 00cb 00       		.byte	0
 235 00cc 63       		.byte	99
 236 00cd 00       		.byte	0
 237 00ce 65       		.byte	101
 238 00cf 00       		.byte	0
 239 00d0 26       		.byte	38
 240 00d1 03       		.byte	3
 241 00d2 43       		.byte	67
 242 00d3 00       		.byte	0
 243 00d4 44       		.byte	68
 244 00d5 00       		.byte	0
 245 00d6 43       		.byte	67
 246 00d7 00       		.byte	0
 247 00d8 20       		.byte	32
 248 00d9 00       		.byte	0
 249 00da 44       		.byte	68
 250 00db 00       		.byte	0
 251 00dc 61       		.byte	97
 252 00dd 00       		.byte	0
 253 00de 74       		.byte	116
 254 00df 00       		.byte	0
 255 00e0 61       		.byte	97
 256 00e1 00       		.byte	0
 257 00e2 20       		.byte	32
 258 00e3 00       		.byte	0
 259 00e4 49       		.byte	73
 260 00e5 00       		.byte	0
 261 00e6 6E       		.byte	110
 262 00e7 00       		.byte	0
 263 00e8 74       		.byte	116
 264 00e9 00       		.byte	0
 265 00ea 65       		.byte	101
 266 00eb 00       		.byte	0
 267 00ec 72       		.byte	114
 268 00ed 00       		.byte	0
 269 00ee 66       		.byte	102
 270 00ef 00       		.byte	0
 271 00f0 61       		.byte	97
 272 00f1 00       		.byte	0
 273 00f2 63       		.byte	99
 274 00f3 00       		.byte	0
 275 00f4 65       		.byte	101
 276 00f5 00       		.byte	0
 277 00f6 00       		.byte	0
 278              		.global	USBUART_1_SN_STRING_DESCRIPTOR
 279 00f7 00       		.align	2
 280              		.type	USBUART_1_SN_STRING_DESCRIPTOR, %object
 281              		.size	USBUART_1_SN_STRING_DESCRIPTOR, 2
 282              	USBUART_1_SN_STRING_DESCRIPTOR:
 283 00f8 02       		.byte	2
 284 00f9 03       		.byte	3
 285              		.global	USBUART_1_DEVICE0_CONFIGURATION0_EP_SETTINGS_TABLE
ARM GAS  C:\Users\bmt\AppData\Local\Temp\cc980SKj.s 			page 6


 286 00fa 0000     		.align	2
 287              		.type	USBUART_1_DEVICE0_CONFIGURATION0_EP_SETTINGS_TABLE, %object
 288              		.size	USBUART_1_DEVICE0_CONFIGURATION0_EP_SETTINGS_TABLE, 24
 289              	USBUART_1_DEVICE0_CONFIGURATION0_EP_SETTINGS_TABLE:
 290 00fc 00       		.byte	0
 291 00fd 00       		.byte	0
 292 00fe 81       		.byte	-127
 293 00ff 03       		.byte	3
 294 0100 0800     		.short	8
 295 0102 02       		.byte	2
 296 0103 00       		.space	1
 297 0104 01       		.byte	1
 298 0105 00       		.byte	0
 299 0106 82       		.byte	-126
 300 0107 02       		.byte	2
 301 0108 4000     		.short	64
 302 010a 0A       		.byte	10
 303 010b 00       		.space	1
 304 010c 01       		.byte	1
 305 010d 00       		.byte	0
 306 010e 03       		.byte	3
 307 010f 02       		.byte	2
 308 0110 4000     		.short	64
 309 0112 0A       		.byte	10
 310 0113 00       		.space	1
 311              		.global	USBUART_1_DEVICE0_CONFIGURATION0_INTERFACE_CLASS
 312              		.align	2
 313              		.type	USBUART_1_DEVICE0_CONFIGURATION0_INTERFACE_CLASS, %object
 314              		.size	USBUART_1_DEVICE0_CONFIGURATION0_INTERFACE_CLASS, 2
 315              	USBUART_1_DEVICE0_CONFIGURATION0_INTERFACE_CLASS:
 316 0114 02       		.byte	2
 317 0115 0A       		.byte	10
 318              		.global	USBUART_1_DEVICE0_CONFIGURATION0_TABLE
 319 0116 0000     		.align	2
 320              		.type	USBUART_1_DEVICE0_CONFIGURATION0_TABLE, %object
 321              		.size	USBUART_1_DEVICE0_CONFIGURATION0_TABLE, 40
 322              	USBUART_1_DEVICE0_CONFIGURATION0_TABLE:
 323 0118 01       		.byte	1
 324 0119 000000   		.space	3
 325 011c 00000000 		.word	USBUART_1_DEVICE0_CONFIGURATION0_DESCR
 326 0120 03       		.byte	3
 327 0121 000000   		.space	3
 328 0124 00000000 		.word	USBUART_1_DEVICE0_CONFIGURATION0_EP_SETTINGS_TABLE
 329 0128 00       		.byte	0
 330 0129 000000   		.space	3
 331 012c 00000000 		.word	0
 332 0130 00       		.byte	0
 333 0131 000000   		.space	3
 334 0134 00000000 		.word	0
 335 0138 00       		.byte	0
 336 0139 000000   		.space	3
 337 013c 00000000 		.word	USBUART_1_DEVICE0_CONFIGURATION0_INTERFACE_CLASS
 338              		.global	USBUART_1_DEVICE0_TABLE
 339              		.align	2
 340              		.type	USBUART_1_DEVICE0_TABLE, %object
 341              		.size	USBUART_1_DEVICE0_TABLE, 24
 342              	USBUART_1_DEVICE0_TABLE:
ARM GAS  C:\Users\bmt\AppData\Local\Temp\cc980SKj.s 			page 7


 343 0140 01       		.byte	1
 344 0141 000000   		.space	3
 345 0144 00000000 		.word	USBUART_1_DEVICE0_DESCR
 346 0148 00       		.byte	0
 347 0149 000000   		.space	3
 348 014c 00000000 		.word	0
 349 0150 01       		.byte	1
 350 0151 000000   		.space	3
 351 0154 00000000 		.word	USBUART_1_DEVICE0_CONFIGURATION0_TABLE
 352              		.global	USBUART_1_TABLE
 353              		.align	2
 354              		.type	USBUART_1_TABLE, %object
 355              		.size	USBUART_1_TABLE, 8
 356              	USBUART_1_TABLE:
 357 0158 01       		.byte	1
 358 0159 000000   		.space	3
 359 015c 00000000 		.word	USBUART_1_DEVICE0_TABLE
 360              		.comm	USBUART_1_idSerialNumberStringDescriptor,34,4
 361              		.text
 362              	.Letext0:
 363              		.file 1 "Generated_Source\\PSoC5\\cytypes.h"
 364              		.file 2 "Generated_Source\\PSoC5\\USBUART_1.h"
 365              		.file 3 "Generated_Source\\PSoC5\\USBUART_1_descr.c"
 366              		.section	.debug_info,"",%progbits
 367              	.Ldebug_info0:
 368 0000 89020000 		.4byte	0x289
 369 0004 0400     		.2byte	0x4
 370 0006 00000000 		.4byte	.Ldebug_abbrev0
 371 000a 04       		.byte	0x4
 372 000b 01       		.uleb128 0x1
 373 000c 33020000 		.4byte	.LASF34
 374 0010 01       		.byte	0x1
 375 0011 65030000 		.4byte	.LASF35
 376 0015 00010000 		.4byte	.LASF36
 377 0019 00000000 		.4byte	.Ldebug_line0
 378 001d 02       		.uleb128 0x2
 379 001e 01       		.byte	0x1
 380 001f 06       		.byte	0x6
 381 0020 59030000 		.4byte	.LASF0
 382 0024 02       		.uleb128 0x2
 383 0025 01       		.byte	0x1
 384 0026 08       		.byte	0x8
 385 0027 F2000000 		.4byte	.LASF1
 386 002b 02       		.uleb128 0x2
 387 002c 02       		.byte	0x2
 388 002d 05       		.byte	0x5
 389 002e C3010000 		.4byte	.LASF2
 390 0032 02       		.uleb128 0x2
 391 0033 02       		.byte	0x2
 392 0034 07       		.byte	0x7
 393 0035 73000000 		.4byte	.LASF3
 394 0039 02       		.uleb128 0x2
 395 003a 04       		.byte	0x4
 396 003b 05       		.byte	0x5
 397 003c 50030000 		.4byte	.LASF4
 398 0040 02       		.uleb128 0x2
 399 0041 04       		.byte	0x4
ARM GAS  C:\Users\bmt\AppData\Local\Temp\cc980SKj.s 			page 8


 400 0042 07       		.byte	0x7
 401 0043 74010000 		.4byte	.LASF5
 402 0047 02       		.uleb128 0x2
 403 0048 08       		.byte	0x8
 404 0049 05       		.byte	0x5
 405 004a 20020000 		.4byte	.LASF6
 406 004e 02       		.uleb128 0x2
 407 004f 08       		.byte	0x8
 408 0050 07       		.byte	0x7
 409 0051 E1010000 		.4byte	.LASF7
 410 0055 03       		.uleb128 0x3
 411 0056 04       		.byte	0x4
 412 0057 05       		.byte	0x5
 413 0058 696E7400 		.ascii	"int\000"
 414 005c 02       		.uleb128 0x2
 415 005d 04       		.byte	0x4
 416 005e 07       		.byte	0x7
 417 005f D4010000 		.4byte	.LASF8
 418 0063 04       		.uleb128 0x4
 419 0064 0D030000 		.4byte	.LASF9
 420 0068 01       		.byte	0x1
 421 0069 9201     		.2byte	0x192
 422 006b 24000000 		.4byte	0x24
 423 006f 04       		.uleb128 0x4
 424 0070 CD010000 		.4byte	.LASF10
 425 0074 01       		.byte	0x1
 426 0075 9301     		.2byte	0x193
 427 0077 32000000 		.4byte	0x32
 428 007b 02       		.uleb128 0x2
 429 007c 04       		.byte	0x4
 430 007d 04       		.byte	0x4
 431 007e B4000000 		.4byte	.LASF11
 432 0082 02       		.uleb128 0x2
 433 0083 08       		.byte	0x8
 434 0084 04       		.byte	0x4
 435 0085 BC010000 		.4byte	.LASF12
 436 0089 02       		.uleb128 0x2
 437 008a 01       		.byte	0x1
 438 008b 08       		.byte	0x8
 439 008c 2E020000 		.4byte	.LASF13
 440 0090 02       		.uleb128 0x2
 441 0091 04       		.byte	0x4
 442 0092 07       		.byte	0x7
 443 0093 17020000 		.4byte	.LASF14
 444 0097 05       		.uleb128 0x5
 445 0098 08       		.byte	0x8
 446 0099 02       		.byte	0x2
 447 009a 9A       		.byte	0x9a
 448 009b E8000000 		.4byte	0xe8
 449 009f 06       		.uleb128 0x6
 450 00a0 13030000 		.4byte	.LASF15
 451 00a4 02       		.byte	0x2
 452 00a5 9C       		.byte	0x9c
 453 00a6 63000000 		.4byte	0x63
 454 00aa 00       		.byte	0
 455 00ab 06       		.uleb128 0x6
 456 00ac E7000000 		.4byte	.LASF16
ARM GAS  C:\Users\bmt\AppData\Local\Temp\cc980SKj.s 			page 9


 457 00b0 02       		.byte	0x2
 458 00b1 9D       		.byte	0x9d
 459 00b2 63000000 		.4byte	0x63
 460 00b6 01       		.byte	0x1
 461 00b7 06       		.uleb128 0x6
 462 00b8 86010000 		.4byte	.LASF17
 463 00bc 02       		.byte	0x2
 464 00bd 9E       		.byte	0x9e
 465 00be 63000000 		.4byte	0x63
 466 00c2 02       		.byte	0x2
 467 00c3 06       		.uleb128 0x6
 468 00c4 69010000 		.4byte	.LASF18
 469 00c8 02       		.byte	0x2
 470 00c9 9F       		.byte	0x9f
 471 00ca 63000000 		.4byte	0x63
 472 00ce 03       		.byte	0x3
 473 00cf 06       		.uleb128 0x6
 474 00d0 C1020000 		.4byte	.LASF19
 475 00d4 02       		.byte	0x2
 476 00d5 A0       		.byte	0xa0
 477 00d6 6F000000 		.4byte	0x6f
 478 00da 04       		.byte	0x4
 479 00db 06       		.uleb128 0x6
 480 00dc BA000000 		.4byte	.LASF20
 481 00e0 02       		.byte	0x2
 482 00e1 A1       		.byte	0xa1
 483 00e2 63000000 		.4byte	0x63
 484 00e6 06       		.byte	0x6
 485 00e7 00       		.byte	0
 486 00e8 07       		.uleb128 0x7
 487 00e9 96000000 		.4byte	.LASF21
 488 00ed 02       		.byte	0x2
 489 00ee A2       		.byte	0xa2
 490 00ef 97000000 		.4byte	0x97
 491 00f3 05       		.uleb128 0x5
 492 00f4 08       		.byte	0x8
 493 00f5 02       		.byte	0x2
 494 00f6 B1       		.byte	0xb1
 495 00f7 12010000 		.4byte	0x112
 496 00fb 08       		.uleb128 0x8
 497 00fc 6300     		.ascii	"c\000"
 498 00fe 02       		.byte	0x2
 499 00ff B3       		.byte	0xb3
 500 0100 63000000 		.4byte	0x63
 501 0104 00       		.byte	0
 502 0105 06       		.uleb128 0x6
 503 0106 10020000 		.4byte	.LASF22
 504 010a 02       		.byte	0x2
 505 010b B4       		.byte	0xb4
 506 010c 12010000 		.4byte	0x112
 507 0110 04       		.byte	0x4
 508 0111 00       		.byte	0
 509 0112 09       		.uleb128 0x9
 510 0113 04       		.byte	0x4
 511 0114 18010000 		.4byte	0x118
 512 0118 0A       		.uleb128 0xa
 513 0119 07       		.uleb128 0x7
ARM GAS  C:\Users\bmt\AppData\Local\Temp\cc980SKj.s 			page 10


 514 011a 86000000 		.4byte	.LASF23
 515 011e 02       		.byte	0x2
 516 011f B5       		.byte	0xb5
 517 0120 F3000000 		.4byte	0xf3
 518 0124 0B       		.uleb128 0xb
 519 0125 63000000 		.4byte	0x63
 520 0129 34010000 		.4byte	0x134
 521 012d 0C       		.uleb128 0xc
 522 012e 90000000 		.4byte	0x90
 523 0132 11       		.byte	0x11
 524 0133 00       		.byte	0
 525 0134 0D       		.uleb128 0xd
 526 0135 F5020000 		.4byte	.LASF24
 527 0139 03       		.byte	0x3
 528 013a 24       		.byte	0x24
 529 013b 45010000 		.4byte	0x145
 530 013f 05       		.uleb128 0x5
 531 0140 03       		.byte	0x3
 532 0141 00000000 		.4byte	USBUART_1_DEVICE0_DESCR
 533 0145 0E       		.uleb128 0xe
 534 0146 24010000 		.4byte	0x124
 535 014a 0B       		.uleb128 0xb
 536 014b 63000000 		.4byte	0x63
 537 014f 5A010000 		.4byte	0x15a
 538 0153 0C       		.uleb128 0xc
 539 0154 90000000 		.4byte	0x90
 540 0158 42       		.byte	0x42
 541 0159 00       		.byte	0
 542 015a 0D       		.uleb128 0xd
 543 015b C0000000 		.4byte	.LASF25
 544 015f 03       		.byte	0x3
 545 0160 37       		.byte	0x37
 546 0161 6B010000 		.4byte	0x16b
 547 0165 05       		.uleb128 0x5
 548 0166 03       		.byte	0x3
 549 0167 00000000 		.4byte	USBUART_1_DEVICE0_CONFIGURATION0_DESCR
 550 016b 0E       		.uleb128 0xe
 551 016c 4A010000 		.4byte	0x14a
 552 0170 0B       		.uleb128 0xb
 553 0171 E8000000 		.4byte	0xe8
 554 0175 80010000 		.4byte	0x180
 555 0179 0C       		.uleb128 0xc
 556 017a 90000000 		.4byte	0x90
 557 017e 02       		.byte	0x2
 558 017f 00       		.byte	0
 559 0180 0D       		.uleb128 0xd
 560 0181 1D030000 		.4byte	.LASF26
 561 0185 03       		.byte	0x3
 562 0186 D8       		.byte	0xd8
 563 0187 91010000 		.4byte	0x191
 564 018b 05       		.uleb128 0x5
 565 018c 03       		.byte	0x3
 566 018d 00000000 		.4byte	USBUART_1_DEVICE0_CONFIGURATION0_EP_SETTINGS_TABLE
 567 0191 0E       		.uleb128 0xe
 568 0192 70010000 		.4byte	0x170
 569 0196 0B       		.uleb128 0xb
 570 0197 63000000 		.4byte	0x63
ARM GAS  C:\Users\bmt\AppData\Local\Temp\cc980SKj.s 			page 11


 571 019b A6010000 		.4byte	0x1a6
 572 019f 0C       		.uleb128 0xc
 573 01a0 90000000 		.4byte	0x90
 574 01a4 01       		.byte	0x1
 575 01a5 00       		.byte	0
 576 01a6 0D       		.uleb128 0xd
 577 01a7 8B010000 		.4byte	.LASF27
 578 01ab 03       		.byte	0x3
 579 01ac DE       		.byte	0xde
 580 01ad B7010000 		.4byte	0x1b7
 581 01b1 05       		.uleb128 0x5
 582 01b2 03       		.byte	0x3
 583 01b3 00000000 		.4byte	USBUART_1_DEVICE0_CONFIGURATION0_INTERFACE_CLASS
 584 01b7 0E       		.uleb128 0xe
 585 01b8 96010000 		.4byte	0x196
 586 01bc 0B       		.uleb128 0xb
 587 01bd 19010000 		.4byte	0x119
 588 01c1 CC010000 		.4byte	0x1cc
 589 01c5 0C       		.uleb128 0xc
 590 01c6 90000000 		.4byte	0x90
 591 01ca 04       		.byte	0x4
 592 01cb 00       		.byte	0
 593 01cc 0D       		.uleb128 0xd
 594 01cd 4C000000 		.4byte	.LASF28
 595 01d1 03       		.byte	0x3
 596 01d2 E6       		.byte	0xe6
 597 01d3 DD010000 		.4byte	0x1dd
 598 01d7 05       		.uleb128 0x5
 599 01d8 03       		.byte	0x3
 600 01d9 00000000 		.4byte	USBUART_1_DEVICE0_CONFIGURATION0_TABLE
 601 01dd 0E       		.uleb128 0xe
 602 01de BC010000 		.4byte	0x1bc
 603 01e2 0B       		.uleb128 0xb
 604 01e3 19010000 		.4byte	0x119
 605 01e7 F2010000 		.4byte	0x1f2
 606 01eb 0C       		.uleb128 0xc
 607 01ec 90000000 		.4byte	0x90
 608 01f0 02       		.byte	0x2
 609 01f1 00       		.byte	0
 610 01f2 0D       		.uleb128 0xd
 611 01f3 F8010000 		.4byte	.LASF29
 612 01f7 03       		.byte	0x3
 613 01f8 F1       		.byte	0xf1
 614 01f9 03020000 		.4byte	0x203
 615 01fd 05       		.uleb128 0x5
 616 01fe 03       		.byte	0x3
 617 01ff 00000000 		.4byte	USBUART_1_DEVICE0_TABLE
 618 0203 0E       		.uleb128 0xe
 619 0204 E2010000 		.4byte	0x1e2
 620 0208 0B       		.uleb128 0xb
 621 0209 19010000 		.4byte	0x119
 622 020d 18020000 		.4byte	0x218
 623 0211 0C       		.uleb128 0xc
 624 0212 90000000 		.4byte	0x90
 625 0216 00       		.byte	0
 626 0217 00       		.byte	0
 627 0218 0D       		.uleb128 0xd
ARM GAS  C:\Users\bmt\AppData\Local\Temp\cc980SKj.s 			page 12


 628 0219 3C000000 		.4byte	.LASF30
 629 021d 03       		.byte	0x3
 630 021e F9       		.byte	0xf9
 631 021f 29020000 		.4byte	0x229
 632 0223 05       		.uleb128 0x5
 633 0224 03       		.byte	0x3
 634 0225 00000000 		.4byte	USBUART_1_TABLE
 635 0229 0E       		.uleb128 0xe
 636 022a 08020000 		.4byte	0x208
 637 022e 0D       		.uleb128 0xd
 638 022f 00000000 		.4byte	.LASF31
 639 0233 03       		.byte	0x3
 640 0234 C9       		.byte	0xc9
 641 0235 3F020000 		.4byte	0x23f
 642 0239 05       		.uleb128 0x5
 643 023a 03       		.byte	0x3
 644 023b 00000000 		.4byte	USBUART_1_SN_STRING_DESCRIPTOR
 645 023f 0E       		.uleb128 0xe
 646 0240 96010000 		.4byte	0x196
 647 0244 0B       		.uleb128 0xb
 648 0245 63000000 		.4byte	0x63
 649 0249 54020000 		.4byte	0x254
 650 024d 0C       		.uleb128 0xc
 651 024e 90000000 		.4byte	0x90
 652 0252 9E       		.byte	0x9e
 653 0253 00       		.byte	0
 654 0254 0D       		.uleb128 0xd
 655 0255 1F000000 		.4byte	.LASF32
 656 0259 03       		.byte	0x3
 657 025a 96       		.byte	0x96
 658 025b 65020000 		.4byte	0x265
 659 025f 05       		.uleb128 0x5
 660 0260 03       		.byte	0x3
 661 0261 00000000 		.4byte	USBUART_1_STRING_DESCRIPTORS
 662 0265 0E       		.uleb128 0xe
 663 0266 44020000 		.4byte	0x244
 664 026a 0B       		.uleb128 0xb
 665 026b 63000000 		.4byte	0x63
 666 026f 7A020000 		.4byte	0x27a
 667 0273 0C       		.uleb128 0xc
 668 0274 90000000 		.4byte	0x90
 669 0278 21       		.byte	0x21
 670 0279 00       		.byte	0
 671 027a 0F       		.uleb128 0xf
 672 027b CC020000 		.4byte	.LASF33
 673 027f 03       		.byte	0x3
 674 0280 2701     		.2byte	0x127
 675 0282 6A020000 		.4byte	0x26a
 676 0286 05       		.uleb128 0x5
 677 0287 03       		.byte	0x3
 678 0288 00000000 		.4byte	USBUART_1_idSerialNumberStringDescriptor
 679 028c 00       		.byte	0
 680              		.section	.debug_abbrev,"",%progbits
 681              	.Ldebug_abbrev0:
 682 0000 01       		.uleb128 0x1
 683 0001 11       		.uleb128 0x11
 684 0002 01       		.byte	0x1
ARM GAS  C:\Users\bmt\AppData\Local\Temp\cc980SKj.s 			page 13


 685 0003 25       		.uleb128 0x25
 686 0004 0E       		.uleb128 0xe
 687 0005 13       		.uleb128 0x13
 688 0006 0B       		.uleb128 0xb
 689 0007 03       		.uleb128 0x3
 690 0008 0E       		.uleb128 0xe
 691 0009 1B       		.uleb128 0x1b
 692 000a 0E       		.uleb128 0xe
 693 000b 10       		.uleb128 0x10
 694 000c 17       		.uleb128 0x17
 695 000d 00       		.byte	0
 696 000e 00       		.byte	0
 697 000f 02       		.uleb128 0x2
 698 0010 24       		.uleb128 0x24
 699 0011 00       		.byte	0
 700 0012 0B       		.uleb128 0xb
 701 0013 0B       		.uleb128 0xb
 702 0014 3E       		.uleb128 0x3e
 703 0015 0B       		.uleb128 0xb
 704 0016 03       		.uleb128 0x3
 705 0017 0E       		.uleb128 0xe
 706 0018 00       		.byte	0
 707 0019 00       		.byte	0
 708 001a 03       		.uleb128 0x3
 709 001b 24       		.uleb128 0x24
 710 001c 00       		.byte	0
 711 001d 0B       		.uleb128 0xb
 712 001e 0B       		.uleb128 0xb
 713 001f 3E       		.uleb128 0x3e
 714 0020 0B       		.uleb128 0xb
 715 0021 03       		.uleb128 0x3
 716 0022 08       		.uleb128 0x8
 717 0023 00       		.byte	0
 718 0024 00       		.byte	0
 719 0025 04       		.uleb128 0x4
 720 0026 16       		.uleb128 0x16
 721 0027 00       		.byte	0
 722 0028 03       		.uleb128 0x3
 723 0029 0E       		.uleb128 0xe
 724 002a 3A       		.uleb128 0x3a
 725 002b 0B       		.uleb128 0xb
 726 002c 3B       		.uleb128 0x3b
 727 002d 05       		.uleb128 0x5
 728 002e 49       		.uleb128 0x49
 729 002f 13       		.uleb128 0x13
 730 0030 00       		.byte	0
 731 0031 00       		.byte	0
 732 0032 05       		.uleb128 0x5
 733 0033 13       		.uleb128 0x13
 734 0034 01       		.byte	0x1
 735 0035 0B       		.uleb128 0xb
 736 0036 0B       		.uleb128 0xb
 737 0037 3A       		.uleb128 0x3a
 738 0038 0B       		.uleb128 0xb
 739 0039 3B       		.uleb128 0x3b
 740 003a 0B       		.uleb128 0xb
 741 003b 01       		.uleb128 0x1
ARM GAS  C:\Users\bmt\AppData\Local\Temp\cc980SKj.s 			page 14


 742 003c 13       		.uleb128 0x13
 743 003d 00       		.byte	0
 744 003e 00       		.byte	0
 745 003f 06       		.uleb128 0x6
 746 0040 0D       		.uleb128 0xd
 747 0041 00       		.byte	0
 748 0042 03       		.uleb128 0x3
 749 0043 0E       		.uleb128 0xe
 750 0044 3A       		.uleb128 0x3a
 751 0045 0B       		.uleb128 0xb
 752 0046 3B       		.uleb128 0x3b
 753 0047 0B       		.uleb128 0xb
 754 0048 49       		.uleb128 0x49
 755 0049 13       		.uleb128 0x13
 756 004a 38       		.uleb128 0x38
 757 004b 0B       		.uleb128 0xb
 758 004c 00       		.byte	0
 759 004d 00       		.byte	0
 760 004e 07       		.uleb128 0x7
 761 004f 16       		.uleb128 0x16
 762 0050 00       		.byte	0
 763 0051 03       		.uleb128 0x3
 764 0052 0E       		.uleb128 0xe
 765 0053 3A       		.uleb128 0x3a
 766 0054 0B       		.uleb128 0xb
 767 0055 3B       		.uleb128 0x3b
 768 0056 0B       		.uleb128 0xb
 769 0057 49       		.uleb128 0x49
 770 0058 13       		.uleb128 0x13
 771 0059 00       		.byte	0
 772 005a 00       		.byte	0
 773 005b 08       		.uleb128 0x8
 774 005c 0D       		.uleb128 0xd
 775 005d 00       		.byte	0
 776 005e 03       		.uleb128 0x3
 777 005f 08       		.uleb128 0x8
 778 0060 3A       		.uleb128 0x3a
 779 0061 0B       		.uleb128 0xb
 780 0062 3B       		.uleb128 0x3b
 781 0063 0B       		.uleb128 0xb
 782 0064 49       		.uleb128 0x49
 783 0065 13       		.uleb128 0x13
 784 0066 38       		.uleb128 0x38
 785 0067 0B       		.uleb128 0xb
 786 0068 00       		.byte	0
 787 0069 00       		.byte	0
 788 006a 09       		.uleb128 0x9
 789 006b 0F       		.uleb128 0xf
 790 006c 00       		.byte	0
 791 006d 0B       		.uleb128 0xb
 792 006e 0B       		.uleb128 0xb
 793 006f 49       		.uleb128 0x49
 794 0070 13       		.uleb128 0x13
 795 0071 00       		.byte	0
 796 0072 00       		.byte	0
 797 0073 0A       		.uleb128 0xa
 798 0074 26       		.uleb128 0x26
ARM GAS  C:\Users\bmt\AppData\Local\Temp\cc980SKj.s 			page 15


 799 0075 00       		.byte	0
 800 0076 00       		.byte	0
 801 0077 00       		.byte	0
 802 0078 0B       		.uleb128 0xb
 803 0079 01       		.uleb128 0x1
 804 007a 01       		.byte	0x1
 805 007b 49       		.uleb128 0x49
 806 007c 13       		.uleb128 0x13
 807 007d 01       		.uleb128 0x1
 808 007e 13       		.uleb128 0x13
 809 007f 00       		.byte	0
 810 0080 00       		.byte	0
 811 0081 0C       		.uleb128 0xc
 812 0082 21       		.uleb128 0x21
 813 0083 00       		.byte	0
 814 0084 49       		.uleb128 0x49
 815 0085 13       		.uleb128 0x13
 816 0086 2F       		.uleb128 0x2f
 817 0087 0B       		.uleb128 0xb
 818 0088 00       		.byte	0
 819 0089 00       		.byte	0
 820 008a 0D       		.uleb128 0xd
 821 008b 34       		.uleb128 0x34
 822 008c 00       		.byte	0
 823 008d 03       		.uleb128 0x3
 824 008e 0E       		.uleb128 0xe
 825 008f 3A       		.uleb128 0x3a
 826 0090 0B       		.uleb128 0xb
 827 0091 3B       		.uleb128 0x3b
 828 0092 0B       		.uleb128 0xb
 829 0093 49       		.uleb128 0x49
 830 0094 13       		.uleb128 0x13
 831 0095 3F       		.uleb128 0x3f
 832 0096 19       		.uleb128 0x19
 833 0097 02       		.uleb128 0x2
 834 0098 18       		.uleb128 0x18
 835 0099 00       		.byte	0
 836 009a 00       		.byte	0
 837 009b 0E       		.uleb128 0xe
 838 009c 26       		.uleb128 0x26
 839 009d 00       		.byte	0
 840 009e 49       		.uleb128 0x49
 841 009f 13       		.uleb128 0x13
 842 00a0 00       		.byte	0
 843 00a1 00       		.byte	0
 844 00a2 0F       		.uleb128 0xf
 845 00a3 34       		.uleb128 0x34
 846 00a4 00       		.byte	0
 847 00a5 03       		.uleb128 0x3
 848 00a6 0E       		.uleb128 0xe
 849 00a7 3A       		.uleb128 0x3a
 850 00a8 0B       		.uleb128 0xb
 851 00a9 3B       		.uleb128 0x3b
 852 00aa 05       		.uleb128 0x5
 853 00ab 49       		.uleb128 0x49
 854 00ac 13       		.uleb128 0x13
 855 00ad 3F       		.uleb128 0x3f
ARM GAS  C:\Users\bmt\AppData\Local\Temp\cc980SKj.s 			page 16


 856 00ae 19       		.uleb128 0x19
 857 00af 02       		.uleb128 0x2
 858 00b0 18       		.uleb128 0x18
 859 00b1 00       		.byte	0
 860 00b2 00       		.byte	0
 861 00b3 00       		.byte	0
 862              		.section	.debug_aranges,"",%progbits
 863 0000 14000000 		.4byte	0x14
 864 0004 0200     		.2byte	0x2
 865 0006 00000000 		.4byte	.Ldebug_info0
 866 000a 04       		.byte	0x4
 867 000b 00       		.byte	0
 868 000c 0000     		.2byte	0
 869 000e 0000     		.2byte	0
 870 0010 00000000 		.4byte	0
 871 0014 00000000 		.4byte	0
 872              		.section	.debug_line,"",%progbits
 873              	.Ldebug_line0:
 874 0000 61000000 		.section	.debug_str,"MS",%progbits,1
 874      02005B00 
 874      00000201 
 874      FB0E0D00 
 874      01010101 
 875              	.LASF31:
 876 0000 55534255 		.ascii	"USBUART_1_SN_STRING_DESCRIPTOR\000"
 876      4152545F 
 876      315F534E 
 876      5F535452 
 876      494E475F 
 877              	.LASF32:
 878 001f 55534255 		.ascii	"USBUART_1_STRING_DESCRIPTORS\000"
 878      4152545F 
 878      315F5354 
 878      52494E47 
 878      5F444553 
 879              	.LASF30:
 880 003c 55534255 		.ascii	"USBUART_1_TABLE\000"
 880      4152545F 
 880      315F5441 
 880      424C4500 
 881              	.LASF28:
 882 004c 55534255 		.ascii	"USBUART_1_DEVICE0_CONFIGURATION0_TABLE\000"
 882      4152545F 
 882      315F4445 
 882      56494345 
 882      305F434F 
 883              	.LASF3:
 884 0073 73686F72 		.ascii	"short unsigned int\000"
 884      7420756E 
 884      7369676E 
 884      65642069 
 884      6E7400
 885              	.LASF23:
 886 0086 545F5553 		.ascii	"T_USBUART_1_LUT\000"
 886      42554152 
 886      545F315F 
 886      4C555400 
ARM GAS  C:\Users\bmt\AppData\Local\Temp\cc980SKj.s 			page 17


 887              	.LASF21:
 888 0096 545F5553 		.ascii	"T_USBUART_1_EP_SETTINGS_BLOCK\000"
 888      42554152 
 888      545F315F 
 888      45505F53 
 888      45545449 
 889              	.LASF11:
 890 00b4 666C6F61 		.ascii	"float\000"
 890      7400
 891              	.LASF20:
 892 00ba 624D6973 		.ascii	"bMisc\000"
 892      6300
 893              	.LASF25:
 894 00c0 55534255 		.ascii	"USBUART_1_DEVICE0_CONFIGURATION0_DESCR\000"
 894      4152545F 
 894      315F4445 
 894      56494345 
 894      305F434F 
 895              	.LASF16:
 896 00e7 616C7453 		.ascii	"altSetting\000"
 896      65747469 
 896      6E6700
 897              	.LASF1:
 898 00f2 756E7369 		.ascii	"unsigned char\000"
 898      676E6564 
 898      20636861 
 898      7200
 899              	.LASF36:
 900 0100 433A5C55 		.ascii	"C:\\Users\\bmt\\Downloads\\FreeRTOSv9.0.0\\FreeRTOS"
 900      73657273 
 900      5C626D74 
 900      5C446F77 
 900      6E6C6F61 
 901 012e 5C44656D 		.ascii	"\\Demo\\CORTEX_CY8C5588_PSoC_Creator_GCC\\FreeRTOS_"
 901      6F5C434F 
 901      52544558 
 901      5F435938 
 901      43353538 
 902 015e 44656D6F 		.ascii	"Demo.cydsn\000"
 902      2E637964 
 902      736E00
 903              	.LASF18:
 904 0169 61747472 		.ascii	"attributes\000"
 904      69627574 
 904      657300
 905              	.LASF5:
 906 0174 6C6F6E67 		.ascii	"long unsigned int\000"
 906      20756E73 
 906      69676E65 
 906      6420696E 
 906      7400
 907              	.LASF17:
 908 0186 61646472 		.ascii	"addr\000"
 908      00
 909              	.LASF27:
 910 018b 55534255 		.ascii	"USBUART_1_DEVICE0_CONFIGURATION0_INTERFACE_CLASS\000"
 910      4152545F 
ARM GAS  C:\Users\bmt\AppData\Local\Temp\cc980SKj.s 			page 18


 910      315F4445 
 910      56494345 
 910      305F434F 
 911              	.LASF12:
 912 01bc 646F7562 		.ascii	"double\000"
 912      6C6500
 913              	.LASF2:
 914 01c3 73686F72 		.ascii	"short int\000"
 914      7420696E 
 914      7400
 915              	.LASF10:
 916 01cd 75696E74 		.ascii	"uint16\000"
 916      313600
 917              	.LASF8:
 918 01d4 756E7369 		.ascii	"unsigned int\000"
 918      676E6564 
 918      20696E74 
 918      00
 919              	.LASF7:
 920 01e1 6C6F6E67 		.ascii	"long long unsigned int\000"
 920      206C6F6E 
 920      6720756E 
 920      7369676E 
 920      65642069 
 921              	.LASF29:
 922 01f8 55534255 		.ascii	"USBUART_1_DEVICE0_TABLE\000"
 922      4152545F 
 922      315F4445 
 922      56494345 
 922      305F5441 
 923              	.LASF22:
 924 0210 705F6C69 		.ascii	"p_list\000"
 924      737400
 925              	.LASF14:
 926 0217 73697A65 		.ascii	"sizetype\000"
 926      74797065 
 926      00
 927              	.LASF6:
 928 0220 6C6F6E67 		.ascii	"long long int\000"
 928      206C6F6E 
 928      6720696E 
 928      7400
 929              	.LASF13:
 930 022e 63686172 		.ascii	"char\000"
 930      00
 931              	.LASF34:
 932 0233 474E5520 		.ascii	"GNU C 4.9.3 20150303 (release) [ARM/embedded-4_9-br"
 932      4320342E 
 932      392E3320 
 932      32303135 
 932      30333033 
 933 0266 616E6368 		.ascii	"anch revision 221220] -mcpu=cortex-m3 -mthumb -g -O"
 933      20726576 
 933      6973696F 
 933      6E203232 
 933      31323230 
 934 0299 30202D66 		.ascii	"0 -ffunction-sections -ffat-lto-objects\000"
ARM GAS  C:\Users\bmt\AppData\Local\Temp\cc980SKj.s 			page 19


 934      66756E63 
 934      74696F6E 
 934      2D736563 
 934      74696F6E 
 935              	.LASF19:
 936 02c1 62756666 		.ascii	"bufferSize\000"
 936      65725369 
 936      7A6500
 937              	.LASF33:
 938 02cc 55534255 		.ascii	"USBUART_1_idSerialNumberStringDescriptor\000"
 938      4152545F 
 938      315F6964 
 938      53657269 
 938      616C4E75 
 939              	.LASF24:
 940 02f5 55534255 		.ascii	"USBUART_1_DEVICE0_DESCR\000"
 940      4152545F 
 940      315F4445 
 940      56494345 
 940      305F4445 
 941              	.LASF9:
 942 030d 75696E74 		.ascii	"uint8\000"
 942      3800
 943              	.LASF15:
 944 0313 696E7465 		.ascii	"interface\000"
 944      72666163 
 944      6500
 945              	.LASF26:
 946 031d 55534255 		.ascii	"USBUART_1_DEVICE0_CONFIGURATION0_EP_SETTINGS_TABLE\000"
 946      4152545F 
 946      315F4445 
 946      56494345 
 946      305F434F 
 947              	.LASF4:
 948 0350 6C6F6E67 		.ascii	"long int\000"
 948      20696E74 
 948      00
 949              	.LASF0:
 950 0359 7369676E 		.ascii	"signed char\000"
 950      65642063 
 950      68617200 
 951              	.LASF35:
 952 0365 47656E65 		.ascii	"Generated_Source\\PSoC5\\USBUART_1_descr.c\000"
 952      72617465 
 952      645F536F 
 952      75726365 
 952      5C50536F 
 953              		.ident	"GCC: (GNU Tools for ARM Embedded Processors) 4.9.3 20150303 (release) [ARM/embedded-4_9-br
