ARM GAS  C:\Users\THUNDE~1\AppData\Local\Temp\ccAOHmC3.s 			page 1


   1              		.syntax unified
   2              		.cpu cortex-m3
   3              		.fpu softvfp
   4              		.eabi_attribute 20, 1
   5              		.eabi_attribute 21, 1
   6              		.eabi_attribute 23, 3
   7              		.eabi_attribute 24, 1
   8              		.eabi_attribute 25, 1
   9              		.eabi_attribute 26, 1
  10              		.eabi_attribute 30, 6
  11              		.eabi_attribute 34, 1
  12              		.eabi_attribute 18, 4
  13              		.thumb
  14              		.syntax unified
  15              		.file	"cymetadata.c"
  16              		.text
  17              	.Ltext0:
  18              		.cfi_sections	.debug_frame
  19              		.global	cy_meta_configecc
  20              		.section	.cyconfigecc,"a",%progbits
  21              		.align	2
  22              		.type	cy_meta_configecc, %object
  23              		.size	cy_meta_configecc, 1788
  24              	cy_meta_configecc:
  25 0000 01       		.byte	1
  26 0001 45       		.byte	69
  27 0002 00       		.byte	0
  28 0003 40       		.byte	64
  29 0004 04       		.byte	4
  30 0005 4F       		.byte	79
  31 0006 00       		.byte	0
  32 0007 40       		.byte	64
  33 0008 04       		.byte	4
  34 0009 52       		.byte	82
  35 000a 00       		.byte	0
  36 000b 40       		.byte	64
  37 000c 02       		.byte	2
  38 000d 64       		.byte	100
  39 000e 00       		.byte	0
  40 000f 40       		.byte	64
  41 0010 03       		.byte	3
  42 0011 65       		.byte	101
  43 0012 00       		.byte	0
  44 0013 40       		.byte	64
  45 0014 01       		.byte	1
  46 0015 03       		.byte	3
  47 0016 01       		.byte	1
  48 0017 40       		.byte	64
  49 0018 02       		.byte	2
  50 0019 07       		.byte	7
  51 001a 01       		.byte	1
  52 001b 40       		.byte	64
  53 001c 4F       		.byte	79
  54 001d 08       		.byte	8
  55 001e 01       		.byte	1
  56 001f 40       		.byte	64
  57 0020 38       		.byte	56
ARM GAS  C:\Users\THUNDE~1\AppData\Local\Temp\ccAOHmC3.s 			page 2


  58 0021 09       		.byte	9
  59 0022 01       		.byte	1
  60 0023 40       		.byte	64
  61 0024 5D       		.byte	93
  62 0025 0A       		.byte	10
  63 0026 01       		.byte	1
  64 0027 40       		.byte	64
  65 0028 3A       		.byte	58
  66 0029 0B       		.byte	11
  67 002a 01       		.byte	1
  68 002b 40       		.byte	64
  69 002c 04       		.byte	4
  70 002d 0C       		.byte	12
  71 002e 01       		.byte	1
  72 002f 40       		.byte	64
  73 0030 02       		.byte	2
  74 0031 0D       		.byte	13
  75 0032 01       		.byte	1
  76 0033 40       		.byte	64
  77 0034 03       		.byte	3
  78 0035 15       		.byte	21
  79 0036 01       		.byte	1
  80 0037 40       		.byte	64
  81 0038 55       		.byte	85
  82 0039 16       		.byte	22
  83 003a 01       		.byte	1
  84 003b 40       		.byte	64
  85 003c 31       		.byte	49
  86 003d 17       		.byte	23
  87 003e 01       		.byte	1
  88 003f 40       		.byte	64
  89 0040 16       		.byte	22
  90 0041 18       		.byte	24
  91 0042 01       		.byte	1
  92 0043 40       		.byte	64
  93 0044 49       		.byte	73
  94 0045 19       		.byte	25
  95 0046 01       		.byte	1
  96 0047 40       		.byte	64
  97 0048 44       		.byte	68
  98 0049 1A       		.byte	26
  99 004a 01       		.byte	1
 100 004b 40       		.byte	64
 101 004c 3F       		.byte	63
 102 004d 1B       		.byte	27
 103 004e 01       		.byte	1
 104 004f 40       		.byte	64
 105 0050 06       		.byte	6
 106 0051 40       		.byte	64
 107 0052 01       		.byte	1
 108 0053 40       		.byte	64
 109 0054 0A       		.byte	10
 110 0055 41       		.byte	65
 111 0056 01       		.byte	1
 112 0057 40       		.byte	64
 113 0058 09       		.byte	9
 114 0059 42       		.byte	66
ARM GAS  C:\Users\THUNDE~1\AppData\Local\Temp\ccAOHmC3.s 			page 3


 115 005a 01       		.byte	1
 116 005b 40       		.byte	64
 117 005c 08       		.byte	8
 118 005d 43       		.byte	67
 119 005e 01       		.byte	1
 120 005f 40       		.byte	64
 121 0060 04       		.byte	4
 122 0061 47       		.byte	71
 123 0062 01       		.byte	1
 124 0063 40       		.byte	64
 125 0064 06       		.byte	6
 126 0065 48       		.byte	72
 127 0066 01       		.byte	1
 128 0067 40       		.byte	64
 129 0068 04       		.byte	4
 130 0069 49       		.byte	73
 131 006a 01       		.byte	1
 132 006b 40       		.byte	64
 133 006c 05       		.byte	5
 134 006d 4C       		.byte	76
 135 006e 01       		.byte	1
 136 006f 40       		.byte	64
 137 0070 07       		.byte	7
 138 0071 4D       		.byte	77
 139 0072 01       		.byte	1
 140 0073 40       		.byte	64
 141 0074 09       		.byte	9
 142 0075 50       		.byte	80
 143 0076 01       		.byte	1
 144 0077 40       		.byte	64
 145 0078 02       		.byte	2
 146 0079 51       		.byte	81
 147 007a 01       		.byte	1
 148 007b 40       		.byte	64
 149 007c 7E       		.byte	126
 150 007d 02       		.byte	2
 151 007e 01       		.byte	1
 152 007f 80       		.byte	-128
 153 0080 0A       		.byte	10
 154 0081 4B       		.byte	75
 155 0082 0D       		.byte	13
 156 0083 80       		.byte	-128
 157 0084 16       		.byte	22
 158 0085 4B       		.byte	75
 159 0086 14       		.byte	20
 160 0087 04       		.byte	4
 161 0088 60       		.byte	96
 162 0089 80       		.byte	-128
 163 008a 61       		.byte	97
 164 008b 80       		.byte	-128
 165 008c 7C       		.byte	124
 166 008d 40       		.byte	64
 167 008e 88       		.byte	-120
 168 008f 3A       		.byte	58
 169 0090 8A       		.byte	-118
 170 0091 0F       		.byte	15
 171 0092 86       		.byte	-122
ARM GAS  C:\Users\THUNDE~1\AppData\Local\Temp\ccAOHmC3.s 			page 4


 172 0093 0D       		.byte	13
 173 0094 87       		.byte	-121
 174 0095 0D       		.byte	13
 175 0096 89       		.byte	-119
 176 0097 7A       		.byte	122
 177 0098 E6       		.byte	-26
 178 0099 02       		.byte	2
 179 009a E6       		.byte	-26
 180 009b 02       		.byte	2
 181 009c EE       		.byte	-18
 182 009d 04       		.byte	4
 183 009e 01       		.byte	1
 184 009f 02       		.byte	2
 185 00a0 12       		.byte	18
 186 00a1 02       		.byte	2
 187 00a2 13       		.byte	19
 188 00a3 02       		.byte	2
 189 00a4 15       		.byte	21
 190 00a5 01       		.byte	1
 191 00a6 1E       		.byte	30
 192 00a7 01       		.byte	1
 193 00a8 23       		.byte	35
 194 00a9 02       		.byte	2
 195 00aa 25       		.byte	37
 196 00ab 02       		.byte	2
 197 00ac 2A       		.byte	42
 198 00ad 01       		.byte	1
 199 00ae 2E       		.byte	46
 200 00af 02       		.byte	2
 201 00b0 30       		.byte	48
 202 00b1 02       		.byte	2
 203 00b2 31       		.byte	49
 204 00b3 02       		.byte	2
 205 00b4 32       		.byte	50
 206 00b5 01       		.byte	1
 207 00b6 35       		.byte	53
 208 00b7 01       		.byte	1
 209 00b8 39       		.byte	57
 210 00b9 02       		.byte	2
 211 00ba 3E       		.byte	62
 212 00bb 05       		.byte	5
 213 00bc 3F       		.byte	63
 214 00bd 10       		.byte	16
 215 00be 40       		.byte	64
 216 00bf 62       		.byte	98
 217 00c0 41       		.byte	65
 218 00c1 04       		.byte	4
 219 00c2 42       		.byte	66
 220 00c3 05       		.byte	5
 221 00c4 44       		.byte	68
 222 00c5 03       		.byte	3
 223 00c6 46       		.byte	70
 224 00c7 0C       		.byte	12
 225 00c8 47       		.byte	71
 226 00c9 0E       		.byte	14
 227 00ca 48       		.byte	72
 228 00cb 14       		.byte	20
ARM GAS  C:\Users\THUNDE~1\AppData\Local\Temp\ccAOHmC3.s 			page 5


 229 00cc 49       		.byte	73
 230 00cd FF       		.byte	-1
 231 00ce 4A       		.byte	74
 232 00cf FF       		.byte	-1
 233 00d0 4B       		.byte	75
 234 00d1 FF       		.byte	-1
 235 00d2 4C       		.byte	76
 236 00d3 62       		.byte	98
 237 00d4 4D       		.byte	77
 238 00d5 A0       		.byte	-96
 239 00d6 4E       		.byte	78
 240 00d7 F0       		.byte	-16
 241 00d8 4F       		.byte	79
 242 00d9 41       		.byte	65
 243 00da 50       		.byte	80
 244 00db 0C       		.byte	12
 245 00dc 54       		.byte	84
 246 00dd 1A       		.byte	26
 247 00de 56       		.byte	86
 248 00df 04       		.byte	4
 249 00e0 58       		.byte	88
 250 00e1 04       		.byte	4
 251 00e2 59       		.byte	89
 252 00e3 04       		.byte	4
 253 00e4 5A       		.byte	90
 254 00e5 04       		.byte	4
 255 00e6 5B       		.byte	91
 256 00e7 04       		.byte	4
 257 00e8 5F       		.byte	95
 258 00e9 01       		.byte	1
 259 00ea 66       		.byte	102
 260 00eb 40       		.byte	64
 261 00ec 67       		.byte	103
 262 00ed 02       		.byte	2
 263 00ee 69       		.byte	105
 264 00ef 10       		.byte	16
 265 00f0 6A       		.byte	106
 266 00f1 30       		.byte	48
 267 00f2 6B       		.byte	107
 268 00f3 10       		.byte	16
 269 00f4 6D       		.byte	109
 270 00f5 10       		.byte	16
 271 00f6 6E       		.byte	110
 272 00f7 10       		.byte	16
 273 00f8 6F       		.byte	111
 274 00f9 12       		.byte	18
 275 00fa 81       		.byte	-127
 276 00fb 12       		.byte	18
 277 00fc 83       		.byte	-125
 278 00fd 05       		.byte	5
 279 00fe 84       		.byte	-124
 280 00ff 03       		.byte	3
 281 0100 86       		.byte	-122
 282 0101 7C       		.byte	124
 283 0102 88       		.byte	-120
 284 0103 02       		.byte	2
 285 0104 89       		.byte	-119
ARM GAS  C:\Users\THUNDE~1\AppData\Local\Temp\ccAOHmC3.s 			page 6


 286 0105 3F       		.byte	63
 287 0106 8A       		.byte	-118
 288 0107 40       		.byte	64
 289 0108 8C       		.byte	-116
 290 0109 10       		.byte	16
 291 010a 8D       		.byte	-115
 292 010b 04       		.byte	4
 293 010c 8F       		.byte	-113
 294 010d 18       		.byte	24
 295 010e 90       		.byte	-112
 296 010f 1F       		.byte	31
 297 0110 91       		.byte	-111
 298 0111 20       		.byte	32
 299 0112 92       		.byte	-110
 300 0113 60       		.byte	96
 301 0114 94       		.byte	-108
 302 0115 08       		.byte	8
 303 0116 95       		.byte	-107
 304 0117 09       		.byte	9
 305 0118 97       		.byte	-105
 306 0119 06       		.byte	6
 307 011a 98       		.byte	-104
 308 011b 04       		.byte	4
 309 011c 99       		.byte	-103
 310 011d 3F       		.byte	63
 311 011e 9C       		.byte	-100
 312 011f 7D       		.byte	125
 313 0120 A2       		.byte	-94
 314 0121 63       		.byte	99
 315 0122 A4       		.byte	-92
 316 0123 03       		.byte	3
 317 0124 A6       		.byte	-90
 318 0125 20       		.byte	32
 319 0126 A8       		.byte	-88
 320 0127 1C       		.byte	28
 321 0128 AC       		.byte	-84
 322 0129 1C       		.byte	28
 323 012a AE       		.byte	-82
 324 012b 63       		.byte	99
 325 012c B1       		.byte	-79
 326 012d 1C       		.byte	28
 327 012e B3       		.byte	-77
 328 012f 03       		.byte	3
 329 0130 B4       		.byte	-76
 330 0131 7F       		.byte	127
 331 0132 B5       		.byte	-75
 332 0133 20       		.byte	32
 333 0134 BA       		.byte	-70
 334 0135 20       		.byte	32
 335 0136 D8       		.byte	-40
 336 0137 04       		.byte	4
 337 0138 D9       		.byte	-39
 338 0139 04       		.byte	4
 339 013a DF       		.byte	-33
 340 013b 01       		.byte	1
 341 013c 00       		.byte	0
 342 013d 80       		.byte	-128
ARM GAS  C:\Users\THUNDE~1\AppData\Local\Temp\ccAOHmC3.s 			page 7


 343 013e 01       		.byte	1
 344 013f 20       		.byte	32
 345 0140 03       		.byte	3
 346 0141 20       		.byte	32
 347 0142 08       		.byte	8
 348 0143 40       		.byte	64
 349 0144 09       		.byte	9
 350 0145 01       		.byte	1
 351 0146 0A       		.byte	10
 352 0147 24       		.byte	36
 353 0148 0E       		.byte	14
 354 0149 02       		.byte	2
 355 014a 0F       		.byte	15
 356 014b 80       		.byte	-128
 357 014c 10       		.byte	16
 358 014d 80       		.byte	-128
 359 014e 12       		.byte	18
 360 014f 02       		.byte	2
 361 0150 13       		.byte	19
 362 0151 18       		.byte	24
 363 0152 15       		.byte	21
 364 0153 40       		.byte	64
 365 0154 16       		.byte	22
 366 0155 08       		.byte	8
 367 0156 17       		.byte	23
 368 0157 40       		.byte	64
 369 0158 18       		.byte	24
 370 0159 08       		.byte	8
 371 015a 1B       		.byte	27
 372 015b 20       		.byte	32
 373 015c 1F       		.byte	31
 374 015d 05       		.byte	5
 375 015e 20       		.byte	32
 376 015f 48       		.byte	72
 377 0160 21       		.byte	33
 378 0161 28       		.byte	40
 379 0162 24       		.byte	36
 380 0163 04       		.byte	4
 381 0164 26       		.byte	38
 382 0165 01       		.byte	1
 383 0166 2C       		.byte	44
 384 0167 40       		.byte	64
 385 0168 2F       		.byte	47
 386 0169 20       		.byte	32
 387 016a 30       		.byte	48
 388 016b 20       		.byte	32
 389 016c 31       		.byte	49
 390 016d 08       		.byte	8
 391 016e 33       		.byte	51
 392 016f 01       		.byte	1
 393 0170 36       		.byte	54
 394 0171 02       		.byte	2
 395 0172 37       		.byte	55
 396 0173 04       		.byte	4
 397 0174 38       		.byte	56
 398 0175 40       		.byte	64
 399 0176 39       		.byte	57
ARM GAS  C:\Users\THUNDE~1\AppData\Local\Temp\ccAOHmC3.s 			page 8


 400 0177 10       		.byte	16
 401 0178 3B       		.byte	59
 402 0179 01       		.byte	1
 403 017a 3D       		.byte	61
 404 017b 02       		.byte	2
 405 017c 45       		.byte	69
 406 017d 21       		.byte	33
 407 017e 47       		.byte	71
 408 017f 08       		.byte	8
 409 0180 4C       		.byte	76
 410 0181 04       		.byte	4
 411 0182 4D       		.byte	77
 412 0183 40       		.byte	64
 413 0184 56       		.byte	86
 414 0185 08       		.byte	8
 415 0186 57       		.byte	87
 416 0187 40       		.byte	64
 417 0188 5C       		.byte	92
 418 0189 10       		.byte	16
 419 018a 5D       		.byte	93
 420 018b 02       		.byte	2
 421 018c 67       		.byte	103
 422 018d 4A       		.byte	74
 423 018e 87       		.byte	-121
 424 018f 40       		.byte	64
 425 0190 9B       		.byte	-101
 426 0191 04       		.byte	4
 427 0192 A8       		.byte	-88
 428 0193 80       		.byte	-128
 429 0194 A9       		.byte	-87
 430 0195 01       		.byte	1
 431 0196 AB       		.byte	-85
 432 0197 01       		.byte	1
 433 0198 C0       		.byte	-64
 434 0199 07       		.byte	7
 435 019a C2       		.byte	-62
 436 019b 9F       		.byte	-97
 437 019c C4       		.byte	-60
 438 019d CF       		.byte	-49
 439 019e CA       		.byte	-54
 440 019f C0       		.byte	-64
 441 01a0 CC       		.byte	-52
 442 01a1 C7       		.byte	-57
 443 01a2 CE       		.byte	-50
 444 01a3 8D       		.byte	-115
 445 01a4 D0       		.byte	-48
 446 01a5 E0       		.byte	-32
 447 01a6 D2       		.byte	-46
 448 01a7 30       		.byte	48
 449 01a8 D6       		.byte	-42
 450 01a9 A0       		.byte	-96
 451 01aa D8       		.byte	-40
 452 01ab B0       		.byte	-80
 453 01ac 04       		.byte	4
 454 01ad 03       		.byte	3
 455 01ae 06       		.byte	6
 456 01af 04       		.byte	4
ARM GAS  C:\Users\THUNDE~1\AppData\Local\Temp\ccAOHmC3.s 			page 9


 457 01b0 07       		.byte	7
 458 01b1 01       		.byte	1
 459 01b2 08       		.byte	8
 460 01b3 03       		.byte	3
 461 01b4 09       		.byte	9
 462 01b5 08       		.byte	8
 463 01b6 0A       		.byte	10
 464 01b7 0C       		.byte	12
 465 01b8 0B       		.byte	11
 466 01b9 01       		.byte	1
 467 01ba 14       		.byte	20
 468 01bb 0A       		.byte	10
 469 01bc 16       		.byte	22
 470 01bd 04       		.byte	4
 471 01be 19       		.byte	25
 472 01bf 05       		.byte	5
 473 01c0 1A       		.byte	26
 474 01c1 08       		.byte	8
 475 01c2 1D       		.byte	29
 476 01c3 02       		.byte	2
 477 01c4 25       		.byte	37
 478 01c5 05       		.byte	5
 479 01c6 26       		.byte	38
 480 01c7 05       		.byte	5
 481 01c8 28       		.byte	40
 482 01c9 03       		.byte	3
 483 01ca 2A       		.byte	42
 484 01cb 04       		.byte	4
 485 01cc 2B       		.byte	43
 486 01cd 05       		.byte	5
 487 01ce 31       		.byte	49
 488 01cf 01       		.byte	1
 489 01d0 32       		.byte	50
 490 01d1 0F       		.byte	15
 491 01d2 33       		.byte	51
 492 01d3 02       		.byte	2
 493 01d4 35       		.byte	53
 494 01d5 0C       		.byte	12
 495 01d6 36       		.byte	54
 496 01d7 0F       		.byte	15
 497 01d8 39       		.byte	57
 498 01d9 20       		.byte	32
 499 01da 3A       		.byte	58
 500 01db 88       		.byte	-120
 501 01dc 3F       		.byte	63
 502 01dd 05       		.byte	5
 503 01de 40       		.byte	64
 504 01df 13       		.byte	19
 505 01e0 41       		.byte	65
 506 01e1 02       		.byte	2
 507 01e2 45       		.byte	69
 508 01e3 0B       		.byte	11
 509 01e4 46       		.byte	70
 510 01e5 0E       		.byte	14
 511 01e6 47       		.byte	71
 512 01e7 0C       		.byte	12
 513 01e8 48       		.byte	72
ARM GAS  C:\Users\THUNDE~1\AppData\Local\Temp\ccAOHmC3.s 			page 10


 514 01e9 15       		.byte	21
 515 01ea 49       		.byte	73
 516 01eb FF       		.byte	-1
 517 01ec 4A       		.byte	74
 518 01ed FF       		.byte	-1
 519 01ee 4B       		.byte	75
 520 01ef FF       		.byte	-1
 521 01f0 4E       		.byte	78
 522 01f1 F0       		.byte	-16
 523 01f2 4F       		.byte	79
 524 01f3 44       		.byte	68
 525 01f4 50       		.byte	80
 526 01f5 0C       		.byte	12
 527 01f6 54       		.byte	84
 528 01f7 01       		.byte	1
 529 01f8 56       		.byte	86
 530 01f9 04       		.byte	4
 531 01fa 58       		.byte	88
 532 01fb 04       		.byte	4
 533 01fc 59       		.byte	89
 534 01fd 04       		.byte	4
 535 01fe 5A       		.byte	90
 536 01ff 04       		.byte	4
 537 0200 5B       		.byte	91
 538 0201 04       		.byte	4
 539 0202 5F       		.byte	95
 540 0203 01       		.byte	1
 541 0204 66       		.byte	102
 542 0205 C0       		.byte	-64
 543 0206 6A       		.byte	106
 544 0207 40       		.byte	64
 545 0208 6B       		.byte	107
 546 0209 02       		.byte	2
 547 020a 81       		.byte	-127
 548 020b 40       		.byte	64
 549 020c 84       		.byte	-124
 550 020d 01       		.byte	1
 551 020e 85       		.byte	-123
 552 020f 50       		.byte	80
 553 0210 86       		.byte	-122
 554 0211 0E       		.byte	14
 555 0212 8B       		.byte	-117
 556 0213 01       		.byte	1
 557 0214 94       		.byte	-108
 558 0215 1C       		.byte	28
 559 0216 96       		.byte	-106
 560 0217 03       		.byte	3
 561 0218 97       		.byte	-105
 562 0219 0C       		.byte	12
 563 021a 99       		.byte	-103
 564 021b 24       		.byte	36
 565 021c 9B       		.byte	-101
 566 021d 40       		.byte	64
 567 021e 9C       		.byte	-100
 568 021f 01       		.byte	1
 569 0220 9E       		.byte	-98
 570 0221 16       		.byte	22
ARM GAS  C:\Users\THUNDE~1\AppData\Local\Temp\ccAOHmC3.s 			page 11


 571 0222 A5       		.byte	-91
 572 0223 33       		.byte	51
 573 0224 A6       		.byte	-90
 574 0225 03       		.byte	3
 575 0226 A7       		.byte	-89
 576 0227 44       		.byte	68
 577 0228 A9       		.byte	-87
 578 0229 72       		.byte	114
 579 022a AA       		.byte	-86
 580 022b 1C       		.byte	28
 581 022c AB       		.byte	-85
 582 022d 08       		.byte	8
 583 022e AD       		.byte	-83
 584 022f 43       		.byte	67
 585 0230 AE       		.byte	-82
 586 0231 08       		.byte	8
 587 0232 AF       		.byte	-81
 588 0233 30       		.byte	48
 589 0234 B2       		.byte	-78
 590 0235 0F       		.byte	15
 591 0236 B3       		.byte	-77
 592 0237 03       		.byte	3
 593 0238 B4       		.byte	-76
 594 0239 1A       		.byte	26
 595 023a B5       		.byte	-75
 596 023b 7C       		.byte	124
 597 023c B9       		.byte	-71
 598 023d 08       		.byte	8
 599 023e BA       		.byte	-70
 600 023f 28       		.byte	40
 601 0240 BF       		.byte	-65
 602 0241 04       		.byte	4
 603 0242 C0       		.byte	-64
 604 0243 02       		.byte	2
 605 0244 C7       		.byte	-57
 606 0245 40       		.byte	64
 607 0246 C9       		.byte	-55
 608 0247 FF       		.byte	-1
 609 0248 CA       		.byte	-54
 610 0249 07       		.byte	7
 611 024a CB       		.byte	-53
 612 024b FF       		.byte	-1
 613 024c CC       		.byte	-52
 614 024d 40       		.byte	64
 615 024e CD       		.byte	-51
 616 024f 20       		.byte	32
 617 0250 CE       		.byte	-50
 618 0251 F0       		.byte	-16
 619 0252 CF       		.byte	-49
 620 0253 05       		.byte	5
 621 0254 D0       		.byte	-48
 622 0255 08       		.byte	8
 623 0256 D8       		.byte	-40
 624 0257 04       		.byte	4
 625 0258 D9       		.byte	-39
 626 0259 04       		.byte	4
 627 025a DA       		.byte	-38
ARM GAS  C:\Users\THUNDE~1\AppData\Local\Temp\ccAOHmC3.s 			page 12


 628 025b 04       		.byte	4
 629 025c DF       		.byte	-33
 630 025d 01       		.byte	1
 631 025e E0       		.byte	-32
 632 025f 40       		.byte	64
 633 0260 E1       		.byte	-31
 634 0261 A8       		.byte	-88
 635 0262 E2       		.byte	-30
 636 0263 40       		.byte	64
 637 0264 E3       		.byte	-29
 638 0265 20       		.byte	32
 639 0266 00       		.byte	0
 640 0267 10       		.byte	16
 641 0268 03       		.byte	3
 642 0269 20       		.byte	32
 643 026a 04       		.byte	4
 644 026b 04       		.byte	4
 645 026c 08       		.byte	8
 646 026d 10       		.byte	16
 647 026e 09       		.byte	9
 648 026f 08       		.byte	8
 649 0270 0D       		.byte	13
 650 0271 08       		.byte	8
 651 0272 0E       		.byte	14
 652 0273 01       		.byte	1
 653 0274 10       		.byte	16
 654 0275 28       		.byte	40
 655 0276 13       		.byte	19
 656 0277 20       		.byte	32
 657 0278 15       		.byte	21
 658 0279 20       		.byte	32
 659 027a 16       		.byte	22
 660 027b 22       		.byte	34
 661 027c 18       		.byte	24
 662 027d 11       		.byte	17
 663 027e 19       		.byte	25
 664 027f 88       		.byte	-120
 665 0280 1A       		.byte	26
 666 0281 01       		.byte	1
 667 0282 1C       		.byte	28
 668 0283 04       		.byte	4
 669 0284 1D       		.byte	29
 670 0285 08       		.byte	8
 671 0286 1F       		.byte	31
 672 0287 28       		.byte	40
 673 0288 21       		.byte	33
 674 0289 10       		.byte	16
 675 028a 22       		.byte	34
 676 028b 24       		.byte	36
 677 028c 23       		.byte	35
 678 028d 80       		.byte	-128
 679 028e 27       		.byte	39
 680 028f 14       		.byte	20
 681 0290 29       		.byte	41
 682 0291 08       		.byte	8
 683 0292 2B       		.byte	43
 684 0293 08       		.byte	8
ARM GAS  C:\Users\THUNDE~1\AppData\Local\Temp\ccAOHmC3.s 			page 13


 685 0294 2D       		.byte	45
 686 0295 80       		.byte	-128
 687 0296 2F       		.byte	47
 688 0297 28       		.byte	40
 689 0298 30       		.byte	48
 690 0299 80       		.byte	-128
 691 029a 33       		.byte	51
 692 029b 20       		.byte	32
 693 029c 34       		.byte	52
 694 029d 10       		.byte	16
 695 029e 36       		.byte	54
 696 029f 20       		.byte	32
 697 02a0 37       		.byte	55
 698 02a1 04       		.byte	4
 699 02a2 38       		.byte	56
 700 02a3 08       		.byte	8
 701 02a4 3A       		.byte	58
 702 02a5 20       		.byte	32
 703 02a6 3E       		.byte	62
 704 02a7 02       		.byte	2
 705 02a8 3F       		.byte	63
 706 02a9 24       		.byte	36
 707 02aa 40       		.byte	64
 708 02ab 01       		.byte	1
 709 02ac 42       		.byte	66
 710 02ad 20       		.byte	32
 711 02ae 43       		.byte	67
 712 02af 20       		.byte	32
 713 02b0 47       		.byte	71
 714 02b1 10       		.byte	16
 715 02b2 4B       		.byte	75
 716 02b3 04       		.byte	4
 717 02b4 50       		.byte	80
 718 02b5 8C       		.byte	-116
 719 02b6 54       		.byte	84
 720 02b7 20       		.byte	32
 721 02b8 56       		.byte	86
 722 02b9 22       		.byte	34
 723 02ba 57       		.byte	87
 724 02bb 10       		.byte	16
 725 02bc 59       		.byte	89
 726 02bd 01       		.byte	1
 727 02be 5A       		.byte	90
 728 02bf 08       		.byte	8
 729 02c0 5B       		.byte	91
 730 02c1 A0       		.byte	-96
 731 02c2 63       		.byte	99
 732 02c3 40       		.byte	64
 733 02c4 93       		.byte	-109
 734 02c5 02       		.byte	2
 735 02c6 97       		.byte	-105
 736 02c7 40       		.byte	64
 737 02c8 C0       		.byte	-64
 738 02c9 26       		.byte	38
 739 02ca C2       		.byte	-62
 740 02cb A6       		.byte	-90
 741 02cc C4       		.byte	-60
ARM GAS  C:\Users\THUNDE~1\AppData\Local\Temp\ccAOHmC3.s 			page 14


 742 02cd E6       		.byte	-26
 743 02ce CA       		.byte	-54
 744 02cf 76       		.byte	118
 745 02d0 CC       		.byte	-52
 746 02d1 6C       		.byte	108
 747 02d2 CE       		.byte	-50
 748 02d3 E6       		.byte	-26
 749 02d4 D0       		.byte	-48
 750 02d5 2E       		.byte	46
 751 02d6 D6       		.byte	-42
 752 02d7 0F       		.byte	15
 753 02d8 D8       		.byte	-40
 754 02d9 01       		.byte	1
 755 02da 38       		.byte	56
 756 02db 02       		.byte	2
 757 02dc 3E       		.byte	62
 758 02dd 01       		.byte	1
 759 02de 58       		.byte	88
 760 02df 04       		.byte	4
 761 02e0 5F       		.byte	95
 762 02e1 01       		.byte	1
 763 02e2 1F       		.byte	31
 764 02e3 01       		.byte	1
 765 02e4 87       		.byte	-121
 766 02e5 40       		.byte	64
 767 02e6 AA       		.byte	-86
 768 02e7 40       		.byte	64
 769 02e8 AF       		.byte	-81
 770 02e9 08       		.byte	8
 771 02ea B4       		.byte	-76
 772 02eb 04       		.byte	4
 773 02ec 06       		.byte	6
 774 02ed 02       		.byte	2
 775 02ee 17       		.byte	23
 776 02ef 04       		.byte	4
 777 02f0 1B       		.byte	27
 778 02f1 04       		.byte	4
 779 02f2 1F       		.byte	31
 780 02f3 02       		.byte	2
 781 02f4 21       		.byte	33
 782 02f5 01       		.byte	1
 783 02f6 26       		.byte	38
 784 02f7 01       		.byte	1
 785 02f8 27       		.byte	39
 786 02f9 01       		.byte	1
 787 02fa 2A       		.byte	42
 788 02fb 02       		.byte	2
 789 02fc 33       		.byte	51
 790 02fd 02       		.byte	2
 791 02fe 34       		.byte	52
 792 02ff 02       		.byte	2
 793 0300 35       		.byte	53
 794 0301 04       		.byte	4
 795 0302 36       		.byte	54
 796 0303 01       		.byte	1
 797 0304 37       		.byte	55
 798 0305 01       		.byte	1
ARM GAS  C:\Users\THUNDE~1\AppData\Local\Temp\ccAOHmC3.s 			page 15


 799 0306 3E       		.byte	62
 800 0307 10       		.byte	16
 801 0308 40       		.byte	64
 802 0309 20       		.byte	32
 803 030a 41       		.byte	65
 804 030b 06       		.byte	6
 805 030c 49       		.byte	73
 806 030d FF       		.byte	-1
 807 030e 4A       		.byte	74
 808 030f FF       		.byte	-1
 809 0310 4B       		.byte	75
 810 0311 FF       		.byte	-1
 811 0312 4D       		.byte	77
 812 0313 A0       		.byte	-96
 813 0314 4F       		.byte	79
 814 0315 04       		.byte	4
 815 0316 50       		.byte	80
 816 0317 18       		.byte	24
 817 0318 52       		.byte	82
 818 0319 80       		.byte	-128
 819 031a 54       		.byte	84
 820 031b 05       		.byte	5
 821 031c 58       		.byte	88
 822 031d 04       		.byte	4
 823 031e 59       		.byte	89
 824 031f 04       		.byte	4
 825 0320 5A       		.byte	90
 826 0321 04       		.byte	4
 827 0322 5B       		.byte	91
 828 0323 04       		.byte	4
 829 0324 5C       		.byte	92
 830 0325 11       		.byte	17
 831 0326 5D       		.byte	93
 832 0327 11       		.byte	17
 833 0328 5F       		.byte	95
 834 0329 01       		.byte	1
 835 032a 60       		.byte	96
 836 032b 40       		.byte	64
 837 032c 62       		.byte	98
 838 032d C0       		.byte	-64
 839 032e 64       		.byte	100
 840 032f 40       		.byte	64
 841 0330 65       		.byte	101
 842 0331 40       		.byte	64
 843 0332 66       		.byte	102
 844 0333 C0       		.byte	-64
 845 0334 68       		.byte	104
 846 0335 C0       		.byte	-64
 847 0336 6A       		.byte	106
 848 0337 C0       		.byte	-64
 849 0338 6C       		.byte	108
 850 0339 C0       		.byte	-64
 851 033a 6E       		.byte	110
 852 033b C0       		.byte	-64
 853 033c 86       		.byte	-122
 854 033d 02       		.byte	2
 855 033e 87       		.byte	-121
ARM GAS  C:\Users\THUNDE~1\AppData\Local\Temp\ccAOHmC3.s 			page 16


 856 033f 01       		.byte	1
 857 0340 92       		.byte	-110
 858 0341 04       		.byte	4
 859 0342 97       		.byte	-105
 860 0343 01       		.byte	1
 861 0344 98       		.byte	-104
 862 0345 01       		.byte	1
 863 0346 9B       		.byte	-101
 864 0347 02       		.byte	2
 865 0348 A6       		.byte	-90
 866 0349 01       		.byte	1
 867 034a AA       		.byte	-86
 868 034b 02       		.byte	2
 869 034c B0       		.byte	-80
 870 034d 02       		.byte	2
 871 034e B3       		.byte	-77
 872 034f 01       		.byte	1
 873 0350 B4       		.byte	-76
 874 0351 04       		.byte	4
 875 0352 B5       		.byte	-75
 876 0353 02       		.byte	2
 877 0354 B6       		.byte	-74
 878 0355 01       		.byte	1
 879 0356 BF       		.byte	-65
 880 0357 04       		.byte	4
 881 0358 C0       		.byte	-64
 882 0359 30       		.byte	48
 883 035a C1       		.byte	-63
 884 035b 06       		.byte	6
 885 035c C5       		.byte	-59
 886 035d D0       		.byte	-48
 887 035e C6       		.byte	-58
 888 035f 10       		.byte	16
 889 0360 C7       		.byte	-57
 890 0361 02       		.byte	2
 891 0362 C8       		.byte	-56
 892 0363 1A       		.byte	26
 893 0364 C9       		.byte	-55
 894 0365 FF       		.byte	-1
 895 0366 CA       		.byte	-54
 896 0367 FF       		.byte	-1
 897 0368 CB       		.byte	-53
 898 0369 FF       		.byte	-1
 899 036a CD       		.byte	-51
 900 036b AF       		.byte	-81
 901 036c CE       		.byte	-50
 902 036d 0F       		.byte	15
 903 036e CF       		.byte	-49
 904 036f 04       		.byte	4
 905 0370 D0       		.byte	-48
 906 0371 18       		.byte	24
 907 0372 D2       		.byte	-46
 908 0373 80       		.byte	-128
 909 0374 D4       		.byte	-44
 910 0375 05       		.byte	5
 911 0376 D8       		.byte	-40
 912 0377 04       		.byte	4
ARM GAS  C:\Users\THUNDE~1\AppData\Local\Temp\ccAOHmC3.s 			page 17


 913 0378 D9       		.byte	-39
 914 0379 04       		.byte	4
 915 037a DA       		.byte	-38
 916 037b 04       		.byte	4
 917 037c DB       		.byte	-37
 918 037d 04       		.byte	4
 919 037e DC       		.byte	-36
 920 037f 11       		.byte	17
 921 0380 DD       		.byte	-35
 922 0381 11       		.byte	17
 923 0382 DF       		.byte	-33
 924 0383 01       		.byte	1
 925 0384 E0       		.byte	-32
 926 0385 40       		.byte	64
 927 0386 E2       		.byte	-30
 928 0387 C0       		.byte	-64
 929 0388 E4       		.byte	-28
 930 0389 40       		.byte	64
 931 038a E5       		.byte	-27
 932 038b 40       		.byte	64
 933 038c E6       		.byte	-26
 934 038d C0       		.byte	-64
 935 038e E8       		.byte	-24
 936 038f C0       		.byte	-64
 937 0390 EA       		.byte	-22
 938 0391 C0       		.byte	-64
 939 0392 EC       		.byte	-20
 940 0393 C0       		.byte	-64
 941 0394 EE       		.byte	-18
 942 0395 C0       		.byte	-64
 943 0396 00       		.byte	0
 944 0397 04       		.byte	4
 945 0398 07       		.byte	7
 946 0399 20       		.byte	32
 947 039a 09       		.byte	9
 948 039b 22       		.byte	34
 949 039c 10       		.byte	16
 950 039d 14       		.byte	20
 951 039e 16       		.byte	22
 952 039f 14       		.byte	20
 953 03a0 18       		.byte	24
 954 03a1 04       		.byte	4
 955 03a2 19       		.byte	25
 956 03a3 80       		.byte	-128
 957 03a4 1A       		.byte	26
 958 03a5 80       		.byte	-128
 959 03a6 1E       		.byte	30
 960 03a7 08       		.byte	8
 961 03a8 1F       		.byte	31
 962 03a9 80       		.byte	-128
 963 03aa 21       		.byte	33
 964 03ab 20       		.byte	32
 965 03ac 22       		.byte	34
 966 03ad 04       		.byte	4
 967 03ae 24       		.byte	36
 968 03af 10       		.byte	16
 969 03b0 26       		.byte	38
ARM GAS  C:\Users\THUNDE~1\AppData\Local\Temp\ccAOHmC3.s 			page 18


 970 03b1 40       		.byte	64
 971 03b2 27       		.byte	39
 972 03b3 28       		.byte	40
 973 03b4 2F       		.byte	47
 974 03b5 A0       		.byte	-96
 975 03b6 30       		.byte	48
 976 03b7 14       		.byte	20
 977 03b8 36       		.byte	54
 978 03b9 08       		.byte	8
 979 03ba 37       		.byte	55
 980 03bb 60       		.byte	96
 981 03bc 38       		.byte	56
 982 03bd 04       		.byte	4
 983 03be 40       		.byte	64
 984 03bf 10       		.byte	16
 985 03c0 47       		.byte	71
 986 03c1 20       		.byte	32
 987 03c2 49       		.byte	73
 988 03c3 02       		.byte	2
 989 03c4 4A       		.byte	74
 990 03c5 08       		.byte	8
 991 03c6 4E       		.byte	78
 992 03c7 08       		.byte	8
 993 03c8 52       		.byte	82
 994 03c9 1C       		.byte	28
 995 03ca 53       		.byte	83
 996 03cb 20       		.byte	32
 997 03cc 59       		.byte	89
 998 03cd 80       		.byte	-128
 999 03ce 5A       		.byte	90
 1000 03cf 08       		.byte	8
 1001 03d0 5B       		.byte	91
 1002 03d1 02       		.byte	2
 1003 03d2 5D       		.byte	93
 1004 03d3 02       		.byte	2
 1005 03d4 5E       		.byte	94
 1006 03d5 88       		.byte	-120
 1007 03d6 71       		.byte	113
 1008 03d7 02       		.byte	2
 1009 03d8 77       		.byte	119
 1010 03d9 40       		.byte	64
 1011 03da 84       		.byte	-124
 1012 03db 14       		.byte	20
 1013 03dc 8F       		.byte	-113
 1014 03dd 02       		.byte	2
 1015 03de C0       		.byte	-64
 1016 03df 24       		.byte	36
 1017 03e0 C2       		.byte	-62
 1018 03e1 0A       		.byte	10
 1019 03e2 C4       		.byte	-60
 1020 03e3 66       		.byte	102
 1021 03e4 CA       		.byte	-54
 1022 03e5 C0       		.byte	-64
 1023 03e6 CC       		.byte	-52
 1024 03e7 76       		.byte	118
 1025 03e8 CE       		.byte	-50
 1026 03e9 02       		.byte	2
ARM GAS  C:\Users\THUNDE~1\AppData\Local\Temp\ccAOHmC3.s 			page 19


 1027 03ea D0       		.byte	-48
 1028 03eb 22       		.byte	34
 1029 03ec D2       		.byte	-46
 1030 03ed 24       		.byte	36
 1031 03ee D6       		.byte	-42
 1032 03ef DB       		.byte	-37
 1033 03f0 E2       		.byte	-30
 1034 03f1 08       		.byte	8
 1035 03f2 E6       		.byte	-26
 1036 03f3 02       		.byte	2
 1037 03f4 EA       		.byte	-22
 1038 03f5 02       		.byte	2
 1039 03f6 EE       		.byte	-18
 1040 03f7 0A       		.byte	10
 1041 03f8 40       		.byte	64
 1042 03f9 30       		.byte	48
 1043 03fa 41       		.byte	65
 1044 03fb 04       		.byte	4
 1045 03fc 49       		.byte	73
 1046 03fd FF       		.byte	-1
 1047 03fe 4A       		.byte	74
 1048 03ff FF       		.byte	-1
 1049 0400 4B       		.byte	75
 1050 0401 FF       		.byte	-1
 1051 0402 4D       		.byte	77
 1052 0403 A0       		.byte	-96
 1053 0404 4F       		.byte	79
 1054 0405 04       		.byte	4
 1055 0406 50       		.byte	80
 1056 0407 18       		.byte	24
 1057 0408 56       		.byte	86
 1058 0409 08       		.byte	8
 1059 040a 5A       		.byte	90
 1060 040b 04       		.byte	4
 1061 040c 5B       		.byte	91
 1062 040d 04       		.byte	4
 1063 040e 5D       		.byte	93
 1064 040f 91       		.byte	-111
 1065 0410 5F       		.byte	95
 1066 0411 01       		.byte	1
 1067 0412 60       		.byte	96
 1068 0413 40       		.byte	64
 1069 0414 62       		.byte	98
 1070 0415 C0       		.byte	-64
 1071 0416 64       		.byte	100
 1072 0417 40       		.byte	64
 1073 0418 65       		.byte	101
 1074 0419 40       		.byte	64
 1075 041a 66       		.byte	102
 1076 041b C0       		.byte	-64
 1077 041c 68       		.byte	104
 1078 041d C0       		.byte	-64
 1079 041e 6A       		.byte	106
 1080 041f C0       		.byte	-64
 1081 0420 6C       		.byte	108
 1082 0421 C0       		.byte	-64
 1083 0422 6E       		.byte	110
ARM GAS  C:\Users\THUNDE~1\AppData\Local\Temp\ccAOHmC3.s 			page 20


 1084 0423 C0       		.byte	-64
 1085 0424 00       		.byte	0
 1086 0425 88       		.byte	-120
 1087 0426 01       		.byte	1
 1088 0427 28       		.byte	40
 1089 0428 03       		.byte	3
 1090 0429 80       		.byte	-128
 1091 042a 04       		.byte	4
 1092 042b 08       		.byte	8
 1093 042c 06       		.byte	6
 1094 042d 10       		.byte	16
 1095 042e 09       		.byte	9
 1096 042f A1       		.byte	-95
 1097 0430 0A       		.byte	10
 1098 0431 E0       		.byte	-32
 1099 0432 10       		.byte	16
 1100 0433 05       		.byte	5
 1101 0434 12       		.byte	18
 1102 0435 12       		.byte	18
 1103 0436 13       		.byte	19
 1104 0437 11       		.byte	17
 1105 0438 19       		.byte	25
 1106 0439 10       		.byte	16
 1107 043a 21       		.byte	33
 1108 043b A0       		.byte	-96
 1109 043c 22       		.byte	34
 1110 043d 06       		.byte	6
 1111 043e 23       		.byte	35
 1112 043f 08       		.byte	8
 1113 0440 28       		.byte	40
 1114 0441 01       		.byte	1
 1115 0442 29       		.byte	41
 1116 0443 18       		.byte	24
 1117 0444 2B       		.byte	43
 1118 0445 80       		.byte	-128
 1119 0446 30       		.byte	48
 1120 0447 02       		.byte	2
 1121 0448 31       		.byte	49
 1122 0449 28       		.byte	40
 1123 044a 32       		.byte	50
 1124 044b 40       		.byte	64
 1125 044c 38       		.byte	56
 1126 044d 48       		.byte	72
 1127 044e 3B       		.byte	59
 1128 044f 11       		.byte	17
 1129 0450 3D       		.byte	61
 1130 0451 08       		.byte	8
 1131 0452 3E       		.byte	62
 1132 0453 04       		.byte	4
 1133 0454 42       		.byte	66
 1134 0455 20       		.byte	32
 1135 0456 46       		.byte	70
 1136 0457 60       		.byte	96
 1137 0458 49       		.byte	73
 1138 0459 04       		.byte	4
 1139 045a 4B       		.byte	75
 1140 045b 80       		.byte	-128
ARM GAS  C:\Users\THUNDE~1\AppData\Local\Temp\ccAOHmC3.s 			page 21


 1141 045c 52       		.byte	82
 1142 045d 40       		.byte	64
 1143 045e 53       		.byte	83
 1144 045f 50       		.byte	80
 1145 0460 5A       		.byte	90
 1146 0461 02       		.byte	2
 1147 0462 5C       		.byte	92
 1148 0463 80       		.byte	-128
 1149 0464 67       		.byte	103
 1150 0465 01       		.byte	1
 1151 0466 68       		.byte	104
 1152 0467 60       		.byte	96
 1153 0468 69       		.byte	105
 1154 0469 10       		.byte	16
 1155 046a 6B       		.byte	107
 1156 046b 81       		.byte	-127
 1157 046c 72       		.byte	114
 1158 046d 06       		.byte	6
 1159 046e 73       		.byte	115
 1160 046f 10       		.byte	16
 1161 0470 80       		.byte	-128
 1162 0471 02       		.byte	2
 1163 0472 81       		.byte	-127
 1164 0473 04       		.byte	4
 1165 0474 87       		.byte	-121
 1166 0475 50       		.byte	80
 1167 0476 89       		.byte	-119
 1168 0477 02       		.byte	2
 1169 0478 8A       		.byte	-118
 1170 0479 04       		.byte	4
 1171 047a 8D       		.byte	-115
 1172 047b 04       		.byte	4
 1173 047c 90       		.byte	-112
 1174 047d 48       		.byte	72
 1175 047e 94       		.byte	-108
 1176 047f 10       		.byte	16
 1177 0480 95       		.byte	-107
 1178 0481 10       		.byte	16
 1179 0482 96       		.byte	-106
 1180 0483 24       		.byte	36
 1181 0484 97       		.byte	-105
 1182 0485 11       		.byte	17
 1183 0486 9C       		.byte	-100
 1184 0487 40       		.byte	64
 1185 0488 9D       		.byte	-99
 1186 0489 22       		.byte	34
 1187 048a 9F       		.byte	-97
 1188 048b 49       		.byte	73
 1189 048c A0       		.byte	-96
 1190 048d 04       		.byte	4
 1191 048e A1       		.byte	-95
 1192 048f 08       		.byte	8
 1193 0490 A4       		.byte	-92
 1194 0491 60       		.byte	96
 1195 0492 A5       		.byte	-91
 1196 0493 01       		.byte	1
 1197 0494 A6       		.byte	-90
ARM GAS  C:\Users\THUNDE~1\AppData\Local\Temp\ccAOHmC3.s 			page 22


 1198 0495 02       		.byte	2
 1199 0496 B0       		.byte	-80
 1200 0497 80       		.byte	-128
 1201 0498 B1       		.byte	-79
 1202 0499 20       		.byte	32
 1203 049a B4       		.byte	-76
 1204 049b 04       		.byte	4
 1205 049c C0       		.byte	-64
 1206 049d 0F       		.byte	15
 1207 049e C2       		.byte	-62
 1208 049f 0F       		.byte	15
 1209 04a0 C4       		.byte	-60
 1210 04a1 0F       		.byte	15
 1211 04a2 CA       		.byte	-54
 1212 04a3 0F       		.byte	15
 1213 04a4 CC       		.byte	-52
 1214 04a5 0F       		.byte	15
 1215 04a6 CE       		.byte	-50
 1216 04a7 0F       		.byte	15
 1217 04a8 D0       		.byte	-48
 1218 04a9 C2       		.byte	-62
 1219 04aa D2       		.byte	-46
 1220 04ab 08       		.byte	8
 1221 04ac D6       		.byte	-42
 1222 04ad 11       		.byte	17
 1223 04ae D8       		.byte	-40
 1224 04af 10       		.byte	16
 1225 04b0 E2       		.byte	-30
 1226 04b1 10       		.byte	16
 1227 04b2 EA       		.byte	-22
 1228 04b3 02       		.byte	2
 1229 04b4 EE       		.byte	-18
 1230 04b5 0A       		.byte	10
 1231 04b6 00       		.byte	0
 1232 04b7 DD       		.byte	-35
 1233 04b8 02       		.byte	2
 1234 04b9 22       		.byte	34
 1235 04ba 04       		.byte	4
 1236 04bb 23       		.byte	35
 1237 04bc 05       		.byte	5
 1238 04bd 02       		.byte	2
 1239 04be 06       		.byte	6
 1240 04bf DC       		.byte	-36
 1241 04c0 07       		.byte	7
 1242 04c1 01       		.byte	1
 1243 04c2 08       		.byte	8
 1244 04c3 3E       		.byte	62
 1245 04c4 0A       		.byte	10
 1246 04c5 81       		.byte	-127
 1247 04c6 0C       		.byte	12
 1248 04c7 06       		.byte	6
 1249 04c8 0D       		.byte	13
 1250 04c9 01       		.byte	1
 1251 04ca 0E       		.byte	14
 1252 04cb F9       		.byte	-7
 1253 04cc 10       		.byte	16
 1254 04cd 27       		.byte	39
ARM GAS  C:\Users\THUNDE~1\AppData\Local\Temp\ccAOHmC3.s 			page 23


 1255 04ce 11       		.byte	17
 1256 04cf 02       		.byte	2
 1257 04d0 12       		.byte	18
 1258 04d1 D8       		.byte	-40
 1259 04d2 13       		.byte	19
 1260 04d3 01       		.byte	1
 1261 04d4 14       		.byte	20
 1262 04d5 10       		.byte	16
 1263 04d6 15       		.byte	21
 1264 04d7 01       		.byte	1
 1265 04d8 18       		.byte	24
 1266 04d9 10       		.byte	16
 1267 04da 19       		.byte	25
 1268 04db 01       		.byte	1
 1269 04dc 1F       		.byte	31
 1270 04dd 01       		.byte	1
 1271 04de 21       		.byte	33
 1272 04df 03       		.byte	3
 1273 04e0 22       		.byte	34
 1274 04e1 FF       		.byte	-1
 1275 04e2 24       		.byte	36
 1276 04e3 21       		.byte	33
 1277 04e4 25       		.byte	37
 1278 04e5 01       		.byte	1
 1279 04e6 26       		.byte	38
 1280 04e7 4E       		.byte	78
 1281 04e8 28       		.byte	40
 1282 04e9 10       		.byte	16
 1283 04ea 29       		.byte	41
 1284 04eb 01       		.byte	1
 1285 04ec 2C       		.byte	44
 1286 04ed 10       		.byte	16
 1287 04ee 2D       		.byte	45
 1288 04ef 02       		.byte	2
 1289 04f0 2F       		.byte	47
 1290 04f1 01       		.byte	1
 1291 04f2 30       		.byte	48
 1292 04f3 E0       		.byte	-32
 1293 04f4 31       		.byte	49
 1294 04f5 02       		.byte	2
 1295 04f6 33       		.byte	51
 1296 04f7 01       		.byte	1
 1297 04f8 34       		.byte	52
 1298 04f9 1F       		.byte	31
 1299 04fa 3A       		.byte	58
 1300 04fb 22       		.byte	34
 1301 04fc 3F       		.byte	63
 1302 04fd 01       		.byte	1
 1303 04fe 58       		.byte	88
 1304 04ff 04       		.byte	4
 1305 0500 59       		.byte	89
 1306 0501 04       		.byte	4
 1307 0502 5F       		.byte	95
 1308 0503 01       		.byte	1
 1309 0504 80       		.byte	-128
 1310 0505 08       		.byte	8
 1311 0506 85       		.byte	-123
ARM GAS  C:\Users\THUNDE~1\AppData\Local\Temp\ccAOHmC3.s 			page 24


 1312 0507 01       		.byte	1
 1313 0508 87       		.byte	-121
 1314 0509 0E       		.byte	14
 1315 050a 8C       		.byte	-116
 1316 050b 0F       		.byte	15
 1317 050c 8D       		.byte	-115
 1318 050d 08       		.byte	8
 1319 050e 90       		.byte	-112
 1320 050f 0E       		.byte	14
 1321 0510 91       		.byte	-111
 1322 0511 0F       		.byte	15
 1323 0512 92       		.byte	-110
 1324 0513 01       		.byte	1
 1325 0514 94       		.byte	-108
 1326 0515 0E       		.byte	14
 1327 0516 95       		.byte	-107
 1328 0517 0E       		.byte	14
 1329 0518 98       		.byte	-104
 1330 0519 02       		.byte	2
 1331 051a 99       		.byte	-103
 1332 051b 04       		.byte	4
 1333 051c 9D       		.byte	-99
 1334 051d 0E       		.byte	14
 1335 051e 9E       		.byte	-98
 1336 051f 01       		.byte	1
 1337 0520 9F       		.byte	-97
 1338 0521 01       		.byte	1
 1339 0522 A0       		.byte	-96
 1340 0523 0E       		.byte	14
 1341 0524 A2       		.byte	-94
 1342 0525 01       		.byte	1
 1343 0526 A3       		.byte	-93
 1344 0527 01       		.byte	1
 1345 0528 A4       		.byte	-92
 1346 0529 04       		.byte	4
 1347 052a A5       		.byte	-91
 1348 052b 02       		.byte	2
 1349 052c A8       		.byte	-88
 1350 052d 01       		.byte	1
 1351 052e AA       		.byte	-86
 1352 052f 0E       		.byte	14
 1353 0530 AD       		.byte	-83
 1354 0531 0F       		.byte	15
 1355 0532 B1       		.byte	-79
 1356 0533 0F       		.byte	15
 1357 0534 B6       		.byte	-74
 1358 0535 0F       		.byte	15
 1359 0536 BA       		.byte	-70
 1360 0537 80       		.byte	-128
 1361 0538 D8       		.byte	-40
 1362 0539 04       		.byte	4
 1363 053a D9       		.byte	-39
 1364 053b 04       		.byte	4
 1365 053c DF       		.byte	-33
 1366 053d 01       		.byte	1
 1367 053e 01       		.byte	1
 1368 053f 20       		.byte	32
ARM GAS  C:\Users\THUNDE~1\AppData\Local\Temp\ccAOHmC3.s 			page 25


 1369 0540 02       		.byte	2
 1370 0541 12       		.byte	18
 1371 0542 03       		.byte	3
 1372 0543 80       		.byte	-128
 1373 0544 04       		.byte	4
 1374 0545 80       		.byte	-128
 1375 0546 07       		.byte	7
 1376 0547 80       		.byte	-128
 1377 0548 08       		.byte	8
 1378 0549 20       		.byte	32
 1379 054a 09       		.byte	9
 1380 054b 04       		.byte	4
 1381 054c 0A       		.byte	10
 1382 054d 40       		.byte	64
 1383 054e 0C       		.byte	12
 1384 054f 84       		.byte	-124
 1385 0550 0D       		.byte	13
 1386 0551 02       		.byte	2
 1387 0552 0E       		.byte	14
 1388 0553 04       		.byte	4
 1389 0554 10       		.byte	16
 1390 0555 84       		.byte	-124
 1391 0556 13       		.byte	19
 1392 0557 8A       		.byte	-118
 1393 0558 14       		.byte	20
 1394 0559 60       		.byte	96
 1395 055a 16       		.byte	22
 1396 055b 08       		.byte	8
 1397 055c 18       		.byte	24
 1398 055d 80       		.byte	-128
 1399 055e 19       		.byte	25
 1400 055f 20       		.byte	32
 1401 0560 1A       		.byte	26
 1402 0561 40       		.byte	64
 1403 0562 1B       		.byte	27
 1404 0563 01       		.byte	1
 1405 0564 1F       		.byte	31
 1406 0565 80       		.byte	-128
 1407 0566 20       		.byte	32
 1408 0567 10       		.byte	16
 1409 0568 22       		.byte	34
 1410 0569 01       		.byte	1
 1411 056a 27       		.byte	39
 1412 056b 40       		.byte	64
 1413 056c 28       		.byte	40
 1414 056d 60       		.byte	96
 1415 056e 29       		.byte	41
 1416 056f 20       		.byte	32
 1417 0570 2B       		.byte	43
 1418 0571 81       		.byte	-127
 1419 0572 2C       		.byte	44
 1420 0573 90       		.byte	-112
 1421 0574 2E       		.byte	46
 1422 0575 44       		.byte	68
 1423 0576 30       		.byte	48
 1424 0577 94       		.byte	-108
 1425 0578 31       		.byte	49
ARM GAS  C:\Users\THUNDE~1\AppData\Local\Temp\ccAOHmC3.s 			page 26


 1426 0579 02       		.byte	2
 1427 057a 32       		.byte	50
 1428 057b 02       		.byte	2
 1429 057c 34       		.byte	52
 1430 057d 64       		.byte	100
 1431 057e 36       		.byte	54
 1432 057f 02       		.byte	2
 1433 0580 38       		.byte	56
 1434 0581 48       		.byte	72
 1435 0582 3A       		.byte	58
 1436 0583 08       		.byte	8
 1437 0584 3C       		.byte	60
 1438 0585 C0       		.byte	-64
 1439 0586 3E       		.byte	62
 1440 0587 08       		.byte	8
 1441 0588 88       		.byte	-120
 1442 0589 04       		.byte	4
 1443 058a 8B       		.byte	-117
 1444 058b 02       		.byte	2
 1445 058c 8C       		.byte	-116
 1446 058d 80       		.byte	-128
 1447 058e 90       		.byte	-112
 1448 058f 08       		.byte	8
 1449 0590 92       		.byte	-110
 1450 0591 04       		.byte	4
 1451 0592 94       		.byte	-108
 1452 0593 10       		.byte	16
 1453 0594 96       		.byte	-106
 1454 0595 42       		.byte	66
 1455 0596 98       		.byte	-104
 1456 0597 24       		.byte	36
 1457 0598 9A       		.byte	-102
 1458 0599 10       		.byte	16
 1459 059a 9B       		.byte	-101
 1460 059b 88       		.byte	-120
 1461 059c 9C       		.byte	-100
 1462 059d C0       		.byte	-64
 1463 059e 9D       		.byte	-99
 1464 059f 20       		.byte	32
 1465 05a0 9F       		.byte	-97
 1466 05a1 40       		.byte	64
 1467 05a2 A0       		.byte	-96
 1468 05a3 44       		.byte	68
 1469 05a4 A1       		.byte	-95
 1470 05a5 04       		.byte	4
 1471 05a6 A2       		.byte	-94
 1472 05a7 02       		.byte	2
 1473 05a8 A7       		.byte	-89
 1474 05a9 80       		.byte	-128
 1475 05aa B4       		.byte	-76
 1476 05ab 20       		.byte	32
 1477 05ac B6       		.byte	-74
 1478 05ad 32       		.byte	50
 1479 05ae C0       		.byte	-64
 1480 05af 9F       		.byte	-97
 1481 05b0 C2       		.byte	-62
 1482 05b1 FE       		.byte	-2
ARM GAS  C:\Users\THUNDE~1\AppData\Local\Temp\ccAOHmC3.s 			page 27


 1483 05b2 C4       		.byte	-60
 1484 05b3 7F       		.byte	127
 1485 05b4 CA       		.byte	-54
 1486 05b5 DF       		.byte	-33
 1487 05b6 CC       		.byte	-52
 1488 05b7 FF       		.byte	-1
 1489 05b8 CE       		.byte	-50
 1490 05b9 5A       		.byte	90
 1491 05ba EC       		.byte	-20
 1492 05bb 40       		.byte	64
 1493 05bc 33       		.byte	51
 1494 05bd 81       		.byte	-127
 1495 05be 36       		.byte	54
 1496 05bf 40       		.byte	64
 1497 05c0 37       		.byte	55
 1498 05c1 02       		.byte	2
 1499 05c2 3B       		.byte	59
 1500 05c3 10       		.byte	16
 1501 05c4 CC       		.byte	-52
 1502 05c5 F0       		.byte	-16
 1503 05c6 CE       		.byte	-50
 1504 05c7 10       		.byte	16
 1505 05c8 32       		.byte	50
 1506 05c9 01       		.byte	1
 1507 05ca 33       		.byte	51
 1508 05cb 40       		.byte	64
 1509 05cc 36       		.byte	54
 1510 05cd 20       		.byte	32
 1511 05ce 86       		.byte	-122
 1512 05cf 01       		.byte	1
 1513 05d0 97       		.byte	-105
 1514 05d1 10       		.byte	16
 1515 05d2 9F       		.byte	-97
 1516 05d3 03       		.byte	3
 1517 05d4 A6       		.byte	-90
 1518 05d5 40       		.byte	64
 1519 05d6 A7       		.byte	-89
 1520 05d7 80       		.byte	-128
 1521 05d8 CC       		.byte	-52
 1522 05d9 70       		.byte	112
 1523 05da E6       		.byte	-26
 1524 05db 40       		.byte	64
 1525 05dc 13       		.byte	19
 1526 05dd 02       		.byte	2
 1527 05de 58       		.byte	88
 1528 05df 08       		.byte	8
 1529 05e0 5C       		.byte	92
 1530 05e1 08       		.byte	8
 1531 05e2 97       		.byte	-105
 1532 05e3 10       		.byte	16
 1533 05e4 9F       		.byte	-97
 1534 05e5 43       		.byte	67
 1535 05e6 A6       		.byte	-90
 1536 05e7 60       		.byte	96
 1537 05e8 A7       		.byte	-89
 1538 05e9 80       		.byte	-128
 1539 05ea C4       		.byte	-60
ARM GAS  C:\Users\THUNDE~1\AppData\Local\Temp\ccAOHmC3.s 			page 28


 1540 05eb 10       		.byte	16
 1541 05ec D6       		.byte	-42
 1542 05ed C0       		.byte	-64
 1543 05ee 86       		.byte	-122
 1544 05ef 20       		.byte	32
 1545 05f0 97       		.byte	-105
 1546 05f1 10       		.byte	16
 1547 05f2 9F       		.byte	-97
 1548 05f3 41       		.byte	65
 1549 05f4 A6       		.byte	-90
 1550 05f5 60       		.byte	96
 1551 05f6 A7       		.byte	-89
 1552 05f7 80       		.byte	-128
 1553 05f8 A8       		.byte	-88
 1554 05f9 08       		.byte	8
 1555 05fa E6       		.byte	-26
 1556 05fb 40       		.byte	64
 1557 05fc EE       		.byte	-18
 1558 05fd 20       		.byte	32
 1559 05fe 08       		.byte	8
 1560 05ff 08       		.byte	8
 1561 0600 0B       		.byte	11
 1562 0601 04       		.byte	4
 1563 0602 0F       		.byte	15
 1564 0603 40       		.byte	64
 1565 0604 C2       		.byte	-62
 1566 0605 0E       		.byte	14
 1567 0606 97       		.byte	-105
 1568 0607 10       		.byte	16
 1569 0608 9F       		.byte	-97
 1570 0609 40       		.byte	64
 1571 060a AE       		.byte	-82
 1572 060b 40       		.byte	64
 1573 060c AF       		.byte	-81
 1574 060d 81       		.byte	-127
 1575 060e EA       		.byte	-22
 1576 060f 40       		.byte	64
 1577 0610 EE       		.byte	-18
 1578 0611 50       		.byte	80
 1579 0612 AB       		.byte	-85
 1580 0613 40       		.byte	64
 1581 0614 AF       		.byte	-81
 1582 0615 10       		.byte	16
 1583 0616 EA       		.byte	-22
 1584 0617 10       		.byte	16
 1585 0618 EE       		.byte	-18
 1586 0619 80       		.byte	-128
 1587 061a A0       		.byte	-96
 1588 061b 02       		.byte	2
 1589 061c AC       		.byte	-84
 1590 061d 08       		.byte	8
 1591 061e AF       		.byte	-81
 1592 061f 44       		.byte	68
 1593 0620 B4       		.byte	-76
 1594 0621 02       		.byte	2
 1595 0622 EC       		.byte	-20
 1596 0623 02       		.byte	2
ARM GAS  C:\Users\THUNDE~1\AppData\Local\Temp\ccAOHmC3.s 			page 29


 1597 0624 12       		.byte	18
 1598 0625 20       		.byte	32
 1599 0626 74       		.byte	116
 1600 0627 02       		.byte	2
 1601 0628 8E       		.byte	-114
 1602 0629 20       		.byte	32
 1603 062a A0       		.byte	-96
 1604 062b 02       		.byte	2
 1605 062c C4       		.byte	-60
 1606 062d 08       		.byte	8
 1607 062e DE       		.byte	-34
 1608 062f 04       		.byte	4
 1609 0630 E2       		.byte	-30
 1610 0631 08       		.byte	8
 1611 0632 00       		.byte	0
 1612 0633 01       		.byte	1
 1613 0634 02       		.byte	2
 1614 0635 14       		.byte	20
 1615 0636 0C       		.byte	12
 1616 0637 01       		.byte	1
 1617 0638 10       		.byte	16
 1618 0639 03       		.byte	3
 1619 063a 11       		.byte	17
 1620 063b 01       		.byte	1
 1621 063c 12       		.byte	18
 1622 063d 14       		.byte	20
 1623 063e 1A       		.byte	26
 1624 063f 02       		.byte	2
 1625 0640 1C       		.byte	28
 1626 0641 03       		.byte	3
 1627 0642 1D       		.byte	29
 1628 0643 01       		.byte	1
 1629 0644 00       		.byte	0
 1630 0645 EA       		.byte	-22
 1631 0646 01       		.byte	1
 1632 0647 BF       		.byte	-65
 1633 0648 F9       		.byte	-7
 1634 0649 00       		.byte	0
 1635 064a 02       		.byte	2
 1636 064b 48       		.byte	72
 1637 064c 00       		.byte	0
 1638 064d 11       		.byte	17
 1639 064e C7       		.byte	-57
 1640 064f 02       		.byte	2
 1641 0650 00       		.byte	0
 1642 0651 02       		.byte	2
 1643 0652 84       		.byte	-124
 1644 0653 00       		.byte	0
 1645 0654 20       		.byte	32
 1646 0655 00       		.byte	0
 1647 0656 00       		.byte	0
 1648 0657 20       		.byte	32
 1649 0658 3F       		.byte	63
 1650 0659 02       		.byte	2
 1651 065a C0       		.byte	-64
 1652 065b 00       		.byte	0
 1653 065c 10       		.byte	16
ARM GAS  C:\Users\THUNDE~1\AppData\Local\Temp\ccAOHmC3.s 			page 30


 1654 065d 00       		.byte	0
 1655 065e 00       		.byte	0
 1656 065f 40       		.byte	64
 1657 0660 00       		.byte	0
 1658 0661 10       		.byte	16
 1659 0662 40       		.byte	64
 1660 0663 01       		.byte	1
 1661 0664 00       		.byte	0
 1662 0665 13       		.byte	19
 1663 0666 08       		.byte	8
 1664 0667 00       		.byte	0
 1665 0668 08       		.byte	8
 1666 0669 02       		.byte	2
 1667 066a 00       		.byte	0
 1668 066b 10       		.byte	16
 1669 066c 0F       		.byte	15
 1670 066d 00       		.byte	0
 1671 066e F0       		.byte	-16
 1672 066f 11       		.byte	17
 1673 0670 30       		.byte	48
 1674 0671 00       		.byte	0
 1675 0672 00       		.byte	0
 1676 0673 04       		.byte	4
 1677 0674 3A       		.byte	58
 1678 0675 02       		.byte	2
 1679 0676 C5       		.byte	-59
 1680 0677 11       		.byte	17
 1681 0678 00       		.byte	0
 1682 0679 07       		.byte	7
 1683 067a 00       		.byte	0
 1684 067b 10       		.byte	16
 1685 067c FF       		.byte	-1
 1686 067d 60       		.byte	96
 1687 067e 00       		.byte	0
 1688 067f 08       		.byte	8
 1689 0680 00       		.byte	0
 1690 0681 00       		.byte	0
 1691 0682 00       		.byte	0
 1692 0683 02       		.byte	2
 1693 0684 00       		.byte	0
 1694 0685 00       		.byte	0
 1695 0686 10       		.byte	16
 1696 0687 10       		.byte	16
 1697 0688 30       		.byte	48
 1698 0689 05       		.byte	5
 1699 068a 00       		.byte	0
 1700 068b 00       		.byte	0
 1701 068c 00       		.byte	0
 1702 068d 0D       		.byte	13
 1703 068e 12       		.byte	18
 1704 068f 00       		.byte	0
 1705 0690 0D       		.byte	13
 1706 0691 FF       		.byte	-1
 1707 0692 FF       		.byte	-1
 1708 0693 FF       		.byte	-1
 1709 0694 00       		.byte	0
 1710 0695 AF       		.byte	-81
ARM GAS  C:\Users\THUNDE~1\AppData\Local\Temp\ccAOHmC3.s 			page 31


 1711 0696 0F       		.byte	15
 1712 0697 04       		.byte	4
 1713 0698 18       		.byte	24
 1714 0699 00       		.byte	0
 1715 069a 00       		.byte	0
 1716 069b 00       		.byte	0
 1717 069c 00       		.byte	0
 1718 069d 00       		.byte	0
 1719 069e 02       		.byte	2
 1720 069f 13       		.byte	19
 1721 06a0 04       		.byte	4
 1722 06a1 04       		.byte	4
 1723 06a2 04       		.byte	4
 1724 06a3 04       		.byte	4
 1725 06a4 00       		.byte	0
 1726 06a5 01       		.byte	1
 1727 06a6 00       		.byte	0
 1728 06a7 01       		.byte	1
 1729 06a8 40       		.byte	64
 1730 06a9 00       		.byte	0
 1731 06aa C0       		.byte	-64
 1732 06ab 00       		.byte	0
 1733 06ac 40       		.byte	64
 1734 06ad 40       		.byte	64
 1735 06ae C0       		.byte	-64
 1736 06af 00       		.byte	0
 1737 06b0 C0       		.byte	-64
 1738 06b1 00       		.byte	0
 1739 06b2 C0       		.byte	-64
 1740 06b3 00       		.byte	0
 1741 06b4 C0       		.byte	-64
 1742 06b5 00       		.byte	0
 1743 06b6 C0       		.byte	-64
 1744 06b7 00       		.byte	0
 1745 06b8 00       		.byte	0
 1746 06b9 00       		.byte	0
 1747 06ba 00       		.byte	0
 1748 06bb 00       		.byte	0
 1749 06bc 00       		.byte	0
 1750 06bd 00       		.byte	0
 1751 06be 00       		.byte	0
 1752 06bf 00       		.byte	0
 1753 06c0 00       		.byte	0
 1754 06c1 00       		.byte	0
 1755 06c2 00       		.byte	0
 1756 06c3 00       		.byte	0
 1757 06c4 00       		.byte	0
 1758 06c5 00       		.byte	0
 1759 06c6 00       		.byte	0
 1760 06c7 00       		.byte	0
 1761 06c8 00       		.byte	0
 1762 06c9 07       		.byte	7
 1763 06ca 07       		.byte	7
 1764 06cb 00       		.byte	0
 1765 06cc 00       		.byte	0
 1766 06cd 00       		.byte	0
 1767 06ce 00       		.byte	0
ARM GAS  C:\Users\THUNDE~1\AppData\Local\Temp\ccAOHmC3.s 			page 32


 1768 06cf 00       		.byte	0
 1769 06d0 80       		.byte	-128
 1770 06d1 00       		.byte	0
 1771 06d2 40       		.byte	64
 1772 06d3 80       		.byte	-128
 1773 06d4 80       		.byte	-128
 1774 06d5 00       		.byte	0
 1775 06d6 80       		.byte	-128
 1776 06d7 00       		.byte	0
 1777 06d8 00       		.byte	0
 1778 06d9 00       		.byte	0
 1779 06da 00       		.byte	0
 1780 06db 00       		.byte	0
 1781 06dc 40       		.byte	64
 1782 06dd 00       		.byte	0
 1783 06de 00       		.byte	0
 1784 06df 00       		.byte	0
 1785 06e0 00       		.byte	0
 1786 06e1 00       		.byte	0
 1787 06e2 00       		.byte	0
 1788 06e3 00       		.byte	0
 1789 06e4 C0       		.byte	-64
 1790 06e5 00       		.byte	0
 1791 06e6 00       		.byte	0
 1792 06e7 00       		.byte	0
 1793 06e8 00       		.byte	0
 1794 06e9 0B       		.byte	11
 1795 06ea 0B       		.byte	11
 1796 06eb 00       		.byte	0
 1797 06ec 00       		.byte	0
 1798 06ed 00       		.byte	0
 1799 06ee 00       		.byte	0
 1800 06ef 00       		.byte	0
 1801 06f0 04       		.byte	4
 1802 06f1 00       		.byte	0
 1803 06f2 00       		.byte	0
 1804 06f3 06       		.byte	6
 1805 06f4 02       		.byte	2
 1806 06f5 00       		.byte	0
 1807 06f6 00       		.byte	0
 1808 06f7 00       		.byte	0
 1809 06f8 00       		.byte	0
 1810 06f9 00       		.byte	0
 1811 06fa 00       		.byte	0
 1812 06fb 00       		.byte	0
 1813              		.global	cy_meta_custnvl
 1814              		.section	.cycustnvl,"a",%progbits
 1815              		.align	2
 1816              		.type	cy_meta_custnvl, %object
 1817              		.size	cy_meta_custnvl, 4
 1818              	cy_meta_custnvl:
 1819 0000 00       		.byte	0
 1820 0001 00       		.byte	0
 1821 0002 40       		.byte	64
 1822 0003 05       		.byte	5
 1823              		.global	cy_meta_wonvl
 1824              		.section	.cywolatch,"a",%progbits
ARM GAS  C:\Users\THUNDE~1\AppData\Local\Temp\ccAOHmC3.s 			page 33


 1825              		.align	2
 1826              		.type	cy_meta_wonvl, %object
 1827              		.size	cy_meta_wonvl, 4
 1828              	cy_meta_wonvl:
 1829 0000 BC       		.byte	-68
 1830 0001 90       		.byte	-112
 1831 0002 AC       		.byte	-84
 1832 0003 AF       		.byte	-81
 1833              		.global	cy_meta_flashprotect
 1834              		.section	.cyflashprotect,"a",%progbits
 1835              		.align	2
 1836              		.type	cy_meta_flashprotect, %object
 1837              		.size	cy_meta_flashprotect, 256
 1838              	cy_meta_flashprotect:
 1839 0000 00000000 		.space	256
 1839      00000000 
 1839      00000000 
 1839      00000000 
 1839      00000000 
 1840              		.global	cy_metadata
 1841              		.section	.cymeta,"a",%progbits
 1842              		.align	2
 1843              		.type	cy_metadata, %object
 1844              		.size	cy_metadata, 12
 1845              	cy_metadata:
 1846 0000 00       		.byte	0
 1847 0001 01       		.byte	1
 1848 0002 2E       		.byte	46
 1849 0003 16       		.byte	22
 1850 0004 10       		.byte	16
 1851 0005 69       		.byte	105
 1852 0006 00       		.byte	0
 1853 0007 01       		.byte	1
 1854 0008 00       		.byte	0
 1855 0009 00       		.byte	0
 1856 000a 00       		.byte	0
 1857 000b 00       		.byte	0
 1858              		.text
 1859              	.Letext0:
 1860              		.file 1 "c:\\program files (x86)\\cypress\\psoc creator\\4.2\\psoc creator\\import\\gnu\\arm\\5.4.
 1861              		.file 2 "c:\\program files (x86)\\cypress\\psoc creator\\4.2\\psoc creator\\import\\gnu\\arm\\5.4.
 1862              		.file 3 "Generated_Source\\PSoC5\\cymetadata.c"
 1863              		.section	.debug_info,"",%progbits
 1864              	.Ldebug_info0:
 1865 0000 35010000 		.4byte	0x135
 1866 0004 0400     		.2byte	0x4
 1867 0006 00000000 		.4byte	.Ldebug_abbrev0
 1868 000a 04       		.byte	0x4
 1869 000b 01       		.uleb128 0x1
 1870 000c 0A000000 		.4byte	.LASF17
 1871 0010 0C       		.byte	0xc
 1872 0011 D9010000 		.4byte	.LASF18
 1873 0015 5F010000 		.4byte	.LASF19
 1874 0019 00000000 		.4byte	.Ldebug_line0
 1875 001d 02       		.uleb128 0x2
 1876 001e 01       		.byte	0x1
 1877 001f 06       		.byte	0x6
ARM GAS  C:\Users\THUNDE~1\AppData\Local\Temp\ccAOHmC3.s 			page 34


 1878 0020 CD010000 		.4byte	.LASF0
 1879 0024 03       		.uleb128 0x3
 1880 0025 00000000 		.4byte	.LASF9
 1881 0029 01       		.byte	0x1
 1882 002a 1D       		.byte	0x1d
 1883 002b 2F000000 		.4byte	0x2f
 1884 002f 02       		.uleb128 0x2
 1885 0030 01       		.byte	0x1
 1886 0031 08       		.byte	0x8
 1887 0032 A4000000 		.4byte	.LASF1
 1888 0036 02       		.uleb128 0x2
 1889 0037 02       		.byte	0x2
 1890 0038 05       		.byte	0x5
 1891 0039 BA010000 		.4byte	.LASF2
 1892 003d 02       		.uleb128 0x2
 1893 003e 02       		.byte	0x2
 1894 003f 07       		.byte	0x7
 1895 0040 C4000000 		.4byte	.LASF3
 1896 0044 02       		.uleb128 0x2
 1897 0045 04       		.byte	0x4
 1898 0046 05       		.byte	0x5
 1899 0047 C4010000 		.4byte	.LASF4
 1900 004b 02       		.uleb128 0x2
 1901 004c 04       		.byte	0x4
 1902 004d 07       		.byte	0x7
 1903 004e B2000000 		.4byte	.LASF5
 1904 0052 02       		.uleb128 0x2
 1905 0053 08       		.byte	0x8
 1906 0054 05       		.byte	0x5
 1907 0055 51010000 		.4byte	.LASF6
 1908 0059 02       		.uleb128 0x2
 1909 005a 08       		.byte	0x8
 1910 005b 07       		.byte	0x7
 1911 005c 06010000 		.4byte	.LASF7
 1912 0060 04       		.uleb128 0x4
 1913 0061 04       		.byte	0x4
 1914 0062 05       		.byte	0x5
 1915 0063 696E7400 		.ascii	"int\000"
 1916 0067 02       		.uleb128 0x2
 1917 0068 04       		.byte	0x4
 1918 0069 07       		.byte	0x7
 1919 006a F9000000 		.4byte	.LASF8
 1920 006e 03       		.uleb128 0x3
 1921 006f 1D010000 		.4byte	.LASF10
 1922 0073 02       		.byte	0x2
 1923 0074 18       		.byte	0x18
 1924 0075 24000000 		.4byte	0x24
 1925 0079 05       		.uleb128 0x5
 1926 007a 91000000 		.4byte	0x91
 1927 007e 8A000000 		.4byte	0x8a
 1928 0082 06       		.uleb128 0x6
 1929 0083 8A000000 		.4byte	0x8a
 1930 0087 FB06     		.2byte	0x6fb
 1931 0089 00       		.byte	0
 1932 008a 02       		.uleb128 0x2
 1933 008b 04       		.byte	0x4
 1934 008c 07       		.byte	0x7
ARM GAS  C:\Users\THUNDE~1\AppData\Local\Temp\ccAOHmC3.s 			page 35


 1935 008d 48010000 		.4byte	.LASF11
 1936 0091 07       		.uleb128 0x7
 1937 0092 6E000000 		.4byte	0x6e
 1938 0096 08       		.uleb128 0x8
 1939 0097 E7000000 		.4byte	.LASF12
 1940 009b 03       		.byte	0x3
 1941 009c 1F       		.byte	0x1f
 1942 009d A7000000 		.4byte	0xa7
 1943 00a1 05       		.uleb128 0x5
 1944 00a2 03       		.byte	0x3
 1945 00a3 00000000 		.4byte	cy_meta_configecc
 1946 00a7 07       		.uleb128 0x7
 1947 00a8 79000000 		.4byte	0x79
 1948 00ac 05       		.uleb128 0x5
 1949 00ad 91000000 		.4byte	0x91
 1950 00b1 BC000000 		.4byte	0xbc
 1951 00b5 09       		.uleb128 0x9
 1952 00b6 8A000000 		.4byte	0x8a
 1953 00ba 03       		.byte	0x3
 1954 00bb 00       		.byte	0
 1955 00bc 0A       		.uleb128 0xa
 1956 00bd D7000000 		.4byte	.LASF13
 1957 00c1 03       		.byte	0x3
 1958 00c2 0C01     		.2byte	0x10c
 1959 00c4 CE000000 		.4byte	0xce
 1960 00c8 05       		.uleb128 0x5
 1961 00c9 03       		.byte	0x3
 1962 00ca 00000000 		.4byte	cy_meta_custnvl
 1963 00ce 07       		.uleb128 0x7
 1964 00cf AC000000 		.4byte	0xac
 1965 00d3 0A       		.uleb128 0xa
 1966 00d4 3A010000 		.4byte	.LASF14
 1967 00d8 03       		.byte	0x3
 1968 00d9 1A01     		.2byte	0x11a
 1969 00db E5000000 		.4byte	0xe5
 1970 00df 05       		.uleb128 0x5
 1971 00e0 03       		.byte	0x3
 1972 00e1 00000000 		.4byte	cy_meta_wonvl
 1973 00e5 07       		.uleb128 0x7
 1974 00e6 AC000000 		.4byte	0xac
 1975 00ea 05       		.uleb128 0x5
 1976 00eb 91000000 		.4byte	0x91
 1977 00ef FA000000 		.4byte	0xfa
 1978 00f3 09       		.uleb128 0x9
 1979 00f4 8A000000 		.4byte	0x8a
 1980 00f8 FF       		.byte	0xff
 1981 00f9 00       		.byte	0
 1982 00fa 0A       		.uleb128 0xa
 1983 00fb 25010000 		.4byte	.LASF15
 1984 00ff 03       		.byte	0x3
 1985 0100 2801     		.2byte	0x128
 1986 0102 0C010000 		.4byte	0x10c
 1987 0106 05       		.uleb128 0x5
 1988 0107 03       		.byte	0x3
 1989 0108 00000000 		.4byte	cy_meta_flashprotect
 1990 010c 07       		.uleb128 0x7
 1991 010d EA000000 		.4byte	0xea
ARM GAS  C:\Users\THUNDE~1\AppData\Local\Temp\ccAOHmC3.s 			page 36


 1992 0111 05       		.uleb128 0x5
 1993 0112 91000000 		.4byte	0x91
 1994 0116 21010000 		.4byte	0x121
 1995 011a 09       		.uleb128 0x9
 1996 011b 8A000000 		.4byte	0x8a
 1997 011f 0B       		.byte	0xb
 1998 0120 00       		.byte	0
 1999 0121 0A       		.uleb128 0xa
 2000 0122 98000000 		.4byte	.LASF16
 2001 0126 03       		.byte	0x3
 2002 0127 5501     		.2byte	0x155
 2003 0129 33010000 		.4byte	0x133
 2004 012d 05       		.uleb128 0x5
 2005 012e 03       		.byte	0x3
 2006 012f 00000000 		.4byte	cy_metadata
 2007 0133 07       		.uleb128 0x7
 2008 0134 11010000 		.4byte	0x111
 2009 0138 00       		.byte	0
 2010              		.section	.debug_abbrev,"",%progbits
 2011              	.Ldebug_abbrev0:
 2012 0000 01       		.uleb128 0x1
 2013 0001 11       		.uleb128 0x11
 2014 0002 01       		.byte	0x1
 2015 0003 25       		.uleb128 0x25
 2016 0004 0E       		.uleb128 0xe
 2017 0005 13       		.uleb128 0x13
 2018 0006 0B       		.uleb128 0xb
 2019 0007 03       		.uleb128 0x3
 2020 0008 0E       		.uleb128 0xe
 2021 0009 1B       		.uleb128 0x1b
 2022 000a 0E       		.uleb128 0xe
 2023 000b 10       		.uleb128 0x10
 2024 000c 17       		.uleb128 0x17
 2025 000d 00       		.byte	0
 2026 000e 00       		.byte	0
 2027 000f 02       		.uleb128 0x2
 2028 0010 24       		.uleb128 0x24
 2029 0011 00       		.byte	0
 2030 0012 0B       		.uleb128 0xb
 2031 0013 0B       		.uleb128 0xb
 2032 0014 3E       		.uleb128 0x3e
 2033 0015 0B       		.uleb128 0xb
 2034 0016 03       		.uleb128 0x3
 2035 0017 0E       		.uleb128 0xe
 2036 0018 00       		.byte	0
 2037 0019 00       		.byte	0
 2038 001a 03       		.uleb128 0x3
 2039 001b 16       		.uleb128 0x16
 2040 001c 00       		.byte	0
 2041 001d 03       		.uleb128 0x3
 2042 001e 0E       		.uleb128 0xe
 2043 001f 3A       		.uleb128 0x3a
 2044 0020 0B       		.uleb128 0xb
 2045 0021 3B       		.uleb128 0x3b
 2046 0022 0B       		.uleb128 0xb
 2047 0023 49       		.uleb128 0x49
 2048 0024 13       		.uleb128 0x13
ARM GAS  C:\Users\THUNDE~1\AppData\Local\Temp\ccAOHmC3.s 			page 37


 2049 0025 00       		.byte	0
 2050 0026 00       		.byte	0
 2051 0027 04       		.uleb128 0x4
 2052 0028 24       		.uleb128 0x24
 2053 0029 00       		.byte	0
 2054 002a 0B       		.uleb128 0xb
 2055 002b 0B       		.uleb128 0xb
 2056 002c 3E       		.uleb128 0x3e
 2057 002d 0B       		.uleb128 0xb
 2058 002e 03       		.uleb128 0x3
 2059 002f 08       		.uleb128 0x8
 2060 0030 00       		.byte	0
 2061 0031 00       		.byte	0
 2062 0032 05       		.uleb128 0x5
 2063 0033 01       		.uleb128 0x1
 2064 0034 01       		.byte	0x1
 2065 0035 49       		.uleb128 0x49
 2066 0036 13       		.uleb128 0x13
 2067 0037 01       		.uleb128 0x1
 2068 0038 13       		.uleb128 0x13
 2069 0039 00       		.byte	0
 2070 003a 00       		.byte	0
 2071 003b 06       		.uleb128 0x6
 2072 003c 21       		.uleb128 0x21
 2073 003d 00       		.byte	0
 2074 003e 49       		.uleb128 0x49
 2075 003f 13       		.uleb128 0x13
 2076 0040 2F       		.uleb128 0x2f
 2077 0041 05       		.uleb128 0x5
 2078 0042 00       		.byte	0
 2079 0043 00       		.byte	0
 2080 0044 07       		.uleb128 0x7
 2081 0045 26       		.uleb128 0x26
 2082 0046 00       		.byte	0
 2083 0047 49       		.uleb128 0x49
 2084 0048 13       		.uleb128 0x13
 2085 0049 00       		.byte	0
 2086 004a 00       		.byte	0
 2087 004b 08       		.uleb128 0x8
 2088 004c 34       		.uleb128 0x34
 2089 004d 00       		.byte	0
 2090 004e 03       		.uleb128 0x3
 2091 004f 0E       		.uleb128 0xe
 2092 0050 3A       		.uleb128 0x3a
 2093 0051 0B       		.uleb128 0xb
 2094 0052 3B       		.uleb128 0x3b
 2095 0053 0B       		.uleb128 0xb
 2096 0054 49       		.uleb128 0x49
 2097 0055 13       		.uleb128 0x13
 2098 0056 3F       		.uleb128 0x3f
 2099 0057 19       		.uleb128 0x19
 2100 0058 02       		.uleb128 0x2
 2101 0059 18       		.uleb128 0x18
 2102 005a 00       		.byte	0
 2103 005b 00       		.byte	0
 2104 005c 09       		.uleb128 0x9
 2105 005d 21       		.uleb128 0x21
ARM GAS  C:\Users\THUNDE~1\AppData\Local\Temp\ccAOHmC3.s 			page 38


 2106 005e 00       		.byte	0
 2107 005f 49       		.uleb128 0x49
 2108 0060 13       		.uleb128 0x13
 2109 0061 2F       		.uleb128 0x2f
 2110 0062 0B       		.uleb128 0xb
 2111 0063 00       		.byte	0
 2112 0064 00       		.byte	0
 2113 0065 0A       		.uleb128 0xa
 2114 0066 34       		.uleb128 0x34
 2115 0067 00       		.byte	0
 2116 0068 03       		.uleb128 0x3
 2117 0069 0E       		.uleb128 0xe
 2118 006a 3A       		.uleb128 0x3a
 2119 006b 0B       		.uleb128 0xb
 2120 006c 3B       		.uleb128 0x3b
 2121 006d 05       		.uleb128 0x5
 2122 006e 49       		.uleb128 0x49
 2123 006f 13       		.uleb128 0x13
 2124 0070 3F       		.uleb128 0x3f
 2125 0071 19       		.uleb128 0x19
 2126 0072 02       		.uleb128 0x2
 2127 0073 18       		.uleb128 0x18
 2128 0074 00       		.byte	0
 2129 0075 00       		.byte	0
 2130 0076 00       		.byte	0
 2131              		.section	.debug_aranges,"",%progbits
 2132 0000 14000000 		.4byte	0x14
 2133 0004 0200     		.2byte	0x2
 2134 0006 00000000 		.4byte	.Ldebug_info0
 2135 000a 04       		.byte	0x4
 2136 000b 00       		.byte	0
 2137 000c 0000     		.2byte	0
 2138 000e 0000     		.2byte	0
 2139 0010 00000000 		.4byte	0
 2140 0014 00000000 		.4byte	0
 2141              		.section	.debug_line,"",%progbits
 2142              	.Ldebug_line0:
 2143 0000 3D010000 		.section	.debug_str,"MS",%progbits,1
 2143      02003701 
 2143      00000201 
 2143      FB0E0D00 
 2143      01010101 
 2144              	.LASF9:
 2145 0000 5F5F7569 		.ascii	"__uint8_t\000"
 2145      6E74385F 
 2145      7400
 2146              	.LASF17:
 2147 000a 474E5520 		.ascii	"GNU C11 5.4.1 20160609 (release) [ARM/embedded-5-br"
 2147      43313120 
 2147      352E342E 
 2147      31203230 
 2147      31363036 
 2148 003d 616E6368 		.ascii	"anch revision 237715] -mcpu=cortex-m3 -mthumb -g -O"
 2148      20726576 
 2148      6973696F 
 2148      6E203233 
 2148      37373135 
ARM GAS  C:\Users\THUNDE~1\AppData\Local\Temp\ccAOHmC3.s 			page 39


 2149 0070 30202D66 		.ascii	"0 -ffunction-sections -ffat-lto-objects\000"
 2149      66756E63 
 2149      74696F6E 
 2149      2D736563 
 2149      74696F6E 
 2150              	.LASF16:
 2151 0098 63795F6D 		.ascii	"cy_metadata\000"
 2151      65746164 
 2151      61746100 
 2152              	.LASF1:
 2153 00a4 756E7369 		.ascii	"unsigned char\000"
 2153      676E6564 
 2153      20636861 
 2153      7200
 2154              	.LASF5:
 2155 00b2 6C6F6E67 		.ascii	"long unsigned int\000"
 2155      20756E73 
 2155      69676E65 
 2155      6420696E 
 2155      7400
 2156              	.LASF3:
 2157 00c4 73686F72 		.ascii	"short unsigned int\000"
 2157      7420756E 
 2157      7369676E 
 2157      65642069 
 2157      6E7400
 2158              	.LASF13:
 2159 00d7 63795F6D 		.ascii	"cy_meta_custnvl\000"
 2159      6574615F 
 2159      63757374 
 2159      6E766C00 
 2160              	.LASF12:
 2161 00e7 63795F6D 		.ascii	"cy_meta_configecc\000"
 2161      6574615F 
 2161      636F6E66 
 2161      69676563 
 2161      6300
 2162              	.LASF8:
 2163 00f9 756E7369 		.ascii	"unsigned int\000"
 2163      676E6564 
 2163      20696E74 
 2163      00
 2164              	.LASF7:
 2165 0106 6C6F6E67 		.ascii	"long long unsigned int\000"
 2165      206C6F6E 
 2165      6720756E 
 2165      7369676E 
 2165      65642069 
 2166              	.LASF10:
 2167 011d 75696E74 		.ascii	"uint8_t\000"
 2167      385F7400 
 2168              	.LASF15:
 2169 0125 63795F6D 		.ascii	"cy_meta_flashprotect\000"
 2169      6574615F 
 2169      666C6173 
 2169      6870726F 
 2169      74656374 
ARM GAS  C:\Users\THUNDE~1\AppData\Local\Temp\ccAOHmC3.s 			page 40


 2170              	.LASF14:
 2171 013a 63795F6D 		.ascii	"cy_meta_wonvl\000"
 2171      6574615F 
 2171      776F6E76 
 2171      6C00
 2172              	.LASF11:
 2173 0148 73697A65 		.ascii	"sizetype\000"
 2173      74797065 
 2173      00
 2174              	.LASF6:
 2175 0151 6C6F6E67 		.ascii	"long long int\000"
 2175      206C6F6E 
 2175      6720696E 
 2175      7400
 2176              	.LASF19:
 2177 015f 463A5C50 		.ascii	"F:\\Programme_Scripts\\PSOC Creator\\FreeRTOS\\Free"
 2177      726F6772 
 2177      616D6D65 
 2177      5F536372 
 2177      69707473 
 2178 018e 52544F53 		.ascii	"RTOS_CY8CKIT_059-master\\FreeRTOS_Demo.cydsn\000"
 2178      5F435938 
 2178      434B4954 
 2178      5F303539 
 2178      2D6D6173 
 2179              	.LASF2:
 2180 01ba 73686F72 		.ascii	"short int\000"
 2180      7420696E 
 2180      7400
 2181              	.LASF4:
 2182 01c4 6C6F6E67 		.ascii	"long int\000"
 2182      20696E74 
 2182      00
 2183              	.LASF0:
 2184 01cd 7369676E 		.ascii	"signed char\000"
 2184      65642063 
 2184      68617200 
 2185              	.LASF18:
 2186 01d9 47656E65 		.ascii	"Generated_Source\\PSoC5\\cymetadata.c\000"
 2186      72617465 
 2186      645F536F 
 2186      75726365 
 2186      5C50536F 
 2187              		.ident	"GCC: (GNU Tools for ARM Embedded Processors) 5.4.1 20160609 (release) [ARM/embedded-5-bran
