ARM GAS  C:\Users\THUNDE~1\AppData\Local\Temp\ccoCirtY.s 			page 1


   1              		.syntax unified
   2              		.cpu cortex-m3
   3              		.fpu softvfp
   4              		.eabi_attribute 20, 1
   5              		.eabi_attribute 21, 1
   6              		.eabi_attribute 23, 3
   7              		.eabi_attribute 24, 1
   8              		.eabi_attribute 25, 1
   9              		.eabi_attribute 26, 1
  10              		.eabi_attribute 30, 6
  11              		.eabi_attribute 34, 1
  12              		.eabi_attribute 18, 4
  13              		.thumb
  14              		.syntax unified
  15              		.file	"death.c"
  16              		.text
  17              	.Ltext0:
  18              		.cfi_sections	.debug_frame
  19              		.comm	sniffIDFilter,13,4
  20              		.comm	buffer,4098,4
  21              		.comm	objectList,1704,4
  22              		.bss
  23              		.align	1
  24              	usCreationCount:
  25 0000 0000     		.space	2
  26 0002 0000     		.align	2
  27              	uxTasksRunningAtStart:
  28 0004 00000000 		.space	4
  29              		.section	.rodata
  30              		.align	2
  31              		.type	uxMaxNumberOfExtraTasksRunning, %object
  32              		.size	uxMaxNumberOfExtraTasksRunning, 4
  33              	uxMaxNumberOfExtraTasksRunning:
  34 0000 03000000 		.word	3
  35              		.comm	xCreatedTask,4,4
  36              		.align	2
  37              	.LC0:
  38 0004 43524541 		.ascii	"CREATOR\000"
  38      544F5200 
  39              		.section	.text.vCreateSuicidalTasks,"ax",%progbits
  40              		.align	2
  41              		.global	vCreateSuicidalTasks
  42              		.thumb
  43              		.thumb_func
  44              		.type	vCreateSuicidalTasks, %function
  45              	vCreateSuicidalTasks:
  46              	.LFB68:
  47              		.file 1 "..\\Common\\Minimal\\death.c"
   1:..\Common\Minimal/death.c **** /*
   2:..\Common\Minimal/death.c ****     FreeRTOS V9.0.0 - Copyright (C) 2016 Real Time Engineers Ltd.
   3:..\Common\Minimal/death.c ****     All rights reserved
   4:..\Common\Minimal/death.c **** 
   5:..\Common\Minimal/death.c ****     VISIT http://www.FreeRTOS.org TO ENSURE YOU ARE USING THE LATEST VERSION.
   6:..\Common\Minimal/death.c **** 
   7:..\Common\Minimal/death.c ****     This file is part of the FreeRTOS distribution.
   8:..\Common\Minimal/death.c **** 
   9:..\Common\Minimal/death.c ****     FreeRTOS is free software; you can redistribute it and/or modify it under
ARM GAS  C:\Users\THUNDE~1\AppData\Local\Temp\ccoCirtY.s 			page 2


  10:..\Common\Minimal/death.c ****     the terms of the GNU General Public License (version 2) as published by the
  11:..\Common\Minimal/death.c ****     Free Software Foundation >>>> AND MODIFIED BY <<<< the FreeRTOS exception.
  12:..\Common\Minimal/death.c **** 
  13:..\Common\Minimal/death.c ****     ***************************************************************************
  14:..\Common\Minimal/death.c ****     >>!   NOTE: The modification to the GPL is included to allow you to     !<<
  15:..\Common\Minimal/death.c ****     >>!   distribute a combined work that includes FreeRTOS without being   !<<
  16:..\Common\Minimal/death.c ****     >>!   obliged to provide the source code for proprietary components     !<<
  17:..\Common\Minimal/death.c ****     >>!   outside of the FreeRTOS kernel.                                   !<<
  18:..\Common\Minimal/death.c ****     ***************************************************************************
  19:..\Common\Minimal/death.c **** 
  20:..\Common\Minimal/death.c ****     FreeRTOS is distributed in the hope that it will be useful, but WITHOUT ANY
  21:..\Common\Minimal/death.c ****     WARRANTY; without even the implied warranty of MERCHANTABILITY or FITNESS
  22:..\Common\Minimal/death.c ****     FOR A PARTICULAR PURPOSE.  Full license text is available on the following
  23:..\Common\Minimal/death.c ****     link: http://www.freertos.org/a00114.html
  24:..\Common\Minimal/death.c **** 
  25:..\Common\Minimal/death.c ****     ***************************************************************************
  26:..\Common\Minimal/death.c ****      *                                                                       *
  27:..\Common\Minimal/death.c ****      *    FreeRTOS provides completely free yet professionally developed,    *
  28:..\Common\Minimal/death.c ****      *    robust, strictly quality controlled, supported, and cross          *
  29:..\Common\Minimal/death.c ****      *    platform software that is more than just the market leader, it     *
  30:..\Common\Minimal/death.c ****      *    is the industry's de facto standard.                               *
  31:..\Common\Minimal/death.c ****      *                                                                       *
  32:..\Common\Minimal/death.c ****      *    Help yourself get started quickly while simultaneously helping     *
  33:..\Common\Minimal/death.c ****      *    to support the FreeRTOS project by purchasing a FreeRTOS           *
  34:..\Common\Minimal/death.c ****      *    tutorial book, reference manual, or both:                          *
  35:..\Common\Minimal/death.c ****      *    http://www.FreeRTOS.org/Documentation                              *
  36:..\Common\Minimal/death.c ****      *                                                                       *
  37:..\Common\Minimal/death.c ****     ***************************************************************************
  38:..\Common\Minimal/death.c **** 
  39:..\Common\Minimal/death.c ****     http://www.FreeRTOS.org/FAQHelp.html - Having a problem?  Start by reading
  40:..\Common\Minimal/death.c ****     the FAQ page "My application does not run, what could be wrong?".  Have you
  41:..\Common\Minimal/death.c ****     defined configASSERT()?
  42:..\Common\Minimal/death.c **** 
  43:..\Common\Minimal/death.c ****     http://www.FreeRTOS.org/support - In return for receiving this top quality
  44:..\Common\Minimal/death.c ****     embedded software for free we request you assist our global community by
  45:..\Common\Minimal/death.c ****     participating in the support forum.
  46:..\Common\Minimal/death.c **** 
  47:..\Common\Minimal/death.c ****     http://www.FreeRTOS.org/training - Investing in training allows your team to
  48:..\Common\Minimal/death.c ****     be as productive as possible as early as possible.  Now you can receive
  49:..\Common\Minimal/death.c ****     FreeRTOS training directly from Richard Barry, CEO of Real Time Engineers
  50:..\Common\Minimal/death.c ****     Ltd, and the world's leading authority on the world's leading RTOS.
  51:..\Common\Minimal/death.c **** 
  52:..\Common\Minimal/death.c ****     http://www.FreeRTOS.org/plus - A selection of FreeRTOS ecosystem products,
  53:..\Common\Minimal/death.c ****     including FreeRTOS+Trace - an indispensable productivity tool, a DOS
  54:..\Common\Minimal/death.c ****     compatible FAT file system, and our tiny thread aware UDP/IP stack.
  55:..\Common\Minimal/death.c **** 
  56:..\Common\Minimal/death.c ****     http://www.FreeRTOS.org/labs - Where new FreeRTOS products go to incubate.
  57:..\Common\Minimal/death.c ****     Come and try FreeRTOS+TCP, our new open source TCP/IP stack for FreeRTOS.
  58:..\Common\Minimal/death.c **** 
  59:..\Common\Minimal/death.c ****     http://www.OpenRTOS.com - Real Time Engineers ltd. license FreeRTOS to High
  60:..\Common\Minimal/death.c ****     Integrity Systems ltd. to sell under the OpenRTOS brand.  Low cost OpenRTOS
  61:..\Common\Minimal/death.c ****     licenses offer ticketed support, indemnification and commercial middleware.
  62:..\Common\Minimal/death.c **** 
  63:..\Common\Minimal/death.c ****     http://www.SafeRTOS.com - High Integrity Systems also provide a safety
  64:..\Common\Minimal/death.c ****     engineered and independently SIL3 certified version for use in safety and
  65:..\Common\Minimal/death.c ****     mission critical applications that require provable dependability.
  66:..\Common\Minimal/death.c **** 
ARM GAS  C:\Users\THUNDE~1\AppData\Local\Temp\ccoCirtY.s 			page 3


  67:..\Common\Minimal/death.c ****     1 tab == 4 spaces!
  68:..\Common\Minimal/death.c **** */
  69:..\Common\Minimal/death.c **** 
  70:..\Common\Minimal/death.c **** /**
  71:..\Common\Minimal/death.c ****  * Create a single persistent task which periodically dynamically creates another
  72:..\Common\Minimal/death.c ****  * two tasks.  The original task is called the creator task, the two tasks it
  73:..\Common\Minimal/death.c ****  * creates are called suicidal tasks.
  74:..\Common\Minimal/death.c ****  *
  75:..\Common\Minimal/death.c ****  * One of the created suicidal tasks kill one other suicidal task before killing
  76:..\Common\Minimal/death.c ****  * itself - leaving just the original task remaining.
  77:..\Common\Minimal/death.c ****  *
  78:..\Common\Minimal/death.c ****  * The creator task must be spawned after all of the other demo application tasks
  79:..\Common\Minimal/death.c ****  * as it keeps a check on the number of tasks under the scheduler control.  The
  80:..\Common\Minimal/death.c ****  * number of tasks it expects to see running should never be greater than the
  81:..\Common\Minimal/death.c ****  * number of tasks that were in existence when the creator task was spawned, plus
  82:..\Common\Minimal/death.c ****  * one set of four suicidal tasks.  If this number is exceeded an error is flagged.
  83:..\Common\Minimal/death.c ****  *
  84:..\Common\Minimal/death.c ****  * \page DeathC death.c
  85:..\Common\Minimal/death.c ****  * \ingroup DemoFiles
  86:..\Common\Minimal/death.c ****  * <HR>
  87:..\Common\Minimal/death.c ****  */
  88:..\Common\Minimal/death.c **** 
  89:..\Common\Minimal/death.c **** 
  90:..\Common\Minimal/death.c **** #include <stdlib.h>
  91:..\Common\Minimal/death.c **** 
  92:..\Common\Minimal/death.c **** /* Scheduler include files. */
  93:..\Common\Minimal/death.c **** #include "FreeRTOS.h"
  94:..\Common\Minimal/death.c **** #include "task.h"
  95:..\Common\Minimal/death.c **** 
  96:..\Common\Minimal/death.c **** /* Demo program include files. */
  97:..\Common\Minimal/death.c **** #include "death.h"
  98:..\Common\Minimal/death.c **** 
  99:..\Common\Minimal/death.c **** #define deathSTACK_SIZE		( configMINIMAL_STACK_SIZE + 60 )
 100:..\Common\Minimal/death.c **** 
 101:..\Common\Minimal/death.c **** /* The task originally created which is responsible for periodically dynamically
 102:..\Common\Minimal/death.c **** creating another four tasks. */
 103:..\Common\Minimal/death.c **** static portTASK_FUNCTION_PROTO( vCreateTasks, pvParameters );
 104:..\Common\Minimal/death.c **** 
 105:..\Common\Minimal/death.c **** /* The task function of the dynamically created tasks. */
 106:..\Common\Minimal/death.c **** static portTASK_FUNCTION_PROTO( vSuicidalTask, pvParameters );
 107:..\Common\Minimal/death.c **** 
 108:..\Common\Minimal/death.c **** /* A variable which is incremented every time the dynamic tasks are created.  This
 109:..\Common\Minimal/death.c **** is used to check that the task is still running. */
 110:..\Common\Minimal/death.c **** static volatile uint16_t usCreationCount = 0;
 111:..\Common\Minimal/death.c **** 
 112:..\Common\Minimal/death.c **** /* Used to store the number of tasks that were originally running so the creator
 113:..\Common\Minimal/death.c **** task can tell if any of the suicidal tasks have failed to die.
 114:..\Common\Minimal/death.c **** */
 115:..\Common\Minimal/death.c **** static volatile UBaseType_t uxTasksRunningAtStart = 0;
 116:..\Common\Minimal/death.c **** 
 117:..\Common\Minimal/death.c **** /* When a task deletes itself, it stack and TCB are cleaned up by the Idle task.
 118:..\Common\Minimal/death.c **** Under heavy load the idle task might not get much processing time, so it would
 119:..\Common\Minimal/death.c **** be legitimate for several tasks to remain undeleted for a short period.  There
 120:..\Common\Minimal/death.c **** may also be a few other unexpected tasks if, for example, the tasks that test
 121:..\Common\Minimal/death.c **** static allocation are also being used. */
 122:..\Common\Minimal/death.c **** static const UBaseType_t uxMaxNumberOfExtraTasksRunning = 3;
 123:..\Common\Minimal/death.c **** 
ARM GAS  C:\Users\THUNDE~1\AppData\Local\Temp\ccoCirtY.s 			page 4


 124:..\Common\Minimal/death.c **** /* Used to store a handle to the task that should be killed by a suicidal task,
 125:..\Common\Minimal/death.c **** before it kills itself. */
 126:..\Common\Minimal/death.c **** TaskHandle_t xCreatedTask;
 127:..\Common\Minimal/death.c **** 
 128:..\Common\Minimal/death.c **** /*-----------------------------------------------------------*/
 129:..\Common\Minimal/death.c **** 
 130:..\Common\Minimal/death.c **** void vCreateSuicidalTasks( UBaseType_t uxPriority )
 131:..\Common\Minimal/death.c **** {
  48              		.loc 1 131 0
  49              		.cfi_startproc
  50              		@ args = 0, pretend = 0, frame = 8
  51              		@ frame_needed = 1, uses_anonymous_args = 0
  52 0000 80B5     		push	{r7, lr}
  53              		.cfi_def_cfa_offset 8
  54              		.cfi_offset 7, -8
  55              		.cfi_offset 14, -4
  56 0002 84B0     		sub	sp, sp, #16
  57              		.cfi_def_cfa_offset 24
  58 0004 02AF     		add	r7, sp, #8
  59              		.cfi_def_cfa 7, 16
  60 0006 7860     		str	r0, [r7, #4]
 132:..\Common\Minimal/death.c **** 	xTaskCreate( vCreateTasks, "CREATOR", deathSTACK_SIZE, ( void * ) NULL, uxPriority, NULL );
  61              		.loc 1 132 0
  62 0008 0023     		movs	r3, #0
  63 000a 0193     		str	r3, [sp, #4]
  64 000c 7B68     		ldr	r3, [r7, #4]
  65 000e 0093     		str	r3, [sp]
  66 0010 0023     		movs	r3, #0
  67 0012 A022     		movs	r2, #160
  68 0014 0849     		ldr	r1, .L2
  69 0016 0948     		ldr	r0, .L2+4
  70 0018 FFF7FEFF 		bl	xTaskCreate
 133:..\Common\Minimal/death.c **** 
 134:..\Common\Minimal/death.c **** 	/* Record the number of tasks that are running now so we know if any of the
 135:..\Common\Minimal/death.c **** 	suicidal tasks have failed to be killed. */
 136:..\Common\Minimal/death.c **** 	uxTasksRunningAtStart = ( UBaseType_t ) uxTaskGetNumberOfTasks();
  71              		.loc 1 136 0
  72 001c FFF7FEFF 		bl	uxTaskGetNumberOfTasks
  73 0020 0246     		mov	r2, r0
  74 0022 074B     		ldr	r3, .L2+8
  75 0024 1A60     		str	r2, [r3]
 137:..\Common\Minimal/death.c **** 
 138:..\Common\Minimal/death.c **** 	/* FreeRTOS.org versions before V3.0 started the idle-task as the very
 139:..\Common\Minimal/death.c **** 	first task. The idle task was then already included in uxTasksRunningAtStart.
 140:..\Common\Minimal/death.c **** 	From FreeRTOS V3.0 on, the idle task is started when the scheduler is
 141:..\Common\Minimal/death.c **** 	started. Therefore the idle task is not yet accounted for. We correct
 142:..\Common\Minimal/death.c **** 	this by increasing uxTasksRunningAtStart by 1. */
 143:..\Common\Minimal/death.c **** 	uxTasksRunningAtStart++;
  76              		.loc 1 143 0
  77 0026 064B     		ldr	r3, .L2+8
  78 0028 1B68     		ldr	r3, [r3]
  79 002a 0133     		adds	r3, r3, #1
  80 002c 044A     		ldr	r2, .L2+8
  81 002e 1360     		str	r3, [r2]
 144:..\Common\Minimal/death.c **** 
 145:..\Common\Minimal/death.c **** 	/* From FreeRTOS version 7.0.0 can optionally create a timer service task.
 146:..\Common\Minimal/death.c **** 	If this is done, then uxTasksRunningAtStart needs incrementing again as that
ARM GAS  C:\Users\THUNDE~1\AppData\Local\Temp\ccoCirtY.s 			page 5


 147:..\Common\Minimal/death.c **** 	too is created when the scheduler is started. */
 148:..\Common\Minimal/death.c **** 	#if configUSE_TIMERS == 1
 149:..\Common\Minimal/death.c **** 	{
 150:..\Common\Minimal/death.c **** 		uxTasksRunningAtStart++;
 151:..\Common\Minimal/death.c **** 	}
 152:..\Common\Minimal/death.c **** 	#endif
 153:..\Common\Minimal/death.c **** }
  82              		.loc 1 153 0
  83 0030 00BF     		nop
  84 0032 0837     		adds	r7, r7, #8
  85              		.cfi_def_cfa_offset 8
  86 0034 BD46     		mov	sp, r7
  87              		.cfi_def_cfa_register 13
  88              		@ sp needed
  89 0036 80BD     		pop	{r7, pc}
  90              	.L3:
  91              		.align	2
  92              	.L2:
  93 0038 04000000 		.word	.LC0
  94 003c 00000000 		.word	vCreateTasks
  95 0040 04000000 		.word	uxTasksRunningAtStart
  96              		.cfi_endproc
  97              	.LFE68:
  98              		.size	vCreateSuicidalTasks, .-vCreateSuicidalTasks
  99              		.section	.text.vSuicidalTask,"ax",%progbits
 100              		.align	2
 101              		.thumb
 102              		.thumb_func
 103              		.type	vSuicidalTask, %function
 104              	vSuicidalTask:
 105              	.LFB69:
 154:..\Common\Minimal/death.c **** /*-----------------------------------------------------------*/
 155:..\Common\Minimal/death.c **** 
 156:..\Common\Minimal/death.c **** static portTASK_FUNCTION( vSuicidalTask, pvParameters )
 157:..\Common\Minimal/death.c **** {
 106              		.loc 1 157 0
 107              		.cfi_startproc
 108              		@ args = 0, pretend = 0, frame = 24
 109              		@ frame_needed = 1, uses_anonymous_args = 0
 110 0000 80B5     		push	{r7, lr}
 111              		.cfi_def_cfa_offset 8
 112              		.cfi_offset 7, -8
 113              		.cfi_offset 14, -4
 114 0002 86B0     		sub	sp, sp, #24
 115              		.cfi_def_cfa_offset 32
 116 0004 00AF     		add	r7, sp, #0
 117              		.cfi_def_cfa_register 7
 118 0006 7860     		str	r0, [r7, #4]
 158:..\Common\Minimal/death.c **** volatile long l1, l2;
 159:..\Common\Minimal/death.c **** TaskHandle_t xTaskToKill;
 160:..\Common\Minimal/death.c **** const TickType_t xDelay = pdMS_TO_TICKS( ( TickType_t ) 200 );
 119              		.loc 1 160 0
 120 0008 C823     		movs	r3, #200
 121 000a 3B61     		str	r3, [r7, #16]
 161:..\Common\Minimal/death.c **** 
 162:..\Common\Minimal/death.c **** 	if( pvParameters != NULL )
 122              		.loc 1 162 0
ARM GAS  C:\Users\THUNDE~1\AppData\Local\Temp\ccoCirtY.s 			page 6


 123 000c 7B68     		ldr	r3, [r7, #4]
 124 000e 002B     		cmp	r3, #0
 125 0010 03D0     		beq	.L5
 163:..\Common\Minimal/death.c **** 	{
 164:..\Common\Minimal/death.c **** 		/* This task is periodically created four times.  Two created tasks are
 165:..\Common\Minimal/death.c **** 		passed a handle to the other task so it can kill it before killing itself.
 166:..\Common\Minimal/death.c **** 		The other task is passed in null. */
 167:..\Common\Minimal/death.c **** 		xTaskToKill = *( TaskHandle_t* )pvParameters;
 126              		.loc 1 167 0
 127 0012 7B68     		ldr	r3, [r7, #4]
 128 0014 1B68     		ldr	r3, [r3]
 129 0016 7B61     		str	r3, [r7, #20]
 130 0018 01E0     		b	.L6
 131              	.L5:
 168:..\Common\Minimal/death.c **** 	}
 169:..\Common\Minimal/death.c **** 	else
 170:..\Common\Minimal/death.c **** 	{
 171:..\Common\Minimal/death.c **** 		xTaskToKill = NULL;
 132              		.loc 1 171 0
 133 001a 0023     		movs	r3, #0
 134 001c 7B61     		str	r3, [r7, #20]
 135              	.L6:
 172:..\Common\Minimal/death.c **** 	}
 173:..\Common\Minimal/death.c **** 
 174:..\Common\Minimal/death.c **** 	for( ;; )
 175:..\Common\Minimal/death.c **** 	{
 176:..\Common\Minimal/death.c **** 		/* Do something random just to use some stack and registers. */
 177:..\Common\Minimal/death.c **** 		l1 = 2;
 136              		.loc 1 177 0
 137 001e 0223     		movs	r3, #2
 138 0020 FB60     		str	r3, [r7, #12]
 178:..\Common\Minimal/death.c **** 		l2 = 89;
 139              		.loc 1 178 0
 140 0022 5923     		movs	r3, #89
 141 0024 BB60     		str	r3, [r7, #8]
 179:..\Common\Minimal/death.c **** 		l2 *= l1;
 142              		.loc 1 179 0
 143 0026 FB68     		ldr	r3, [r7, #12]
 144 0028 BA68     		ldr	r2, [r7, #8]
 145 002a 02FB03F3 		mul	r3, r2, r3
 146 002e BB60     		str	r3, [r7, #8]
 180:..\Common\Minimal/death.c **** 		vTaskDelay( xDelay );
 147              		.loc 1 180 0
 148 0030 3869     		ldr	r0, [r7, #16]
 149 0032 FFF7FEFF 		bl	vTaskDelay
 181:..\Common\Minimal/death.c **** 
 182:..\Common\Minimal/death.c **** 		if( xTaskToKill != NULL )
 150              		.loc 1 182 0
 151 0036 7B69     		ldr	r3, [r7, #20]
 152 0038 002B     		cmp	r3, #0
 153 003a F0D0     		beq	.L6
 183:..\Common\Minimal/death.c **** 		{
 184:..\Common\Minimal/death.c **** 			/* Make sure the other task has a go before we delete it. */
 185:..\Common\Minimal/death.c **** 			vTaskDelay( ( TickType_t ) 0 );
 154              		.loc 1 185 0
 155 003c 0020     		movs	r0, #0
 156 003e FFF7FEFF 		bl	vTaskDelay
ARM GAS  C:\Users\THUNDE~1\AppData\Local\Temp\ccoCirtY.s 			page 7


 186:..\Common\Minimal/death.c **** 
 187:..\Common\Minimal/death.c **** 			/* Kill the other task that was created by vCreateTasks(). */
 188:..\Common\Minimal/death.c **** 			vTaskDelete( xTaskToKill );
 157              		.loc 1 188 0
 158 0042 7869     		ldr	r0, [r7, #20]
 159 0044 FFF7FEFF 		bl	vTaskDelete
 189:..\Common\Minimal/death.c **** 
 190:..\Common\Minimal/death.c **** 			/* Kill ourselves. */
 191:..\Common\Minimal/death.c **** 			vTaskDelete( NULL );
 160              		.loc 1 191 0
 161 0048 0020     		movs	r0, #0
 162 004a FFF7FEFF 		bl	vTaskDelete
 192:..\Common\Minimal/death.c **** 		}
 193:..\Common\Minimal/death.c **** 	}
 163              		.loc 1 193 0
 164 004e E6E7     		b	.L6
 165              		.cfi_endproc
 166              	.LFE69:
 167              		.size	vSuicidalTask, .-vSuicidalTask
 168              		.section	.rodata
 169              		.align	2
 170              	.LC1:
 171 000c 53554943 		.ascii	"SUICID1\000"
 171      49443100 
 172              		.align	2
 173              	.LC2:
 174 0014 53554943 		.ascii	"SUICID2\000"
 174      49443200 
 175              		.section	.text.vCreateTasks,"ax",%progbits
 176              		.align	2
 177              		.thumb
 178              		.thumb_func
 179              		.type	vCreateTasks, %function
 180              	vCreateTasks:
 181              	.LFB70:
 194:..\Common\Minimal/death.c **** }/*lint !e818 !e550 Function prototype must be as per standard for task functions. */
 195:..\Common\Minimal/death.c **** /*-----------------------------------------------------------*/
 196:..\Common\Minimal/death.c **** 
 197:..\Common\Minimal/death.c **** static portTASK_FUNCTION( vCreateTasks, pvParameters )
 198:..\Common\Minimal/death.c **** {
 182              		.loc 1 198 0
 183              		.cfi_startproc
 184              		@ args = 0, pretend = 0, frame = 16
 185              		@ frame_needed = 1, uses_anonymous_args = 0
 186 0000 80B5     		push	{r7, lr}
 187              		.cfi_def_cfa_offset 8
 188              		.cfi_offset 7, -8
 189              		.cfi_offset 14, -4
 190 0002 86B0     		sub	sp, sp, #24
 191              		.cfi_def_cfa_offset 32
 192 0004 02AF     		add	r7, sp, #8
 193              		.cfi_def_cfa 7, 24
 194 0006 7860     		str	r0, [r7, #4]
 199:..\Common\Minimal/death.c **** const TickType_t xDelay = pdMS_TO_TICKS( ( TickType_t ) 1000 );
 195              		.loc 1 199 0
 196 0008 4FF47A73 		mov	r3, #1000
 197 000c FB60     		str	r3, [r7, #12]
ARM GAS  C:\Users\THUNDE~1\AppData\Local\Temp\ccoCirtY.s 			page 8


 200:..\Common\Minimal/death.c **** UBaseType_t uxPriority;
 201:..\Common\Minimal/death.c **** 
 202:..\Common\Minimal/death.c **** 	/* Remove compiler warning about unused parameter. */
 203:..\Common\Minimal/death.c **** 	( void ) pvParameters;
 204:..\Common\Minimal/death.c **** 
 205:..\Common\Minimal/death.c **** 	uxPriority = uxTaskPriorityGet( NULL );
 198              		.loc 1 205 0
 199 000e 0020     		movs	r0, #0
 200 0010 FFF7FEFF 		bl	uxTaskPriorityGet
 201 0014 B860     		str	r0, [r7, #8]
 202              	.L9:
 206:..\Common\Minimal/death.c **** 
 207:..\Common\Minimal/death.c **** 	for( ;; )
 208:..\Common\Minimal/death.c **** 	{
 209:..\Common\Minimal/death.c **** 		/* Just loop round, delaying then creating the four suicidal tasks. */
 210:..\Common\Minimal/death.c **** 		vTaskDelay( xDelay );
 203              		.loc 1 210 0 discriminator 1
 204 0016 F868     		ldr	r0, [r7, #12]
 205 0018 FFF7FEFF 		bl	vTaskDelay
 211:..\Common\Minimal/death.c **** 
 212:..\Common\Minimal/death.c **** 		xCreatedTask = NULL;
 206              		.loc 1 212 0 discriminator 1
 207 001c 0F4B     		ldr	r3, .L10
 208 001e 0022     		movs	r2, #0
 209 0020 1A60     		str	r2, [r3]
 213:..\Common\Minimal/death.c **** 
 214:..\Common\Minimal/death.c **** 		xTaskCreate( vSuicidalTask, "SUICID1", configMINIMAL_STACK_SIZE, NULL, uxPriority, &xCreatedTask 
 210              		.loc 1 214 0 discriminator 1
 211 0022 0E4B     		ldr	r3, .L10
 212 0024 0193     		str	r3, [sp, #4]
 213 0026 BB68     		ldr	r3, [r7, #8]
 214 0028 0093     		str	r3, [sp]
 215 002a 0023     		movs	r3, #0
 216 002c 6422     		movs	r2, #100
 217 002e 0C49     		ldr	r1, .L10+4
 218 0030 0C48     		ldr	r0, .L10+8
 219 0032 FFF7FEFF 		bl	xTaskCreate
 215:..\Common\Minimal/death.c **** 		xTaskCreate( vSuicidalTask, "SUICID2", configMINIMAL_STACK_SIZE, &xCreatedTask, uxPriority, NULL 
 220              		.loc 1 215 0 discriminator 1
 221 0036 0023     		movs	r3, #0
 222 0038 0193     		str	r3, [sp, #4]
 223 003a BB68     		ldr	r3, [r7, #8]
 224 003c 0093     		str	r3, [sp]
 225 003e 074B     		ldr	r3, .L10
 226 0040 6422     		movs	r2, #100
 227 0042 0949     		ldr	r1, .L10+12
 228 0044 0748     		ldr	r0, .L10+8
 229 0046 FFF7FEFF 		bl	xTaskCreate
 216:..\Common\Minimal/death.c **** 
 217:..\Common\Minimal/death.c **** 		++usCreationCount;
 230              		.loc 1 217 0 discriminator 1
 231 004a 084B     		ldr	r3, .L10+16
 232 004c 1B88     		ldrh	r3, [r3]	@ movhi
 233 004e 9BB2     		uxth	r3, r3
 234 0050 0133     		adds	r3, r3, #1
 235 0052 9AB2     		uxth	r2, r3
 236 0054 054B     		ldr	r3, .L10+16
ARM GAS  C:\Users\THUNDE~1\AppData\Local\Temp\ccoCirtY.s 			page 9


 237 0056 1A80     		strh	r2, [r3]	@ movhi
 218:..\Common\Minimal/death.c **** 	}
 238              		.loc 1 218 0 discriminator 1
 239 0058 DDE7     		b	.L9
 240              	.L11:
 241 005a 00BF     		.align	2
 242              	.L10:
 243 005c 00000000 		.word	xCreatedTask
 244 0060 0C000000 		.word	.LC1
 245 0064 00000000 		.word	vSuicidalTask
 246 0068 14000000 		.word	.LC2
 247 006c 00000000 		.word	usCreationCount
 248              		.cfi_endproc
 249              	.LFE70:
 250              		.size	vCreateTasks, .-vCreateTasks
 251              		.section	.text.xIsCreateTaskStillRunning,"ax",%progbits
 252              		.align	2
 253              		.global	xIsCreateTaskStillRunning
 254              		.thumb
 255              		.thumb_func
 256              		.type	xIsCreateTaskStillRunning, %function
 257              	xIsCreateTaskStillRunning:
 258              	.LFB71:
 219:..\Common\Minimal/death.c **** }
 220:..\Common\Minimal/death.c **** /*-----------------------------------------------------------*/
 221:..\Common\Minimal/death.c **** 
 222:..\Common\Minimal/death.c **** /* This is called to check that the creator task is still running and that there
 223:..\Common\Minimal/death.c **** are not any more than four extra tasks. */
 224:..\Common\Minimal/death.c **** BaseType_t xIsCreateTaskStillRunning( void )
 225:..\Common\Minimal/death.c **** {
 259              		.loc 1 225 0
 260              		.cfi_startproc
 261              		@ args = 0, pretend = 0, frame = 8
 262              		@ frame_needed = 1, uses_anonymous_args = 0
 263 0000 80B5     		push	{r7, lr}
 264              		.cfi_def_cfa_offset 8
 265              		.cfi_offset 7, -8
 266              		.cfi_offset 14, -4
 267 0002 82B0     		sub	sp, sp, #8
 268              		.cfi_def_cfa_offset 16
 269 0004 00AF     		add	r7, sp, #0
 270              		.cfi_def_cfa_register 7
 226:..\Common\Minimal/death.c **** static uint16_t usLastCreationCount = 0xfff;
 227:..\Common\Minimal/death.c **** BaseType_t xReturn = pdTRUE;
 271              		.loc 1 227 0
 272 0006 0123     		movs	r3, #1
 273 0008 7B60     		str	r3, [r7, #4]
 228:..\Common\Minimal/death.c **** static UBaseType_t uxTasksRunningNow;
 229:..\Common\Minimal/death.c **** 
 230:..\Common\Minimal/death.c **** 	if( usLastCreationCount == usCreationCount )
 274              		.loc 1 230 0
 275 000a 164B     		ldr	r3, .L18
 276 000c 1A88     		ldrh	r2, [r3]
 277 000e 164B     		ldr	r3, .L18+4
 278 0010 1B88     		ldrh	r3, [r3]	@ movhi
 279 0012 9BB2     		uxth	r3, r3
 280 0014 9A42     		cmp	r2, r3
ARM GAS  C:\Users\THUNDE~1\AppData\Local\Temp\ccoCirtY.s 			page 10


 281 0016 02D1     		bne	.L13
 231:..\Common\Minimal/death.c **** 	{
 232:..\Common\Minimal/death.c **** 		xReturn = pdFALSE;
 282              		.loc 1 232 0
 283 0018 0023     		movs	r3, #0
 284 001a 7B60     		str	r3, [r7, #4]
 285 001c 04E0     		b	.L14
 286              	.L13:
 233:..\Common\Minimal/death.c **** 	}
 234:..\Common\Minimal/death.c **** 	else
 235:..\Common\Minimal/death.c **** 	{
 236:..\Common\Minimal/death.c **** 		usLastCreationCount = usCreationCount;
 287              		.loc 1 236 0
 288 001e 124B     		ldr	r3, .L18+4
 289 0020 1B88     		ldrh	r3, [r3]	@ movhi
 290 0022 9AB2     		uxth	r2, r3
 291 0024 0F4B     		ldr	r3, .L18
 292 0026 1A80     		strh	r2, [r3]	@ movhi
 293              	.L14:
 237:..\Common\Minimal/death.c **** 	}
 238:..\Common\Minimal/death.c **** 
 239:..\Common\Minimal/death.c **** 	uxTasksRunningNow = ( UBaseType_t ) uxTaskGetNumberOfTasks();
 294              		.loc 1 239 0
 295 0028 FFF7FEFF 		bl	uxTaskGetNumberOfTasks
 296 002c 0246     		mov	r2, r0
 297 002e 0F4B     		ldr	r3, .L18+8
 298 0030 1A60     		str	r2, [r3]
 240:..\Common\Minimal/death.c **** 
 241:..\Common\Minimal/death.c **** 	if( uxTasksRunningNow < uxTasksRunningAtStart )
 299              		.loc 1 241 0
 300 0032 0E4B     		ldr	r3, .L18+8
 301 0034 1A68     		ldr	r2, [r3]
 302 0036 0E4B     		ldr	r3, .L18+12
 303 0038 1B68     		ldr	r3, [r3]
 304 003a 9A42     		cmp	r2, r3
 305 003c 02D2     		bcs	.L15
 242:..\Common\Minimal/death.c **** 	{
 243:..\Common\Minimal/death.c **** 		xReturn = pdFALSE;
 306              		.loc 1 243 0
 307 003e 0023     		movs	r3, #0
 308 0040 7B60     		str	r3, [r7, #4]
 309 0042 09E0     		b	.L16
 310              	.L15:
 244:..\Common\Minimal/death.c **** 	}
 245:..\Common\Minimal/death.c **** 	else if( ( uxTasksRunningNow - uxTasksRunningAtStart ) > uxMaxNumberOfExtraTasksRunning )
 311              		.loc 1 245 0
 312 0044 094B     		ldr	r3, .L18+8
 313 0046 1A68     		ldr	r2, [r3]
 314 0048 094B     		ldr	r3, .L18+12
 315 004a 1B68     		ldr	r3, [r3]
 316 004c D31A     		subs	r3, r2, r3
 317 004e 0322     		movs	r2, #3
 318 0050 9342     		cmp	r3, r2
 319 0052 01D9     		bls	.L16
 246:..\Common\Minimal/death.c **** 	{
 247:..\Common\Minimal/death.c **** 		xReturn = pdFALSE;
 320              		.loc 1 247 0
ARM GAS  C:\Users\THUNDE~1\AppData\Local\Temp\ccoCirtY.s 			page 11


 321 0054 0023     		movs	r3, #0
 322 0056 7B60     		str	r3, [r7, #4]
 323              	.L16:
 248:..\Common\Minimal/death.c **** 	}
 249:..\Common\Minimal/death.c **** 	else
 250:..\Common\Minimal/death.c **** 	{
 251:..\Common\Minimal/death.c **** 		/* Everything is okay. */
 252:..\Common\Minimal/death.c **** 	}
 253:..\Common\Minimal/death.c **** 
 254:..\Common\Minimal/death.c **** 	return xReturn;
 324              		.loc 1 254 0
 325 0058 7B68     		ldr	r3, [r7, #4]
 255:..\Common\Minimal/death.c **** }
 326              		.loc 1 255 0
 327 005a 1846     		mov	r0, r3
 328 005c 0837     		adds	r7, r7, #8
 329              		.cfi_def_cfa_offset 8
 330 005e BD46     		mov	sp, r7
 331              		.cfi_def_cfa_register 13
 332              		@ sp needed
 333 0060 80BD     		pop	{r7, pc}
 334              	.L19:
 335 0062 00BF     		.align	2
 336              	.L18:
 337 0064 00000000 		.word	usLastCreationCount.7446
 338 0068 00000000 		.word	usCreationCount
 339 006c 08000000 		.word	uxTasksRunningNow.7448
 340 0070 04000000 		.word	uxTasksRunningAtStart
 341              		.cfi_endproc
 342              	.LFE71:
 343              		.size	xIsCreateTaskStillRunning, .-xIsCreateTaskStillRunning
 344              		.data
 345              		.align	1
 346              		.type	usLastCreationCount.7446, %object
 347              		.size	usLastCreationCount.7446, 2
 348              	usLastCreationCount.7446:
 349 0000 FF0F     		.short	4095
 350              		.bss
 351              		.align	2
 352              	uxTasksRunningNow.7448:
 353 0008 00000000 		.space	4
 354              		.text
 355              	.Letext0:
 356              		.file 2 "c:\\program files (x86)\\cypress\\psoc creator\\4.2\\psoc creator\\import\\gnu\\arm\\5.4.
 357              		.file 3 "c:\\program files (x86)\\cypress\\psoc creator\\4.2\\psoc creator\\import\\gnu\\arm\\5.4.
 358              		.file 4 ".\\Tracer/sniffPayload.h"
 359              		.file 5 ".\\Tracer/selfFIFO.h"
 360              		.file 6 "..\\Source\\portable\\GCC\\ARM_CM3/portmacro.h"
 361              		.file 7 "..\\Source\\include/task.h"
 362              		.file 8 "Generated_Source\\PSoC5/core_cm3.h"
 363              		.file 9 ".\\Tracer/sniffTask.h"
 364              		.section	.debug_info,"",%progbits
 365              	.Ldebug_info0:
 366 0000 2A040000 		.4byte	0x42a
 367 0004 0400     		.2byte	0x4
 368 0006 00000000 		.4byte	.Ldebug_abbrev0
 369 000a 04       		.byte	0x4
ARM GAS  C:\Users\THUNDE~1\AppData\Local\Temp\ccoCirtY.s 			page 12


 370 000b 01       		.uleb128 0x1
 371 000c 8A000000 		.4byte	.LASF66
 372 0010 0C       		.byte	0xc
 373 0011 DE030000 		.4byte	.LASF67
 374 0015 F8030000 		.4byte	.LASF68
 375 0019 00000000 		.4byte	.Ldebug_ranges0+0
 376 001d 00000000 		.4byte	0
 377 0021 00000000 		.4byte	.Ldebug_line0
 378 0025 02       		.uleb128 0x2
 379 0026 04       		.byte	0x4
 380 0027 07       		.byte	0x7
 381 0028 79020000 		.4byte	.LASF0
 382 002c 03       		.uleb128 0x3
 383 002d 04       		.byte	0x4
 384 002e 05       		.byte	0x5
 385 002f 696E7400 		.ascii	"int\000"
 386 0033 02       		.uleb128 0x2
 387 0034 08       		.byte	0x8
 388 0035 05       		.byte	0x5
 389 0036 BE010000 		.4byte	.LASF1
 390 003a 02       		.uleb128 0x2
 391 003b 08       		.byte	0x8
 392 003c 04       		.byte	0x4
 393 003d 23020000 		.4byte	.LASF2
 394 0041 02       		.uleb128 0x2
 395 0042 01       		.byte	0x1
 396 0043 06       		.byte	0x6
 397 0044 4D020000 		.4byte	.LASF3
 398 0048 04       		.uleb128 0x4
 399 0049 F5010000 		.4byte	.LASF6
 400 004d 02       		.byte	0x2
 401 004e 1D       		.byte	0x1d
 402 004f 53000000 		.4byte	0x53
 403 0053 02       		.uleb128 0x2
 404 0054 01       		.byte	0x1
 405 0055 08       		.byte	0x8
 406 0056 2F020000 		.4byte	.LASF4
 407 005a 02       		.uleb128 0x2
 408 005b 02       		.byte	0x2
 409 005c 05       		.byte	0x5
 410 005d 39000000 		.4byte	.LASF5
 411 0061 04       		.uleb128 0x4
 412 0062 42010000 		.4byte	.LASF7
 413 0066 02       		.byte	0x2
 414 0067 2B       		.byte	0x2b
 415 0068 6C000000 		.4byte	0x6c
 416 006c 02       		.uleb128 0x2
 417 006d 02       		.byte	0x2
 418 006e 07       		.byte	0x7
 419 006f C9020000 		.4byte	.LASF8
 420 0073 04       		.uleb128 0x4
 421 0074 90030000 		.4byte	.LASF9
 422 0078 02       		.byte	0x2
 423 0079 3F       		.byte	0x3f
 424 007a 7E000000 		.4byte	0x7e
 425 007e 02       		.uleb128 0x2
 426 007f 04       		.byte	0x4
ARM GAS  C:\Users\THUNDE~1\AppData\Local\Temp\ccoCirtY.s 			page 13


 427 0080 05       		.byte	0x5
 428 0081 D7010000 		.4byte	.LASF10
 429 0085 04       		.uleb128 0x4
 430 0086 18010000 		.4byte	.LASF11
 431 008a 02       		.byte	0x2
 432 008b 41       		.byte	0x41
 433 008c 90000000 		.4byte	0x90
 434 0090 02       		.uleb128 0x2
 435 0091 04       		.byte	0x4
 436 0092 07       		.byte	0x7
 437 0093 41030000 		.4byte	.LASF12
 438 0097 02       		.uleb128 0x2
 439 0098 08       		.byte	0x8
 440 0099 07       		.byte	0x7
 441 009a 59020000 		.4byte	.LASF13
 442 009e 02       		.uleb128 0x2
 443 009f 04       		.byte	0x4
 444 00a0 07       		.byte	0x7
 445 00a1 43000000 		.4byte	.LASF14
 446 00a5 05       		.uleb128 0x5
 447 00a6 04       		.byte	0x4
 448 00a7 02       		.uleb128 0x2
 449 00a8 01       		.byte	0x1
 450 00a9 08       		.byte	0x8
 451 00aa DC020000 		.4byte	.LASF15
 452 00ae 04       		.uleb128 0x4
 453 00af 4D010000 		.4byte	.LASF16
 454 00b3 03       		.byte	0x3
 455 00b4 18       		.byte	0x18
 456 00b5 48000000 		.4byte	0x48
 457 00b9 04       		.uleb128 0x4
 458 00ba 82030000 		.4byte	.LASF17
 459 00be 03       		.byte	0x3
 460 00bf 24       		.byte	0x24
 461 00c0 61000000 		.4byte	0x61
 462 00c4 04       		.uleb128 0x4
 463 00c5 F7020000 		.4byte	.LASF18
 464 00c9 03       		.byte	0x3
 465 00ca 2C       		.byte	0x2c
 466 00cb 73000000 		.4byte	0x73
 467 00cf 04       		.uleb128 0x4
 468 00d0 70020000 		.4byte	.LASF19
 469 00d4 03       		.byte	0x3
 470 00d5 30       		.byte	0x30
 471 00d6 85000000 		.4byte	0x85
 472 00da 02       		.uleb128 0x2
 473 00db 04       		.byte	0x4
 474 00dc 04       		.byte	0x4
 475 00dd AC010000 		.4byte	.LASF20
 476 00e1 02       		.uleb128 0x2
 477 00e2 08       		.byte	0x8
 478 00e3 04       		.byte	0x4
 479 00e4 5F030000 		.4byte	.LASF21
 480 00e8 06       		.uleb128 0x6
 481 00e9 B9000000 		.4byte	0xb9
 482 00ed 07       		.uleb128 0x7
 483 00ee 01       		.byte	0x1
ARM GAS  C:\Users\THUNDE~1\AppData\Local\Temp\ccoCirtY.s 			page 14


 484 00ef 53000000 		.4byte	0x53
 485 00f3 04       		.byte	0x4
 486 00f4 10       		.byte	0x10
 487 00f5 24010000 		.4byte	0x124
 488 00f9 08       		.uleb128 0x8
 489 00fa FF010000 		.4byte	.LASF22
 490 00fe 00       		.byte	0
 491 00ff 08       		.uleb128 0x8
 492 0100 5A000000 		.4byte	.LASF23
 493 0104 01       		.byte	0x1
 494 0105 08       		.uleb128 0x8
 495 0106 05020000 		.4byte	.LASF24
 496 010a 02       		.byte	0x2
 497 010b 08       		.uleb128 0x8
 498 010c 66030000 		.4byte	.LASF25
 499 0110 03       		.byte	0x3
 500 0111 08       		.uleb128 0x8
 501 0112 3D020000 		.4byte	.LASF26
 502 0116 04       		.byte	0x4
 503 0117 08       		.uleb128 0x8
 504 0118 8B030000 		.4byte	.LASF27
 505 011c 05       		.byte	0x5
 506 011d 08       		.uleb128 0x8
 507 011e 2B030000 		.4byte	.LASF28
 508 0122 06       		.byte	0x6
 509 0123 00       		.byte	0
 510 0124 04       		.uleb128 0x4
 511 0125 9A010000 		.4byte	.LASF29
 512 0129 04       		.byte	0x4
 513 012a 10       		.byte	0x10
 514 012b ED000000 		.4byte	0xed
 515 012f 09       		.uleb128 0x9
 516 0130 04       		.byte	0x4
 517 0131 04       		.byte	0x4
 518 0132 86       		.byte	0x86
 519 0133 68010000 		.4byte	0x168
 520 0137 0A       		.uleb128 0xa
 521 0138 EE020000 		.4byte	.LASF30
 522 013c 04       		.byte	0x4
 523 013d 87       		.byte	0x87
 524 013e AE000000 		.4byte	0xae
 525 0142 00       		.byte	0
 526 0143 0A       		.uleb128 0xa
 527 0144 00000000 		.4byte	.LASF31
 528 0148 04       		.byte	0x4
 529 0149 88       		.byte	0x88
 530 014a AE000000 		.4byte	0xae
 531 014e 01       		.byte	0x1
 532 014f 0A       		.uleb128 0xa
 533 0150 9A030000 		.4byte	.LASF32
 534 0154 04       		.byte	0x4
 535 0155 89       		.byte	0x89
 536 0156 24010000 		.4byte	0x124
 537 015a 02       		.byte	0x2
 538 015b 0A       		.uleb128 0xa
 539 015c A5010000 		.4byte	.LASF33
 540 0160 04       		.byte	0x4
ARM GAS  C:\Users\THUNDE~1\AppData\Local\Temp\ccoCirtY.s 			page 15


 541 0161 8A       		.byte	0x8a
 542 0162 AE000000 		.4byte	0xae
 543 0166 03       		.byte	0x3
 544 0167 00       		.byte	0
 545 0168 04       		.uleb128 0x4
 546 0169 86020000 		.4byte	.LASF34
 547 016d 04       		.byte	0x4
 548 016e 8B       		.byte	0x8b
 549 016f 2F010000 		.4byte	0x12f
 550 0173 09       		.uleb128 0x9
 551 0174 0E       		.byte	0xe
 552 0175 04       		.byte	0x4
 553 0176 95       		.byte	0x95
 554 0177 A0010000 		.4byte	0x1a0
 555 017b 0A       		.uleb128 0xa
 556 017c 2C000000 		.4byte	.LASF35
 557 0180 04       		.byte	0x4
 558 0181 96       		.byte	0x96
 559 0182 AE000000 		.4byte	0xae
 560 0186 00       		.byte	0
 561 0187 0A       		.uleb128 0xa
 562 0188 61010000 		.4byte	.LASF36
 563 018c 04       		.byte	0x4
 564 018d 97       		.byte	0x97
 565 018e AE000000 		.4byte	0xae
 566 0192 01       		.byte	0x1
 567 0193 0A       		.uleb128 0xa
 568 0194 18020000 		.4byte	.LASF37
 569 0198 04       		.byte	0x4
 570 0199 98       		.byte	0x98
 571 019a A0010000 		.4byte	0x1a0
 572 019e 02       		.byte	0x2
 573 019f 00       		.byte	0
 574 01a0 0B       		.uleb128 0xb
 575 01a1 A7000000 		.4byte	0xa7
 576 01a5 B0010000 		.4byte	0x1b0
 577 01a9 0C       		.uleb128 0xc
 578 01aa 9E000000 		.4byte	0x9e
 579 01ae 0B       		.byte	0xb
 580 01af 00       		.byte	0
 581 01b0 04       		.uleb128 0x4
 582 01b1 B2010000 		.4byte	.LASF38
 583 01b5 04       		.byte	0x4
 584 01b6 99       		.byte	0x99
 585 01b7 73010000 		.4byte	0x173
 586 01bb 0D       		.uleb128 0xd
 587 01bc 1C01     		.2byte	0x11c
 588 01be 04       		.byte	0x4
 589 01bf A3       		.byte	0xa3
 590 01c0 DD010000 		.4byte	0x1dd
 591 01c4 0A       		.uleb128 0xa
 592 01c5 1F000000 		.4byte	.LASF39
 593 01c9 04       		.byte	0x4
 594 01ca A4       		.byte	0xa4
 595 01cb 68010000 		.4byte	0x168
 596 01cf 00       		.byte	0
 597 01d0 0A       		.uleb128 0xa
ARM GAS  C:\Users\THUNDE~1\AppData\Local\Temp\ccoCirtY.s 			page 16


 598 01d1 55010000 		.4byte	.LASF40
 599 01d5 04       		.byte	0x4
 600 01d6 A5       		.byte	0xa5
 601 01d7 DD010000 		.4byte	0x1dd
 602 01db 04       		.byte	0x4
 603 01dc 00       		.byte	0
 604 01dd 0B       		.uleb128 0xb
 605 01de B0010000 		.4byte	0x1b0
 606 01e2 ED010000 		.4byte	0x1ed
 607 01e6 0C       		.uleb128 0xc
 608 01e7 9E000000 		.4byte	0x9e
 609 01eb 13       		.byte	0x13
 610 01ec 00       		.byte	0
 611 01ed 04       		.uleb128 0x4
 612 01ee BF030000 		.4byte	.LASF41
 613 01f2 04       		.byte	0x4
 614 01f3 A6       		.byte	0xa6
 615 01f4 BB010000 		.4byte	0x1bb
 616 01f8 0E       		.uleb128 0xe
 617 01f9 D7030000 		.4byte	.LASF69
 618 01fd 0210     		.2byte	0x1002
 619 01ff 05       		.byte	0x5
 620 0200 0C       		.byte	0xc
 621 0201 2C020000 		.4byte	0x22c
 622 0205 0A       		.uleb128 0xa
 623 0206 0B030000 		.4byte	.LASF42
 624 020a 05       		.byte	0x5
 625 020b 0D       		.byte	0xd
 626 020c 2C020000 		.4byte	0x22c
 627 0210 00       		.byte	0
 628 0211 0F       		.uleb128 0xf
 629 0212 B9010000 		.4byte	.LASF43
 630 0216 05       		.byte	0x5
 631 0217 0E       		.byte	0xe
 632 0218 AE000000 		.4byte	0xae
 633 021c 0010     		.2byte	0x1000
 634 021e 0F       		.uleb128 0xf
 635 021f 19000000 		.4byte	.LASF44
 636 0223 05       		.byte	0x5
 637 0224 0F       		.byte	0xf
 638 0225 AE000000 		.4byte	0xae
 639 0229 0110     		.2byte	0x1001
 640 022b 00       		.byte	0
 641 022c 0B       		.uleb128 0xb
 642 022d AE000000 		.4byte	0xae
 643 0231 3D020000 		.4byte	0x23d
 644 0235 10       		.uleb128 0x10
 645 0236 9E000000 		.4byte	0x9e
 646 023a FF0F     		.2byte	0xfff
 647 023c 00       		.byte	0
 648 023d 04       		.uleb128 0x4
 649 023e 97020000 		.4byte	.LASF45
 650 0242 06       		.byte	0x6
 651 0243 62       		.byte	0x62
 652 0244 7E000000 		.4byte	0x7e
 653 0248 04       		.uleb128 0x4
 654 0249 FF020000 		.4byte	.LASF46
ARM GAS  C:\Users\THUNDE~1\AppData\Local\Temp\ccoCirtY.s 			page 17


 655 024d 06       		.byte	0x6
 656 024e 63       		.byte	0x63
 657 024f 90000000 		.4byte	0x90
 658 0253 04       		.uleb128 0x4
 659 0254 CC010000 		.4byte	.LASF47
 660 0258 06       		.byte	0x6
 661 0259 69       		.byte	0x69
 662 025a CF000000 		.4byte	0xcf
 663 025e 04       		.uleb128 0x4
 664 025f 60000000 		.4byte	.LASF48
 665 0263 07       		.byte	0x7
 666 0264 67       		.byte	0x67
 667 0265 A5000000 		.4byte	0xa5
 668 0269 11       		.uleb128 0x11
 669 026a 6F010000 		.4byte	.LASF70
 670 026e 01       		.byte	0x1
 671 026f 82       		.byte	0x82
 672 0270 00000000 		.4byte	.LFB68
 673 0274 44000000 		.4byte	.LFE68-.LFB68
 674 0278 01       		.uleb128 0x1
 675 0279 9C       		.byte	0x9c
 676 027a 8D020000 		.4byte	0x28d
 677 027e 12       		.uleb128 0x12
 678 027f 0E000000 		.4byte	.LASF49
 679 0283 01       		.byte	0x1
 680 0284 82       		.byte	0x82
 681 0285 48020000 		.4byte	0x248
 682 0289 02       		.uleb128 0x2
 683 028a 91       		.byte	0x91
 684 028b 74       		.sleb128 -12
 685 028c 00       		.byte	0
 686 028d 13       		.uleb128 0x13
 687 028e 4C000000 		.4byte	.LASF53
 688 0292 01       		.byte	0x1
 689 0293 9C       		.byte	0x9c
 690 0294 00000000 		.4byte	.LFB69
 691 0298 50000000 		.4byte	.LFE69-.LFB69
 692 029c 01       		.uleb128 0x1
 693 029d 9C       		.byte	0x9c
 694 029e E7020000 		.4byte	0x2e7
 695 02a2 12       		.uleb128 0x12
 696 02a3 A2020000 		.4byte	.LASF50
 697 02a7 01       		.byte	0x1
 698 02a8 9C       		.byte	0x9c
 699 02a9 A5000000 		.4byte	0xa5
 700 02ad 02       		.uleb128 0x2
 701 02ae 91       		.byte	0x91
 702 02af 64       		.sleb128 -28
 703 02b0 14       		.uleb128 0x14
 704 02b1 6C3100   		.ascii	"l1\000"
 705 02b4 01       		.byte	0x1
 706 02b5 9E       		.byte	0x9e
 707 02b6 E7020000 		.4byte	0x2e7
 708 02ba 02       		.uleb128 0x2
 709 02bb 91       		.byte	0x91
 710 02bc 6C       		.sleb128 -20
 711 02bd 14       		.uleb128 0x14
ARM GAS  C:\Users\THUNDE~1\AppData\Local\Temp\ccoCirtY.s 			page 18


 712 02be 6C3200   		.ascii	"l2\000"
 713 02c1 01       		.byte	0x1
 714 02c2 9E       		.byte	0x9e
 715 02c3 E7020000 		.4byte	0x2e7
 716 02c7 02       		.uleb128 0x2
 717 02c8 91       		.byte	0x91
 718 02c9 68       		.sleb128 -24
 719 02ca 15       		.uleb128 0x15
 720 02cb 53030000 		.4byte	.LASF51
 721 02cf 01       		.byte	0x1
 722 02d0 9F       		.byte	0x9f
 723 02d1 5E020000 		.4byte	0x25e
 724 02d5 02       		.uleb128 0x2
 725 02d6 91       		.byte	0x91
 726 02d7 74       		.sleb128 -12
 727 02d8 15       		.uleb128 0x15
 728 02d9 EE010000 		.4byte	.LASF52
 729 02dd 01       		.byte	0x1
 730 02de A0       		.byte	0xa0
 731 02df EC020000 		.4byte	0x2ec
 732 02e3 02       		.uleb128 0x2
 733 02e4 91       		.byte	0x91
 734 02e5 70       		.sleb128 -16
 735 02e6 00       		.byte	0
 736 02e7 06       		.uleb128 0x6
 737 02e8 7E000000 		.4byte	0x7e
 738 02ec 16       		.uleb128 0x16
 739 02ed 53020000 		.4byte	0x253
 740 02f1 13       		.uleb128 0x13
 741 02f2 E1020000 		.4byte	.LASF54
 742 02f6 01       		.byte	0x1
 743 02f7 C5       		.byte	0xc5
 744 02f8 00000000 		.4byte	.LFB70
 745 02fc 70000000 		.4byte	.LFE70-.LFB70
 746 0300 01       		.uleb128 0x1
 747 0301 9C       		.byte	0x9c
 748 0302 31030000 		.4byte	0x331
 749 0306 12       		.uleb128 0x12
 750 0307 A2020000 		.4byte	.LASF50
 751 030b 01       		.byte	0x1
 752 030c C5       		.byte	0xc5
 753 030d A5000000 		.4byte	0xa5
 754 0311 02       		.uleb128 0x2
 755 0312 91       		.byte	0x91
 756 0313 6C       		.sleb128 -20
 757 0314 15       		.uleb128 0x15
 758 0315 EE010000 		.4byte	.LASF52
 759 0319 01       		.byte	0x1
 760 031a C7       		.byte	0xc7
 761 031b EC020000 		.4byte	0x2ec
 762 031f 02       		.uleb128 0x2
 763 0320 91       		.byte	0x91
 764 0321 74       		.sleb128 -12
 765 0322 15       		.uleb128 0x15
 766 0323 0E000000 		.4byte	.LASF49
 767 0327 01       		.byte	0x1
 768 0328 C8       		.byte	0xc8
ARM GAS  C:\Users\THUNDE~1\AppData\Local\Temp\ccoCirtY.s 			page 19


 769 0329 48020000 		.4byte	0x248
 770 032d 02       		.uleb128 0x2
 771 032e 91       		.byte	0x91
 772 032f 70       		.sleb128 -16
 773 0330 00       		.byte	0
 774 0331 17       		.uleb128 0x17
 775 0332 AF020000 		.4byte	.LASF71
 776 0336 01       		.byte	0x1
 777 0337 E0       		.byte	0xe0
 778 0338 3D020000 		.4byte	0x23d
 779 033c 00000000 		.4byte	.LFB71
 780 0340 74000000 		.4byte	.LFE71-.LFB71
 781 0344 01       		.uleb128 0x1
 782 0345 9C       		.byte	0x9c
 783 0346 7B030000 		.4byte	0x37b
 784 034a 15       		.uleb128 0x15
 785 034b 17030000 		.4byte	.LASF55
 786 034f 01       		.byte	0x1
 787 0350 E2       		.byte	0xe2
 788 0351 B9000000 		.4byte	0xb9
 789 0355 05       		.uleb128 0x5
 790 0356 03       		.byte	0x3
 791 0357 00000000 		.4byte	usLastCreationCount.7446
 792 035b 15       		.uleb128 0x15
 793 035c B7030000 		.4byte	.LASF56
 794 0360 01       		.byte	0x1
 795 0361 E3       		.byte	0xe3
 796 0362 3D020000 		.4byte	0x23d
 797 0366 02       		.uleb128 0x2
 798 0367 91       		.byte	0x91
 799 0368 74       		.sleb128 -12
 800 0369 15       		.uleb128 0x15
 801 036a A5030000 		.4byte	.LASF57
 802 036e 01       		.byte	0x1
 803 036f E4       		.byte	0xe4
 804 0370 48020000 		.4byte	0x248
 805 0374 05       		.uleb128 0x5
 806 0375 03       		.byte	0x3
 807 0376 08000000 		.4byte	uxTasksRunningNow.7448
 808 037a 00       		.byte	0
 809 037b 15       		.uleb128 0x15
 810 037c 6D000000 		.4byte	.LASF58
 811 0380 01       		.byte	0x1
 812 0381 6E       		.byte	0x6e
 813 0382 E8000000 		.4byte	0xe8
 814 0386 05       		.uleb128 0x5
 815 0387 03       		.byte	0x3
 816 0388 00000000 		.4byte	usCreationCount
 817 038c 15       		.uleb128 0x15
 818 038d 84010000 		.4byte	.LASF59
 819 0391 01       		.byte	0x1
 820 0392 73       		.byte	0x73
 821 0393 9D030000 		.4byte	0x39d
 822 0397 05       		.uleb128 0x5
 823 0398 03       		.byte	0x3
 824 0399 04000000 		.4byte	uxTasksRunningAtStart
 825 039d 06       		.uleb128 0x6
ARM GAS  C:\Users\THUNDE~1\AppData\Local\Temp\ccoCirtY.s 			page 20


 826 039e 48020000 		.4byte	0x248
 827 03a2 15       		.uleb128 0x15
 828 03a3 23010000 		.4byte	.LASF60
 829 03a7 01       		.byte	0x1
 830 03a8 7A       		.byte	0x7a
 831 03a9 B3030000 		.4byte	0x3b3
 832 03ad 05       		.uleb128 0x5
 833 03ae 03       		.byte	0x3
 834 03af 00000000 		.4byte	uxMaxNumberOfExtraTasksRunning
 835 03b3 16       		.uleb128 0x16
 836 03b4 48020000 		.4byte	0x248
 837 03b8 18       		.uleb128 0x18
 838 03b9 CA030000 		.4byte	.LASF61
 839 03bd 08       		.byte	0x8
 840 03be 9606     		.2byte	0x696
 841 03c0 C4030000 		.4byte	0x3c4
 842 03c4 06       		.uleb128 0x6
 843 03c5 C4000000 		.4byte	0xc4
 844 03c9 0B       		.uleb128 0xb
 845 03ca AE000000 		.4byte	0xae
 846 03ce D9030000 		.4byte	0x3d9
 847 03d2 0C       		.uleb128 0xc
 848 03d3 9E000000 		.4byte	0x9e
 849 03d7 0C       		.byte	0xc
 850 03d8 00       		.byte	0
 851 03d9 19       		.uleb128 0x19
 852 03da E0010000 		.4byte	.LASF62
 853 03de 04       		.byte	0x4
 854 03df 12       		.byte	0x12
 855 03e0 C9030000 		.4byte	0x3c9
 856 03e4 05       		.uleb128 0x5
 857 03e5 03       		.byte	0x3
 858 03e6 00000000 		.4byte	sniffIDFilter
 859 03ea 19       		.uleb128 0x19
 860 03eb 10030000 		.4byte	.LASF63
 861 03ef 05       		.byte	0x5
 862 03f0 10       		.byte	0x10
 863 03f1 F8010000 		.4byte	0x1f8
 864 03f5 05       		.uleb128 0x5
 865 03f6 03       		.byte	0x3
 866 03f7 00000000 		.4byte	buffer
 867 03fb 0B       		.uleb128 0xb
 868 03fc ED010000 		.4byte	0x1ed
 869 0400 0B040000 		.4byte	0x40b
 870 0404 0C       		.uleb128 0xc
 871 0405 9E000000 		.4byte	0x9e
 872 0409 05       		.byte	0x5
 873 040a 00       		.byte	0
 874 040b 19       		.uleb128 0x19
 875 040c 77030000 		.4byte	.LASF64
 876 0410 09       		.byte	0x9
 877 0411 0D       		.byte	0xd
 878 0412 FB030000 		.4byte	0x3fb
 879 0416 05       		.uleb128 0x5
 880 0417 03       		.byte	0x3
 881 0418 00000000 		.4byte	objectList
 882 041c 19       		.uleb128 0x19
ARM GAS  C:\Users\THUNDE~1\AppData\Local\Temp\ccoCirtY.s 			page 21


 883 041d 7D000000 		.4byte	.LASF65
 884 0421 01       		.byte	0x1
 885 0422 7E       		.byte	0x7e
 886 0423 5E020000 		.4byte	0x25e
 887 0427 05       		.uleb128 0x5
 888 0428 03       		.byte	0x3
 889 0429 00000000 		.4byte	xCreatedTask
 890 042d 00       		.byte	0
 891              		.section	.debug_abbrev,"",%progbits
 892              	.Ldebug_abbrev0:
 893 0000 01       		.uleb128 0x1
 894 0001 11       		.uleb128 0x11
 895 0002 01       		.byte	0x1
 896 0003 25       		.uleb128 0x25
 897 0004 0E       		.uleb128 0xe
 898 0005 13       		.uleb128 0x13
 899 0006 0B       		.uleb128 0xb
 900 0007 03       		.uleb128 0x3
 901 0008 0E       		.uleb128 0xe
 902 0009 1B       		.uleb128 0x1b
 903 000a 0E       		.uleb128 0xe
 904 000b 55       		.uleb128 0x55
 905 000c 17       		.uleb128 0x17
 906 000d 11       		.uleb128 0x11
 907 000e 01       		.uleb128 0x1
 908 000f 10       		.uleb128 0x10
 909 0010 17       		.uleb128 0x17
 910 0011 00       		.byte	0
 911 0012 00       		.byte	0
 912 0013 02       		.uleb128 0x2
 913 0014 24       		.uleb128 0x24
 914 0015 00       		.byte	0
 915 0016 0B       		.uleb128 0xb
 916 0017 0B       		.uleb128 0xb
 917 0018 3E       		.uleb128 0x3e
 918 0019 0B       		.uleb128 0xb
 919 001a 03       		.uleb128 0x3
 920 001b 0E       		.uleb128 0xe
 921 001c 00       		.byte	0
 922 001d 00       		.byte	0
 923 001e 03       		.uleb128 0x3
 924 001f 24       		.uleb128 0x24
 925 0020 00       		.byte	0
 926 0021 0B       		.uleb128 0xb
 927 0022 0B       		.uleb128 0xb
 928 0023 3E       		.uleb128 0x3e
 929 0024 0B       		.uleb128 0xb
 930 0025 03       		.uleb128 0x3
 931 0026 08       		.uleb128 0x8
 932 0027 00       		.byte	0
 933 0028 00       		.byte	0
 934 0029 04       		.uleb128 0x4
 935 002a 16       		.uleb128 0x16
 936 002b 00       		.byte	0
 937 002c 03       		.uleb128 0x3
 938 002d 0E       		.uleb128 0xe
 939 002e 3A       		.uleb128 0x3a
ARM GAS  C:\Users\THUNDE~1\AppData\Local\Temp\ccoCirtY.s 			page 22


 940 002f 0B       		.uleb128 0xb
 941 0030 3B       		.uleb128 0x3b
 942 0031 0B       		.uleb128 0xb
 943 0032 49       		.uleb128 0x49
 944 0033 13       		.uleb128 0x13
 945 0034 00       		.byte	0
 946 0035 00       		.byte	0
 947 0036 05       		.uleb128 0x5
 948 0037 0F       		.uleb128 0xf
 949 0038 00       		.byte	0
 950 0039 0B       		.uleb128 0xb
 951 003a 0B       		.uleb128 0xb
 952 003b 00       		.byte	0
 953 003c 00       		.byte	0
 954 003d 06       		.uleb128 0x6
 955 003e 35       		.uleb128 0x35
 956 003f 00       		.byte	0
 957 0040 49       		.uleb128 0x49
 958 0041 13       		.uleb128 0x13
 959 0042 00       		.byte	0
 960 0043 00       		.byte	0
 961 0044 07       		.uleb128 0x7
 962 0045 04       		.uleb128 0x4
 963 0046 01       		.byte	0x1
 964 0047 0B       		.uleb128 0xb
 965 0048 0B       		.uleb128 0xb
 966 0049 49       		.uleb128 0x49
 967 004a 13       		.uleb128 0x13
 968 004b 3A       		.uleb128 0x3a
 969 004c 0B       		.uleb128 0xb
 970 004d 3B       		.uleb128 0x3b
 971 004e 0B       		.uleb128 0xb
 972 004f 01       		.uleb128 0x1
 973 0050 13       		.uleb128 0x13
 974 0051 00       		.byte	0
 975 0052 00       		.byte	0
 976 0053 08       		.uleb128 0x8
 977 0054 28       		.uleb128 0x28
 978 0055 00       		.byte	0
 979 0056 03       		.uleb128 0x3
 980 0057 0E       		.uleb128 0xe
 981 0058 1C       		.uleb128 0x1c
 982 0059 0B       		.uleb128 0xb
 983 005a 00       		.byte	0
 984 005b 00       		.byte	0
 985 005c 09       		.uleb128 0x9
 986 005d 13       		.uleb128 0x13
 987 005e 01       		.byte	0x1
 988 005f 0B       		.uleb128 0xb
 989 0060 0B       		.uleb128 0xb
 990 0061 3A       		.uleb128 0x3a
 991 0062 0B       		.uleb128 0xb
 992 0063 3B       		.uleb128 0x3b
 993 0064 0B       		.uleb128 0xb
 994 0065 01       		.uleb128 0x1
 995 0066 13       		.uleb128 0x13
 996 0067 00       		.byte	0
ARM GAS  C:\Users\THUNDE~1\AppData\Local\Temp\ccoCirtY.s 			page 23


 997 0068 00       		.byte	0
 998 0069 0A       		.uleb128 0xa
 999 006a 0D       		.uleb128 0xd
 1000 006b 00       		.byte	0
 1001 006c 03       		.uleb128 0x3
 1002 006d 0E       		.uleb128 0xe
 1003 006e 3A       		.uleb128 0x3a
 1004 006f 0B       		.uleb128 0xb
 1005 0070 3B       		.uleb128 0x3b
 1006 0071 0B       		.uleb128 0xb
 1007 0072 49       		.uleb128 0x49
 1008 0073 13       		.uleb128 0x13
 1009 0074 38       		.uleb128 0x38
 1010 0075 0B       		.uleb128 0xb
 1011 0076 00       		.byte	0
 1012 0077 00       		.byte	0
 1013 0078 0B       		.uleb128 0xb
 1014 0079 01       		.uleb128 0x1
 1015 007a 01       		.byte	0x1
 1016 007b 49       		.uleb128 0x49
 1017 007c 13       		.uleb128 0x13
 1018 007d 01       		.uleb128 0x1
 1019 007e 13       		.uleb128 0x13
 1020 007f 00       		.byte	0
 1021 0080 00       		.byte	0
 1022 0081 0C       		.uleb128 0xc
 1023 0082 21       		.uleb128 0x21
 1024 0083 00       		.byte	0
 1025 0084 49       		.uleb128 0x49
 1026 0085 13       		.uleb128 0x13
 1027 0086 2F       		.uleb128 0x2f
 1028 0087 0B       		.uleb128 0xb
 1029 0088 00       		.byte	0
 1030 0089 00       		.byte	0
 1031 008a 0D       		.uleb128 0xd
 1032 008b 13       		.uleb128 0x13
 1033 008c 01       		.byte	0x1
 1034 008d 0B       		.uleb128 0xb
 1035 008e 05       		.uleb128 0x5
 1036 008f 3A       		.uleb128 0x3a
 1037 0090 0B       		.uleb128 0xb
 1038 0091 3B       		.uleb128 0x3b
 1039 0092 0B       		.uleb128 0xb
 1040 0093 01       		.uleb128 0x1
 1041 0094 13       		.uleb128 0x13
 1042 0095 00       		.byte	0
 1043 0096 00       		.byte	0
 1044 0097 0E       		.uleb128 0xe
 1045 0098 13       		.uleb128 0x13
 1046 0099 01       		.byte	0x1
 1047 009a 03       		.uleb128 0x3
 1048 009b 0E       		.uleb128 0xe
 1049 009c 0B       		.uleb128 0xb
 1050 009d 05       		.uleb128 0x5
 1051 009e 3A       		.uleb128 0x3a
 1052 009f 0B       		.uleb128 0xb
 1053 00a0 3B       		.uleb128 0x3b
ARM GAS  C:\Users\THUNDE~1\AppData\Local\Temp\ccoCirtY.s 			page 24


 1054 00a1 0B       		.uleb128 0xb
 1055 00a2 01       		.uleb128 0x1
 1056 00a3 13       		.uleb128 0x13
 1057 00a4 00       		.byte	0
 1058 00a5 00       		.byte	0
 1059 00a6 0F       		.uleb128 0xf
 1060 00a7 0D       		.uleb128 0xd
 1061 00a8 00       		.byte	0
 1062 00a9 03       		.uleb128 0x3
 1063 00aa 0E       		.uleb128 0xe
 1064 00ab 3A       		.uleb128 0x3a
 1065 00ac 0B       		.uleb128 0xb
 1066 00ad 3B       		.uleb128 0x3b
 1067 00ae 0B       		.uleb128 0xb
 1068 00af 49       		.uleb128 0x49
 1069 00b0 13       		.uleb128 0x13
 1070 00b1 38       		.uleb128 0x38
 1071 00b2 05       		.uleb128 0x5
 1072 00b3 00       		.byte	0
 1073 00b4 00       		.byte	0
 1074 00b5 10       		.uleb128 0x10
 1075 00b6 21       		.uleb128 0x21
 1076 00b7 00       		.byte	0
 1077 00b8 49       		.uleb128 0x49
 1078 00b9 13       		.uleb128 0x13
 1079 00ba 2F       		.uleb128 0x2f
 1080 00bb 05       		.uleb128 0x5
 1081 00bc 00       		.byte	0
 1082 00bd 00       		.byte	0
 1083 00be 11       		.uleb128 0x11
 1084 00bf 2E       		.uleb128 0x2e
 1085 00c0 01       		.byte	0x1
 1086 00c1 3F       		.uleb128 0x3f
 1087 00c2 19       		.uleb128 0x19
 1088 00c3 03       		.uleb128 0x3
 1089 00c4 0E       		.uleb128 0xe
 1090 00c5 3A       		.uleb128 0x3a
 1091 00c6 0B       		.uleb128 0xb
 1092 00c7 3B       		.uleb128 0x3b
 1093 00c8 0B       		.uleb128 0xb
 1094 00c9 27       		.uleb128 0x27
 1095 00ca 19       		.uleb128 0x19
 1096 00cb 11       		.uleb128 0x11
 1097 00cc 01       		.uleb128 0x1
 1098 00cd 12       		.uleb128 0x12
 1099 00ce 06       		.uleb128 0x6
 1100 00cf 40       		.uleb128 0x40
 1101 00d0 18       		.uleb128 0x18
 1102 00d1 9642     		.uleb128 0x2116
 1103 00d3 19       		.uleb128 0x19
 1104 00d4 01       		.uleb128 0x1
 1105 00d5 13       		.uleb128 0x13
 1106 00d6 00       		.byte	0
 1107 00d7 00       		.byte	0
 1108 00d8 12       		.uleb128 0x12
 1109 00d9 05       		.uleb128 0x5
 1110 00da 00       		.byte	0
ARM GAS  C:\Users\THUNDE~1\AppData\Local\Temp\ccoCirtY.s 			page 25


 1111 00db 03       		.uleb128 0x3
 1112 00dc 0E       		.uleb128 0xe
 1113 00dd 3A       		.uleb128 0x3a
 1114 00de 0B       		.uleb128 0xb
 1115 00df 3B       		.uleb128 0x3b
 1116 00e0 0B       		.uleb128 0xb
 1117 00e1 49       		.uleb128 0x49
 1118 00e2 13       		.uleb128 0x13
 1119 00e3 02       		.uleb128 0x2
 1120 00e4 18       		.uleb128 0x18
 1121 00e5 00       		.byte	0
 1122 00e6 00       		.byte	0
 1123 00e7 13       		.uleb128 0x13
 1124 00e8 2E       		.uleb128 0x2e
 1125 00e9 01       		.byte	0x1
 1126 00ea 03       		.uleb128 0x3
 1127 00eb 0E       		.uleb128 0xe
 1128 00ec 3A       		.uleb128 0x3a
 1129 00ed 0B       		.uleb128 0xb
 1130 00ee 3B       		.uleb128 0x3b
 1131 00ef 0B       		.uleb128 0xb
 1132 00f0 27       		.uleb128 0x27
 1133 00f1 19       		.uleb128 0x19
 1134 00f2 11       		.uleb128 0x11
 1135 00f3 01       		.uleb128 0x1
 1136 00f4 12       		.uleb128 0x12
 1137 00f5 06       		.uleb128 0x6
 1138 00f6 40       		.uleb128 0x40
 1139 00f7 18       		.uleb128 0x18
 1140 00f8 9642     		.uleb128 0x2116
 1141 00fa 19       		.uleb128 0x19
 1142 00fb 01       		.uleb128 0x1
 1143 00fc 13       		.uleb128 0x13
 1144 00fd 00       		.byte	0
 1145 00fe 00       		.byte	0
 1146 00ff 14       		.uleb128 0x14
 1147 0100 34       		.uleb128 0x34
 1148 0101 00       		.byte	0
 1149 0102 03       		.uleb128 0x3
 1150 0103 08       		.uleb128 0x8
 1151 0104 3A       		.uleb128 0x3a
 1152 0105 0B       		.uleb128 0xb
 1153 0106 3B       		.uleb128 0x3b
 1154 0107 0B       		.uleb128 0xb
 1155 0108 49       		.uleb128 0x49
 1156 0109 13       		.uleb128 0x13
 1157 010a 02       		.uleb128 0x2
 1158 010b 18       		.uleb128 0x18
 1159 010c 00       		.byte	0
 1160 010d 00       		.byte	0
 1161 010e 15       		.uleb128 0x15
 1162 010f 34       		.uleb128 0x34
 1163 0110 00       		.byte	0
 1164 0111 03       		.uleb128 0x3
 1165 0112 0E       		.uleb128 0xe
 1166 0113 3A       		.uleb128 0x3a
 1167 0114 0B       		.uleb128 0xb
ARM GAS  C:\Users\THUNDE~1\AppData\Local\Temp\ccoCirtY.s 			page 26


 1168 0115 3B       		.uleb128 0x3b
 1169 0116 0B       		.uleb128 0xb
 1170 0117 49       		.uleb128 0x49
 1171 0118 13       		.uleb128 0x13
 1172 0119 02       		.uleb128 0x2
 1173 011a 18       		.uleb128 0x18
 1174 011b 00       		.byte	0
 1175 011c 00       		.byte	0
 1176 011d 16       		.uleb128 0x16
 1177 011e 26       		.uleb128 0x26
 1178 011f 00       		.byte	0
 1179 0120 49       		.uleb128 0x49
 1180 0121 13       		.uleb128 0x13
 1181 0122 00       		.byte	0
 1182 0123 00       		.byte	0
 1183 0124 17       		.uleb128 0x17
 1184 0125 2E       		.uleb128 0x2e
 1185 0126 01       		.byte	0x1
 1186 0127 3F       		.uleb128 0x3f
 1187 0128 19       		.uleb128 0x19
 1188 0129 03       		.uleb128 0x3
 1189 012a 0E       		.uleb128 0xe
 1190 012b 3A       		.uleb128 0x3a
 1191 012c 0B       		.uleb128 0xb
 1192 012d 3B       		.uleb128 0x3b
 1193 012e 0B       		.uleb128 0xb
 1194 012f 27       		.uleb128 0x27
 1195 0130 19       		.uleb128 0x19
 1196 0131 49       		.uleb128 0x49
 1197 0132 13       		.uleb128 0x13
 1198 0133 11       		.uleb128 0x11
 1199 0134 01       		.uleb128 0x1
 1200 0135 12       		.uleb128 0x12
 1201 0136 06       		.uleb128 0x6
 1202 0137 40       		.uleb128 0x40
 1203 0138 18       		.uleb128 0x18
 1204 0139 9642     		.uleb128 0x2116
 1205 013b 19       		.uleb128 0x19
 1206 013c 01       		.uleb128 0x1
 1207 013d 13       		.uleb128 0x13
 1208 013e 00       		.byte	0
 1209 013f 00       		.byte	0
 1210 0140 18       		.uleb128 0x18
 1211 0141 34       		.uleb128 0x34
 1212 0142 00       		.byte	0
 1213 0143 03       		.uleb128 0x3
 1214 0144 0E       		.uleb128 0xe
 1215 0145 3A       		.uleb128 0x3a
 1216 0146 0B       		.uleb128 0xb
 1217 0147 3B       		.uleb128 0x3b
 1218 0148 05       		.uleb128 0x5
 1219 0149 49       		.uleb128 0x49
 1220 014a 13       		.uleb128 0x13
 1221 014b 3F       		.uleb128 0x3f
 1222 014c 19       		.uleb128 0x19
 1223 014d 3C       		.uleb128 0x3c
 1224 014e 19       		.uleb128 0x19
ARM GAS  C:\Users\THUNDE~1\AppData\Local\Temp\ccoCirtY.s 			page 27


 1225 014f 00       		.byte	0
 1226 0150 00       		.byte	0
 1227 0151 19       		.uleb128 0x19
 1228 0152 34       		.uleb128 0x34
 1229 0153 00       		.byte	0
 1230 0154 03       		.uleb128 0x3
 1231 0155 0E       		.uleb128 0xe
 1232 0156 3A       		.uleb128 0x3a
 1233 0157 0B       		.uleb128 0xb
 1234 0158 3B       		.uleb128 0x3b
 1235 0159 0B       		.uleb128 0xb
 1236 015a 49       		.uleb128 0x49
 1237 015b 13       		.uleb128 0x13
 1238 015c 3F       		.uleb128 0x3f
 1239 015d 19       		.uleb128 0x19
 1240 015e 02       		.uleb128 0x2
 1241 015f 18       		.uleb128 0x18
 1242 0160 00       		.byte	0
 1243 0161 00       		.byte	0
 1244 0162 00       		.byte	0
 1245              		.section	.debug_aranges,"",%progbits
 1246 0000 34000000 		.4byte	0x34
 1247 0004 0200     		.2byte	0x2
 1248 0006 00000000 		.4byte	.Ldebug_info0
 1249 000a 04       		.byte	0x4
 1250 000b 00       		.byte	0
 1251 000c 0000     		.2byte	0
 1252 000e 0000     		.2byte	0
 1253 0010 00000000 		.4byte	.LFB68
 1254 0014 44000000 		.4byte	.LFE68-.LFB68
 1255 0018 00000000 		.4byte	.LFB69
 1256 001c 50000000 		.4byte	.LFE69-.LFB69
 1257 0020 00000000 		.4byte	.LFB70
 1258 0024 70000000 		.4byte	.LFE70-.LFB70
 1259 0028 00000000 		.4byte	.LFB71
 1260 002c 74000000 		.4byte	.LFE71-.LFB71
 1261 0030 00000000 		.4byte	0
 1262 0034 00000000 		.4byte	0
 1263              		.section	.debug_ranges,"",%progbits
 1264              	.Ldebug_ranges0:
 1265 0000 00000000 		.4byte	.LFB68
 1266 0004 44000000 		.4byte	.LFE68
 1267 0008 00000000 		.4byte	.LFB69
 1268 000c 50000000 		.4byte	.LFE69
 1269 0010 00000000 		.4byte	.LFB70
 1270 0014 70000000 		.4byte	.LFE70
 1271 0018 00000000 		.4byte	.LFB71
 1272 001c 74000000 		.4byte	.LFE71
 1273 0020 00000000 		.4byte	0
 1274 0024 00000000 		.4byte	0
 1275              		.section	.debug_line,"",%progbits
 1276              	.Ldebug_line0:
 1277 0000 58020000 		.section	.debug_str,"MS",%progbits,1
 1277      0200D401 
 1277      00000201 
 1277      FB0E0D00 
 1277      01010101 
ARM GAS  C:\Users\THUNDE~1\AppData\Local\Temp\ccoCirtY.s 			page 28


 1278              	.LASF31:
 1279 0000 696E666F 		.ascii	"informationID\000"
 1279      726D6174 
 1279      696F6E49 
 1279      4400
 1280              	.LASF49:
 1281 000e 75785072 		.ascii	"uxPriority\000"
 1281      696F7269 
 1281      747900
 1282              	.LASF44:
 1283 0019 77726974 		.ascii	"write\000"
 1283      6500
 1284              	.LASF39:
 1285 001f 6F626A65 		.ascii	"objectHeader\000"
 1285      63744865 
 1285      61646572 
 1285      00
 1286              	.LASF35:
 1287 002c 6F626A65 		.ascii	"objectNumber\000"
 1287      63744E75 
 1287      6D626572 
 1287      00
 1288              	.LASF5:
 1289 0039 73686F72 		.ascii	"short int\000"
 1289      7420696E 
 1289      7400
 1290              	.LASF14:
 1291 0043 73697A65 		.ascii	"sizetype\000"
 1291      74797065 
 1291      00
 1292              	.LASF53:
 1293 004c 76537569 		.ascii	"vSuicidalTask\000"
 1293      63696461 
 1293      6C546173 
 1293      6B00
 1294              	.LASF23:
 1295 005a 4D555445 		.ascii	"MUTEX\000"
 1295      5800
 1296              	.LASF48:
 1297 0060 5461736B 		.ascii	"TaskHandle_t\000"
 1297      48616E64 
 1297      6C655F74 
 1297      00
 1298              	.LASF58:
 1299 006d 75734372 		.ascii	"usCreationCount\000"
 1299      65617469 
 1299      6F6E436F 
 1299      756E7400 
 1300              	.LASF65:
 1301 007d 78437265 		.ascii	"xCreatedTask\000"
 1301      61746564 
 1301      5461736B 
 1301      00
 1302              	.LASF66:
 1303 008a 474E5520 		.ascii	"GNU C11 5.4.1 20160609 (release) [ARM/embedded-5-br"
 1303      43313120 
 1303      352E342E 
ARM GAS  C:\Users\THUNDE~1\AppData\Local\Temp\ccoCirtY.s 			page 29


 1303      31203230 
 1303      31363036 
 1304 00bd 616E6368 		.ascii	"anch revision 237715] -mcpu=cortex-m3 -mthumb -g -O"
 1304      20726576 
 1304      6973696F 
 1304      6E203233 
 1304      37373135 
 1305 00f0 30202D66 		.ascii	"0 -ffunction-sections -ffat-lto-objects\000"
 1305      66756E63 
 1305      74696F6E 
 1305      2D736563 
 1305      74696F6E 
 1306              	.LASF11:
 1307 0118 5F5F7569 		.ascii	"__uint32_t\000"
 1307      6E743332 
 1307      5F7400
 1308              	.LASF60:
 1309 0123 75784D61 		.ascii	"uxMaxNumberOfExtraTasksRunning\000"
 1309      784E756D 
 1309      6265724F 
 1309      66457874 
 1309      72615461 
 1310              	.LASF7:
 1311 0142 5F5F7569 		.ascii	"__uint16_t\000"
 1311      6E743136 
 1311      5F7400
 1312              	.LASF16:
 1313 014d 75696E74 		.ascii	"uint8_t\000"
 1313      385F7400 
 1314              	.LASF40:
 1315 0155 6F626A65 		.ascii	"objectArray\000"
 1315      63744172 
 1315      72617900 
 1316              	.LASF36:
 1317 0161 6C656E4F 		.ascii	"lenObjectName\000"
 1317      626A6563 
 1317      744E616D 
 1317      6500
 1318              	.LASF70:
 1319 016f 76437265 		.ascii	"vCreateSuicidalTasks\000"
 1319      61746553 
 1319      75696369 
 1319      64616C54 
 1319      61736B73 
 1320              	.LASF59:
 1321 0184 75785461 		.ascii	"uxTasksRunningAtStart\000"
 1321      736B7352 
 1321      756E6E69 
 1321      6E674174 
 1321      53746172 
 1322              	.LASF29:
 1323 019a 4F626A65 		.ascii	"ObjectType\000"
 1323      63745479 
 1323      706500
 1324              	.LASF33:
 1325 01a5 6C656E67 		.ascii	"length\000"
 1325      746800
ARM GAS  C:\Users\THUNDE~1\AppData\Local\Temp\ccoCirtY.s 			page 30


 1326              	.LASF20:
 1327 01ac 666C6F61 		.ascii	"float\000"
 1327      7400
 1328              	.LASF38:
 1329 01b2 4F626A65 		.ascii	"Object\000"
 1329      637400
 1330              	.LASF43:
 1331 01b9 72656164 		.ascii	"read\000"
 1331      00
 1332              	.LASF1:
 1333 01be 6C6F6E67 		.ascii	"long long int\000"
 1333      206C6F6E 
 1333      6720696E 
 1333      7400
 1334              	.LASF47:
 1335 01cc 5469636B 		.ascii	"TickType_t\000"
 1335      54797065 
 1335      5F7400
 1336              	.LASF10:
 1337 01d7 6C6F6E67 		.ascii	"long int\000"
 1337      20696E74 
 1337      00
 1338              	.LASF62:
 1339 01e0 736E6966 		.ascii	"sniffIDFilter\000"
 1339      66494446 
 1339      696C7465 
 1339      7200
 1340              	.LASF52:
 1341 01ee 7844656C 		.ascii	"xDelay\000"
 1341      617900
 1342              	.LASF6:
 1343 01f5 5F5F7569 		.ascii	"__uint8_t\000"
 1343      6E74385F 
 1343      7400
 1344              	.LASF22:
 1345 01ff 51554555 		.ascii	"QUEUE\000"
 1345      4500
 1346              	.LASF24:
 1347 0205 434F554E 		.ascii	"COUNTING_SEMAPHORE\000"
 1347      54494E47 
 1347      5F53454D 
 1347      4150484F 
 1347      524500
 1348              	.LASF37:
 1349 0218 6F626A65 		.ascii	"objectName\000"
 1349      63744E61 
 1349      6D6500
 1350              	.LASF2:
 1351 0223 6C6F6E67 		.ascii	"long double\000"
 1351      20646F75 
 1351      626C6500 
 1352              	.LASF4:
 1353 022f 756E7369 		.ascii	"unsigned char\000"
 1353      676E6564 
 1353      20636861 
 1353      7200
 1354              	.LASF26:
ARM GAS  C:\Users\THUNDE~1\AppData\Local\Temp\ccoCirtY.s 			page 31


 1355 023d 52454355 		.ascii	"RECURSIVE_MUTEX\000"
 1355      52534956 
 1355      455F4D55 
 1355      54455800 
 1356              	.LASF3:
 1357 024d 7369676E 		.ascii	"signed char\000"
 1357      65642063 
 1357      68617200 
 1358              	.LASF13:
 1359 0259 6C6F6E67 		.ascii	"long long unsigned int\000"
 1359      206C6F6E 
 1359      6720756E 
 1359      7369676E 
 1359      65642069 
 1360              	.LASF19:
 1361 0270 75696E74 		.ascii	"uint32_t\000"
 1361      33325F74 
 1361      00
 1362              	.LASF0:
 1363 0279 756E7369 		.ascii	"unsigned int\000"
 1363      676E6564 
 1363      20696E74 
 1363      00
 1364              	.LASF34:
 1365 0286 4F626A65 		.ascii	"ObjectListHeader\000"
 1365      63744C69 
 1365      73744865 
 1365      61646572 
 1365      00
 1366              	.LASF45:
 1367 0297 42617365 		.ascii	"BaseType_t\000"
 1367      54797065 
 1367      5F7400
 1368              	.LASF50:
 1369 02a2 70765061 		.ascii	"pvParameters\000"
 1369      72616D65 
 1369      74657273 
 1369      00
 1370              	.LASF71:
 1371 02af 78497343 		.ascii	"xIsCreateTaskStillRunning\000"
 1371      72656174 
 1371      65546173 
 1371      6B537469 
 1371      6C6C5275 
 1372              	.LASF8:
 1373 02c9 73686F72 		.ascii	"short unsigned int\000"
 1373      7420756E 
 1373      7369676E 
 1373      65642069 
 1373      6E7400
 1374              	.LASF15:
 1375 02dc 63686172 		.ascii	"char\000"
 1375      00
 1376              	.LASF54:
 1377 02e1 76437265 		.ascii	"vCreateTasks\000"
 1377      61746554 
 1377      61736B73 
ARM GAS  C:\Users\THUNDE~1\AppData\Local\Temp\ccoCirtY.s 			page 32


 1377      00
 1378              	.LASF30:
 1379 02ee 7061636B 		.ascii	"packetID\000"
 1379      65744944 
 1379      00
 1380              	.LASF18:
 1381 02f7 696E7433 		.ascii	"int32_t\000"
 1381      325F7400 
 1382              	.LASF46:
 1383 02ff 55426173 		.ascii	"UBaseType_t\000"
 1383      65547970 
 1383      655F7400 
 1384              	.LASF42:
 1385 030b 64617461 		.ascii	"data\000"
 1385      00
 1386              	.LASF63:
 1387 0310 62756666 		.ascii	"buffer\000"
 1387      657200
 1388              	.LASF55:
 1389 0317 75734C61 		.ascii	"usLastCreationCount\000"
 1389      73744372 
 1389      65617469 
 1389      6F6E436F 
 1389      756E7400 
 1390              	.LASF28:
 1391 032b 4E554D42 		.ascii	"NUMBER_OF_OBJECTTYPES\000"
 1391      45525F4F 
 1391      465F4F42 
 1391      4A454354 
 1391      54595045 
 1392              	.LASF12:
 1393 0341 6C6F6E67 		.ascii	"long unsigned int\000"
 1393      20756E73 
 1393      69676E65 
 1393      6420696E 
 1393      7400
 1394              	.LASF51:
 1395 0353 78546173 		.ascii	"xTaskToKill\000"
 1395      6B546F4B 
 1395      696C6C00 
 1396              	.LASF21:
 1397 035f 646F7562 		.ascii	"double\000"
 1397      6C6500
 1398              	.LASF25:
 1399 0366 42494E41 		.ascii	"BINARY_SEMAPHORE\000"
 1399      52595F53 
 1399      454D4150 
 1399      484F5245 
 1399      00
 1400              	.LASF64:
 1401 0377 6F626A65 		.ascii	"objectList\000"
 1401      63744C69 
 1401      737400
 1402              	.LASF17:
 1403 0382 75696E74 		.ascii	"uint16_t\000"
 1403      31365F74 
 1403      00
ARM GAS  C:\Users\THUNDE~1\AppData\Local\Temp\ccoCirtY.s 			page 33


 1404              	.LASF27:
 1405 038b 5441534B 		.ascii	"TASK\000"
 1405      00
 1406              	.LASF9:
 1407 0390 5F5F696E 		.ascii	"__int32_t\000"
 1407      7433325F 
 1407      7400
 1408              	.LASF32:
 1409 039a 6F626A65 		.ascii	"objectType\000"
 1409      63745479 
 1409      706500
 1410              	.LASF57:
 1411 03a5 75785461 		.ascii	"uxTasksRunningNow\000"
 1411      736B7352 
 1411      756E6E69 
 1411      6E674E6F 
 1411      7700
 1412              	.LASF56:
 1413 03b7 78526574 		.ascii	"xReturn\000"
 1413      75726E00 
 1414              	.LASF41:
 1415 03bf 4F626A65 		.ascii	"ObjectList\000"
 1415      63744C69 
 1415      737400
 1416              	.LASF61:
 1417 03ca 49544D5F 		.ascii	"ITM_RxBuffer\000"
 1417      52784275 
 1417      66666572 
 1417      00
 1418              	.LASF69:
 1419 03d7 42756666 		.ascii	"Buffer\000"
 1419      657200
 1420              	.LASF67:
 1421 03de 2E2E5C43 		.ascii	"..\\Common\\Minimal\\death.c\000"
 1421      6F6D6D6F 
 1421      6E5C4D69 
 1421      6E696D61 
 1421      6C5C6465 
 1422              	.LASF68:
 1423 03f8 463A5C50 		.ascii	"F:\\Programme_Scripts\\PSOC Creator\\FreeRTOS\\Free"
 1423      726F6772 
 1423      616D6D65 
 1423      5F536372 
 1423      69707473 
 1424 0427 52544F53 		.ascii	"RTOS_CY8CKIT_059-master\\FreeRTOS_Demo.cydsn\000"
 1424      5F435938 
 1424      434B4954 
 1424      5F303539 
 1424      2D6D6173 
 1425              		.ident	"GCC: (GNU Tools for ARM Embedded Processors) 5.4.1 20160609 (release) [ARM/embedded-5-bran
