ARM GAS  C:\Users\THUNDE~1\AppData\Local\Temp\ccty4UGg.s 			page 1


   1              		.syntax unified
   2              		.cpu cortex-m3
   3              		.fpu softvfp
   4              		.eabi_attribute 20, 1
   5              		.eabi_attribute 21, 1
   6              		.eabi_attribute 23, 3
   7              		.eabi_attribute 24, 1
   8              		.eabi_attribute 25, 1
   9              		.eabi_attribute 26, 1
  10              		.eabi_attribute 30, 6
  11              		.eabi_attribute 34, 1
  12              		.eabi_attribute 18, 4
  13              		.thumb
  14              		.syntax unified
  15              		.file	"flash.c"
  16              		.text
  17              	.Ltext0:
  18              		.cfi_sections	.debug_frame
  19              		.comm	sniffIDFilter,13,4
  20              		.comm	buffer,4098,4
  21              		.comm	objectList,1704,4
  22              		.bss
  23              		.align	2
  24              	uxFlashTaskNumber:
  25 0000 00000000 		.space	4
  26              		.section	.rodata
  27              		.align	2
  28              	.LC0:
  29 0000 4C454478 		.ascii	"LEDx\000"
  29      00
  30              		.section	.text.vStartLEDFlashTasks,"ax",%progbits
  31              		.align	2
  32              		.global	vStartLEDFlashTasks
  33              		.thumb
  34              		.thumb_func
  35              		.type	vStartLEDFlashTasks, %function
  36              	vStartLEDFlashTasks:
  37              	.LFB68:
  38              		.file 1 "..\\Common\\Minimal\\flash.c"
   1:..\Common\Minimal/flash.c **** /*
   2:..\Common\Minimal/flash.c ****     FreeRTOS V9.0.0 - Copyright (C) 2016 Real Time Engineers Ltd.
   3:..\Common\Minimal/flash.c ****     All rights reserved
   4:..\Common\Minimal/flash.c **** 
   5:..\Common\Minimal/flash.c ****     VISIT http://www.FreeRTOS.org TO ENSURE YOU ARE USING THE LATEST VERSION.
   6:..\Common\Minimal/flash.c **** 
   7:..\Common\Minimal/flash.c ****     This file is part of the FreeRTOS distribution.
   8:..\Common\Minimal/flash.c **** 
   9:..\Common\Minimal/flash.c ****     FreeRTOS is free software; you can redistribute it and/or modify it under
  10:..\Common\Minimal/flash.c ****     the terms of the GNU General Public License (version 2) as published by the
  11:..\Common\Minimal/flash.c ****     Free Software Foundation >>>> AND MODIFIED BY <<<< the FreeRTOS exception.
  12:..\Common\Minimal/flash.c **** 
  13:..\Common\Minimal/flash.c ****     ***************************************************************************
  14:..\Common\Minimal/flash.c ****     >>!   NOTE: The modification to the GPL is included to allow you to     !<<
  15:..\Common\Minimal/flash.c ****     >>!   distribute a combined work that includes FreeRTOS without being   !<<
  16:..\Common\Minimal/flash.c ****     >>!   obliged to provide the source code for proprietary components     !<<
  17:..\Common\Minimal/flash.c ****     >>!   outside of the FreeRTOS kernel.                                   !<<
  18:..\Common\Minimal/flash.c ****     ***************************************************************************
ARM GAS  C:\Users\THUNDE~1\AppData\Local\Temp\ccty4UGg.s 			page 2


  19:..\Common\Minimal/flash.c **** 
  20:..\Common\Minimal/flash.c ****     FreeRTOS is distributed in the hope that it will be useful, but WITHOUT ANY
  21:..\Common\Minimal/flash.c ****     WARRANTY; without even the implied warranty of MERCHANTABILITY or FITNESS
  22:..\Common\Minimal/flash.c ****     FOR A PARTICULAR PURPOSE.  Full license text is available on the following
  23:..\Common\Minimal/flash.c ****     link: http://www.freertos.org/a00114.html
  24:..\Common\Minimal/flash.c **** 
  25:..\Common\Minimal/flash.c ****     ***************************************************************************
  26:..\Common\Minimal/flash.c ****      *                                                                       *
  27:..\Common\Minimal/flash.c ****      *    FreeRTOS provides completely free yet professionally developed,    *
  28:..\Common\Minimal/flash.c ****      *    robust, strictly quality controlled, supported, and cross          *
  29:..\Common\Minimal/flash.c ****      *    platform software that is more than just the market leader, it     *
  30:..\Common\Minimal/flash.c ****      *    is the industry's de facto standard.                               *
  31:..\Common\Minimal/flash.c ****      *                                                                       *
  32:..\Common\Minimal/flash.c ****      *    Help yourself get started quickly while simultaneously helping     *
  33:..\Common\Minimal/flash.c ****      *    to support the FreeRTOS project by purchasing a FreeRTOS           *
  34:..\Common\Minimal/flash.c ****      *    tutorial book, reference manual, or both:                          *
  35:..\Common\Minimal/flash.c ****      *    http://www.FreeRTOS.org/Documentation                              *
  36:..\Common\Minimal/flash.c ****      *                                                                       *
  37:..\Common\Minimal/flash.c ****     ***************************************************************************
  38:..\Common\Minimal/flash.c **** 
  39:..\Common\Minimal/flash.c ****     http://www.FreeRTOS.org/FAQHelp.html - Having a problem?  Start by reading
  40:..\Common\Minimal/flash.c ****     the FAQ page "My application does not run, what could be wrong?".  Have you
  41:..\Common\Minimal/flash.c ****     defined configASSERT()?
  42:..\Common\Minimal/flash.c **** 
  43:..\Common\Minimal/flash.c ****     http://www.FreeRTOS.org/support - In return for receiving this top quality
  44:..\Common\Minimal/flash.c ****     embedded software for free we request you assist our global community by
  45:..\Common\Minimal/flash.c ****     participating in the support forum.
  46:..\Common\Minimal/flash.c **** 
  47:..\Common\Minimal/flash.c ****     http://www.FreeRTOS.org/training - Investing in training allows your team to
  48:..\Common\Minimal/flash.c ****     be as productive as possible as early as possible.  Now you can receive
  49:..\Common\Minimal/flash.c ****     FreeRTOS training directly from Richard Barry, CEO of Real Time Engineers
  50:..\Common\Minimal/flash.c ****     Ltd, and the world's leading authority on the world's leading RTOS.
  51:..\Common\Minimal/flash.c **** 
  52:..\Common\Minimal/flash.c ****     http://www.FreeRTOS.org/plus - A selection of FreeRTOS ecosystem products,
  53:..\Common\Minimal/flash.c ****     including FreeRTOS+Trace - an indispensable productivity tool, a DOS
  54:..\Common\Minimal/flash.c ****     compatible FAT file system, and our tiny thread aware UDP/IP stack.
  55:..\Common\Minimal/flash.c **** 
  56:..\Common\Minimal/flash.c ****     http://www.FreeRTOS.org/labs - Where new FreeRTOS products go to incubate.
  57:..\Common\Minimal/flash.c ****     Come and try FreeRTOS+TCP, our new open source TCP/IP stack for FreeRTOS.
  58:..\Common\Minimal/flash.c **** 
  59:..\Common\Minimal/flash.c ****     http://www.OpenRTOS.com - Real Time Engineers ltd. license FreeRTOS to High
  60:..\Common\Minimal/flash.c ****     Integrity Systems ltd. to sell under the OpenRTOS brand.  Low cost OpenRTOS
  61:..\Common\Minimal/flash.c ****     licenses offer ticketed support, indemnification and commercial middleware.
  62:..\Common\Minimal/flash.c **** 
  63:..\Common\Minimal/flash.c ****     http://www.SafeRTOS.com - High Integrity Systems also provide a safety
  64:..\Common\Minimal/flash.c ****     engineered and independently SIL3 certified version for use in safety and
  65:..\Common\Minimal/flash.c ****     mission critical applications that require provable dependability.
  66:..\Common\Minimal/flash.c **** 
  67:..\Common\Minimal/flash.c ****     1 tab == 4 spaces!
  68:..\Common\Minimal/flash.c **** */
  69:..\Common\Minimal/flash.c **** 
  70:..\Common\Minimal/flash.c **** /**
  71:..\Common\Minimal/flash.c ****  * This version of flash .c is for use on systems that have limited stack space
  72:..\Common\Minimal/flash.c ****  * and no display facilities.  The complete version can be found in the 
  73:..\Common\Minimal/flash.c ****  * Demo/Common/Full directory.
  74:..\Common\Minimal/flash.c ****  * 
  75:..\Common\Minimal/flash.c ****  * Three tasks are created, each of which flash an LED at a different rate.  The first 
ARM GAS  C:\Users\THUNDE~1\AppData\Local\Temp\ccty4UGg.s 			page 3


  76:..\Common\Minimal/flash.c ****  * LED flashes every 200ms, the second every 400ms, the third every 600ms.
  77:..\Common\Minimal/flash.c ****  *
  78:..\Common\Minimal/flash.c ****  * The LED flash tasks provide instant visual feedback.  They show that the scheduler 
  79:..\Common\Minimal/flash.c ****  * is still operational.
  80:..\Common\Minimal/flash.c ****  *
  81:..\Common\Minimal/flash.c ****  */
  82:..\Common\Minimal/flash.c **** 
  83:..\Common\Minimal/flash.c **** 
  84:..\Common\Minimal/flash.c **** #include <stdlib.h>
  85:..\Common\Minimal/flash.c **** 
  86:..\Common\Minimal/flash.c **** /* Scheduler include files. */
  87:..\Common\Minimal/flash.c **** #include "FreeRTOS.h"
  88:..\Common\Minimal/flash.c **** #include "task.h"
  89:..\Common\Minimal/flash.c **** 
  90:..\Common\Minimal/flash.c **** /* Demo program include files. */
  91:..\Common\Minimal/flash.c **** #include "partest.h"
  92:..\Common\Minimal/flash.c **** #include "flash.h"
  93:..\Common\Minimal/flash.c **** 
  94:..\Common\Minimal/flash.c **** #define ledSTACK_SIZE		configMINIMAL_STACK_SIZE
  95:..\Common\Minimal/flash.c **** #define ledNUMBER_OF_LEDS	( 1 )
  96:..\Common\Minimal/flash.c **** #define ledFLASH_RATE_BASE	( ( TickType_t ) 999 )
  97:..\Common\Minimal/flash.c **** 
  98:..\Common\Minimal/flash.c **** /* Variable used by the created tasks to calculate the LED number to use, and
  99:..\Common\Minimal/flash.c **** the rate at which they should flash the LED. */
 100:..\Common\Minimal/flash.c **** static volatile UBaseType_t uxFlashTaskNumber = 0;
 101:..\Common\Minimal/flash.c **** 
 102:..\Common\Minimal/flash.c **** /* The task that is created three times. */
 103:..\Common\Minimal/flash.c **** static portTASK_FUNCTION_PROTO( vLEDFlashTask, pvParameters );
 104:..\Common\Minimal/flash.c **** 
 105:..\Common\Minimal/flash.c **** /*-----------------------------------------------------------*/
 106:..\Common\Minimal/flash.c **** 
 107:..\Common\Minimal/flash.c **** void vStartLEDFlashTasks( UBaseType_t uxPriority )
 108:..\Common\Minimal/flash.c **** {
  39              		.loc 1 108 0
  40              		.cfi_startproc
  41              		@ args = 0, pretend = 0, frame = 16
  42              		@ frame_needed = 1, uses_anonymous_args = 0
  43 0000 80B5     		push	{r7, lr}
  44              		.cfi_def_cfa_offset 8
  45              		.cfi_offset 7, -8
  46              		.cfi_offset 14, -4
  47 0002 86B0     		sub	sp, sp, #24
  48              		.cfi_def_cfa_offset 32
  49 0004 02AF     		add	r7, sp, #8
  50              		.cfi_def_cfa 7, 24
  51 0006 7860     		str	r0, [r7, #4]
 109:..\Common\Minimal/flash.c **** BaseType_t xLEDTask;
 110:..\Common\Minimal/flash.c **** 
 111:..\Common\Minimal/flash.c **** 	/* Create the three tasks. */
 112:..\Common\Minimal/flash.c **** 	for( xLEDTask = 0; xLEDTask < ledNUMBER_OF_LEDS; ++xLEDTask )
  52              		.loc 1 112 0
  53 0008 0023     		movs	r3, #0
  54 000a FB60     		str	r3, [r7, #12]
  55 000c 0CE0     		b	.L2
  56              	.L3:
 113:..\Common\Minimal/flash.c **** 	{
 114:..\Common\Minimal/flash.c **** 		/* Spawn the task. */
ARM GAS  C:\Users\THUNDE~1\AppData\Local\Temp\ccty4UGg.s 			page 4


 115:..\Common\Minimal/flash.c **** 		xTaskCreate( vLEDFlashTask, "LEDx", ledSTACK_SIZE, NULL, uxPriority, ( TaskHandle_t * ) NULL );
  57              		.loc 1 115 0 discriminator 3
  58 000e 0023     		movs	r3, #0
  59 0010 0193     		str	r3, [sp, #4]
  60 0012 7B68     		ldr	r3, [r7, #4]
  61 0014 0093     		str	r3, [sp]
  62 0016 0023     		movs	r3, #0
  63 0018 6422     		movs	r2, #100
  64 001a 0749     		ldr	r1, .L4
  65 001c 0748     		ldr	r0, .L4+4
  66 001e FFF7FEFF 		bl	xTaskCreate
 112:..\Common\Minimal/flash.c **** 	{
  67              		.loc 1 112 0 discriminator 3
  68 0022 FB68     		ldr	r3, [r7, #12]
  69 0024 0133     		adds	r3, r3, #1
  70 0026 FB60     		str	r3, [r7, #12]
  71              	.L2:
 112:..\Common\Minimal/flash.c **** 	{
  72              		.loc 1 112 0 is_stmt 0 discriminator 1
  73 0028 FB68     		ldr	r3, [r7, #12]
  74 002a 002B     		cmp	r3, #0
  75 002c EFDD     		ble	.L3
 116:..\Common\Minimal/flash.c **** 	}
 117:..\Common\Minimal/flash.c **** }
  76              		.loc 1 117 0 is_stmt 1
  77 002e 00BF     		nop
  78 0030 1037     		adds	r7, r7, #16
  79              		.cfi_def_cfa_offset 8
  80 0032 BD46     		mov	sp, r7
  81              		.cfi_def_cfa_register 13
  82              		@ sp needed
  83 0034 80BD     		pop	{r7, pc}
  84              	.L5:
  85 0036 00BF     		.align	2
  86              	.L4:
  87 0038 00000000 		.word	.LC0
  88 003c 00000000 		.word	vLEDFlashTask
  89              		.cfi_endproc
  90              	.LFE68:
  91              		.size	vStartLEDFlashTasks, .-vStartLEDFlashTasks
  92              		.section	.text.vLEDFlashTask,"ax",%progbits
  93              		.align	2
  94              		.thumb
  95              		.thumb_func
  96              		.type	vLEDFlashTask, %function
  97              	vLEDFlashTask:
  98              	.LFB69:
 118:..\Common\Minimal/flash.c **** /*-----------------------------------------------------------*/
 119:..\Common\Minimal/flash.c **** 
 120:..\Common\Minimal/flash.c **** static portTASK_FUNCTION( vLEDFlashTask, pvParameters )
 121:..\Common\Minimal/flash.c **** {
  99              		.loc 1 121 0
 100              		.cfi_startproc
 101              		@ args = 0, pretend = 0, frame = 24
 102              		@ frame_needed = 1, uses_anonymous_args = 0
 103 0000 80B5     		push	{r7, lr}
 104              		.cfi_def_cfa_offset 8
ARM GAS  C:\Users\THUNDE~1\AppData\Local\Temp\ccty4UGg.s 			page 5


 105              		.cfi_offset 7, -8
 106              		.cfi_offset 14, -4
 107 0002 86B0     		sub	sp, sp, #24
 108              		.cfi_def_cfa_offset 32
 109 0004 00AF     		add	r7, sp, #0
 110              		.cfi_def_cfa_register 7
 111 0006 7860     		str	r0, [r7, #4]
 122:..\Common\Minimal/flash.c **** TickType_t xFlashRate, xLastFlashTime;
 123:..\Common\Minimal/flash.c **** UBaseType_t uxLED;
 124:..\Common\Minimal/flash.c **** 
 125:..\Common\Minimal/flash.c **** 	/* The parameters are not used. */
 126:..\Common\Minimal/flash.c **** 	( void ) pvParameters;
 127:..\Common\Minimal/flash.c **** 
 128:..\Common\Minimal/flash.c **** 	/* Calculate the LED and flash rate. */
 129:..\Common\Minimal/flash.c **** 	portENTER_CRITICAL();
 112              		.loc 1 129 0
 113 0008 FFF7FEFF 		bl	vPortEnterCritical
 130:..\Common\Minimal/flash.c **** 	{
 131:..\Common\Minimal/flash.c **** 		/* See which of the eight LED's we should use. */
 132:..\Common\Minimal/flash.c **** 		uxLED = uxFlashTaskNumber;
 114              		.loc 1 132 0
 115 000c 154B     		ldr	r3, .L8
 116 000e 1B68     		ldr	r3, [r3]
 117 0010 7B61     		str	r3, [r7, #20]
 133:..\Common\Minimal/flash.c **** 
 134:..\Common\Minimal/flash.c **** 		/* Update so the next task uses the next LED. */
 135:..\Common\Minimal/flash.c **** 		uxFlashTaskNumber++;
 118              		.loc 1 135 0
 119 0012 144B     		ldr	r3, .L8
 120 0014 1B68     		ldr	r3, [r3]
 121 0016 0133     		adds	r3, r3, #1
 122 0018 124A     		ldr	r2, .L8
 123 001a 1360     		str	r3, [r2]
 136:..\Common\Minimal/flash.c **** 	}
 137:..\Common\Minimal/flash.c **** 	portEXIT_CRITICAL();
 124              		.loc 1 137 0
 125 001c FFF7FEFF 		bl	vPortExitCritical
 138:..\Common\Minimal/flash.c **** 
 139:..\Common\Minimal/flash.c **** 	xFlashRate = ledFLASH_RATE_BASE + ( ledFLASH_RATE_BASE * ( TickType_t ) uxLED );
 126              		.loc 1 139 0
 127 0020 7B69     		ldr	r3, [r7, #20]
 128 0022 0133     		adds	r3, r3, #1
 129 0024 40F2E732 		movw	r2, #999
 130 0028 02FB03F3 		mul	r3, r2, r3
 131 002c 3B61     		str	r3, [r7, #16]
 140:..\Common\Minimal/flash.c **** 	xFlashRate /= portTICK_PERIOD_MS;
 141:..\Common\Minimal/flash.c **** 
 142:..\Common\Minimal/flash.c **** 	/* We will turn the LED on and off again in the delay period, so each
 143:..\Common\Minimal/flash.c **** 	delay is only half the total period. */
 144:..\Common\Minimal/flash.c **** 	xFlashRate /= ( TickType_t ) 2;
 132              		.loc 1 144 0
 133 002e 3B69     		ldr	r3, [r7, #16]
 134 0030 5B08     		lsrs	r3, r3, #1
 135 0032 3B61     		str	r3, [r7, #16]
 145:..\Common\Minimal/flash.c **** 
 146:..\Common\Minimal/flash.c **** 	/* We need to initialise xLastFlashTime prior to the first call to 
 147:..\Common\Minimal/flash.c **** 	vTaskDelayUntil(). */
ARM GAS  C:\Users\THUNDE~1\AppData\Local\Temp\ccty4UGg.s 			page 6


 148:..\Common\Minimal/flash.c **** 	xLastFlashTime = xTaskGetTickCount();
 136              		.loc 1 148 0
 137 0034 FFF7FEFF 		bl	xTaskGetTickCount
 138 0038 0346     		mov	r3, r0
 139 003a FB60     		str	r3, [r7, #12]
 140              	.L7:
 149:..\Common\Minimal/flash.c **** 
 150:..\Common\Minimal/flash.c **** 	for(;;)
 151:..\Common\Minimal/flash.c **** 	{
 152:..\Common\Minimal/flash.c **** 		/* Delay for half the flash period then turn the LED on. */
 153:..\Common\Minimal/flash.c **** 		vTaskDelayUntil( &xLastFlashTime, xFlashRate );
 141              		.loc 1 153 0 discriminator 1
 142 003c 07F10C03 		add	r3, r7, #12
 143 0040 3969     		ldr	r1, [r7, #16]
 144 0042 1846     		mov	r0, r3
 145 0044 FFF7FEFF 		bl	vTaskDelayUntil
 154:..\Common\Minimal/flash.c **** 		vParTestToggleLED( uxLED );
 146              		.loc 1 154 0 discriminator 1
 147 0048 7869     		ldr	r0, [r7, #20]
 148 004a FFF7FEFF 		bl	vParTestToggleLED
 155:..\Common\Minimal/flash.c **** 
 156:..\Common\Minimal/flash.c **** 		/* Delay for half the flash period then turn the LED off. */
 157:..\Common\Minimal/flash.c **** 		vTaskDelayUntil( &xLastFlashTime, xFlashRate );
 149              		.loc 1 157 0 discriminator 1
 150 004e 07F10C03 		add	r3, r7, #12
 151 0052 3969     		ldr	r1, [r7, #16]
 152 0054 1846     		mov	r0, r3
 153 0056 FFF7FEFF 		bl	vTaskDelayUntil
 158:..\Common\Minimal/flash.c **** 		vParTestToggleLED( uxLED );
 154              		.loc 1 158 0 discriminator 1
 155 005a 7869     		ldr	r0, [r7, #20]
 156 005c FFF7FEFF 		bl	vParTestToggleLED
 159:..\Common\Minimal/flash.c **** 	}
 157              		.loc 1 159 0 discriminator 1
 158 0060 ECE7     		b	.L7
 159              	.L9:
 160 0062 00BF     		.align	2
 161              	.L8:
 162 0064 00000000 		.word	uxFlashTaskNumber
 163              		.cfi_endproc
 164              	.LFE69:
 165              		.size	vLEDFlashTask, .-vLEDFlashTask
 166              		.text
 167              	.Letext0:
 168              		.file 2 "c:\\program files (x86)\\cypress\\psoc creator\\4.2\\psoc creator\\import\\gnu\\arm\\5.4.
 169              		.file 3 "c:\\program files (x86)\\cypress\\psoc creator\\4.2\\psoc creator\\import\\gnu\\arm\\5.4.
 170              		.file 4 ".\\Tracer/sniffPayload.h"
 171              		.file 5 ".\\Tracer/selfFIFO.h"
 172              		.file 6 "..\\Source\\portable\\GCC\\ARM_CM3/portmacro.h"
 173              		.file 7 "..\\Source\\include/task.h"
 174              		.file 8 "Generated_Source\\PSoC5/core_cm3.h"
 175              		.file 9 ".\\Tracer/sniffTask.h"
 176              		.section	.debug_info,"",%progbits
 177              	.Ldebug_info0:
 178 0000 45030000 		.4byte	0x345
 179 0004 0400     		.2byte	0x4
 180 0006 00000000 		.4byte	.Ldebug_abbrev0
ARM GAS  C:\Users\THUNDE~1\AppData\Local\Temp\ccty4UGg.s 			page 7


 181 000a 04       		.byte	0x4
 182 000b 01       		.uleb128 0x1
 183 000c 83000000 		.4byte	.LASF58
 184 0010 0C       		.byte	0xc
 185 0011 31010000 		.4byte	.LASF59
 186 0015 56030000 		.4byte	.LASF60
 187 0019 00000000 		.4byte	.Ldebug_ranges0+0
 188 001d 00000000 		.4byte	0
 189 0021 00000000 		.4byte	.Ldebug_line0
 190 0025 02       		.uleb128 0x2
 191 0026 04       		.byte	0x4
 192 0027 07       		.byte	0x7
 193 0028 4E020000 		.4byte	.LASF0
 194 002c 03       		.uleb128 0x3
 195 002d 04       		.byte	0x4
 196 002e 05       		.byte	0x5
 197 002f 696E7400 		.ascii	"int\000"
 198 0033 02       		.uleb128 0x2
 199 0034 08       		.byte	0x8
 200 0035 05       		.byte	0x5
 201 0036 94010000 		.4byte	.LASF1
 202 003a 02       		.uleb128 0x2
 203 003b 08       		.byte	0x8
 204 003c 04       		.byte	0x4
 205 003d 02020000 		.4byte	.LASF2
 206 0041 02       		.uleb128 0x2
 207 0042 01       		.byte	0x1
 208 0043 06       		.byte	0x6
 209 0044 22020000 		.4byte	.LASF3
 210 0048 04       		.uleb128 0x4
 211 0049 D4010000 		.4byte	.LASF7
 212 004d 02       		.byte	0x2
 213 004e 1D       		.byte	0x1d
 214 004f 53000000 		.4byte	0x53
 215 0053 02       		.uleb128 0x2
 216 0054 01       		.byte	0x1
 217 0055 08       		.byte	0x8
 218 0056 14020000 		.4byte	.LASF4
 219 005a 02       		.uleb128 0x2
 220 005b 02       		.byte	0x2
 221 005c 05       		.byte	0x5
 222 005d 3E000000 		.4byte	.LASF5
 223 0061 02       		.uleb128 0x2
 224 0062 02       		.byte	0x2
 225 0063 07       		.byte	0x7
 226 0064 84020000 		.4byte	.LASF6
 227 0068 04       		.uleb128 0x4
 228 0069 2D030000 		.4byte	.LASF8
 229 006d 02       		.byte	0x2
 230 006e 3F       		.byte	0x3f
 231 006f 73000000 		.4byte	0x73
 232 0073 02       		.uleb128 0x2
 233 0074 04       		.byte	0x4
 234 0075 05       		.byte	0x5
 235 0076 AD010000 		.4byte	.LASF9
 236 007a 04       		.uleb128 0x4
 237 007b 11010000 		.4byte	.LASF10
ARM GAS  C:\Users\THUNDE~1\AppData\Local\Temp\ccty4UGg.s 			page 8


 238 007f 02       		.byte	0x2
 239 0080 41       		.byte	0x41
 240 0081 85000000 		.4byte	0x85
 241 0085 02       		.uleb128 0x2
 242 0086 04       		.byte	0x4
 243 0087 07       		.byte	0x7
 244 0088 E4020000 		.4byte	.LASF11
 245 008c 02       		.uleb128 0x2
 246 008d 08       		.byte	0x8
 247 008e 07       		.byte	0x7
 248 008f 2E020000 		.4byte	.LASF12
 249 0093 02       		.uleb128 0x2
 250 0094 04       		.byte	0x4
 251 0095 07       		.byte	0x7
 252 0096 48000000 		.4byte	.LASF13
 253 009a 05       		.uleb128 0x5
 254 009b 04       		.byte	0x4
 255 009c 02       		.uleb128 0x2
 256 009d 01       		.byte	0x1
 257 009e 08       		.byte	0x8
 258 009f 97020000 		.4byte	.LASF14
 259 00a3 04       		.uleb128 0x4
 260 00a4 29010000 		.4byte	.LASF15
 261 00a8 03       		.byte	0x3
 262 00a9 18       		.byte	0x18
 263 00aa 48000000 		.4byte	0x48
 264 00ae 04       		.uleb128 0x4
 265 00af A5020000 		.4byte	.LASF16
 266 00b3 03       		.byte	0x3
 267 00b4 2C       		.byte	0x2c
 268 00b5 68000000 		.4byte	0x68
 269 00b9 04       		.uleb128 0x4
 270 00ba 45020000 		.4byte	.LASF17
 271 00be 03       		.byte	0x3
 272 00bf 30       		.byte	0x30
 273 00c0 7A000000 		.4byte	0x7a
 274 00c4 02       		.uleb128 0x2
 275 00c5 04       		.byte	0x4
 276 00c6 04       		.byte	0x4
 277 00c7 82010000 		.4byte	.LASF18
 278 00cb 02       		.uleb128 0x2
 279 00cc 08       		.byte	0x8
 280 00cd 04       		.byte	0x4
 281 00ce F6020000 		.4byte	.LASF19
 282 00d2 06       		.uleb128 0x6
 283 00d3 01       		.byte	0x1
 284 00d4 53000000 		.4byte	0x53
 285 00d8 04       		.byte	0x4
 286 00d9 10       		.byte	0x10
 287 00da 09010000 		.4byte	0x109
 288 00de 07       		.uleb128 0x7
 289 00df DE010000 		.4byte	.LASF20
 290 00e3 00       		.byte	0
 291 00e4 07       		.uleb128 0x7
 292 00e5 51000000 		.4byte	.LASF21
 293 00e9 01       		.byte	0x1
 294 00ea 07       		.uleb128 0x7
ARM GAS  C:\Users\THUNDE~1\AppData\Local\Temp\ccty4UGg.s 			page 9


 295 00eb E4010000 		.4byte	.LASF22
 296 00ef 02       		.byte	0x2
 297 00f0 07       		.uleb128 0x7
 298 00f1 FD020000 		.4byte	.LASF23
 299 00f5 03       		.byte	0x3
 300 00f6 07       		.uleb128 0x7
 301 00f7 C4010000 		.4byte	.LASF24
 302 00fb 04       		.byte	0x4
 303 00fc 07       		.uleb128 0x7
 304 00fd 28030000 		.4byte	.LASF25
 305 0101 05       		.byte	0x5
 306 0102 07       		.uleb128 0x7
 307 0103 CE020000 		.4byte	.LASF26
 308 0107 06       		.byte	0x6
 309 0108 00       		.byte	0
 310 0109 04       		.uleb128 0x4
 311 010a 70010000 		.4byte	.LASF27
 312 010e 04       		.byte	0x4
 313 010f 10       		.byte	0x10
 314 0110 D2000000 		.4byte	0xd2
 315 0114 08       		.uleb128 0x8
 316 0115 04       		.byte	0x4
 317 0116 04       		.byte	0x4
 318 0117 86       		.byte	0x86
 319 0118 4D010000 		.4byte	0x14d
 320 011c 09       		.uleb128 0x9
 321 011d 9C020000 		.4byte	.LASF28
 322 0121 04       		.byte	0x4
 323 0122 87       		.byte	0x87
 324 0123 A3000000 		.4byte	0xa3
 325 0127 00       		.byte	0
 326 0128 09       		.uleb128 0x9
 327 0129 00000000 		.4byte	.LASF29
 328 012d 04       		.byte	0x4
 329 012e 88       		.byte	0x88
 330 012f A3000000 		.4byte	0xa3
 331 0133 01       		.byte	0x1
 332 0134 09       		.uleb128 0x9
 333 0135 78000000 		.4byte	.LASF30
 334 0139 04       		.byte	0x4
 335 013a 89       		.byte	0x89
 336 013b 09010000 		.4byte	0x109
 337 013f 02       		.byte	0x2
 338 0140 09       		.uleb128 0x9
 339 0141 7B010000 		.4byte	.LASF31
 340 0145 04       		.byte	0x4
 341 0146 8A       		.byte	0x8a
 342 0147 A3000000 		.4byte	0xa3
 343 014b 03       		.byte	0x3
 344 014c 00       		.byte	0
 345 014d 04       		.uleb128 0x4
 346 014e 5B020000 		.4byte	.LASF32
 347 0152 04       		.byte	0x4
 348 0153 8B       		.byte	0x8b
 349 0154 14010000 		.4byte	0x114
 350 0158 08       		.uleb128 0x8
 351 0159 0E       		.byte	0xe
ARM GAS  C:\Users\THUNDE~1\AppData\Local\Temp\ccty4UGg.s 			page 10


 352 015a 04       		.byte	0x4
 353 015b 95       		.byte	0x95
 354 015c 85010000 		.4byte	0x185
 355 0160 09       		.uleb128 0x9
 356 0161 1F000000 		.4byte	.LASF33
 357 0165 04       		.byte	0x4
 358 0166 96       		.byte	0x96
 359 0167 A3000000 		.4byte	0xa3
 360 016b 00       		.byte	0
 361 016c 09       		.uleb128 0x9
 362 016d 57010000 		.4byte	.LASF34
 363 0171 04       		.byte	0x4
 364 0172 97       		.byte	0x97
 365 0173 A3000000 		.4byte	0xa3
 366 0177 01       		.byte	0x1
 367 0178 09       		.uleb128 0x9
 368 0179 F7010000 		.4byte	.LASF35
 369 017d 04       		.byte	0x4
 370 017e 98       		.byte	0x98
 371 017f 85010000 		.4byte	0x185
 372 0183 02       		.byte	0x2
 373 0184 00       		.byte	0
 374 0185 0A       		.uleb128 0xa
 375 0186 9C000000 		.4byte	0x9c
 376 018a 95010000 		.4byte	0x195
 377 018e 0B       		.uleb128 0xb
 378 018f 93000000 		.4byte	0x93
 379 0193 0B       		.byte	0xb
 380 0194 00       		.byte	0
 381 0195 04       		.uleb128 0x4
 382 0196 88010000 		.4byte	.LASF36
 383 019a 04       		.byte	0x4
 384 019b 99       		.byte	0x99
 385 019c 58010000 		.4byte	0x158
 386 01a0 0C       		.uleb128 0xc
 387 01a1 1C01     		.2byte	0x11c
 388 01a3 04       		.byte	0x4
 389 01a4 A3       		.byte	0xa3
 390 01a5 C2010000 		.4byte	0x1c2
 391 01a9 09       		.uleb128 0x9
 392 01aa 1C010000 		.4byte	.LASF37
 393 01ae 04       		.byte	0x4
 394 01af A4       		.byte	0xa4
 395 01b0 4D010000 		.4byte	0x14d
 396 01b4 00       		.byte	0
 397 01b5 09       		.uleb128 0x9
 398 01b6 4B010000 		.4byte	.LASF38
 399 01ba 04       		.byte	0x4
 400 01bb A5       		.byte	0xa5
 401 01bc C2010000 		.4byte	0x1c2
 402 01c0 04       		.byte	0x4
 403 01c1 00       		.byte	0
 404 01c2 0A       		.uleb128 0xa
 405 01c3 95010000 		.4byte	0x195
 406 01c7 D2010000 		.4byte	0x1d2
 407 01cb 0B       		.uleb128 0xb
 408 01cc 93000000 		.4byte	0x93
ARM GAS  C:\Users\THUNDE~1\AppData\Local\Temp\ccty4UGg.s 			page 11


 409 01d0 13       		.byte	0x13
 410 01d1 00       		.byte	0
 411 01d2 04       		.uleb128 0x4
 412 01d3 37030000 		.4byte	.LASF39
 413 01d7 04       		.byte	0x4
 414 01d8 A6       		.byte	0xa6
 415 01d9 A0010000 		.4byte	0x1a0
 416 01dd 0D       		.uleb128 0xd
 417 01de 4F030000 		.4byte	.LASF61
 418 01e2 0210     		.2byte	0x1002
 419 01e4 05       		.byte	0x5
 420 01e5 0C       		.byte	0xc
 421 01e6 11020000 		.4byte	0x211
 422 01ea 09       		.uleb128 0x9
 423 01eb C2020000 		.4byte	.LASF40
 424 01ef 05       		.byte	0x5
 425 01f0 0D       		.byte	0xd
 426 01f1 11020000 		.4byte	0x211
 427 01f5 00       		.byte	0
 428 01f6 0E       		.uleb128 0xe
 429 01f7 8F010000 		.4byte	.LASF41
 430 01fb 05       		.byte	0x5
 431 01fc 0E       		.byte	0xe
 432 01fd A3000000 		.4byte	0xa3
 433 0201 0010     		.2byte	0x1000
 434 0203 0E       		.uleb128 0xe
 435 0204 19000000 		.4byte	.LASF42
 436 0208 05       		.byte	0x5
 437 0209 0F       		.byte	0xf
 438 020a A3000000 		.4byte	0xa3
 439 020e 0110     		.2byte	0x1001
 440 0210 00       		.byte	0
 441 0211 0A       		.uleb128 0xa
 442 0212 A3000000 		.4byte	0xa3
 443 0216 22020000 		.4byte	0x222
 444 021a 0F       		.uleb128 0xf
 445 021b 93000000 		.4byte	0x93
 446 021f FF0F     		.2byte	0xfff
 447 0221 00       		.byte	0
 448 0222 04       		.uleb128 0x4
 449 0223 6C020000 		.4byte	.LASF43
 450 0227 06       		.byte	0x6
 451 0228 62       		.byte	0x62
 452 0229 73000000 		.4byte	0x73
 453 022d 04       		.uleb128 0x4
 454 022e AD020000 		.4byte	.LASF44
 455 0232 06       		.byte	0x6
 456 0233 63       		.byte	0x63
 457 0234 85000000 		.4byte	0x85
 458 0238 04       		.uleb128 0x4
 459 0239 A2010000 		.4byte	.LASF45
 460 023d 06       		.byte	0x6
 461 023e 69       		.byte	0x69
 462 023f B9000000 		.4byte	0xb9
 463 0243 04       		.uleb128 0x4
 464 0244 57000000 		.4byte	.LASF46
 465 0248 07       		.byte	0x7
ARM GAS  C:\Users\THUNDE~1\AppData\Local\Temp\ccty4UGg.s 			page 12


 466 0249 67       		.byte	0x67
 467 024a 9A000000 		.4byte	0x9a
 468 024e 10       		.uleb128 0x10
 469 024f 64000000 		.4byte	.LASF62
 470 0253 01       		.byte	0x1
 471 0254 6B       		.byte	0x6b
 472 0255 00000000 		.4byte	.LFB68
 473 0259 40000000 		.4byte	.LFE68-.LFB68
 474 025d 01       		.uleb128 0x1
 475 025e 9C       		.byte	0x9c
 476 025f 80020000 		.4byte	0x280
 477 0263 11       		.uleb128 0x11
 478 0264 0E000000 		.4byte	.LASF47
 479 0268 01       		.byte	0x1
 480 0269 6B       		.byte	0x6b
 481 026a 2D020000 		.4byte	0x22d
 482 026e 02       		.uleb128 0x2
 483 026f 91       		.byte	0x91
 484 0270 6C       		.sleb128 -20
 485 0271 12       		.uleb128 0x12
 486 0272 B9020000 		.4byte	.LASF49
 487 0276 01       		.byte	0x1
 488 0277 6D       		.byte	0x6d
 489 0278 22020000 		.4byte	0x222
 490 027c 02       		.uleb128 0x2
 491 027d 91       		.byte	0x91
 492 027e 74       		.sleb128 -12
 493 027f 00       		.byte	0
 494 0280 13       		.uleb128 0x13
 495 0281 B1030000 		.4byte	.LASF63
 496 0285 01       		.byte	0x1
 497 0286 78       		.byte	0x78
 498 0287 00000000 		.4byte	.LFB69
 499 028b 68000000 		.4byte	.LFE69-.LFB69
 500 028f 01       		.uleb128 0x1
 501 0290 9C       		.byte	0x9c
 502 0291 CE020000 		.4byte	0x2ce
 503 0295 11       		.uleb128 0x11
 504 0296 77020000 		.4byte	.LASF48
 505 029a 01       		.byte	0x1
 506 029b 78       		.byte	0x78
 507 029c 9A000000 		.4byte	0x9a
 508 02a0 02       		.uleb128 0x2
 509 02a1 91       		.byte	0x91
 510 02a2 64       		.sleb128 -28
 511 02a3 12       		.uleb128 0x12
 512 02a4 65010000 		.4byte	.LASF50
 513 02a8 01       		.byte	0x1
 514 02a9 7A       		.byte	0x7a
 515 02aa 38020000 		.4byte	0x238
 516 02ae 02       		.uleb128 0x2
 517 02af 91       		.byte	0x91
 518 02b0 70       		.sleb128 -16
 519 02b1 12       		.uleb128 0x12
 520 02b2 19030000 		.4byte	.LASF51
 521 02b6 01       		.byte	0x1
 522 02b7 7A       		.byte	0x7a
ARM GAS  C:\Users\THUNDE~1\AppData\Local\Temp\ccty4UGg.s 			page 13


 523 02b8 38020000 		.4byte	0x238
 524 02bc 02       		.uleb128 0x2
 525 02bd 91       		.byte	0x91
 526 02be 6C       		.sleb128 -20
 527 02bf 12       		.uleb128 0x12
 528 02c0 0E020000 		.4byte	.LASF52
 529 02c4 01       		.byte	0x1
 530 02c5 7B       		.byte	0x7b
 531 02c6 2D020000 		.4byte	0x22d
 532 02ca 02       		.uleb128 0x2
 533 02cb 91       		.byte	0x91
 534 02cc 74       		.sleb128 -12
 535 02cd 00       		.byte	0
 536 02ce 12       		.uleb128 0x12
 537 02cf 2C000000 		.4byte	.LASF53
 538 02d3 01       		.byte	0x1
 539 02d4 64       		.byte	0x64
 540 02d5 DF020000 		.4byte	0x2df
 541 02d9 05       		.uleb128 0x5
 542 02da 03       		.byte	0x3
 543 02db 00000000 		.4byte	uxFlashTaskNumber
 544 02df 14       		.uleb128 0x14
 545 02e0 2D020000 		.4byte	0x22d
 546 02e4 15       		.uleb128 0x15
 547 02e5 42030000 		.4byte	.LASF54
 548 02e9 08       		.byte	0x8
 549 02ea 9606     		.2byte	0x696
 550 02ec F0020000 		.4byte	0x2f0
 551 02f0 14       		.uleb128 0x14
 552 02f1 AE000000 		.4byte	0xae
 553 02f5 0A       		.uleb128 0xa
 554 02f6 A3000000 		.4byte	0xa3
 555 02fa 05030000 		.4byte	0x305
 556 02fe 0B       		.uleb128 0xb
 557 02ff 93000000 		.4byte	0x93
 558 0303 0C       		.byte	0xc
 559 0304 00       		.byte	0
 560 0305 16       		.uleb128 0x16
 561 0306 B6010000 		.4byte	.LASF55
 562 030a 04       		.byte	0x4
 563 030b 12       		.byte	0x12
 564 030c F5020000 		.4byte	0x2f5
 565 0310 05       		.uleb128 0x5
 566 0311 03       		.byte	0x3
 567 0312 00000000 		.4byte	sniffIDFilter
 568 0316 16       		.uleb128 0x16
 569 0317 C7020000 		.4byte	.LASF56
 570 031b 05       		.byte	0x5
 571 031c 10       		.byte	0x10
 572 031d DD010000 		.4byte	0x1dd
 573 0321 05       		.uleb128 0x5
 574 0322 03       		.byte	0x3
 575 0323 00000000 		.4byte	buffer
 576 0327 0A       		.uleb128 0xa
 577 0328 D2010000 		.4byte	0x1d2
 578 032c 37030000 		.4byte	0x337
 579 0330 0B       		.uleb128 0xb
ARM GAS  C:\Users\THUNDE~1\AppData\Local\Temp\ccty4UGg.s 			page 14


 580 0331 93000000 		.4byte	0x93
 581 0335 05       		.byte	0x5
 582 0336 00       		.byte	0
 583 0337 16       		.uleb128 0x16
 584 0338 0E030000 		.4byte	.LASF57
 585 033c 09       		.byte	0x9
 586 033d 0D       		.byte	0xd
 587 033e 27030000 		.4byte	0x327
 588 0342 05       		.uleb128 0x5
 589 0343 03       		.byte	0x3
 590 0344 00000000 		.4byte	objectList
 591 0348 00       		.byte	0
 592              		.section	.debug_abbrev,"",%progbits
 593              	.Ldebug_abbrev0:
 594 0000 01       		.uleb128 0x1
 595 0001 11       		.uleb128 0x11
 596 0002 01       		.byte	0x1
 597 0003 25       		.uleb128 0x25
 598 0004 0E       		.uleb128 0xe
 599 0005 13       		.uleb128 0x13
 600 0006 0B       		.uleb128 0xb
 601 0007 03       		.uleb128 0x3
 602 0008 0E       		.uleb128 0xe
 603 0009 1B       		.uleb128 0x1b
 604 000a 0E       		.uleb128 0xe
 605 000b 55       		.uleb128 0x55
 606 000c 17       		.uleb128 0x17
 607 000d 11       		.uleb128 0x11
 608 000e 01       		.uleb128 0x1
 609 000f 10       		.uleb128 0x10
 610 0010 17       		.uleb128 0x17
 611 0011 00       		.byte	0
 612 0012 00       		.byte	0
 613 0013 02       		.uleb128 0x2
 614 0014 24       		.uleb128 0x24
 615 0015 00       		.byte	0
 616 0016 0B       		.uleb128 0xb
 617 0017 0B       		.uleb128 0xb
 618 0018 3E       		.uleb128 0x3e
 619 0019 0B       		.uleb128 0xb
 620 001a 03       		.uleb128 0x3
 621 001b 0E       		.uleb128 0xe
 622 001c 00       		.byte	0
 623 001d 00       		.byte	0
 624 001e 03       		.uleb128 0x3
 625 001f 24       		.uleb128 0x24
 626 0020 00       		.byte	0
 627 0021 0B       		.uleb128 0xb
 628 0022 0B       		.uleb128 0xb
 629 0023 3E       		.uleb128 0x3e
 630 0024 0B       		.uleb128 0xb
 631 0025 03       		.uleb128 0x3
 632 0026 08       		.uleb128 0x8
 633 0027 00       		.byte	0
 634 0028 00       		.byte	0
 635 0029 04       		.uleb128 0x4
 636 002a 16       		.uleb128 0x16
ARM GAS  C:\Users\THUNDE~1\AppData\Local\Temp\ccty4UGg.s 			page 15


 637 002b 00       		.byte	0
 638 002c 03       		.uleb128 0x3
 639 002d 0E       		.uleb128 0xe
 640 002e 3A       		.uleb128 0x3a
 641 002f 0B       		.uleb128 0xb
 642 0030 3B       		.uleb128 0x3b
 643 0031 0B       		.uleb128 0xb
 644 0032 49       		.uleb128 0x49
 645 0033 13       		.uleb128 0x13
 646 0034 00       		.byte	0
 647 0035 00       		.byte	0
 648 0036 05       		.uleb128 0x5
 649 0037 0F       		.uleb128 0xf
 650 0038 00       		.byte	0
 651 0039 0B       		.uleb128 0xb
 652 003a 0B       		.uleb128 0xb
 653 003b 00       		.byte	0
 654 003c 00       		.byte	0
 655 003d 06       		.uleb128 0x6
 656 003e 04       		.uleb128 0x4
 657 003f 01       		.byte	0x1
 658 0040 0B       		.uleb128 0xb
 659 0041 0B       		.uleb128 0xb
 660 0042 49       		.uleb128 0x49
 661 0043 13       		.uleb128 0x13
 662 0044 3A       		.uleb128 0x3a
 663 0045 0B       		.uleb128 0xb
 664 0046 3B       		.uleb128 0x3b
 665 0047 0B       		.uleb128 0xb
 666 0048 01       		.uleb128 0x1
 667 0049 13       		.uleb128 0x13
 668 004a 00       		.byte	0
 669 004b 00       		.byte	0
 670 004c 07       		.uleb128 0x7
 671 004d 28       		.uleb128 0x28
 672 004e 00       		.byte	0
 673 004f 03       		.uleb128 0x3
 674 0050 0E       		.uleb128 0xe
 675 0051 1C       		.uleb128 0x1c
 676 0052 0B       		.uleb128 0xb
 677 0053 00       		.byte	0
 678 0054 00       		.byte	0
 679 0055 08       		.uleb128 0x8
 680 0056 13       		.uleb128 0x13
 681 0057 01       		.byte	0x1
 682 0058 0B       		.uleb128 0xb
 683 0059 0B       		.uleb128 0xb
 684 005a 3A       		.uleb128 0x3a
 685 005b 0B       		.uleb128 0xb
 686 005c 3B       		.uleb128 0x3b
 687 005d 0B       		.uleb128 0xb
 688 005e 01       		.uleb128 0x1
 689 005f 13       		.uleb128 0x13
 690 0060 00       		.byte	0
 691 0061 00       		.byte	0
 692 0062 09       		.uleb128 0x9
 693 0063 0D       		.uleb128 0xd
ARM GAS  C:\Users\THUNDE~1\AppData\Local\Temp\ccty4UGg.s 			page 16


 694 0064 00       		.byte	0
 695 0065 03       		.uleb128 0x3
 696 0066 0E       		.uleb128 0xe
 697 0067 3A       		.uleb128 0x3a
 698 0068 0B       		.uleb128 0xb
 699 0069 3B       		.uleb128 0x3b
 700 006a 0B       		.uleb128 0xb
 701 006b 49       		.uleb128 0x49
 702 006c 13       		.uleb128 0x13
 703 006d 38       		.uleb128 0x38
 704 006e 0B       		.uleb128 0xb
 705 006f 00       		.byte	0
 706 0070 00       		.byte	0
 707 0071 0A       		.uleb128 0xa
 708 0072 01       		.uleb128 0x1
 709 0073 01       		.byte	0x1
 710 0074 49       		.uleb128 0x49
 711 0075 13       		.uleb128 0x13
 712 0076 01       		.uleb128 0x1
 713 0077 13       		.uleb128 0x13
 714 0078 00       		.byte	0
 715 0079 00       		.byte	0
 716 007a 0B       		.uleb128 0xb
 717 007b 21       		.uleb128 0x21
 718 007c 00       		.byte	0
 719 007d 49       		.uleb128 0x49
 720 007e 13       		.uleb128 0x13
 721 007f 2F       		.uleb128 0x2f
 722 0080 0B       		.uleb128 0xb
 723 0081 00       		.byte	0
 724 0082 00       		.byte	0
 725 0083 0C       		.uleb128 0xc
 726 0084 13       		.uleb128 0x13
 727 0085 01       		.byte	0x1
 728 0086 0B       		.uleb128 0xb
 729 0087 05       		.uleb128 0x5
 730 0088 3A       		.uleb128 0x3a
 731 0089 0B       		.uleb128 0xb
 732 008a 3B       		.uleb128 0x3b
 733 008b 0B       		.uleb128 0xb
 734 008c 01       		.uleb128 0x1
 735 008d 13       		.uleb128 0x13
 736 008e 00       		.byte	0
 737 008f 00       		.byte	0
 738 0090 0D       		.uleb128 0xd
 739 0091 13       		.uleb128 0x13
 740 0092 01       		.byte	0x1
 741 0093 03       		.uleb128 0x3
 742 0094 0E       		.uleb128 0xe
 743 0095 0B       		.uleb128 0xb
 744 0096 05       		.uleb128 0x5
 745 0097 3A       		.uleb128 0x3a
 746 0098 0B       		.uleb128 0xb
 747 0099 3B       		.uleb128 0x3b
 748 009a 0B       		.uleb128 0xb
 749 009b 01       		.uleb128 0x1
 750 009c 13       		.uleb128 0x13
ARM GAS  C:\Users\THUNDE~1\AppData\Local\Temp\ccty4UGg.s 			page 17


 751 009d 00       		.byte	0
 752 009e 00       		.byte	0
 753 009f 0E       		.uleb128 0xe
 754 00a0 0D       		.uleb128 0xd
 755 00a1 00       		.byte	0
 756 00a2 03       		.uleb128 0x3
 757 00a3 0E       		.uleb128 0xe
 758 00a4 3A       		.uleb128 0x3a
 759 00a5 0B       		.uleb128 0xb
 760 00a6 3B       		.uleb128 0x3b
 761 00a7 0B       		.uleb128 0xb
 762 00a8 49       		.uleb128 0x49
 763 00a9 13       		.uleb128 0x13
 764 00aa 38       		.uleb128 0x38
 765 00ab 05       		.uleb128 0x5
 766 00ac 00       		.byte	0
 767 00ad 00       		.byte	0
 768 00ae 0F       		.uleb128 0xf
 769 00af 21       		.uleb128 0x21
 770 00b0 00       		.byte	0
 771 00b1 49       		.uleb128 0x49
 772 00b2 13       		.uleb128 0x13
 773 00b3 2F       		.uleb128 0x2f
 774 00b4 05       		.uleb128 0x5
 775 00b5 00       		.byte	0
 776 00b6 00       		.byte	0
 777 00b7 10       		.uleb128 0x10
 778 00b8 2E       		.uleb128 0x2e
 779 00b9 01       		.byte	0x1
 780 00ba 3F       		.uleb128 0x3f
 781 00bb 19       		.uleb128 0x19
 782 00bc 03       		.uleb128 0x3
 783 00bd 0E       		.uleb128 0xe
 784 00be 3A       		.uleb128 0x3a
 785 00bf 0B       		.uleb128 0xb
 786 00c0 3B       		.uleb128 0x3b
 787 00c1 0B       		.uleb128 0xb
 788 00c2 27       		.uleb128 0x27
 789 00c3 19       		.uleb128 0x19
 790 00c4 11       		.uleb128 0x11
 791 00c5 01       		.uleb128 0x1
 792 00c6 12       		.uleb128 0x12
 793 00c7 06       		.uleb128 0x6
 794 00c8 40       		.uleb128 0x40
 795 00c9 18       		.uleb128 0x18
 796 00ca 9642     		.uleb128 0x2116
 797 00cc 19       		.uleb128 0x19
 798 00cd 01       		.uleb128 0x1
 799 00ce 13       		.uleb128 0x13
 800 00cf 00       		.byte	0
 801 00d0 00       		.byte	0
 802 00d1 11       		.uleb128 0x11
 803 00d2 05       		.uleb128 0x5
 804 00d3 00       		.byte	0
 805 00d4 03       		.uleb128 0x3
 806 00d5 0E       		.uleb128 0xe
 807 00d6 3A       		.uleb128 0x3a
ARM GAS  C:\Users\THUNDE~1\AppData\Local\Temp\ccty4UGg.s 			page 18


 808 00d7 0B       		.uleb128 0xb
 809 00d8 3B       		.uleb128 0x3b
 810 00d9 0B       		.uleb128 0xb
 811 00da 49       		.uleb128 0x49
 812 00db 13       		.uleb128 0x13
 813 00dc 02       		.uleb128 0x2
 814 00dd 18       		.uleb128 0x18
 815 00de 00       		.byte	0
 816 00df 00       		.byte	0
 817 00e0 12       		.uleb128 0x12
 818 00e1 34       		.uleb128 0x34
 819 00e2 00       		.byte	0
 820 00e3 03       		.uleb128 0x3
 821 00e4 0E       		.uleb128 0xe
 822 00e5 3A       		.uleb128 0x3a
 823 00e6 0B       		.uleb128 0xb
 824 00e7 3B       		.uleb128 0x3b
 825 00e8 0B       		.uleb128 0xb
 826 00e9 49       		.uleb128 0x49
 827 00ea 13       		.uleb128 0x13
 828 00eb 02       		.uleb128 0x2
 829 00ec 18       		.uleb128 0x18
 830 00ed 00       		.byte	0
 831 00ee 00       		.byte	0
 832 00ef 13       		.uleb128 0x13
 833 00f0 2E       		.uleb128 0x2e
 834 00f1 01       		.byte	0x1
 835 00f2 03       		.uleb128 0x3
 836 00f3 0E       		.uleb128 0xe
 837 00f4 3A       		.uleb128 0x3a
 838 00f5 0B       		.uleb128 0xb
 839 00f6 3B       		.uleb128 0x3b
 840 00f7 0B       		.uleb128 0xb
 841 00f8 27       		.uleb128 0x27
 842 00f9 19       		.uleb128 0x19
 843 00fa 11       		.uleb128 0x11
 844 00fb 01       		.uleb128 0x1
 845 00fc 12       		.uleb128 0x12
 846 00fd 06       		.uleb128 0x6
 847 00fe 40       		.uleb128 0x40
 848 00ff 18       		.uleb128 0x18
 849 0100 9642     		.uleb128 0x2116
 850 0102 19       		.uleb128 0x19
 851 0103 01       		.uleb128 0x1
 852 0104 13       		.uleb128 0x13
 853 0105 00       		.byte	0
 854 0106 00       		.byte	0
 855 0107 14       		.uleb128 0x14
 856 0108 35       		.uleb128 0x35
 857 0109 00       		.byte	0
 858 010a 49       		.uleb128 0x49
 859 010b 13       		.uleb128 0x13
 860 010c 00       		.byte	0
 861 010d 00       		.byte	0
 862 010e 15       		.uleb128 0x15
 863 010f 34       		.uleb128 0x34
 864 0110 00       		.byte	0
ARM GAS  C:\Users\THUNDE~1\AppData\Local\Temp\ccty4UGg.s 			page 19


 865 0111 03       		.uleb128 0x3
 866 0112 0E       		.uleb128 0xe
 867 0113 3A       		.uleb128 0x3a
 868 0114 0B       		.uleb128 0xb
 869 0115 3B       		.uleb128 0x3b
 870 0116 05       		.uleb128 0x5
 871 0117 49       		.uleb128 0x49
 872 0118 13       		.uleb128 0x13
 873 0119 3F       		.uleb128 0x3f
 874 011a 19       		.uleb128 0x19
 875 011b 3C       		.uleb128 0x3c
 876 011c 19       		.uleb128 0x19
 877 011d 00       		.byte	0
 878 011e 00       		.byte	0
 879 011f 16       		.uleb128 0x16
 880 0120 34       		.uleb128 0x34
 881 0121 00       		.byte	0
 882 0122 03       		.uleb128 0x3
 883 0123 0E       		.uleb128 0xe
 884 0124 3A       		.uleb128 0x3a
 885 0125 0B       		.uleb128 0xb
 886 0126 3B       		.uleb128 0x3b
 887 0127 0B       		.uleb128 0xb
 888 0128 49       		.uleb128 0x49
 889 0129 13       		.uleb128 0x13
 890 012a 3F       		.uleb128 0x3f
 891 012b 19       		.uleb128 0x19
 892 012c 02       		.uleb128 0x2
 893 012d 18       		.uleb128 0x18
 894 012e 00       		.byte	0
 895 012f 00       		.byte	0
 896 0130 00       		.byte	0
 897              		.section	.debug_aranges,"",%progbits
 898 0000 24000000 		.4byte	0x24
 899 0004 0200     		.2byte	0x2
 900 0006 00000000 		.4byte	.Ldebug_info0
 901 000a 04       		.byte	0x4
 902 000b 00       		.byte	0
 903 000c 0000     		.2byte	0
 904 000e 0000     		.2byte	0
 905 0010 00000000 		.4byte	.LFB68
 906 0014 40000000 		.4byte	.LFE68-.LFB68
 907 0018 00000000 		.4byte	.LFB69
 908 001c 68000000 		.4byte	.LFE69-.LFB69
 909 0020 00000000 		.4byte	0
 910 0024 00000000 		.4byte	0
 911              		.section	.debug_ranges,"",%progbits
 912              	.Ldebug_ranges0:
 913 0000 00000000 		.4byte	.LFB68
 914 0004 40000000 		.4byte	.LFE68
 915 0008 00000000 		.4byte	.LFB69
 916 000c 68000000 		.4byte	.LFE69
 917 0010 00000000 		.4byte	0
 918 0014 00000000 		.4byte	0
 919              		.section	.debug_line,"",%progbits
 920              	.Ldebug_line0:
 921 0000 2D020000 		.section	.debug_str,"MS",%progbits,1
ARM GAS  C:\Users\THUNDE~1\AppData\Local\Temp\ccty4UGg.s 			page 20


 921      0200D401 
 921      00000201 
 921      FB0E0D00 
 921      01010101 
 922              	.LASF29:
 923 0000 696E666F 		.ascii	"informationID\000"
 923      726D6174 
 923      696F6E49 
 923      4400
 924              	.LASF47:
 925 000e 75785072 		.ascii	"uxPriority\000"
 925      696F7269 
 925      747900
 926              	.LASF42:
 927 0019 77726974 		.ascii	"write\000"
 927      6500
 928              	.LASF33:
 929 001f 6F626A65 		.ascii	"objectNumber\000"
 929      63744E75 
 929      6D626572 
 929      00
 930              	.LASF53:
 931 002c 7578466C 		.ascii	"uxFlashTaskNumber\000"
 931      61736854 
 931      61736B4E 
 931      756D6265 
 931      7200
 932              	.LASF5:
 933 003e 73686F72 		.ascii	"short int\000"
 933      7420696E 
 933      7400
 934              	.LASF13:
 935 0048 73697A65 		.ascii	"sizetype\000"
 935      74797065 
 935      00
 936              	.LASF21:
 937 0051 4D555445 		.ascii	"MUTEX\000"
 937      5800
 938              	.LASF46:
 939 0057 5461736B 		.ascii	"TaskHandle_t\000"
 939      48616E64 
 939      6C655F74 
 939      00
 940              	.LASF62:
 941 0064 76537461 		.ascii	"vStartLEDFlashTasks\000"
 941      72744C45 
 941      44466C61 
 941      73685461 
 941      736B7300 
 942              	.LASF30:
 943 0078 6F626A65 		.ascii	"objectType\000"
 943      63745479 
 943      706500
 944              	.LASF58:
 945 0083 474E5520 		.ascii	"GNU C11 5.4.1 20160609 (release) [ARM/embedded-5-br"
 945      43313120 
 945      352E342E 
ARM GAS  C:\Users\THUNDE~1\AppData\Local\Temp\ccty4UGg.s 			page 21


 945      31203230 
 945      31363036 
 946 00b6 616E6368 		.ascii	"anch revision 237715] -mcpu=cortex-m3 -mthumb -g -O"
 946      20726576 
 946      6973696F 
 946      6E203233 
 946      37373135 
 947 00e9 30202D66 		.ascii	"0 -ffunction-sections -ffat-lto-objects\000"
 947      66756E63 
 947      74696F6E 
 947      2D736563 
 947      74696F6E 
 948              	.LASF10:
 949 0111 5F5F7569 		.ascii	"__uint32_t\000"
 949      6E743332 
 949      5F7400
 950              	.LASF37:
 951 011c 6F626A65 		.ascii	"objectHeader\000"
 951      63744865 
 951      61646572 
 951      00
 952              	.LASF15:
 953 0129 75696E74 		.ascii	"uint8_t\000"
 953      385F7400 
 954              	.LASF59:
 955 0131 2E2E5C43 		.ascii	"..\\Common\\Minimal\\flash.c\000"
 955      6F6D6D6F 
 955      6E5C4D69 
 955      6E696D61 
 955      6C5C666C 
 956              	.LASF38:
 957 014b 6F626A65 		.ascii	"objectArray\000"
 957      63744172 
 957      72617900 
 958              	.LASF34:
 959 0157 6C656E4F 		.ascii	"lenObjectName\000"
 959      626A6563 
 959      744E616D 
 959      6500
 960              	.LASF50:
 961 0165 78466C61 		.ascii	"xFlashRate\000"
 961      73685261 
 961      746500
 962              	.LASF27:
 963 0170 4F626A65 		.ascii	"ObjectType\000"
 963      63745479 
 963      706500
 964              	.LASF31:
 965 017b 6C656E67 		.ascii	"length\000"
 965      746800
 966              	.LASF18:
 967 0182 666C6F61 		.ascii	"float\000"
 967      7400
 968              	.LASF36:
 969 0188 4F626A65 		.ascii	"Object\000"
 969      637400
 970              	.LASF41:
ARM GAS  C:\Users\THUNDE~1\AppData\Local\Temp\ccty4UGg.s 			page 22


 971 018f 72656164 		.ascii	"read\000"
 971      00
 972              	.LASF1:
 973 0194 6C6F6E67 		.ascii	"long long int\000"
 973      206C6F6E 
 973      6720696E 
 973      7400
 974              	.LASF45:
 975 01a2 5469636B 		.ascii	"TickType_t\000"
 975      54797065 
 975      5F7400
 976              	.LASF9:
 977 01ad 6C6F6E67 		.ascii	"long int\000"
 977      20696E74 
 977      00
 978              	.LASF55:
 979 01b6 736E6966 		.ascii	"sniffIDFilter\000"
 979      66494446 
 979      696C7465 
 979      7200
 980              	.LASF24:
 981 01c4 52454355 		.ascii	"RECURSIVE_MUTEX\000"
 981      52534956 
 981      455F4D55 
 981      54455800 
 982              	.LASF7:
 983 01d4 5F5F7569 		.ascii	"__uint8_t\000"
 983      6E74385F 
 983      7400
 984              	.LASF20:
 985 01de 51554555 		.ascii	"QUEUE\000"
 985      4500
 986              	.LASF22:
 987 01e4 434F554E 		.ascii	"COUNTING_SEMAPHORE\000"
 987      54494E47 
 987      5F53454D 
 987      4150484F 
 987      524500
 988              	.LASF35:
 989 01f7 6F626A65 		.ascii	"objectName\000"
 989      63744E61 
 989      6D6500
 990              	.LASF2:
 991 0202 6C6F6E67 		.ascii	"long double\000"
 991      20646F75 
 991      626C6500 
 992              	.LASF52:
 993 020e 75784C45 		.ascii	"uxLED\000"
 993      4400
 994              	.LASF4:
 995 0214 756E7369 		.ascii	"unsigned char\000"
 995      676E6564 
 995      20636861 
 995      7200
 996              	.LASF3:
 997 0222 7369676E 		.ascii	"signed char\000"
 997      65642063 
ARM GAS  C:\Users\THUNDE~1\AppData\Local\Temp\ccty4UGg.s 			page 23


 997      68617200 
 998              	.LASF12:
 999 022e 6C6F6E67 		.ascii	"long long unsigned int\000"
 999      206C6F6E 
 999      6720756E 
 999      7369676E 
 999      65642069 
 1000              	.LASF17:
 1001 0245 75696E74 		.ascii	"uint32_t\000"
 1001      33325F74 
 1001      00
 1002              	.LASF0:
 1003 024e 756E7369 		.ascii	"unsigned int\000"
 1003      676E6564 
 1003      20696E74 
 1003      00
 1004              	.LASF32:
 1005 025b 4F626A65 		.ascii	"ObjectListHeader\000"
 1005      63744C69 
 1005      73744865 
 1005      61646572 
 1005      00
 1006              	.LASF43:
 1007 026c 42617365 		.ascii	"BaseType_t\000"
 1007      54797065 
 1007      5F7400
 1008              	.LASF48:
 1009 0277 70765061 		.ascii	"pvParameters\000"
 1009      72616D65 
 1009      74657273 
 1009      00
 1010              	.LASF6:
 1011 0284 73686F72 		.ascii	"short unsigned int\000"
 1011      7420756E 
 1011      7369676E 
 1011      65642069 
 1011      6E7400
 1012              	.LASF14:
 1013 0297 63686172 		.ascii	"char\000"
 1013      00
 1014              	.LASF28:
 1015 029c 7061636B 		.ascii	"packetID\000"
 1015      65744944 
 1015      00
 1016              	.LASF16:
 1017 02a5 696E7433 		.ascii	"int32_t\000"
 1017      325F7400 
 1018              	.LASF44:
 1019 02ad 55426173 		.ascii	"UBaseType_t\000"
 1019      65547970 
 1019      655F7400 
 1020              	.LASF49:
 1021 02b9 784C4544 		.ascii	"xLEDTask\000"
 1021      5461736B 
 1021      00
 1022              	.LASF40:
 1023 02c2 64617461 		.ascii	"data\000"
ARM GAS  C:\Users\THUNDE~1\AppData\Local\Temp\ccty4UGg.s 			page 24


 1023      00
 1024              	.LASF56:
 1025 02c7 62756666 		.ascii	"buffer\000"
 1025      657200
 1026              	.LASF26:
 1027 02ce 4E554D42 		.ascii	"NUMBER_OF_OBJECTTYPES\000"
 1027      45525F4F 
 1027      465F4F42 
 1027      4A454354 
 1027      54595045 
 1028              	.LASF11:
 1029 02e4 6C6F6E67 		.ascii	"long unsigned int\000"
 1029      20756E73 
 1029      69676E65 
 1029      6420696E 
 1029      7400
 1030              	.LASF19:
 1031 02f6 646F7562 		.ascii	"double\000"
 1031      6C6500
 1032              	.LASF23:
 1033 02fd 42494E41 		.ascii	"BINARY_SEMAPHORE\000"
 1033      52595F53 
 1033      454D4150 
 1033      484F5245 
 1033      00
 1034              	.LASF57:
 1035 030e 6F626A65 		.ascii	"objectList\000"
 1035      63744C69 
 1035      737400
 1036              	.LASF51:
 1037 0319 784C6173 		.ascii	"xLastFlashTime\000"
 1037      74466C61 
 1037      73685469 
 1037      6D6500
 1038              	.LASF25:
 1039 0328 5441534B 		.ascii	"TASK\000"
 1039      00
 1040              	.LASF8:
 1041 032d 5F5F696E 		.ascii	"__int32_t\000"
 1041      7433325F 
 1041      7400
 1042              	.LASF39:
 1043 0337 4F626A65 		.ascii	"ObjectList\000"
 1043      63744C69 
 1043      737400
 1044              	.LASF54:
 1045 0342 49544D5F 		.ascii	"ITM_RxBuffer\000"
 1045      52784275 
 1045      66666572 
 1045      00
 1046              	.LASF61:
 1047 034f 42756666 		.ascii	"Buffer\000"
 1047      657200
 1048              	.LASF60:
 1049 0356 463A5C50 		.ascii	"F:\\Programme_Scripts\\PSOC Creator\\FreeRTOS\\Free"
 1049      726F6772 
 1049      616D6D65 
ARM GAS  C:\Users\THUNDE~1\AppData\Local\Temp\ccty4UGg.s 			page 25


 1049      5F536372 
 1049      69707473 
 1050 0385 52544F53 		.ascii	"RTOS_CY8CKIT_059-master\\FreeRTOS_Demo.cydsn\000"
 1050      5F435938 
 1050      434B4954 
 1050      5F303539 
 1050      2D6D6173 
 1051              	.LASF63:
 1052 03b1 764C4544 		.ascii	"vLEDFlashTask\000"
 1052      466C6173 
 1052      68546173 
 1052      6B00
 1053              		.ident	"GCC: (GNU Tools for ARM Embedded Processors) 5.4.1 20160609 (release) [ARM/embedded-5-bran
