ARM GAS  C:\Users\THUNDE~1\AppData\Local\Temp\ccczzpsy.s 			page 1


   1              		.syntax unified
   2              		.cpu cortex-m3
   3              		.fpu softvfp
   4              		.eabi_attribute 20, 1
   5              		.eabi_attribute 21, 1
   6              		.eabi_attribute 23, 3
   7              		.eabi_attribute 24, 1
   8              		.eabi_attribute 25, 1
   9              		.eabi_attribute 26, 1
  10              		.eabi_attribute 30, 6
  11              		.eabi_attribute 34, 1
  12              		.eabi_attribute 18, 4
  13              		.thumb
  14              		.syntax unified
  15              		.file	"High_Frequency_PWM_0_PM.c"
  16              		.text
  17              	.Ltext0:
  18              		.cfi_sections	.debug_frame
  19              		.bss
  20              		.align	2
  21              	High_Frequency_PWM_0_backup:
  22 0000 00000000 		.space	8
  22      00000000 
  23              		.section	.text.High_Frequency_PWM_0_SaveConfig,"ax",%progbits
  24              		.align	2
  25              		.global	High_Frequency_PWM_0_SaveConfig
  26              		.thumb
  27              		.thumb_func
  28              		.type	High_Frequency_PWM_0_SaveConfig, %function
  29              	High_Frequency_PWM_0_SaveConfig:
  30              	.LFB0:
  31              		.file 1 "Generated_Source\\PSoC5\\High_Frequency_PWM_0_PM.c"
   1:Generated_Source\PSoC5/High_Frequency_PWM_0_PM.c **** /*******************************************************************************
   2:Generated_Source\PSoC5/High_Frequency_PWM_0_PM.c **** * File Name: High_Frequency_PWM_0_PM.c
   3:Generated_Source\PSoC5/High_Frequency_PWM_0_PM.c **** * Version 3.30
   4:Generated_Source\PSoC5/High_Frequency_PWM_0_PM.c **** *
   5:Generated_Source\PSoC5/High_Frequency_PWM_0_PM.c **** * Description:
   6:Generated_Source\PSoC5/High_Frequency_PWM_0_PM.c **** *  This file provides the power management source code to API for the
   7:Generated_Source\PSoC5/High_Frequency_PWM_0_PM.c **** *  PWM.
   8:Generated_Source\PSoC5/High_Frequency_PWM_0_PM.c **** *
   9:Generated_Source\PSoC5/High_Frequency_PWM_0_PM.c **** * Note:
  10:Generated_Source\PSoC5/High_Frequency_PWM_0_PM.c **** *
  11:Generated_Source\PSoC5/High_Frequency_PWM_0_PM.c **** ********************************************************************************
  12:Generated_Source\PSoC5/High_Frequency_PWM_0_PM.c **** * Copyright 2008-2014, Cypress Semiconductor Corporation.  All rights reserved.
  13:Generated_Source\PSoC5/High_Frequency_PWM_0_PM.c **** * You may use this file only in accordance with the license, terms, conditions,
  14:Generated_Source\PSoC5/High_Frequency_PWM_0_PM.c **** * disclaimers, and limitations in the end user license agreement accompanying
  15:Generated_Source\PSoC5/High_Frequency_PWM_0_PM.c **** * the software package with which this file was provided.
  16:Generated_Source\PSoC5/High_Frequency_PWM_0_PM.c **** *******************************************************************************/
  17:Generated_Source\PSoC5/High_Frequency_PWM_0_PM.c **** 
  18:Generated_Source\PSoC5/High_Frequency_PWM_0_PM.c **** #include "High_Frequency_PWM_0.h"
  19:Generated_Source\PSoC5/High_Frequency_PWM_0_PM.c **** 
  20:Generated_Source\PSoC5/High_Frequency_PWM_0_PM.c **** static High_Frequency_PWM_0_backupStruct High_Frequency_PWM_0_backup;
  21:Generated_Source\PSoC5/High_Frequency_PWM_0_PM.c **** 
  22:Generated_Source\PSoC5/High_Frequency_PWM_0_PM.c **** 
  23:Generated_Source\PSoC5/High_Frequency_PWM_0_PM.c **** /*******************************************************************************
  24:Generated_Source\PSoC5/High_Frequency_PWM_0_PM.c **** * Function Name: High_Frequency_PWM_0_SaveConfig
  25:Generated_Source\PSoC5/High_Frequency_PWM_0_PM.c **** ********************************************************************************
ARM GAS  C:\Users\THUNDE~1\AppData\Local\Temp\ccczzpsy.s 			page 2


  26:Generated_Source\PSoC5/High_Frequency_PWM_0_PM.c **** *
  27:Generated_Source\PSoC5/High_Frequency_PWM_0_PM.c **** * Summary:
  28:Generated_Source\PSoC5/High_Frequency_PWM_0_PM.c **** *  Saves the current user configuration of the component.
  29:Generated_Source\PSoC5/High_Frequency_PWM_0_PM.c **** *
  30:Generated_Source\PSoC5/High_Frequency_PWM_0_PM.c **** * Parameters:
  31:Generated_Source\PSoC5/High_Frequency_PWM_0_PM.c **** *  None
  32:Generated_Source\PSoC5/High_Frequency_PWM_0_PM.c **** *
  33:Generated_Source\PSoC5/High_Frequency_PWM_0_PM.c **** * Return:
  34:Generated_Source\PSoC5/High_Frequency_PWM_0_PM.c **** *  None
  35:Generated_Source\PSoC5/High_Frequency_PWM_0_PM.c **** *
  36:Generated_Source\PSoC5/High_Frequency_PWM_0_PM.c **** * Global variables:
  37:Generated_Source\PSoC5/High_Frequency_PWM_0_PM.c **** *  High_Frequency_PWM_0_backup:  Variables of this global structure are modified to
  38:Generated_Source\PSoC5/High_Frequency_PWM_0_PM.c **** *  store the values of non retention configuration registers when Sleep() API is
  39:Generated_Source\PSoC5/High_Frequency_PWM_0_PM.c **** *  called.
  40:Generated_Source\PSoC5/High_Frequency_PWM_0_PM.c **** *
  41:Generated_Source\PSoC5/High_Frequency_PWM_0_PM.c **** *******************************************************************************/
  42:Generated_Source\PSoC5/High_Frequency_PWM_0_PM.c **** void High_Frequency_PWM_0_SaveConfig(void) 
  43:Generated_Source\PSoC5/High_Frequency_PWM_0_PM.c **** {
  32              		.loc 1 43 0
  33              		.cfi_startproc
  34              		@ args = 0, pretend = 0, frame = 0
  35              		@ frame_needed = 1, uses_anonymous_args = 0
  36 0000 80B5     		push	{r7, lr}
  37              		.cfi_def_cfa_offset 8
  38              		.cfi_offset 7, -8
  39              		.cfi_offset 14, -4
  40 0002 00AF     		add	r7, sp, #0
  41              		.cfi_def_cfa_register 7
  44:Generated_Source\PSoC5/High_Frequency_PWM_0_PM.c **** 
  45:Generated_Source\PSoC5/High_Frequency_PWM_0_PM.c ****     #if(!High_Frequency_PWM_0_UsingFixedFunction)
  46:Generated_Source\PSoC5/High_Frequency_PWM_0_PM.c ****         #if(!High_Frequency_PWM_0_PWMModeIsCenterAligned)
  47:Generated_Source\PSoC5/High_Frequency_PWM_0_PM.c ****             High_Frequency_PWM_0_backup.PWMPeriod = High_Frequency_PWM_0_ReadPeriod();
  42              		.loc 1 47 0
  43 0004 FFF7FEFF 		bl	High_Frequency_PWM_0_ReadPeriod
  44 0008 0346     		mov	r3, r0
  45 000a 1A46     		mov	r2, r3
  46 000c 0A4B     		ldr	r3, .L2
  47 000e 9A80     		strh	r2, [r3, #4]	@ movhi
  48:Generated_Source\PSoC5/High_Frequency_PWM_0_PM.c ****         #endif /* (!High_Frequency_PWM_0_PWMModeIsCenterAligned) */
  49:Generated_Source\PSoC5/High_Frequency_PWM_0_PM.c ****         High_Frequency_PWM_0_backup.PWMUdb = High_Frequency_PWM_0_ReadCounter();
  48              		.loc 1 49 0
  49 0010 FFF7FEFF 		bl	High_Frequency_PWM_0_ReadCounter
  50 0014 0346     		mov	r3, r0
  51 0016 1A46     		mov	r2, r3
  52 0018 074B     		ldr	r3, .L2
  53 001a 5A80     		strh	r2, [r3, #2]	@ movhi
  50:Generated_Source\PSoC5/High_Frequency_PWM_0_PM.c ****         #if (High_Frequency_PWM_0_UseStatus)
  51:Generated_Source\PSoC5/High_Frequency_PWM_0_PM.c ****             High_Frequency_PWM_0_backup.InterruptMaskValue = High_Frequency_PWM_0_STATUS_MASK;
  54              		.loc 1 51 0
  55 001c 074B     		ldr	r3, .L2+4
  56 001e 1B78     		ldrb	r3, [r3]
  57 0020 DAB2     		uxtb	r2, r3
  58 0022 054B     		ldr	r3, .L2
  59 0024 9A71     		strb	r2, [r3, #6]
  52:Generated_Source\PSoC5/High_Frequency_PWM_0_PM.c ****         #endif /* (High_Frequency_PWM_0_UseStatus) */
  53:Generated_Source\PSoC5/High_Frequency_PWM_0_PM.c **** 
  54:Generated_Source\PSoC5/High_Frequency_PWM_0_PM.c ****         #if(High_Frequency_PWM_0_DeadBandMode == High_Frequency_PWM_0__B_PWM__DBM_256_CLOCKS || \
ARM GAS  C:\Users\THUNDE~1\AppData\Local\Temp\ccczzpsy.s 			page 3


  55:Generated_Source\PSoC5/High_Frequency_PWM_0_PM.c ****             High_Frequency_PWM_0_DeadBandMode == High_Frequency_PWM_0__B_PWM__DBM_2_4_CLOCKS)
  56:Generated_Source\PSoC5/High_Frequency_PWM_0_PM.c ****             High_Frequency_PWM_0_backup.PWMdeadBandValue = High_Frequency_PWM_0_ReadDeadTime();
  57:Generated_Source\PSoC5/High_Frequency_PWM_0_PM.c ****         #endif /*  deadband count is either 2-4 clocks or 256 clocks */
  58:Generated_Source\PSoC5/High_Frequency_PWM_0_PM.c **** 
  59:Generated_Source\PSoC5/High_Frequency_PWM_0_PM.c ****         #if(High_Frequency_PWM_0_KillModeMinTime)
  60:Generated_Source\PSoC5/High_Frequency_PWM_0_PM.c ****              High_Frequency_PWM_0_backup.PWMKillCounterPeriod = High_Frequency_PWM_0_ReadKillTime()
  61:Generated_Source\PSoC5/High_Frequency_PWM_0_PM.c ****         #endif /* (High_Frequency_PWM_0_KillModeMinTime) */
  62:Generated_Source\PSoC5/High_Frequency_PWM_0_PM.c **** 
  63:Generated_Source\PSoC5/High_Frequency_PWM_0_PM.c ****         #if(High_Frequency_PWM_0_UseControl)
  64:Generated_Source\PSoC5/High_Frequency_PWM_0_PM.c ****             High_Frequency_PWM_0_backup.PWMControlRegister = High_Frequency_PWM_0_ReadControlRegist
  60              		.loc 1 64 0
  61 0026 FFF7FEFF 		bl	High_Frequency_PWM_0_ReadControlRegister
  62 002a 0346     		mov	r3, r0
  63 002c 1A46     		mov	r2, r3
  64 002e 024B     		ldr	r3, .L2
  65 0030 DA71     		strb	r2, [r3, #7]
  65:Generated_Source\PSoC5/High_Frequency_PWM_0_PM.c ****         #endif /* (High_Frequency_PWM_0_UseControl) */
  66:Generated_Source\PSoC5/High_Frequency_PWM_0_PM.c ****     #endif  /* (!High_Frequency_PWM_0_UsingFixedFunction) */
  67:Generated_Source\PSoC5/High_Frequency_PWM_0_PM.c **** }
  66              		.loc 1 67 0
  67 0032 00BF     		nop
  68 0034 80BD     		pop	{r7, pc}
  69              	.L3:
  70 0036 00BF     		.align	2
  71              	.L2:
  72 0038 00000000 		.word	High_Frequency_PWM_0_backup
  73 003c 86650040 		.word	1073767814
  74              		.cfi_endproc
  75              	.LFE0:
  76              		.size	High_Frequency_PWM_0_SaveConfig, .-High_Frequency_PWM_0_SaveConfig
  77              		.section	.text.High_Frequency_PWM_0_RestoreConfig,"ax",%progbits
  78              		.align	2
  79              		.global	High_Frequency_PWM_0_RestoreConfig
  80              		.thumb
  81              		.thumb_func
  82              		.type	High_Frequency_PWM_0_RestoreConfig, %function
  83              	High_Frequency_PWM_0_RestoreConfig:
  84              	.LFB1:
  68:Generated_Source\PSoC5/High_Frequency_PWM_0_PM.c **** 
  69:Generated_Source\PSoC5/High_Frequency_PWM_0_PM.c **** 
  70:Generated_Source\PSoC5/High_Frequency_PWM_0_PM.c **** /*******************************************************************************
  71:Generated_Source\PSoC5/High_Frequency_PWM_0_PM.c **** * Function Name: High_Frequency_PWM_0_RestoreConfig
  72:Generated_Source\PSoC5/High_Frequency_PWM_0_PM.c **** ********************************************************************************
  73:Generated_Source\PSoC5/High_Frequency_PWM_0_PM.c **** *
  74:Generated_Source\PSoC5/High_Frequency_PWM_0_PM.c **** * Summary:
  75:Generated_Source\PSoC5/High_Frequency_PWM_0_PM.c **** *  Restores the current user configuration of the component.
  76:Generated_Source\PSoC5/High_Frequency_PWM_0_PM.c **** *
  77:Generated_Source\PSoC5/High_Frequency_PWM_0_PM.c **** * Parameters:
  78:Generated_Source\PSoC5/High_Frequency_PWM_0_PM.c **** *  None
  79:Generated_Source\PSoC5/High_Frequency_PWM_0_PM.c **** *
  80:Generated_Source\PSoC5/High_Frequency_PWM_0_PM.c **** * Return:
  81:Generated_Source\PSoC5/High_Frequency_PWM_0_PM.c **** *  None
  82:Generated_Source\PSoC5/High_Frequency_PWM_0_PM.c **** *
  83:Generated_Source\PSoC5/High_Frequency_PWM_0_PM.c **** * Global variables:
  84:Generated_Source\PSoC5/High_Frequency_PWM_0_PM.c **** *  High_Frequency_PWM_0_backup:  Variables of this global structure are used to
  85:Generated_Source\PSoC5/High_Frequency_PWM_0_PM.c **** *  restore the values of non retention registers on wakeup from sleep mode.
  86:Generated_Source\PSoC5/High_Frequency_PWM_0_PM.c **** *
ARM GAS  C:\Users\THUNDE~1\AppData\Local\Temp\ccczzpsy.s 			page 4


  87:Generated_Source\PSoC5/High_Frequency_PWM_0_PM.c **** *******************************************************************************/
  88:Generated_Source\PSoC5/High_Frequency_PWM_0_PM.c **** void High_Frequency_PWM_0_RestoreConfig(void) 
  89:Generated_Source\PSoC5/High_Frequency_PWM_0_PM.c **** {
  85              		.loc 1 89 0
  86              		.cfi_startproc
  87              		@ args = 0, pretend = 0, frame = 0
  88              		@ frame_needed = 1, uses_anonymous_args = 0
  89 0000 80B5     		push	{r7, lr}
  90              		.cfi_def_cfa_offset 8
  91              		.cfi_offset 7, -8
  92              		.cfi_offset 14, -4
  93 0002 00AF     		add	r7, sp, #0
  94              		.cfi_def_cfa_register 7
  90:Generated_Source\PSoC5/High_Frequency_PWM_0_PM.c ****         #if(!High_Frequency_PWM_0_UsingFixedFunction)
  91:Generated_Source\PSoC5/High_Frequency_PWM_0_PM.c ****             #if(!High_Frequency_PWM_0_PWMModeIsCenterAligned)
  92:Generated_Source\PSoC5/High_Frequency_PWM_0_PM.c ****                 High_Frequency_PWM_0_WritePeriod(High_Frequency_PWM_0_backup.PWMPeriod);
  95              		.loc 1 92 0
  96 0004 0A4B     		ldr	r3, .L5
  97 0006 9B88     		ldrh	r3, [r3, #4]
  98 0008 1846     		mov	r0, r3
  99 000a FFF7FEFF 		bl	High_Frequency_PWM_0_WritePeriod
  93:Generated_Source\PSoC5/High_Frequency_PWM_0_PM.c ****             #endif /* (!High_Frequency_PWM_0_PWMModeIsCenterAligned) */
  94:Generated_Source\PSoC5/High_Frequency_PWM_0_PM.c **** 
  95:Generated_Source\PSoC5/High_Frequency_PWM_0_PM.c ****             High_Frequency_PWM_0_WriteCounter(High_Frequency_PWM_0_backup.PWMUdb);
 100              		.loc 1 95 0
 101 000e 084B     		ldr	r3, .L5
 102 0010 5B88     		ldrh	r3, [r3, #2]
 103 0012 1846     		mov	r0, r3
 104 0014 FFF7FEFF 		bl	High_Frequency_PWM_0_WriteCounter
  96:Generated_Source\PSoC5/High_Frequency_PWM_0_PM.c **** 
  97:Generated_Source\PSoC5/High_Frequency_PWM_0_PM.c ****             #if (High_Frequency_PWM_0_UseStatus)
  98:Generated_Source\PSoC5/High_Frequency_PWM_0_PM.c ****                 High_Frequency_PWM_0_STATUS_MASK = High_Frequency_PWM_0_backup.InterruptMaskValue;
 105              		.loc 1 98 0
 106 0018 064B     		ldr	r3, .L5+4
 107 001a 054A     		ldr	r2, .L5
 108 001c 9279     		ldrb	r2, [r2, #6]	@ zero_extendqisi2
 109 001e 1A70     		strb	r2, [r3]
  99:Generated_Source\PSoC5/High_Frequency_PWM_0_PM.c ****             #endif /* (High_Frequency_PWM_0_UseStatus) */
 100:Generated_Source\PSoC5/High_Frequency_PWM_0_PM.c **** 
 101:Generated_Source\PSoC5/High_Frequency_PWM_0_PM.c ****             #if(High_Frequency_PWM_0_DeadBandMode == High_Frequency_PWM_0__B_PWM__DBM_256_CLOCKS ||
 102:Generated_Source\PSoC5/High_Frequency_PWM_0_PM.c ****                 High_Frequency_PWM_0_DeadBandMode == High_Frequency_PWM_0__B_PWM__DBM_2_4_CLOCKS)
 103:Generated_Source\PSoC5/High_Frequency_PWM_0_PM.c ****                 High_Frequency_PWM_0_WriteDeadTime(High_Frequency_PWM_0_backup.PWMdeadBandValue);
 104:Generated_Source\PSoC5/High_Frequency_PWM_0_PM.c ****             #endif /* deadband count is either 2-4 clocks or 256 clocks */
 105:Generated_Source\PSoC5/High_Frequency_PWM_0_PM.c **** 
 106:Generated_Source\PSoC5/High_Frequency_PWM_0_PM.c ****             #if(High_Frequency_PWM_0_KillModeMinTime)
 107:Generated_Source\PSoC5/High_Frequency_PWM_0_PM.c ****                 High_Frequency_PWM_0_WriteKillTime(High_Frequency_PWM_0_backup.PWMKillCounterPeriod
 108:Generated_Source\PSoC5/High_Frequency_PWM_0_PM.c ****             #endif /* (High_Frequency_PWM_0_KillModeMinTime) */
 109:Generated_Source\PSoC5/High_Frequency_PWM_0_PM.c **** 
 110:Generated_Source\PSoC5/High_Frequency_PWM_0_PM.c ****             #if(High_Frequency_PWM_0_UseControl)
 111:Generated_Source\PSoC5/High_Frequency_PWM_0_PM.c ****                 High_Frequency_PWM_0_WriteControlRegister(High_Frequency_PWM_0_backup.PWMControlReg
 110              		.loc 1 111 0
 111 0020 034B     		ldr	r3, .L5
 112 0022 DB79     		ldrb	r3, [r3, #7]	@ zero_extendqisi2
 113 0024 1846     		mov	r0, r3
 114 0026 FFF7FEFF 		bl	High_Frequency_PWM_0_WriteControlRegister
 112:Generated_Source\PSoC5/High_Frequency_PWM_0_PM.c ****             #endif /* (High_Frequency_PWM_0_UseControl) */
 113:Generated_Source\PSoC5/High_Frequency_PWM_0_PM.c ****         #endif  /* (!High_Frequency_PWM_0_UsingFixedFunction) */
ARM GAS  C:\Users\THUNDE~1\AppData\Local\Temp\ccczzpsy.s 			page 5


 114:Generated_Source\PSoC5/High_Frequency_PWM_0_PM.c ****     }
 115              		.loc 1 114 0
 116 002a 00BF     		nop
 117 002c 80BD     		pop	{r7, pc}
 118              	.L6:
 119 002e 00BF     		.align	2
 120              	.L5:
 121 0030 00000000 		.word	High_Frequency_PWM_0_backup
 122 0034 86650040 		.word	1073767814
 123              		.cfi_endproc
 124              	.LFE1:
 125              		.size	High_Frequency_PWM_0_RestoreConfig, .-High_Frequency_PWM_0_RestoreConfig
 126              		.section	.text.High_Frequency_PWM_0_Sleep,"ax",%progbits
 127              		.align	2
 128              		.global	High_Frequency_PWM_0_Sleep
 129              		.thumb
 130              		.thumb_func
 131              		.type	High_Frequency_PWM_0_Sleep, %function
 132              	High_Frequency_PWM_0_Sleep:
 133              	.LFB2:
 115:Generated_Source\PSoC5/High_Frequency_PWM_0_PM.c **** 
 116:Generated_Source\PSoC5/High_Frequency_PWM_0_PM.c **** 
 117:Generated_Source\PSoC5/High_Frequency_PWM_0_PM.c **** /*******************************************************************************
 118:Generated_Source\PSoC5/High_Frequency_PWM_0_PM.c **** * Function Name: High_Frequency_PWM_0_Sleep
 119:Generated_Source\PSoC5/High_Frequency_PWM_0_PM.c **** ********************************************************************************
 120:Generated_Source\PSoC5/High_Frequency_PWM_0_PM.c **** *
 121:Generated_Source\PSoC5/High_Frequency_PWM_0_PM.c **** * Summary:
 122:Generated_Source\PSoC5/High_Frequency_PWM_0_PM.c **** *  Disables block's operation and saves the user configuration. Should be called
 123:Generated_Source\PSoC5/High_Frequency_PWM_0_PM.c **** *  just prior to entering sleep.
 124:Generated_Source\PSoC5/High_Frequency_PWM_0_PM.c **** *
 125:Generated_Source\PSoC5/High_Frequency_PWM_0_PM.c **** * Parameters:
 126:Generated_Source\PSoC5/High_Frequency_PWM_0_PM.c **** *  None
 127:Generated_Source\PSoC5/High_Frequency_PWM_0_PM.c **** *
 128:Generated_Source\PSoC5/High_Frequency_PWM_0_PM.c **** * Return:
 129:Generated_Source\PSoC5/High_Frequency_PWM_0_PM.c **** *  None
 130:Generated_Source\PSoC5/High_Frequency_PWM_0_PM.c **** *
 131:Generated_Source\PSoC5/High_Frequency_PWM_0_PM.c **** * Global variables:
 132:Generated_Source\PSoC5/High_Frequency_PWM_0_PM.c **** *  High_Frequency_PWM_0_backup.PWMEnableState:  Is modified depending on the enable
 133:Generated_Source\PSoC5/High_Frequency_PWM_0_PM.c **** *  state of the block before entering sleep mode.
 134:Generated_Source\PSoC5/High_Frequency_PWM_0_PM.c **** *
 135:Generated_Source\PSoC5/High_Frequency_PWM_0_PM.c **** *******************************************************************************/
 136:Generated_Source\PSoC5/High_Frequency_PWM_0_PM.c **** void High_Frequency_PWM_0_Sleep(void) 
 137:Generated_Source\PSoC5/High_Frequency_PWM_0_PM.c **** {
 134              		.loc 1 137 0
 135              		.cfi_startproc
 136              		@ args = 0, pretend = 0, frame = 0
 137              		@ frame_needed = 1, uses_anonymous_args = 0
 138 0000 80B5     		push	{r7, lr}
 139              		.cfi_def_cfa_offset 8
 140              		.cfi_offset 7, -8
 141              		.cfi_offset 14, -4
 142 0002 00AF     		add	r7, sp, #0
 143              		.cfi_def_cfa_register 7
 138:Generated_Source\PSoC5/High_Frequency_PWM_0_PM.c ****     #if(High_Frequency_PWM_0_UseControl)
 139:Generated_Source\PSoC5/High_Frequency_PWM_0_PM.c ****         if(High_Frequency_PWM_0_CTRL_ENABLE == (High_Frequency_PWM_0_CONTROL & High_Frequency_PWM_0
 144              		.loc 1 139 0
 145 0004 094B     		ldr	r3, .L10
ARM GAS  C:\Users\THUNDE~1\AppData\Local\Temp\ccczzpsy.s 			page 6


 146 0006 1B78     		ldrb	r3, [r3]
 147 0008 DBB2     		uxtb	r3, r3
 148 000a 5BB2     		sxtb	r3, r3
 149 000c 002B     		cmp	r3, #0
 150 000e 03DA     		bge	.L8
 140:Generated_Source\PSoC5/High_Frequency_PWM_0_PM.c ****         {
 141:Generated_Source\PSoC5/High_Frequency_PWM_0_PM.c ****             /*Component is enabled */
 142:Generated_Source\PSoC5/High_Frequency_PWM_0_PM.c ****             High_Frequency_PWM_0_backup.PWMEnableState = 1u;
 151              		.loc 1 142 0
 152 0010 074B     		ldr	r3, .L10+4
 153 0012 0122     		movs	r2, #1
 154 0014 1A70     		strb	r2, [r3]
 155 0016 02E0     		b	.L9
 156              	.L8:
 143:Generated_Source\PSoC5/High_Frequency_PWM_0_PM.c ****         }
 144:Generated_Source\PSoC5/High_Frequency_PWM_0_PM.c ****         else
 145:Generated_Source\PSoC5/High_Frequency_PWM_0_PM.c ****         {
 146:Generated_Source\PSoC5/High_Frequency_PWM_0_PM.c ****             /* Component is disabled */
 147:Generated_Source\PSoC5/High_Frequency_PWM_0_PM.c ****             High_Frequency_PWM_0_backup.PWMEnableState = 0u;
 157              		.loc 1 147 0
 158 0018 054B     		ldr	r3, .L10+4
 159 001a 0022     		movs	r2, #0
 160 001c 1A70     		strb	r2, [r3]
 161              	.L9:
 148:Generated_Source\PSoC5/High_Frequency_PWM_0_PM.c ****         }
 149:Generated_Source\PSoC5/High_Frequency_PWM_0_PM.c ****     #endif /* (High_Frequency_PWM_0_UseControl) */
 150:Generated_Source\PSoC5/High_Frequency_PWM_0_PM.c **** 
 151:Generated_Source\PSoC5/High_Frequency_PWM_0_PM.c ****     /* Stop component */
 152:Generated_Source\PSoC5/High_Frequency_PWM_0_PM.c ****     High_Frequency_PWM_0_Stop();
 162              		.loc 1 152 0
 163 001e FFF7FEFF 		bl	High_Frequency_PWM_0_Stop
 153:Generated_Source\PSoC5/High_Frequency_PWM_0_PM.c **** 
 154:Generated_Source\PSoC5/High_Frequency_PWM_0_PM.c ****     /* Save registers configuration */
 155:Generated_Source\PSoC5/High_Frequency_PWM_0_PM.c ****     High_Frequency_PWM_0_SaveConfig();
 164              		.loc 1 155 0
 165 0022 FFF7FEFF 		bl	High_Frequency_PWM_0_SaveConfig
 156:Generated_Source\PSoC5/High_Frequency_PWM_0_PM.c **** }
 166              		.loc 1 156 0
 167 0026 00BF     		nop
 168 0028 80BD     		pop	{r7, pc}
 169              	.L11:
 170 002a 00BF     		.align	2
 171              	.L10:
 172 002c 76650040 		.word	1073767798
 173 0030 00000000 		.word	High_Frequency_PWM_0_backup
 174              		.cfi_endproc
 175              	.LFE2:
 176              		.size	High_Frequency_PWM_0_Sleep, .-High_Frequency_PWM_0_Sleep
 177              		.section	.text.High_Frequency_PWM_0_Wakeup,"ax",%progbits
 178              		.align	2
 179              		.global	High_Frequency_PWM_0_Wakeup
 180              		.thumb
 181              		.thumb_func
 182              		.type	High_Frequency_PWM_0_Wakeup, %function
 183              	High_Frequency_PWM_0_Wakeup:
 184              	.LFB3:
 157:Generated_Source\PSoC5/High_Frequency_PWM_0_PM.c **** 
ARM GAS  C:\Users\THUNDE~1\AppData\Local\Temp\ccczzpsy.s 			page 7


 158:Generated_Source\PSoC5/High_Frequency_PWM_0_PM.c **** 
 159:Generated_Source\PSoC5/High_Frequency_PWM_0_PM.c **** /*******************************************************************************
 160:Generated_Source\PSoC5/High_Frequency_PWM_0_PM.c **** * Function Name: High_Frequency_PWM_0_Wakeup
 161:Generated_Source\PSoC5/High_Frequency_PWM_0_PM.c **** ********************************************************************************
 162:Generated_Source\PSoC5/High_Frequency_PWM_0_PM.c **** *
 163:Generated_Source\PSoC5/High_Frequency_PWM_0_PM.c **** * Summary:
 164:Generated_Source\PSoC5/High_Frequency_PWM_0_PM.c **** *  Restores and enables the user configuration. Should be called just after
 165:Generated_Source\PSoC5/High_Frequency_PWM_0_PM.c **** *  awaking from sleep.
 166:Generated_Source\PSoC5/High_Frequency_PWM_0_PM.c **** *
 167:Generated_Source\PSoC5/High_Frequency_PWM_0_PM.c **** * Parameters:
 168:Generated_Source\PSoC5/High_Frequency_PWM_0_PM.c **** *  None
 169:Generated_Source\PSoC5/High_Frequency_PWM_0_PM.c **** *
 170:Generated_Source\PSoC5/High_Frequency_PWM_0_PM.c **** * Return:
 171:Generated_Source\PSoC5/High_Frequency_PWM_0_PM.c **** *  None
 172:Generated_Source\PSoC5/High_Frequency_PWM_0_PM.c **** *
 173:Generated_Source\PSoC5/High_Frequency_PWM_0_PM.c **** * Global variables:
 174:Generated_Source\PSoC5/High_Frequency_PWM_0_PM.c **** *  High_Frequency_PWM_0_backup.pwmEnable:  Is used to restore the enable state of
 175:Generated_Source\PSoC5/High_Frequency_PWM_0_PM.c **** *  block on wakeup from sleep mode.
 176:Generated_Source\PSoC5/High_Frequency_PWM_0_PM.c **** *
 177:Generated_Source\PSoC5/High_Frequency_PWM_0_PM.c **** *******************************************************************************/
 178:Generated_Source\PSoC5/High_Frequency_PWM_0_PM.c **** void High_Frequency_PWM_0_Wakeup(void) 
 179:Generated_Source\PSoC5/High_Frequency_PWM_0_PM.c **** {
 185              		.loc 1 179 0
 186              		.cfi_startproc
 187              		@ args = 0, pretend = 0, frame = 0
 188              		@ frame_needed = 1, uses_anonymous_args = 0
 189 0000 80B5     		push	{r7, lr}
 190              		.cfi_def_cfa_offset 8
 191              		.cfi_offset 7, -8
 192              		.cfi_offset 14, -4
 193 0002 00AF     		add	r7, sp, #0
 194              		.cfi_def_cfa_register 7
 180:Generated_Source\PSoC5/High_Frequency_PWM_0_PM.c ****      /* Restore registers values */
 181:Generated_Source\PSoC5/High_Frequency_PWM_0_PM.c ****     High_Frequency_PWM_0_RestoreConfig();
 195              		.loc 1 181 0
 196 0004 FFF7FEFF 		bl	High_Frequency_PWM_0_RestoreConfig
 182:Generated_Source\PSoC5/High_Frequency_PWM_0_PM.c **** 
 183:Generated_Source\PSoC5/High_Frequency_PWM_0_PM.c ****     if(High_Frequency_PWM_0_backup.PWMEnableState != 0u)
 197              		.loc 1 183 0
 198 0008 034B     		ldr	r3, .L15
 199 000a 1B78     		ldrb	r3, [r3]	@ zero_extendqisi2
 200 000c 002B     		cmp	r3, #0
 201 000e 01D0     		beq	.L14
 184:Generated_Source\PSoC5/High_Frequency_PWM_0_PM.c ****     {
 185:Generated_Source\PSoC5/High_Frequency_PWM_0_PM.c ****         /* Enable component's operation */
 186:Generated_Source\PSoC5/High_Frequency_PWM_0_PM.c ****         High_Frequency_PWM_0_Enable();
 202              		.loc 1 186 0
 203 0010 FFF7FEFF 		bl	High_Frequency_PWM_0_Enable
 204              	.L14:
 187:Generated_Source\PSoC5/High_Frequency_PWM_0_PM.c ****     } /* Do nothing if component's block was disabled before */
 188:Generated_Source\PSoC5/High_Frequency_PWM_0_PM.c **** 
 189:Generated_Source\PSoC5/High_Frequency_PWM_0_PM.c **** }
 205              		.loc 1 189 0
 206 0014 00BF     		nop
 207 0016 80BD     		pop	{r7, pc}
 208              	.L16:
 209              		.align	2
ARM GAS  C:\Users\THUNDE~1\AppData\Local\Temp\ccczzpsy.s 			page 8


 210              	.L15:
 211 0018 00000000 		.word	High_Frequency_PWM_0_backup
 212              		.cfi_endproc
 213              	.LFE3:
 214              		.size	High_Frequency_PWM_0_Wakeup, .-High_Frequency_PWM_0_Wakeup
 215              		.text
 216              	.Letext0:
 217              		.file 2 "Generated_Source\\PSoC5\\cytypes.h"
 218              		.file 3 "Generated_Source\\PSoC5\\High_Frequency_PWM_0.h"
 219              		.section	.debug_info,"",%progbits
 220              	.Ldebug_info0:
 221 0000 59010000 		.4byte	0x159
 222 0004 0400     		.2byte	0x4
 223 0006 00000000 		.4byte	.Ldebug_abbrev0
 224 000a 04       		.byte	0x4
 225 000b 01       		.uleb128 0x1
 226 000c 47020000 		.4byte	.LASF27
 227 0010 0C       		.byte	0xc
 228 0011 A8010000 		.4byte	.LASF28
 229 0015 EC010000 		.4byte	.LASF29
 230 0019 00000000 		.4byte	.Ldebug_ranges0+0
 231 001d 00000000 		.4byte	0
 232 0021 00000000 		.4byte	.Ldebug_line0
 233 0025 02       		.uleb128 0x2
 234 0026 01       		.byte	0x1
 235 0027 06       		.byte	0x6
 236 0028 9C010000 		.4byte	.LASF0
 237 002c 02       		.uleb128 0x2
 238 002d 01       		.byte	0x1
 239 002e 08       		.byte	0x8
 240 002f 71000000 		.4byte	.LASF1
 241 0033 02       		.uleb128 0x2
 242 0034 02       		.byte	0x2
 243 0035 05       		.byte	0x5
 244 0036 7D010000 		.4byte	.LASF2
 245 003a 02       		.uleb128 0x2
 246 003b 02       		.byte	0x2
 247 003c 07       		.byte	0x7
 248 003d 16000000 		.4byte	.LASF3
 249 0041 02       		.uleb128 0x2
 250 0042 04       		.byte	0x4
 251 0043 05       		.byte	0x5
 252 0044 87010000 		.4byte	.LASF4
 253 0048 02       		.uleb128 0x2
 254 0049 04       		.byte	0x4
 255 004a 07       		.byte	0x7
 256 004b 8E000000 		.4byte	.LASF5
 257 004f 02       		.uleb128 0x2
 258 0050 08       		.byte	0x8
 259 0051 05       		.byte	0x5
 260 0052 6A010000 		.4byte	.LASF6
 261 0056 02       		.uleb128 0x2
 262 0057 08       		.byte	0x8
 263 0058 07       		.byte	0x7
 264 0059 2F010000 		.4byte	.LASF7
 265 005d 03       		.uleb128 0x3
 266 005e 04       		.byte	0x4
ARM GAS  C:\Users\THUNDE~1\AppData\Local\Temp\ccczzpsy.s 			page 9


 267 005f 05       		.byte	0x5
 268 0060 696E7400 		.ascii	"int\000"
 269 0064 02       		.uleb128 0x2
 270 0065 04       		.byte	0x4
 271 0066 07       		.byte	0x7
 272 0067 22010000 		.4byte	.LASF8
 273 006b 04       		.uleb128 0x4
 274 006c BC000000 		.4byte	.LASF9
 275 0070 02       		.byte	0x2
 276 0071 9201     		.2byte	0x192
 277 0073 2C000000 		.4byte	0x2c
 278 0077 04       		.uleb128 0x4
 279 0078 1B010000 		.4byte	.LASF10
 280 007c 02       		.byte	0x2
 281 007d 9301     		.2byte	0x193
 282 007f 3A000000 		.4byte	0x3a
 283 0083 02       		.uleb128 0x2
 284 0084 04       		.byte	0x4
 285 0085 04       		.byte	0x4
 286 0086 6B000000 		.4byte	.LASF11
 287 008a 02       		.uleb128 0x2
 288 008b 08       		.byte	0x8
 289 008c 04       		.byte	0x4
 290 008d D5000000 		.4byte	.LASF12
 291 0091 02       		.uleb128 0x2
 292 0092 01       		.byte	0x1
 293 0093 08       		.byte	0x8
 294 0094 78010000 		.4byte	.LASF13
 295 0098 04       		.uleb128 0x4
 296 0099 07000000 		.4byte	.LASF14
 297 009d 02       		.byte	0x2
 298 009e 3C02     		.2byte	0x23c
 299 00a0 A4000000 		.4byte	0xa4
 300 00a4 05       		.uleb128 0x5
 301 00a5 6B000000 		.4byte	0x6b
 302 00a9 02       		.uleb128 0x2
 303 00aa 08       		.byte	0x8
 304 00ab 04       		.byte	0x4
 305 00ac 90010000 		.4byte	.LASF15
 306 00b0 02       		.uleb128 0x2
 307 00b1 04       		.byte	0x4
 308 00b2 07       		.byte	0x7
 309 00b3 61010000 		.4byte	.LASF16
 310 00b7 06       		.uleb128 0x6
 311 00b8 08       		.byte	0x8
 312 00b9 03       		.byte	0x3
 313 00ba 6B       		.byte	0x6b
 314 00bb FC000000 		.4byte	0xfc
 315 00bf 07       		.uleb128 0x7
 316 00c0 7F000000 		.4byte	.LASF17
 317 00c4 03       		.byte	0x3
 318 00c5 6E       		.byte	0x6e
 319 00c6 6B000000 		.4byte	0x6b
 320 00ca 00       		.byte	0
 321 00cb 07       		.uleb128 0x7
 322 00cc 00000000 		.4byte	.LASF18
 323 00d0 03       		.byte	0x3
ARM GAS  C:\Users\THUNDE~1\AppData\Local\Temp\ccczzpsy.s 			page 10


 324 00d1 71       		.byte	0x71
 325 00d2 77000000 		.4byte	0x77
 326 00d6 02       		.byte	0x2
 327 00d7 07       		.uleb128 0x7
 328 00d8 0C000000 		.4byte	.LASF19
 329 00dc 03       		.byte	0x3
 330 00dd 73       		.byte	0x73
 331 00de 77000000 		.4byte	0x77
 332 00e2 04       		.byte	0x4
 333 00e3 07       		.uleb128 0x7
 334 00e4 D9010000 		.4byte	.LASF20
 335 00e8 03       		.byte	0x3
 336 00e9 76       		.byte	0x76
 337 00ea 6B000000 		.4byte	0x6b
 338 00ee 06       		.byte	0x6
 339 00ef 07       		.uleb128 0x7
 340 00f0 C2000000 		.4byte	.LASF21
 341 00f4 03       		.byte	0x3
 342 00f5 86       		.byte	0x86
 343 00f6 6B000000 		.4byte	0x6b
 344 00fa 07       		.byte	0x7
 345 00fb 00       		.byte	0
 346 00fc 08       		.uleb128 0x8
 347 00fd 49000000 		.4byte	.LASF22
 348 0101 03       		.byte	0x3
 349 0102 8B       		.byte	0x8b
 350 0103 B7000000 		.4byte	0xb7
 351 0107 09       		.uleb128 0x9
 352 0108 29000000 		.4byte	.LASF23
 353 010c 01       		.byte	0x1
 354 010d 2A       		.byte	0x2a
 355 010e 00000000 		.4byte	.LFB0
 356 0112 40000000 		.4byte	.LFE0-.LFB0
 357 0116 01       		.uleb128 0x1
 358 0117 9C       		.byte	0x9c
 359 0118 09       		.uleb128 0x9
 360 0119 F8000000 		.4byte	.LASF24
 361 011d 01       		.byte	0x1
 362 011e 58       		.byte	0x58
 363 011f 00000000 		.4byte	.LFB1
 364 0123 38000000 		.4byte	.LFE1-.LFB1
 365 0127 01       		.uleb128 0x1
 366 0128 9C       		.byte	0x9c
 367 0129 09       		.uleb128 0x9
 368 012a 46010000 		.4byte	.LASF25
 369 012e 01       		.byte	0x1
 370 012f 88       		.byte	0x88
 371 0130 00000000 		.4byte	.LFB2
 372 0134 34000000 		.4byte	.LFE2-.LFB2
 373 0138 01       		.uleb128 0x1
 374 0139 9C       		.byte	0x9c
 375 013a 09       		.uleb128 0x9
 376 013b DC000000 		.4byte	.LASF26
 377 013f 01       		.byte	0x1
 378 0140 B2       		.byte	0xb2
 379 0141 00000000 		.4byte	.LFB3
 380 0145 1C000000 		.4byte	.LFE3-.LFB3
ARM GAS  C:\Users\THUNDE~1\AppData\Local\Temp\ccczzpsy.s 			page 11


 381 0149 01       		.uleb128 0x1
 382 014a 9C       		.byte	0x9c
 383 014b 0A       		.uleb128 0xa
 384 014c A0000000 		.4byte	.LASF30
 385 0150 01       		.byte	0x1
 386 0151 14       		.byte	0x14
 387 0152 FC000000 		.4byte	0xfc
 388 0156 05       		.uleb128 0x5
 389 0157 03       		.byte	0x3
 390 0158 00000000 		.4byte	High_Frequency_PWM_0_backup
 391 015c 00       		.byte	0
 392              		.section	.debug_abbrev,"",%progbits
 393              	.Ldebug_abbrev0:
 394 0000 01       		.uleb128 0x1
 395 0001 11       		.uleb128 0x11
 396 0002 01       		.byte	0x1
 397 0003 25       		.uleb128 0x25
 398 0004 0E       		.uleb128 0xe
 399 0005 13       		.uleb128 0x13
 400 0006 0B       		.uleb128 0xb
 401 0007 03       		.uleb128 0x3
 402 0008 0E       		.uleb128 0xe
 403 0009 1B       		.uleb128 0x1b
 404 000a 0E       		.uleb128 0xe
 405 000b 55       		.uleb128 0x55
 406 000c 17       		.uleb128 0x17
 407 000d 11       		.uleb128 0x11
 408 000e 01       		.uleb128 0x1
 409 000f 10       		.uleb128 0x10
 410 0010 17       		.uleb128 0x17
 411 0011 00       		.byte	0
 412 0012 00       		.byte	0
 413 0013 02       		.uleb128 0x2
 414 0014 24       		.uleb128 0x24
 415 0015 00       		.byte	0
 416 0016 0B       		.uleb128 0xb
 417 0017 0B       		.uleb128 0xb
 418 0018 3E       		.uleb128 0x3e
 419 0019 0B       		.uleb128 0xb
 420 001a 03       		.uleb128 0x3
 421 001b 0E       		.uleb128 0xe
 422 001c 00       		.byte	0
 423 001d 00       		.byte	0
 424 001e 03       		.uleb128 0x3
 425 001f 24       		.uleb128 0x24
 426 0020 00       		.byte	0
 427 0021 0B       		.uleb128 0xb
 428 0022 0B       		.uleb128 0xb
 429 0023 3E       		.uleb128 0x3e
 430 0024 0B       		.uleb128 0xb
 431 0025 03       		.uleb128 0x3
 432 0026 08       		.uleb128 0x8
 433 0027 00       		.byte	0
 434 0028 00       		.byte	0
 435 0029 04       		.uleb128 0x4
 436 002a 16       		.uleb128 0x16
 437 002b 00       		.byte	0
ARM GAS  C:\Users\THUNDE~1\AppData\Local\Temp\ccczzpsy.s 			page 12


 438 002c 03       		.uleb128 0x3
 439 002d 0E       		.uleb128 0xe
 440 002e 3A       		.uleb128 0x3a
 441 002f 0B       		.uleb128 0xb
 442 0030 3B       		.uleb128 0x3b
 443 0031 05       		.uleb128 0x5
 444 0032 49       		.uleb128 0x49
 445 0033 13       		.uleb128 0x13
 446 0034 00       		.byte	0
 447 0035 00       		.byte	0
 448 0036 05       		.uleb128 0x5
 449 0037 35       		.uleb128 0x35
 450 0038 00       		.byte	0
 451 0039 49       		.uleb128 0x49
 452 003a 13       		.uleb128 0x13
 453 003b 00       		.byte	0
 454 003c 00       		.byte	0
 455 003d 06       		.uleb128 0x6
 456 003e 13       		.uleb128 0x13
 457 003f 01       		.byte	0x1
 458 0040 0B       		.uleb128 0xb
 459 0041 0B       		.uleb128 0xb
 460 0042 3A       		.uleb128 0x3a
 461 0043 0B       		.uleb128 0xb
 462 0044 3B       		.uleb128 0x3b
 463 0045 0B       		.uleb128 0xb
 464 0046 01       		.uleb128 0x1
 465 0047 13       		.uleb128 0x13
 466 0048 00       		.byte	0
 467 0049 00       		.byte	0
 468 004a 07       		.uleb128 0x7
 469 004b 0D       		.uleb128 0xd
 470 004c 00       		.byte	0
 471 004d 03       		.uleb128 0x3
 472 004e 0E       		.uleb128 0xe
 473 004f 3A       		.uleb128 0x3a
 474 0050 0B       		.uleb128 0xb
 475 0051 3B       		.uleb128 0x3b
 476 0052 0B       		.uleb128 0xb
 477 0053 49       		.uleb128 0x49
 478 0054 13       		.uleb128 0x13
 479 0055 38       		.uleb128 0x38
 480 0056 0B       		.uleb128 0xb
 481 0057 00       		.byte	0
 482 0058 00       		.byte	0
 483 0059 08       		.uleb128 0x8
 484 005a 16       		.uleb128 0x16
 485 005b 00       		.byte	0
 486 005c 03       		.uleb128 0x3
 487 005d 0E       		.uleb128 0xe
 488 005e 3A       		.uleb128 0x3a
 489 005f 0B       		.uleb128 0xb
 490 0060 3B       		.uleb128 0x3b
 491 0061 0B       		.uleb128 0xb
 492 0062 49       		.uleb128 0x49
 493 0063 13       		.uleb128 0x13
 494 0064 00       		.byte	0
ARM GAS  C:\Users\THUNDE~1\AppData\Local\Temp\ccczzpsy.s 			page 13


 495 0065 00       		.byte	0
 496 0066 09       		.uleb128 0x9
 497 0067 2E       		.uleb128 0x2e
 498 0068 00       		.byte	0
 499 0069 3F       		.uleb128 0x3f
 500 006a 19       		.uleb128 0x19
 501 006b 03       		.uleb128 0x3
 502 006c 0E       		.uleb128 0xe
 503 006d 3A       		.uleb128 0x3a
 504 006e 0B       		.uleb128 0xb
 505 006f 3B       		.uleb128 0x3b
 506 0070 0B       		.uleb128 0xb
 507 0071 27       		.uleb128 0x27
 508 0072 19       		.uleb128 0x19
 509 0073 11       		.uleb128 0x11
 510 0074 01       		.uleb128 0x1
 511 0075 12       		.uleb128 0x12
 512 0076 06       		.uleb128 0x6
 513 0077 40       		.uleb128 0x40
 514 0078 18       		.uleb128 0x18
 515 0079 9642     		.uleb128 0x2116
 516 007b 19       		.uleb128 0x19
 517 007c 00       		.byte	0
 518 007d 00       		.byte	0
 519 007e 0A       		.uleb128 0xa
 520 007f 34       		.uleb128 0x34
 521 0080 00       		.byte	0
 522 0081 03       		.uleb128 0x3
 523 0082 0E       		.uleb128 0xe
 524 0083 3A       		.uleb128 0x3a
 525 0084 0B       		.uleb128 0xb
 526 0085 3B       		.uleb128 0x3b
 527 0086 0B       		.uleb128 0xb
 528 0087 49       		.uleb128 0x49
 529 0088 13       		.uleb128 0x13
 530 0089 02       		.uleb128 0x2
 531 008a 18       		.uleb128 0x18
 532 008b 00       		.byte	0
 533 008c 00       		.byte	0
 534 008d 00       		.byte	0
 535              		.section	.debug_aranges,"",%progbits
 536 0000 34000000 		.4byte	0x34
 537 0004 0200     		.2byte	0x2
 538 0006 00000000 		.4byte	.Ldebug_info0
 539 000a 04       		.byte	0x4
 540 000b 00       		.byte	0
 541 000c 0000     		.2byte	0
 542 000e 0000     		.2byte	0
 543 0010 00000000 		.4byte	.LFB0
 544 0014 40000000 		.4byte	.LFE0-.LFB0
 545 0018 00000000 		.4byte	.LFB1
 546 001c 38000000 		.4byte	.LFE1-.LFB1
 547 0020 00000000 		.4byte	.LFB2
 548 0024 34000000 		.4byte	.LFE2-.LFB2
 549 0028 00000000 		.4byte	.LFB3
 550 002c 1C000000 		.4byte	.LFE3-.LFB3
 551 0030 00000000 		.4byte	0
ARM GAS  C:\Users\THUNDE~1\AppData\Local\Temp\ccczzpsy.s 			page 14


 552 0034 00000000 		.4byte	0
 553              		.section	.debug_ranges,"",%progbits
 554              	.Ldebug_ranges0:
 555 0000 00000000 		.4byte	.LFB0
 556 0004 40000000 		.4byte	.LFE0
 557 0008 00000000 		.4byte	.LFB1
 558 000c 38000000 		.4byte	.LFE1
 559 0010 00000000 		.4byte	.LFB2
 560 0014 34000000 		.4byte	.LFE2
 561 0018 00000000 		.4byte	.LFB3
 562 001c 1C000000 		.4byte	.LFE3
 563 0020 00000000 		.4byte	0
 564 0024 00000000 		.4byte	0
 565              		.section	.debug_line,"",%progbits
 566              	.Ldebug_line0:
 567 0000 CB000000 		.section	.debug_str,"MS",%progbits,1
 567      02006E00 
 567      00000201 
 567      FB0E0D00 
 567      01010101 
 568              	.LASF18:
 569 0000 50574D55 		.ascii	"PWMUdb\000"
 569      646200
 570              	.LASF14:
 571 0007 72656738 		.ascii	"reg8\000"
 571      00
 572              	.LASF19:
 573 000c 50574D50 		.ascii	"PWMPeriod\000"
 573      6572696F 
 573      6400
 574              	.LASF3:
 575 0016 73686F72 		.ascii	"short unsigned int\000"
 575      7420756E 
 575      7369676E 
 575      65642069 
 575      6E7400
 576              	.LASF23:
 577 0029 48696768 		.ascii	"High_Frequency_PWM_0_SaveConfig\000"
 577      5F467265 
 577      7175656E 
 577      63795F50 
 577      574D5F30 
 578              	.LASF22:
 579 0049 48696768 		.ascii	"High_Frequency_PWM_0_backupStruct\000"
 579      5F467265 
 579      7175656E 
 579      63795F50 
 579      574D5F30 
 580              	.LASF11:
 581 006b 666C6F61 		.ascii	"float\000"
 581      7400
 582              	.LASF1:
 583 0071 756E7369 		.ascii	"unsigned char\000"
 583      676E6564 
 583      20636861 
 583      7200
 584              	.LASF17:
ARM GAS  C:\Users\THUNDE~1\AppData\Local\Temp\ccczzpsy.s 			page 15


 585 007f 50574D45 		.ascii	"PWMEnableState\000"
 585      6E61626C 
 585      65537461 
 585      746500
 586              	.LASF5:
 587 008e 6C6F6E67 		.ascii	"long unsigned int\000"
 587      20756E73 
 587      69676E65 
 587      6420696E 
 587      7400
 588              	.LASF30:
 589 00a0 48696768 		.ascii	"High_Frequency_PWM_0_backup\000"
 589      5F467265 
 589      7175656E 
 589      63795F50 
 589      574D5F30 
 590              	.LASF9:
 591 00bc 75696E74 		.ascii	"uint8\000"
 591      3800
 592              	.LASF21:
 593 00c2 50574D43 		.ascii	"PWMControlRegister\000"
 593      6F6E7472 
 593      6F6C5265 
 593      67697374 
 593      657200
 594              	.LASF12:
 595 00d5 646F7562 		.ascii	"double\000"
 595      6C6500
 596              	.LASF26:
 597 00dc 48696768 		.ascii	"High_Frequency_PWM_0_Wakeup\000"
 597      5F467265 
 597      7175656E 
 597      63795F50 
 597      574D5F30 
 598              	.LASF24:
 599 00f8 48696768 		.ascii	"High_Frequency_PWM_0_RestoreConfig\000"
 599      5F467265 
 599      7175656E 
 599      63795F50 
 599      574D5F30 
 600              	.LASF10:
 601 011b 75696E74 		.ascii	"uint16\000"
 601      313600
 602              	.LASF8:
 603 0122 756E7369 		.ascii	"unsigned int\000"
 603      676E6564 
 603      20696E74 
 603      00
 604              	.LASF7:
 605 012f 6C6F6E67 		.ascii	"long long unsigned int\000"
 605      206C6F6E 
 605      6720756E 
 605      7369676E 
 605      65642069 
 606              	.LASF25:
 607 0146 48696768 		.ascii	"High_Frequency_PWM_0_Sleep\000"
 607      5F467265 
ARM GAS  C:\Users\THUNDE~1\AppData\Local\Temp\ccczzpsy.s 			page 16


 607      7175656E 
 607      63795F50 
 607      574D5F30 
 608              	.LASF16:
 609 0161 73697A65 		.ascii	"sizetype\000"
 609      74797065 
 609      00
 610              	.LASF6:
 611 016a 6C6F6E67 		.ascii	"long long int\000"
 611      206C6F6E 
 611      6720696E 
 611      7400
 612              	.LASF13:
 613 0178 63686172 		.ascii	"char\000"
 613      00
 614              	.LASF2:
 615 017d 73686F72 		.ascii	"short int\000"
 615      7420696E 
 615      7400
 616              	.LASF4:
 617 0187 6C6F6E67 		.ascii	"long int\000"
 617      20696E74 
 617      00
 618              	.LASF15:
 619 0190 6C6F6E67 		.ascii	"long double\000"
 619      20646F75 
 619      626C6500 
 620              	.LASF0:
 621 019c 7369676E 		.ascii	"signed char\000"
 621      65642063 
 621      68617200 
 622              	.LASF28:
 623 01a8 47656E65 		.ascii	"Generated_Source\\PSoC5\\High_Frequency_PWM_0_PM.c\000"
 623      72617465 
 623      645F536F 
 623      75726365 
 623      5C50536F 
 624              	.LASF20:
 625 01d9 496E7465 		.ascii	"InterruptMaskValue\000"
 625      72727570 
 625      744D6173 
 625      6B56616C 
 625      756500
 626              	.LASF29:
 627 01ec 463A5C50 		.ascii	"F:\\Programme_Scripts\\PSOC Creator\\FreeRTOS\\Free"
 627      726F6772 
 627      616D6D65 
 627      5F536372 
 627      69707473 
 628 021b 52544F53 		.ascii	"RTOS_CY8CKIT_059-master\\FreeRTOS_Demo.cydsn\000"
 628      5F435938 
 628      434B4954 
 628      5F303539 
 628      2D6D6173 
 629              	.LASF27:
 630 0247 474E5520 		.ascii	"GNU C11 5.4.1 20160609 (release) [ARM/embedded-5-br"
 630      43313120 
ARM GAS  C:\Users\THUNDE~1\AppData\Local\Temp\ccczzpsy.s 			page 17


 630      352E342E 
 630      31203230 
 630      31363036 
 631 027a 616E6368 		.ascii	"anch revision 237715] -mcpu=cortex-m3 -mthumb -g -O"
 631      20726576 
 631      6973696F 
 631      6E203233 
 631      37373135 
 632 02ad 30202D66 		.ascii	"0 -ffunction-sections -ffat-lto-objects\000"
 632      66756E63 
 632      74696F6E 
 632      2D736563 
 632      74696F6E 
 633              		.ident	"GCC: (GNU Tools for ARM Embedded Processors) 5.4.1 20160609 (release) [ARM/embedded-5-bran
