ARM GAS  C:\Users\THUNDE~1\AppData\Local\Temp\ccIjxufA.s 			page 1


   1              		.syntax unified
   2              		.cpu cortex-m3
   3              		.fpu softvfp
   4              		.eabi_attribute 20, 1
   5              		.eabi_attribute 21, 1
   6              		.eabi_attribute 23, 3
   7              		.eabi_attribute 24, 1
   8              		.eabi_attribute 25, 1
   9              		.eabi_attribute 26, 1
  10              		.eabi_attribute 30, 6
  11              		.eabi_attribute 34, 1
  12              		.eabi_attribute 18, 4
  13              		.thumb
  14              		.syntax unified
  15              		.file	"list.c"
  16              		.text
  17              	.Ltext0:
  18              		.cfi_sections	.debug_frame
  19              		.comm	sniffIDFilter,13,4
  20              		.comm	buffer,4098,4
  21              		.comm	objectList,1704,4
  22              		.section	.text.vListInitialise,"ax",%progbits
  23              		.align	2
  24              		.global	vListInitialise
  25              		.thumb
  26              		.thumb_func
  27              		.type	vListInitialise, %function
  28              	vListInitialise:
  29              	.LFB68:
  30              		.file 1 "..\\Source\\list.c"
   1:..\Source/list.c **** /*
   2:..\Source/list.c ****     FreeRTOS V9.0.0 - Copyright (C) 2016 Real Time Engineers Ltd.
   3:..\Source/list.c ****     All rights reserved
   4:..\Source/list.c **** 
   5:..\Source/list.c ****     VISIT http://www.FreeRTOS.org TO ENSURE YOU ARE USING THE LATEST VERSION.
   6:..\Source/list.c **** 
   7:..\Source/list.c ****     This file is part of the FreeRTOS distribution.
   8:..\Source/list.c **** 
   9:..\Source/list.c ****     FreeRTOS is free software; you can redistribute it and/or modify it under
  10:..\Source/list.c ****     the terms of the GNU General Public License (version 2) as published by the
  11:..\Source/list.c ****     Free Software Foundation >>>> AND MODIFIED BY <<<< the FreeRTOS exception.
  12:..\Source/list.c **** 
  13:..\Source/list.c ****     ***************************************************************************
  14:..\Source/list.c ****     >>!   NOTE: The modification to the GPL is included to allow you to     !<<
  15:..\Source/list.c ****     >>!   distribute a combined work that includes FreeRTOS without being   !<<
  16:..\Source/list.c ****     >>!   obliged to provide the source code for proprietary components     !<<
  17:..\Source/list.c ****     >>!   outside of the FreeRTOS kernel.                                   !<<
  18:..\Source/list.c ****     ***************************************************************************
  19:..\Source/list.c **** 
  20:..\Source/list.c ****     FreeRTOS is distributed in the hope that it will be useful, but WITHOUT ANY
  21:..\Source/list.c ****     WARRANTY; without even the implied warranty of MERCHANTABILITY or FITNESS
  22:..\Source/list.c ****     FOR A PARTICULAR PURPOSE.  Full license text is available on the following
  23:..\Source/list.c ****     link: http://www.freertos.org/a00114.html
  24:..\Source/list.c **** 
  25:..\Source/list.c ****     ***************************************************************************
  26:..\Source/list.c ****      *                                                                       *
  27:..\Source/list.c ****      *    FreeRTOS provides completely free yet professionally developed,    *
ARM GAS  C:\Users\THUNDE~1\AppData\Local\Temp\ccIjxufA.s 			page 2


  28:..\Source/list.c ****      *    robust, strictly quality controlled, supported, and cross          *
  29:..\Source/list.c ****      *    platform software that is more than just the market leader, it     *
  30:..\Source/list.c ****      *    is the industry's de facto standard.                               *
  31:..\Source/list.c ****      *                                                                       *
  32:..\Source/list.c ****      *    Help yourself get started quickly while simultaneously helping     *
  33:..\Source/list.c ****      *    to support the FreeRTOS project by purchasing a FreeRTOS           *
  34:..\Source/list.c ****      *    tutorial book, reference manual, or both:                          *
  35:..\Source/list.c ****      *    http://www.FreeRTOS.org/Documentation                              *
  36:..\Source/list.c ****      *                                                                       *
  37:..\Source/list.c ****     ***************************************************************************
  38:..\Source/list.c **** 
  39:..\Source/list.c ****     http://www.FreeRTOS.org/FAQHelp.html - Having a problem?  Start by reading
  40:..\Source/list.c ****     the FAQ page "My application does not run, what could be wrong?".  Have you
  41:..\Source/list.c ****     defined configASSERT()?
  42:..\Source/list.c **** 
  43:..\Source/list.c ****     http://www.FreeRTOS.org/support - In return for receiving this top quality
  44:..\Source/list.c ****     embedded software for free we request you assist our global community by
  45:..\Source/list.c ****     participating in the support forum.
  46:..\Source/list.c **** 
  47:..\Source/list.c ****     http://www.FreeRTOS.org/training - Investing in training allows your team to
  48:..\Source/list.c ****     be as productive as possible as early as possible.  Now you can receive
  49:..\Source/list.c ****     FreeRTOS training directly from Richard Barry, CEO of Real Time Engineers
  50:..\Source/list.c ****     Ltd, and the world's leading authority on the world's leading RTOS.
  51:..\Source/list.c **** 
  52:..\Source/list.c ****     http://www.FreeRTOS.org/plus - A selection of FreeRTOS ecosystem products,
  53:..\Source/list.c ****     including FreeRTOS+Trace - an indispensable productivity tool, a DOS
  54:..\Source/list.c ****     compatible FAT file system, and our tiny thread aware UDP/IP stack.
  55:..\Source/list.c **** 
  56:..\Source/list.c ****     http://www.FreeRTOS.org/labs - Where new FreeRTOS products go to incubate.
  57:..\Source/list.c ****     Come and try FreeRTOS+TCP, our new open source TCP/IP stack for FreeRTOS.
  58:..\Source/list.c **** 
  59:..\Source/list.c ****     http://www.OpenRTOS.com - Real Time Engineers ltd. license FreeRTOS to High
  60:..\Source/list.c ****     Integrity Systems ltd. to sell under the OpenRTOS brand.  Low cost OpenRTOS
  61:..\Source/list.c ****     licenses offer ticketed support, indemnification and commercial middleware.
  62:..\Source/list.c **** 
  63:..\Source/list.c ****     http://www.SafeRTOS.com - High Integrity Systems also provide a safety
  64:..\Source/list.c ****     engineered and independently SIL3 certified version for use in safety and
  65:..\Source/list.c ****     mission critical applications that require provable dependability.
  66:..\Source/list.c **** 
  67:..\Source/list.c ****     1 tab == 4 spaces!
  68:..\Source/list.c **** */
  69:..\Source/list.c **** 
  70:..\Source/list.c **** 
  71:..\Source/list.c **** #include <stdlib.h>
  72:..\Source/list.c **** #include "FreeRTOS.h"
  73:..\Source/list.c **** #include "list.h"
  74:..\Source/list.c **** 
  75:..\Source/list.c **** /*-----------------------------------------------------------
  76:..\Source/list.c ****  * PUBLIC LIST API documented in list.h
  77:..\Source/list.c ****  *----------------------------------------------------------*/
  78:..\Source/list.c **** 
  79:..\Source/list.c **** void vListInitialise( List_t * const pxList )
  80:..\Source/list.c **** {
  31              		.loc 1 80 0
  32              		.cfi_startproc
  33              		@ args = 0, pretend = 0, frame = 8
  34              		@ frame_needed = 1, uses_anonymous_args = 0
ARM GAS  C:\Users\THUNDE~1\AppData\Local\Temp\ccIjxufA.s 			page 3


  35              		@ link register save eliminated.
  36 0000 80B4     		push	{r7}
  37              		.cfi_def_cfa_offset 4
  38              		.cfi_offset 7, -4
  39 0002 83B0     		sub	sp, sp, #12
  40              		.cfi_def_cfa_offset 16
  41 0004 00AF     		add	r7, sp, #0
  42              		.cfi_def_cfa_register 7
  43 0006 7860     		str	r0, [r7, #4]
  81:..\Source/list.c **** 	/* The list structure contains a list item which is used to mark the
  82:..\Source/list.c **** 	end of the list.  To initialise the list the list end is inserted
  83:..\Source/list.c **** 	as the only list entry. */
  84:..\Source/list.c **** 	pxList->pxIndex = ( ListItem_t * ) &( pxList->xListEnd );			/*lint !e826 !e740 The mini list struc
  44              		.loc 1 84 0
  45 0008 7B68     		ldr	r3, [r7, #4]
  46 000a 03F10802 		add	r2, r3, #8
  47 000e 7B68     		ldr	r3, [r7, #4]
  48 0010 5A60     		str	r2, [r3, #4]
  85:..\Source/list.c **** 
  86:..\Source/list.c **** 	/* The list end value is the highest possible value in the list to
  87:..\Source/list.c **** 	ensure it remains at the end of the list. */
  88:..\Source/list.c **** 	pxList->xListEnd.xItemValue = portMAX_DELAY;
  49              		.loc 1 88 0
  50 0012 7B68     		ldr	r3, [r7, #4]
  51 0014 4FF0FF32 		mov	r2, #-1
  52 0018 9A60     		str	r2, [r3, #8]
  89:..\Source/list.c **** 
  90:..\Source/list.c **** 	/* The list end next and previous pointers point to itself so we know
  91:..\Source/list.c **** 	when the list is empty. */
  92:..\Source/list.c **** 	pxList->xListEnd.pxNext = ( ListItem_t * ) &( pxList->xListEnd );	/*lint !e826 !e740 The mini list
  53              		.loc 1 92 0
  54 001a 7B68     		ldr	r3, [r7, #4]
  55 001c 03F10802 		add	r2, r3, #8
  56 0020 7B68     		ldr	r3, [r7, #4]
  57 0022 DA60     		str	r2, [r3, #12]
  93:..\Source/list.c **** 	pxList->xListEnd.pxPrevious = ( ListItem_t * ) &( pxList->xListEnd );/*lint !e826 !e740 The mini l
  58              		.loc 1 93 0
  59 0024 7B68     		ldr	r3, [r7, #4]
  60 0026 03F10802 		add	r2, r3, #8
  61 002a 7B68     		ldr	r3, [r7, #4]
  62 002c 1A61     		str	r2, [r3, #16]
  94:..\Source/list.c **** 
  95:..\Source/list.c **** 	pxList->uxNumberOfItems = ( UBaseType_t ) 0U;
  63              		.loc 1 95 0
  64 002e 7B68     		ldr	r3, [r7, #4]
  65 0030 0022     		movs	r2, #0
  66 0032 1A60     		str	r2, [r3]
  96:..\Source/list.c **** 
  97:..\Source/list.c **** 	/* Write known values into the list if
  98:..\Source/list.c **** 	configUSE_LIST_DATA_INTEGRITY_CHECK_BYTES is set to 1. */
  99:..\Source/list.c **** 	listSET_LIST_INTEGRITY_CHECK_1_VALUE( pxList );
 100:..\Source/list.c **** 	listSET_LIST_INTEGRITY_CHECK_2_VALUE( pxList );
 101:..\Source/list.c **** }
  67              		.loc 1 101 0
  68 0034 00BF     		nop
  69 0036 0C37     		adds	r7, r7, #12
  70              		.cfi_def_cfa_offset 4
ARM GAS  C:\Users\THUNDE~1\AppData\Local\Temp\ccIjxufA.s 			page 4


  71 0038 BD46     		mov	sp, r7
  72              		.cfi_def_cfa_register 13
  73              		@ sp needed
  74 003a 80BC     		pop	{r7}
  75              		.cfi_restore 7
  76              		.cfi_def_cfa_offset 0
  77 003c 7047     		bx	lr
  78              		.cfi_endproc
  79              	.LFE68:
  80              		.size	vListInitialise, .-vListInitialise
  81 003e 00BF     		.section	.text.vListInitialiseItem,"ax",%progbits
  82              		.align	2
  83              		.global	vListInitialiseItem
  84              		.thumb
  85              		.thumb_func
  86              		.type	vListInitialiseItem, %function
  87              	vListInitialiseItem:
  88              	.LFB69:
 102:..\Source/list.c **** /*-----------------------------------------------------------*/
 103:..\Source/list.c **** 
 104:..\Source/list.c **** void vListInitialiseItem( ListItem_t * const pxItem )
 105:..\Source/list.c **** {
  89              		.loc 1 105 0
  90              		.cfi_startproc
  91              		@ args = 0, pretend = 0, frame = 8
  92              		@ frame_needed = 1, uses_anonymous_args = 0
  93              		@ link register save eliminated.
  94 0000 80B4     		push	{r7}
  95              		.cfi_def_cfa_offset 4
  96              		.cfi_offset 7, -4
  97 0002 83B0     		sub	sp, sp, #12
  98              		.cfi_def_cfa_offset 16
  99 0004 00AF     		add	r7, sp, #0
 100              		.cfi_def_cfa_register 7
 101 0006 7860     		str	r0, [r7, #4]
 106:..\Source/list.c **** 	/* Make sure the list item is not recorded as being on a list. */
 107:..\Source/list.c **** 	pxItem->pvContainer = NULL;
 102              		.loc 1 107 0
 103 0008 7B68     		ldr	r3, [r7, #4]
 104 000a 0022     		movs	r2, #0
 105 000c 1A61     		str	r2, [r3, #16]
 108:..\Source/list.c **** 
 109:..\Source/list.c **** 	/* Write known values into the list item if
 110:..\Source/list.c **** 	configUSE_LIST_DATA_INTEGRITY_CHECK_BYTES is set to 1. */
 111:..\Source/list.c **** 	listSET_FIRST_LIST_ITEM_INTEGRITY_CHECK_VALUE( pxItem );
 112:..\Source/list.c **** 	listSET_SECOND_LIST_ITEM_INTEGRITY_CHECK_VALUE( pxItem );
 113:..\Source/list.c **** }
 106              		.loc 1 113 0
 107 000e 00BF     		nop
 108 0010 0C37     		adds	r7, r7, #12
 109              		.cfi_def_cfa_offset 4
 110 0012 BD46     		mov	sp, r7
 111              		.cfi_def_cfa_register 13
 112              		@ sp needed
 113 0014 80BC     		pop	{r7}
 114              		.cfi_restore 7
 115              		.cfi_def_cfa_offset 0
ARM GAS  C:\Users\THUNDE~1\AppData\Local\Temp\ccIjxufA.s 			page 5


 116 0016 7047     		bx	lr
 117              		.cfi_endproc
 118              	.LFE69:
 119              		.size	vListInitialiseItem, .-vListInitialiseItem
 120              		.section	.text.vListInsertEnd,"ax",%progbits
 121              		.align	2
 122              		.global	vListInsertEnd
 123              		.thumb
 124              		.thumb_func
 125              		.type	vListInsertEnd, %function
 126              	vListInsertEnd:
 127              	.LFB70:
 114:..\Source/list.c **** /*-----------------------------------------------------------*/
 115:..\Source/list.c **** 
 116:..\Source/list.c **** void vListInsertEnd( List_t * const pxList, ListItem_t * const pxNewListItem )
 117:..\Source/list.c **** {
 128              		.loc 1 117 0
 129              		.cfi_startproc
 130              		@ args = 0, pretend = 0, frame = 16
 131              		@ frame_needed = 1, uses_anonymous_args = 0
 132              		@ link register save eliminated.
 133 0000 80B4     		push	{r7}
 134              		.cfi_def_cfa_offset 4
 135              		.cfi_offset 7, -4
 136 0002 85B0     		sub	sp, sp, #20
 137              		.cfi_def_cfa_offset 24
 138 0004 00AF     		add	r7, sp, #0
 139              		.cfi_def_cfa_register 7
 140 0006 7860     		str	r0, [r7, #4]
 141 0008 3960     		str	r1, [r7]
 118:..\Source/list.c **** ListItem_t * const pxIndex = pxList->pxIndex;
 142              		.loc 1 118 0
 143 000a 7B68     		ldr	r3, [r7, #4]
 144 000c 5B68     		ldr	r3, [r3, #4]
 145 000e FB60     		str	r3, [r7, #12]
 119:..\Source/list.c **** 
 120:..\Source/list.c **** 	/* Only effective when configASSERT() is also defined, these tests may catch
 121:..\Source/list.c **** 	the list data structures being overwritten in memory.  They will not catch
 122:..\Source/list.c **** 	data errors caused by incorrect configuration or use of FreeRTOS. */
 123:..\Source/list.c **** 	listTEST_LIST_INTEGRITY( pxList );
 124:..\Source/list.c **** 	listTEST_LIST_ITEM_INTEGRITY( pxNewListItem );
 125:..\Source/list.c **** 
 126:..\Source/list.c **** 	/* Insert a new list item into pxList, but rather than sort the list,
 127:..\Source/list.c **** 	makes the new list item the last item to be removed by a call to
 128:..\Source/list.c **** 	listGET_OWNER_OF_NEXT_ENTRY(). */
 129:..\Source/list.c **** 	pxNewListItem->pxNext = pxIndex;
 146              		.loc 1 129 0
 147 0010 3B68     		ldr	r3, [r7]
 148 0012 FA68     		ldr	r2, [r7, #12]
 149 0014 5A60     		str	r2, [r3, #4]
 130:..\Source/list.c **** 	pxNewListItem->pxPrevious = pxIndex->pxPrevious;
 150              		.loc 1 130 0
 151 0016 FB68     		ldr	r3, [r7, #12]
 152 0018 9A68     		ldr	r2, [r3, #8]
 153 001a 3B68     		ldr	r3, [r7]
 154 001c 9A60     		str	r2, [r3, #8]
 131:..\Source/list.c **** 
ARM GAS  C:\Users\THUNDE~1\AppData\Local\Temp\ccIjxufA.s 			page 6


 132:..\Source/list.c **** 	/* Only used during decision coverage testing. */
 133:..\Source/list.c **** 	mtCOVERAGE_TEST_DELAY();
 134:..\Source/list.c **** 
 135:..\Source/list.c **** 	pxIndex->pxPrevious->pxNext = pxNewListItem;
 155              		.loc 1 135 0
 156 001e FB68     		ldr	r3, [r7, #12]
 157 0020 9B68     		ldr	r3, [r3, #8]
 158 0022 3A68     		ldr	r2, [r7]
 159 0024 5A60     		str	r2, [r3, #4]
 136:..\Source/list.c **** 	pxIndex->pxPrevious = pxNewListItem;
 160              		.loc 1 136 0
 161 0026 FB68     		ldr	r3, [r7, #12]
 162 0028 3A68     		ldr	r2, [r7]
 163 002a 9A60     		str	r2, [r3, #8]
 137:..\Source/list.c **** 
 138:..\Source/list.c **** 	/* Remember which list the item is in. */
 139:..\Source/list.c **** 	pxNewListItem->pvContainer = ( void * ) pxList;
 164              		.loc 1 139 0
 165 002c 3B68     		ldr	r3, [r7]
 166 002e 7A68     		ldr	r2, [r7, #4]
 167 0030 1A61     		str	r2, [r3, #16]
 140:..\Source/list.c **** 
 141:..\Source/list.c **** 	( pxList->uxNumberOfItems )++;
 168              		.loc 1 141 0
 169 0032 7B68     		ldr	r3, [r7, #4]
 170 0034 1B68     		ldr	r3, [r3]
 171 0036 5A1C     		adds	r2, r3, #1
 172 0038 7B68     		ldr	r3, [r7, #4]
 173 003a 1A60     		str	r2, [r3]
 142:..\Source/list.c **** }
 174              		.loc 1 142 0
 175 003c 00BF     		nop
 176 003e 1437     		adds	r7, r7, #20
 177              		.cfi_def_cfa_offset 4
 178 0040 BD46     		mov	sp, r7
 179              		.cfi_def_cfa_register 13
 180              		@ sp needed
 181 0042 80BC     		pop	{r7}
 182              		.cfi_restore 7
 183              		.cfi_def_cfa_offset 0
 184 0044 7047     		bx	lr
 185              		.cfi_endproc
 186              	.LFE70:
 187              		.size	vListInsertEnd, .-vListInsertEnd
 188 0046 00BF     		.section	.text.vListInsert,"ax",%progbits
 189              		.align	2
 190              		.global	vListInsert
 191              		.thumb
 192              		.thumb_func
 193              		.type	vListInsert, %function
 194              	vListInsert:
 195              	.LFB71:
 143:..\Source/list.c **** /*-----------------------------------------------------------*/
 144:..\Source/list.c **** 
 145:..\Source/list.c **** void vListInsert( List_t * const pxList, ListItem_t * const pxNewListItem )
 146:..\Source/list.c **** {
 196              		.loc 1 146 0
ARM GAS  C:\Users\THUNDE~1\AppData\Local\Temp\ccIjxufA.s 			page 7


 197              		.cfi_startproc
 198              		@ args = 0, pretend = 0, frame = 16
 199              		@ frame_needed = 1, uses_anonymous_args = 0
 200              		@ link register save eliminated.
 201 0000 80B4     		push	{r7}
 202              		.cfi_def_cfa_offset 4
 203              		.cfi_offset 7, -4
 204 0002 85B0     		sub	sp, sp, #20
 205              		.cfi_def_cfa_offset 24
 206 0004 00AF     		add	r7, sp, #0
 207              		.cfi_def_cfa_register 7
 208 0006 7860     		str	r0, [r7, #4]
 209 0008 3960     		str	r1, [r7]
 147:..\Source/list.c **** ListItem_t *pxIterator;
 148:..\Source/list.c **** const TickType_t xValueOfInsertion = pxNewListItem->xItemValue;
 210              		.loc 1 148 0
 211 000a 3B68     		ldr	r3, [r7]
 212 000c 1B68     		ldr	r3, [r3]
 213 000e BB60     		str	r3, [r7, #8]
 149:..\Source/list.c **** 
 150:..\Source/list.c **** 	/* Only effective when configASSERT() is also defined, these tests may catch
 151:..\Source/list.c **** 	the list data structures being overwritten in memory.  They will not catch
 152:..\Source/list.c **** 	data errors caused by incorrect configuration or use of FreeRTOS. */
 153:..\Source/list.c **** 	listTEST_LIST_INTEGRITY( pxList );
 154:..\Source/list.c **** 	listTEST_LIST_ITEM_INTEGRITY( pxNewListItem );
 155:..\Source/list.c **** 
 156:..\Source/list.c **** 	/* Insert the new list item into the list, sorted in xItemValue order.
 157:..\Source/list.c **** 
 158:..\Source/list.c **** 	If the list already contains a list item with the same item value then the
 159:..\Source/list.c **** 	new list item should be placed after it.  This ensures that TCB's which are
 160:..\Source/list.c **** 	stored in ready lists (all of which have the same xItemValue value) get a
 161:..\Source/list.c **** 	share of the CPU.  However, if the xItemValue is the same as the back marker
 162:..\Source/list.c **** 	the iteration loop below will not end.  Therefore the value is checked
 163:..\Source/list.c **** 	first, and the algorithm slightly modified if necessary. */
 164:..\Source/list.c **** 	if( xValueOfInsertion == portMAX_DELAY )
 214              		.loc 1 164 0
 215 0010 BB68     		ldr	r3, [r7, #8]
 216 0012 B3F1FF3F 		cmp	r3, #-1
 217 0016 03D1     		bne	.L5
 165:..\Source/list.c **** 	{
 166:..\Source/list.c **** 		pxIterator = pxList->xListEnd.pxPrevious;
 218              		.loc 1 166 0
 219 0018 7B68     		ldr	r3, [r7, #4]
 220 001a 1B69     		ldr	r3, [r3, #16]
 221 001c FB60     		str	r3, [r7, #12]
 222 001e 0CE0     		b	.L6
 223              	.L5:
 167:..\Source/list.c **** 	}
 168:..\Source/list.c **** 	else
 169:..\Source/list.c **** 	{
 170:..\Source/list.c **** 		/* *** NOTE ***********************************************************
 171:..\Source/list.c **** 		If you find your application is crashing here then likely causes are
 172:..\Source/list.c **** 		listed below.  In addition see http://www.freertos.org/FAQHelp.html for
 173:..\Source/list.c **** 		more tips, and ensure configASSERT() is defined!
 174:..\Source/list.c **** 		http://www.freertos.org/a00110.html#configASSERT
 175:..\Source/list.c **** 
 176:..\Source/list.c **** 			1) Stack overflow -
ARM GAS  C:\Users\THUNDE~1\AppData\Local\Temp\ccIjxufA.s 			page 8


 177:..\Source/list.c **** 			   see http://www.freertos.org/Stacks-and-stack-overflow-checking.html
 178:..\Source/list.c **** 			2) Incorrect interrupt priority assignment, especially on Cortex-M
 179:..\Source/list.c **** 			   parts where numerically high priority values denote low actual
 180:..\Source/list.c **** 			   interrupt priorities, which can seem counter intuitive.  See
 181:..\Source/list.c **** 			   http://www.freertos.org/RTOS-Cortex-M3-M4.html and the definition
 182:..\Source/list.c **** 			   of configMAX_SYSCALL_INTERRUPT_PRIORITY on
 183:..\Source/list.c **** 			   http://www.freertos.org/a00110.html
 184:..\Source/list.c **** 			3) Calling an API function from within a critical section or when
 185:..\Source/list.c **** 			   the scheduler is suspended, or calling an API function that does
 186:..\Source/list.c **** 			   not end in "FromISR" from an interrupt.
 187:..\Source/list.c **** 			4) Using a queue or semaphore before it has been initialised or
 188:..\Source/list.c **** 			   before the scheduler has been started (are interrupts firing
 189:..\Source/list.c **** 			   before vTaskStartScheduler() has been called?).
 190:..\Source/list.c **** 		**********************************************************************/
 191:..\Source/list.c **** 
 192:..\Source/list.c **** 		for( pxIterator = ( ListItem_t * ) &( pxList->xListEnd ); pxIterator->pxNext->xItemValue <= xValu
 224              		.loc 1 192 0
 225 0020 7B68     		ldr	r3, [r7, #4]
 226 0022 0833     		adds	r3, r3, #8
 227 0024 FB60     		str	r3, [r7, #12]
 228 0026 02E0     		b	.L7
 229              	.L8:
 230              		.loc 1 192 0 is_stmt 0 discriminator 3
 231 0028 FB68     		ldr	r3, [r7, #12]
 232 002a 5B68     		ldr	r3, [r3, #4]
 233 002c FB60     		str	r3, [r7, #12]
 234              	.L7:
 235              		.loc 1 192 0 discriminator 1
 236 002e FB68     		ldr	r3, [r7, #12]
 237 0030 5B68     		ldr	r3, [r3, #4]
 238 0032 1A68     		ldr	r2, [r3]
 239 0034 BB68     		ldr	r3, [r7, #8]
 240 0036 9A42     		cmp	r2, r3
 241 0038 F6D9     		bls	.L8
 242              	.L6:
 193:..\Source/list.c **** 		{
 194:..\Source/list.c **** 			/* There is nothing to do here, just iterating to the wanted
 195:..\Source/list.c **** 			insertion position. */
 196:..\Source/list.c **** 		}
 197:..\Source/list.c **** 	}
 198:..\Source/list.c **** 
 199:..\Source/list.c **** 	pxNewListItem->pxNext = pxIterator->pxNext;
 243              		.loc 1 199 0 is_stmt 1
 244 003a FB68     		ldr	r3, [r7, #12]
 245 003c 5A68     		ldr	r2, [r3, #4]
 246 003e 3B68     		ldr	r3, [r7]
 247 0040 5A60     		str	r2, [r3, #4]
 200:..\Source/list.c **** 	pxNewListItem->pxNext->pxPrevious = pxNewListItem;
 248              		.loc 1 200 0
 249 0042 3B68     		ldr	r3, [r7]
 250 0044 5B68     		ldr	r3, [r3, #4]
 251 0046 3A68     		ldr	r2, [r7]
 252 0048 9A60     		str	r2, [r3, #8]
 201:..\Source/list.c **** 	pxNewListItem->pxPrevious = pxIterator;
 253              		.loc 1 201 0
 254 004a 3B68     		ldr	r3, [r7]
 255 004c FA68     		ldr	r2, [r7, #12]
ARM GAS  C:\Users\THUNDE~1\AppData\Local\Temp\ccIjxufA.s 			page 9


 256 004e 9A60     		str	r2, [r3, #8]
 202:..\Source/list.c **** 	pxIterator->pxNext = pxNewListItem;
 257              		.loc 1 202 0
 258 0050 FB68     		ldr	r3, [r7, #12]
 259 0052 3A68     		ldr	r2, [r7]
 260 0054 5A60     		str	r2, [r3, #4]
 203:..\Source/list.c **** 
 204:..\Source/list.c **** 	/* Remember which list the item is in.  This allows fast removal of the
 205:..\Source/list.c **** 	item later. */
 206:..\Source/list.c **** 	pxNewListItem->pvContainer = ( void * ) pxList;
 261              		.loc 1 206 0
 262 0056 3B68     		ldr	r3, [r7]
 263 0058 7A68     		ldr	r2, [r7, #4]
 264 005a 1A61     		str	r2, [r3, #16]
 207:..\Source/list.c **** 
 208:..\Source/list.c **** 	( pxList->uxNumberOfItems )++;
 265              		.loc 1 208 0
 266 005c 7B68     		ldr	r3, [r7, #4]
 267 005e 1B68     		ldr	r3, [r3]
 268 0060 5A1C     		adds	r2, r3, #1
 269 0062 7B68     		ldr	r3, [r7, #4]
 270 0064 1A60     		str	r2, [r3]
 209:..\Source/list.c **** }
 271              		.loc 1 209 0
 272 0066 00BF     		nop
 273 0068 1437     		adds	r7, r7, #20
 274              		.cfi_def_cfa_offset 4
 275 006a BD46     		mov	sp, r7
 276              		.cfi_def_cfa_register 13
 277              		@ sp needed
 278 006c 80BC     		pop	{r7}
 279              		.cfi_restore 7
 280              		.cfi_def_cfa_offset 0
 281 006e 7047     		bx	lr
 282              		.cfi_endproc
 283              	.LFE71:
 284              		.size	vListInsert, .-vListInsert
 285              		.section	.text.uxListRemove,"ax",%progbits
 286              		.align	2
 287              		.global	uxListRemove
 288              		.thumb
 289              		.thumb_func
 290              		.type	uxListRemove, %function
 291              	uxListRemove:
 292              	.LFB72:
 210:..\Source/list.c **** /*-----------------------------------------------------------*/
 211:..\Source/list.c **** 
 212:..\Source/list.c **** UBaseType_t uxListRemove( ListItem_t * const pxItemToRemove )
 213:..\Source/list.c **** {
 293              		.loc 1 213 0
 294              		.cfi_startproc
 295              		@ args = 0, pretend = 0, frame = 16
 296              		@ frame_needed = 1, uses_anonymous_args = 0
 297              		@ link register save eliminated.
 298 0000 80B4     		push	{r7}
 299              		.cfi_def_cfa_offset 4
 300              		.cfi_offset 7, -4
ARM GAS  C:\Users\THUNDE~1\AppData\Local\Temp\ccIjxufA.s 			page 10


 301 0002 85B0     		sub	sp, sp, #20
 302              		.cfi_def_cfa_offset 24
 303 0004 00AF     		add	r7, sp, #0
 304              		.cfi_def_cfa_register 7
 305 0006 7860     		str	r0, [r7, #4]
 214:..\Source/list.c **** /* The list item knows which list it is in.  Obtain the list from the list
 215:..\Source/list.c **** item. */
 216:..\Source/list.c **** List_t * const pxList = ( List_t * ) pxItemToRemove->pvContainer;
 306              		.loc 1 216 0
 307 0008 7B68     		ldr	r3, [r7, #4]
 308 000a 1B69     		ldr	r3, [r3, #16]
 309 000c FB60     		str	r3, [r7, #12]
 217:..\Source/list.c **** 
 218:..\Source/list.c **** 	pxItemToRemove->pxNext->pxPrevious = pxItemToRemove->pxPrevious;
 310              		.loc 1 218 0
 311 000e 7B68     		ldr	r3, [r7, #4]
 312 0010 5B68     		ldr	r3, [r3, #4]
 313 0012 7A68     		ldr	r2, [r7, #4]
 314 0014 9268     		ldr	r2, [r2, #8]
 315 0016 9A60     		str	r2, [r3, #8]
 219:..\Source/list.c **** 	pxItemToRemove->pxPrevious->pxNext = pxItemToRemove->pxNext;
 316              		.loc 1 219 0
 317 0018 7B68     		ldr	r3, [r7, #4]
 318 001a 9B68     		ldr	r3, [r3, #8]
 319 001c 7A68     		ldr	r2, [r7, #4]
 320 001e 5268     		ldr	r2, [r2, #4]
 321 0020 5A60     		str	r2, [r3, #4]
 220:..\Source/list.c **** 
 221:..\Source/list.c **** 	/* Only used during decision coverage testing. */
 222:..\Source/list.c **** 	mtCOVERAGE_TEST_DELAY();
 223:..\Source/list.c **** 
 224:..\Source/list.c **** 	/* Make sure the index is left pointing to a valid item. */
 225:..\Source/list.c **** 	if( pxList->pxIndex == pxItemToRemove )
 322              		.loc 1 225 0
 323 0022 FB68     		ldr	r3, [r7, #12]
 324 0024 5A68     		ldr	r2, [r3, #4]
 325 0026 7B68     		ldr	r3, [r7, #4]
 326 0028 9A42     		cmp	r2, r3
 327 002a 03D1     		bne	.L10
 226:..\Source/list.c **** 	{
 227:..\Source/list.c **** 		pxList->pxIndex = pxItemToRemove->pxPrevious;
 328              		.loc 1 227 0
 329 002c 7B68     		ldr	r3, [r7, #4]
 330 002e 9A68     		ldr	r2, [r3, #8]
 331 0030 FB68     		ldr	r3, [r7, #12]
 332 0032 5A60     		str	r2, [r3, #4]
 333              	.L10:
 228:..\Source/list.c **** 	}
 229:..\Source/list.c **** 	else
 230:..\Source/list.c **** 	{
 231:..\Source/list.c **** 		mtCOVERAGE_TEST_MARKER();
 232:..\Source/list.c **** 	}
 233:..\Source/list.c **** 
 234:..\Source/list.c **** 	pxItemToRemove->pvContainer = NULL;
 334              		.loc 1 234 0
 335 0034 7B68     		ldr	r3, [r7, #4]
 336 0036 0022     		movs	r2, #0
ARM GAS  C:\Users\THUNDE~1\AppData\Local\Temp\ccIjxufA.s 			page 11


 337 0038 1A61     		str	r2, [r3, #16]
 235:..\Source/list.c **** 	( pxList->uxNumberOfItems )--;
 338              		.loc 1 235 0
 339 003a FB68     		ldr	r3, [r7, #12]
 340 003c 1B68     		ldr	r3, [r3]
 341 003e 5A1E     		subs	r2, r3, #1
 342 0040 FB68     		ldr	r3, [r7, #12]
 343 0042 1A60     		str	r2, [r3]
 236:..\Source/list.c **** 
 237:..\Source/list.c **** 	return pxList->uxNumberOfItems;
 344              		.loc 1 237 0
 345 0044 FB68     		ldr	r3, [r7, #12]
 346 0046 1B68     		ldr	r3, [r3]
 238:..\Source/list.c **** }
 347              		.loc 1 238 0
 348 0048 1846     		mov	r0, r3
 349 004a 1437     		adds	r7, r7, #20
 350              		.cfi_def_cfa_offset 4
 351 004c BD46     		mov	sp, r7
 352              		.cfi_def_cfa_register 13
 353              		@ sp needed
 354 004e 80BC     		pop	{r7}
 355              		.cfi_restore 7
 356              		.cfi_def_cfa_offset 0
 357 0050 7047     		bx	lr
 358              		.cfi_endproc
 359              	.LFE72:
 360              		.size	uxListRemove, .-uxListRemove
 361 0052 00BF     		.text
 362              	.Letext0:
 363              		.file 2 "c:\\program files (x86)\\cypress\\psoc creator\\4.2\\psoc creator\\import\\gnu\\arm\\5.4.
 364              		.file 3 "c:\\program files (x86)\\cypress\\psoc creator\\4.2\\psoc creator\\import\\gnu\\arm\\5.4.
 365              		.file 4 ".\\Tracer/sniffPayload.h"
 366              		.file 5 ".\\Tracer/selfFIFO.h"
 367              		.file 6 "..\\Source\\portable\\GCC\\ARM_CM3/portmacro.h"
 368              		.file 7 "..\\Source\\include/list.h"
 369              		.file 8 "Generated_Source\\PSoC5/core_cm3.h"
 370              		.file 9 ".\\Tracer/sniffTask.h"
 371              		.section	.debug_info,"",%progbits
 372              	.Ldebug_info0:
 373 0000 92040000 		.4byte	0x492
 374 0004 0400     		.2byte	0x4
 375 0006 00000000 		.4byte	.Ldebug_abbrev0
 376 000a 04       		.byte	0x4
 377 000b 01       		.uleb128 0x1
 378 000c 97000000 		.4byte	.LASF74
 379 0010 0C       		.byte	0xc
 380 0011 96010000 		.4byte	.LASF75
 381 0015 E2030000 		.4byte	.LASF76
 382 0019 00000000 		.4byte	.Ldebug_ranges0+0
 383 001d 00000000 		.4byte	0
 384 0021 00000000 		.4byte	.Ldebug_line0
 385 0025 02       		.uleb128 0x2
 386 0026 04       		.byte	0x4
 387 0027 07       		.byte	0x7
 388 0028 98020000 		.4byte	.LASF0
 389 002c 03       		.uleb128 0x3
ARM GAS  C:\Users\THUNDE~1\AppData\Local\Temp\ccIjxufA.s 			page 12


 390 002d 04       		.byte	0x4
 391 002e 05       		.byte	0x5
 392 002f 696E7400 		.ascii	"int\000"
 393 0033 02       		.uleb128 0x2
 394 0034 08       		.byte	0x8
 395 0035 05       		.byte	0x5
 396 0036 C8010000 		.4byte	.LASF1
 397 003a 02       		.uleb128 0x2
 398 003b 08       		.byte	0x8
 399 003c 04       		.byte	0x4
 400 003d 52020000 		.4byte	.LASF2
 401 0041 02       		.uleb128 0x2
 402 0042 01       		.byte	0x1
 403 0043 06       		.byte	0x6
 404 0044 6C020000 		.4byte	.LASF3
 405 0048 04       		.uleb128 0x4
 406 0049 07020000 		.4byte	.LASF7
 407 004d 02       		.byte	0x2
 408 004e 1D       		.byte	0x1d
 409 004f 53000000 		.4byte	0x53
 410 0053 02       		.uleb128 0x2
 411 0054 01       		.byte	0x1
 412 0055 08       		.byte	0x8
 413 0056 5E020000 		.4byte	.LASF4
 414 005a 02       		.uleb128 0x2
 415 005b 02       		.byte	0x2
 416 005c 05       		.byte	0x5
 417 005d 56000000 		.4byte	.LASF5
 418 0061 02       		.uleb128 0x2
 419 0062 02       		.byte	0x2
 420 0063 07       		.byte	0x7
 421 0064 C2020000 		.4byte	.LASF6
 422 0068 04       		.uleb128 0x4
 423 0069 92030000 		.4byte	.LASF8
 424 006d 02       		.byte	0x2
 425 006e 3F       		.byte	0x3f
 426 006f 73000000 		.4byte	0x73
 427 0073 02       		.uleb128 0x2
 428 0074 04       		.byte	0x4
 429 0075 05       		.byte	0x5
 430 0076 E8010000 		.4byte	.LASF9
 431 007a 04       		.uleb128 0x4
 432 007b 25010000 		.4byte	.LASF10
 433 007f 02       		.byte	0x2
 434 0080 41       		.byte	0x41
 435 0081 85000000 		.4byte	0x85
 436 0085 02       		.uleb128 0x2
 437 0086 04       		.byte	0x4
 438 0087 07       		.byte	0x7
 439 0088 3A030000 		.4byte	.LASF11
 440 008c 02       		.uleb128 0x2
 441 008d 08       		.byte	0x8
 442 008e 07       		.byte	0x7
 443 008f 78020000 		.4byte	.LASF12
 444 0093 02       		.uleb128 0x2
 445 0094 04       		.byte	0x4
 446 0095 07       		.byte	0x7
ARM GAS  C:\Users\THUNDE~1\AppData\Local\Temp\ccIjxufA.s 			page 13


 447 0096 69000000 		.4byte	.LASF13
 448 009a 05       		.uleb128 0x5
 449 009b 04       		.byte	0x4
 450 009c 02       		.uleb128 0x2
 451 009d 01       		.byte	0x1
 452 009e 08       		.byte	0x8
 453 009f E0020000 		.4byte	.LASF14
 454 00a3 04       		.uleb128 0x4
 455 00a4 45010000 		.4byte	.LASF15
 456 00a8 03       		.byte	0x3
 457 00a9 18       		.byte	0x18
 458 00aa 48000000 		.4byte	0x48
 459 00ae 04       		.uleb128 0x4
 460 00af F5020000 		.4byte	.LASF16
 461 00b3 03       		.byte	0x3
 462 00b4 2C       		.byte	0x2c
 463 00b5 68000000 		.4byte	0x68
 464 00b9 04       		.uleb128 0x4
 465 00ba 8F020000 		.4byte	.LASF17
 466 00be 03       		.byte	0x3
 467 00bf 30       		.byte	0x30
 468 00c0 7A000000 		.4byte	0x7a
 469 00c4 02       		.uleb128 0x2
 470 00c5 04       		.byte	0x4
 471 00c6 04       		.byte	0x4
 472 00c7 A7010000 		.4byte	.LASF18
 473 00cb 02       		.uleb128 0x2
 474 00cc 08       		.byte	0x8
 475 00cd 04       		.byte	0x4
 476 00ce 4C030000 		.4byte	.LASF19
 477 00d2 06       		.uleb128 0x6
 478 00d3 01       		.byte	0x1
 479 00d4 53000000 		.4byte	0x53
 480 00d8 04       		.byte	0x4
 481 00d9 10       		.byte	0x10
 482 00da 09010000 		.4byte	0x109
 483 00de 07       		.uleb128 0x7
 484 00df 2E020000 		.4byte	.LASF20
 485 00e3 00       		.byte	0
 486 00e4 07       		.uleb128 0x7
 487 00e5 7F000000 		.4byte	.LASF21
 488 00e9 01       		.byte	0x1
 489 00ea 07       		.uleb128 0x7
 490 00eb 34020000 		.4byte	.LASF22
 491 00ef 02       		.byte	0x2
 492 00f0 07       		.uleb128 0x7
 493 00f1 53030000 		.4byte	.LASF23
 494 00f5 03       		.byte	0x3
 495 00f6 07       		.uleb128 0x7
 496 00f7 F7010000 		.4byte	.LASF24
 497 00fb 04       		.byte	0x4
 498 00fc 07       		.uleb128 0x7
 499 00fd 8D030000 		.4byte	.LASF25
 500 0101 05       		.byte	0x5
 501 0102 07       		.uleb128 0x7
 502 0103 24030000 		.4byte	.LASF26
 503 0107 06       		.byte	0x6
ARM GAS  C:\Users\THUNDE~1\AppData\Local\Temp\ccIjxufA.s 			page 14


 504 0108 00       		.byte	0
 505 0109 04       		.uleb128 0x4
 506 010a 84010000 		.4byte	.LASF27
 507 010e 04       		.byte	0x4
 508 010f 10       		.byte	0x10
 509 0110 D2000000 		.4byte	0xd2
 510 0114 08       		.uleb128 0x8
 511 0115 04       		.byte	0x4
 512 0116 04       		.byte	0x4
 513 0117 86       		.byte	0x86
 514 0118 4D010000 		.4byte	0x14d
 515 011c 09       		.uleb128 0x9
 516 011d EC020000 		.4byte	.LASF28
 517 0121 04       		.byte	0x4
 518 0122 87       		.byte	0x87
 519 0123 A3000000 		.4byte	0xa3
 520 0127 00       		.byte	0
 521 0128 09       		.uleb128 0x9
 522 0129 0E000000 		.4byte	.LASF29
 523 012d 04       		.byte	0x4
 524 012e 88       		.byte	0x88
 525 012f A3000000 		.4byte	0xa3
 526 0133 01       		.byte	0x1
 527 0134 09       		.uleb128 0x9
 528 0135 8C000000 		.4byte	.LASF30
 529 0139 04       		.byte	0x4
 530 013a 89       		.byte	0x89
 531 013b 09010000 		.4byte	0x109
 532 013f 02       		.byte	0x2
 533 0140 09       		.uleb128 0x9
 534 0141 8F010000 		.4byte	.LASF31
 535 0145 04       		.byte	0x4
 536 0146 8A       		.byte	0x8a
 537 0147 A3000000 		.4byte	0xa3
 538 014b 03       		.byte	0x3
 539 014c 00       		.byte	0
 540 014d 04       		.uleb128 0x4
 541 014e A5020000 		.4byte	.LASF32
 542 0152 04       		.byte	0x4
 543 0153 8B       		.byte	0x8b
 544 0154 14010000 		.4byte	0x114
 545 0158 08       		.uleb128 0x8
 546 0159 0E       		.byte	0xe
 547 015a 04       		.byte	0x4
 548 015b 95       		.byte	0x95
 549 015c 85010000 		.4byte	0x185
 550 0160 09       		.uleb128 0x9
 551 0161 3D000000 		.4byte	.LASF33
 552 0165 04       		.byte	0x4
 553 0166 96       		.byte	0x96
 554 0167 A3000000 		.4byte	0xa3
 555 016b 00       		.byte	0
 556 016c 09       		.uleb128 0x9
 557 016d 76010000 		.4byte	.LASF34
 558 0171 04       		.byte	0x4
 559 0172 97       		.byte	0x97
 560 0173 A3000000 		.4byte	0xa3
ARM GAS  C:\Users\THUNDE~1\AppData\Local\Temp\ccIjxufA.s 			page 15


 561 0177 01       		.byte	0x1
 562 0178 09       		.uleb128 0x9
 563 0179 47020000 		.4byte	.LASF35
 564 017d 04       		.byte	0x4
 565 017e 98       		.byte	0x98
 566 017f 85010000 		.4byte	0x185
 567 0183 02       		.byte	0x2
 568 0184 00       		.byte	0
 569 0185 0A       		.uleb128 0xa
 570 0186 9C000000 		.4byte	0x9c
 571 018a 95010000 		.4byte	0x195
 572 018e 0B       		.uleb128 0xb
 573 018f 93000000 		.4byte	0x93
 574 0193 0B       		.byte	0xb
 575 0194 00       		.byte	0
 576 0195 04       		.uleb128 0x4
 577 0196 AD010000 		.4byte	.LASF36
 578 019a 04       		.byte	0x4
 579 019b 99       		.byte	0x99
 580 019c 58010000 		.4byte	0x158
 581 01a0 0C       		.uleb128 0xc
 582 01a1 1C01     		.2byte	0x11c
 583 01a3 04       		.byte	0x4
 584 01a4 A3       		.byte	0xa3
 585 01a5 C2010000 		.4byte	0x1c2
 586 01a9 09       		.uleb128 0x9
 587 01aa 30010000 		.4byte	.LASF37
 588 01ae 04       		.byte	0x4
 589 01af A4       		.byte	0xa4
 590 01b0 4D010000 		.4byte	0x14d
 591 01b4 00       		.byte	0
 592 01b5 09       		.uleb128 0x9
 593 01b6 6A010000 		.4byte	.LASF38
 594 01ba 04       		.byte	0x4
 595 01bb A5       		.byte	0xa5
 596 01bc C2010000 		.4byte	0x1c2
 597 01c0 04       		.byte	0x4
 598 01c1 00       		.byte	0
 599 01c2 0A       		.uleb128 0xa
 600 01c3 95010000 		.4byte	0x195
 601 01c7 D2010000 		.4byte	0x1d2
 602 01cb 0B       		.uleb128 0xb
 603 01cc 93000000 		.4byte	0x93
 604 01d0 13       		.byte	0x13
 605 01d1 00       		.byte	0
 606 01d2 04       		.uleb128 0x4
 607 01d3 B2030000 		.4byte	.LASF39
 608 01d7 04       		.byte	0x4
 609 01d8 A6       		.byte	0xa6
 610 01d9 A0010000 		.4byte	0x1a0
 611 01dd 0D       		.uleb128 0xd
 612 01de 1C020000 		.4byte	.LASF45
 613 01e2 0210     		.2byte	0x1002
 614 01e4 05       		.byte	0x5
 615 01e5 0C       		.byte	0xc
 616 01e6 11020000 		.4byte	0x211
 617 01ea 09       		.uleb128 0x9
ARM GAS  C:\Users\THUNDE~1\AppData\Local\Temp\ccIjxufA.s 			page 16


 618 01eb 18030000 		.4byte	.LASF40
 619 01ef 05       		.byte	0x5
 620 01f0 0D       		.byte	0xd
 621 01f1 11020000 		.4byte	0x211
 622 01f5 00       		.byte	0
 623 01f6 0E       		.uleb128 0xe
 624 01f7 B4010000 		.4byte	.LASF41
 625 01fb 05       		.byte	0x5
 626 01fc 0E       		.byte	0xe
 627 01fd A3000000 		.4byte	0xa3
 628 0201 0010     		.2byte	0x1000
 629 0203 0E       		.uleb128 0xe
 630 0204 1C000000 		.4byte	.LASF42
 631 0208 05       		.byte	0x5
 632 0209 0F       		.byte	0xf
 633 020a A3000000 		.4byte	0xa3
 634 020e 0110     		.2byte	0x1001
 635 0210 00       		.byte	0
 636 0211 0A       		.uleb128 0xa
 637 0212 A3000000 		.4byte	0xa3
 638 0216 22020000 		.4byte	0x222
 639 021a 0F       		.uleb128 0xf
 640 021b 93000000 		.4byte	0x93
 641 021f FF0F     		.2byte	0xfff
 642 0221 00       		.byte	0
 643 0222 04       		.uleb128 0x4
 644 0223 FD020000 		.4byte	.LASF43
 645 0227 06       		.byte	0x6
 646 0228 63       		.byte	0x63
 647 0229 85000000 		.4byte	0x85
 648 022d 04       		.uleb128 0x4
 649 022e D6010000 		.4byte	.LASF44
 650 0232 06       		.byte	0x6
 651 0233 69       		.byte	0x69
 652 0234 B9000000 		.4byte	0xb9
 653 0238 10       		.uleb128 0x10
 654 0239 23020000 		.4byte	.LASF46
 655 023d 14       		.byte	0x14
 656 023e 07       		.byte	0x7
 657 023f B5       		.byte	0xb5
 658 0240 81020000 		.4byte	0x281
 659 0244 09       		.uleb128 0x9
 660 0245 11020000 		.4byte	.LASF47
 661 0249 07       		.byte	0x7
 662 024a B8       		.byte	0xb8
 663 024b 2D020000 		.4byte	0x22d
 664 024f 00       		.byte	0
 665 0250 09       		.uleb128 0x9
 666 0251 85000000 		.4byte	.LASF48
 667 0255 07       		.byte	0x7
 668 0256 B9       		.byte	0xb9
 669 0257 81020000 		.4byte	0x281
 670 025b 04       		.byte	0x4
 671 025c 09       		.uleb128 0x9
 672 025d 22000000 		.4byte	.LASF49
 673 0261 07       		.byte	0x7
 674 0262 BA       		.byte	0xba
ARM GAS  C:\Users\THUNDE~1\AppData\Local\Temp\ccIjxufA.s 			page 17


 675 0263 81020000 		.4byte	0x281
 676 0267 08       		.byte	0x8
 677 0268 09       		.uleb128 0x9
 678 0269 3D010000 		.4byte	.LASF50
 679 026d 07       		.byte	0x7
 680 026e BB       		.byte	0xbb
 681 026f 9A000000 		.4byte	0x9a
 682 0273 0C       		.byte	0xc
 683 0274 09       		.uleb128 0x9
 684 0275 B6020000 		.4byte	.LASF51
 685 0279 07       		.byte	0x7
 686 027a BC       		.byte	0xbc
 687 027b 9A000000 		.4byte	0x9a
 688 027f 10       		.byte	0x10
 689 0280 00       		.byte	0
 690 0281 11       		.uleb128 0x11
 691 0282 04       		.byte	0x4
 692 0283 38020000 		.4byte	0x238
 693 0287 04       		.uleb128 0x4
 694 0288 5F010000 		.4byte	.LASF52
 695 028c 07       		.byte	0x7
 696 028d BF       		.byte	0xbf
 697 028e 38020000 		.4byte	0x238
 698 0292 10       		.uleb128 0x10
 699 0293 D2030000 		.4byte	.LASF53
 700 0297 0C       		.byte	0xc
 701 0298 07       		.byte	0x7
 702 0299 C1       		.byte	0xc1
 703 029a C3020000 		.4byte	0x2c3
 704 029e 09       		.uleb128 0x9
 705 029f 11020000 		.4byte	.LASF47
 706 02a3 07       		.byte	0x7
 707 02a4 C4       		.byte	0xc4
 708 02a5 2D020000 		.4byte	0x22d
 709 02a9 00       		.byte	0
 710 02aa 09       		.uleb128 0x9
 711 02ab 85000000 		.4byte	.LASF48
 712 02af 07       		.byte	0x7
 713 02b0 C5       		.byte	0xc5
 714 02b1 81020000 		.4byte	0x281
 715 02b5 04       		.byte	0x4
 716 02b6 09       		.uleb128 0x9
 717 02b7 22000000 		.4byte	.LASF49
 718 02bb 07       		.byte	0x7
 719 02bc C6       		.byte	0xc6
 720 02bd 81020000 		.4byte	0x281
 721 02c1 08       		.byte	0x8
 722 02c2 00       		.byte	0
 723 02c3 04       		.uleb128 0x4
 724 02c4 B9010000 		.4byte	.LASF54
 725 02c8 07       		.byte	0x7
 726 02c9 C8       		.byte	0xc8
 727 02ca 92020000 		.4byte	0x292
 728 02ce 10       		.uleb128 0x10
 729 02cf F1010000 		.4byte	.LASF55
 730 02d3 14       		.byte	0x14
 731 02d4 07       		.byte	0x7
ARM GAS  C:\Users\THUNDE~1\AppData\Local\Temp\ccIjxufA.s 			page 18


 732 02d5 CD       		.byte	0xcd
 733 02d6 FF020000 		.4byte	0x2ff
 734 02da 09       		.uleb128 0x9
 735 02db 6F030000 		.4byte	.LASF56
 736 02df 07       		.byte	0x7
 737 02e0 D0       		.byte	0xd0
 738 02e1 22020000 		.4byte	0x222
 739 02e5 00       		.byte	0
 740 02e6 09       		.uleb128 0x9
 741 02e7 BD030000 		.4byte	.LASF57
 742 02eb 07       		.byte	0x7
 743 02ec D1       		.byte	0xd1
 744 02ed FF020000 		.4byte	0x2ff
 745 02f1 04       		.byte	0x4
 746 02f2 09       		.uleb128 0x9
 747 02f3 60000000 		.4byte	.LASF58
 748 02f7 07       		.byte	0x7
 749 02f8 D2       		.byte	0xd2
 750 02f9 C3020000 		.4byte	0x2c3
 751 02fd 08       		.byte	0x8
 752 02fe 00       		.byte	0
 753 02ff 11       		.uleb128 0x11
 754 0300 04       		.byte	0x4
 755 0301 87020000 		.4byte	0x287
 756 0305 04       		.uleb128 0x4
 757 0306 E5020000 		.4byte	.LASF59
 758 030a 07       		.byte	0x7
 759 030b D4       		.byte	0xd4
 760 030c CE020000 		.4byte	0x2ce
 761 0310 12       		.uleb128 0x12
 762 0311 2D000000 		.4byte	.LASF60
 763 0315 01       		.byte	0x1
 764 0316 4F       		.byte	0x4f
 765 0317 00000000 		.4byte	.LFB68
 766 031b 3E000000 		.4byte	.LFE68-.LFB68
 767 031f 01       		.uleb128 0x1
 768 0320 9C       		.byte	0x9c
 769 0321 34030000 		.4byte	0x334
 770 0325 13       		.uleb128 0x13
 771 0326 E1010000 		.4byte	.LASF62
 772 032a 01       		.byte	0x1
 773 032b 4F       		.byte	0x4f
 774 032c 3A030000 		.4byte	0x33a
 775 0330 02       		.uleb128 0x2
 776 0331 91       		.byte	0x91
 777 0332 74       		.sleb128 -12
 778 0333 00       		.byte	0
 779 0334 11       		.uleb128 0x11
 780 0335 04       		.byte	0x4
 781 0336 05030000 		.4byte	0x305
 782 033a 14       		.uleb128 0x14
 783 033b 34030000 		.4byte	0x334
 784 033f 12       		.uleb128 0x12
 785 0340 3D040000 		.4byte	.LASF61
 786 0344 01       		.byte	0x1
 787 0345 68       		.byte	0x68
 788 0346 00000000 		.4byte	.LFB69
ARM GAS  C:\Users\THUNDE~1\AppData\Local\Temp\ccIjxufA.s 			page 19


 789 034a 18000000 		.4byte	.LFE69-.LFB69
 790 034e 01       		.uleb128 0x1
 791 034f 9C       		.byte	0x9c
 792 0350 63030000 		.4byte	0x363
 793 0354 13       		.uleb128 0x13
 794 0355 AB030000 		.4byte	.LASF63
 795 0359 01       		.byte	0x1
 796 035a 68       		.byte	0x68
 797 035b 63030000 		.4byte	0x363
 798 035f 02       		.uleb128 0x2
 799 0360 91       		.byte	0x91
 800 0361 74       		.sleb128 -12
 801 0362 00       		.byte	0
 802 0363 14       		.uleb128 0x14
 803 0364 FF020000 		.4byte	0x2ff
 804 0368 12       		.uleb128 0x12
 805 0369 09030000 		.4byte	.LASF64
 806 036d 01       		.byte	0x1
 807 036e 74       		.byte	0x74
 808 036f 00000000 		.4byte	.LFB70
 809 0373 46000000 		.4byte	.LFE70-.LFB70
 810 0377 01       		.uleb128 0x1
 811 0378 9C       		.byte	0x9c
 812 0379 A8030000 		.4byte	0x3a8
 813 037d 13       		.uleb128 0x13
 814 037e E1010000 		.4byte	.LASF62
 815 0382 01       		.byte	0x1
 816 0383 74       		.byte	0x74
 817 0384 3A030000 		.4byte	0x33a
 818 0388 02       		.uleb128 0x2
 819 0389 91       		.byte	0x91
 820 038a 6C       		.sleb128 -20
 821 038b 13       		.uleb128 0x13
 822 038c 7F030000 		.4byte	.LASF65
 823 0390 01       		.byte	0x1
 824 0391 74       		.byte	0x74
 825 0392 63030000 		.4byte	0x363
 826 0396 02       		.uleb128 0x2
 827 0397 91       		.byte	0x91
 828 0398 68       		.sleb128 -24
 829 0399 15       		.uleb128 0x15
 830 039a BD030000 		.4byte	.LASF57
 831 039e 01       		.byte	0x1
 832 039f 76       		.byte	0x76
 833 03a0 63030000 		.4byte	0x363
 834 03a4 02       		.uleb128 0x2
 835 03a5 91       		.byte	0x91
 836 03a6 74       		.sleb128 -12
 837 03a7 00       		.byte	0
 838 03a8 12       		.uleb128 0x12
 839 03a9 4A000000 		.4byte	.LASF66
 840 03ad 01       		.byte	0x1
 841 03ae 91       		.byte	0x91
 842 03af 00000000 		.4byte	.LFB71
 843 03b3 70000000 		.4byte	.LFE71-.LFB71
 844 03b7 01       		.uleb128 0x1
 845 03b8 9C       		.byte	0x9c
ARM GAS  C:\Users\THUNDE~1\AppData\Local\Temp\ccIjxufA.s 			page 20


 846 03b9 F6030000 		.4byte	0x3f6
 847 03bd 13       		.uleb128 0x13
 848 03be E1010000 		.4byte	.LASF62
 849 03c2 01       		.byte	0x1
 850 03c3 91       		.byte	0x91
 851 03c4 3A030000 		.4byte	0x33a
 852 03c8 02       		.uleb128 0x2
 853 03c9 91       		.byte	0x91
 854 03ca 6C       		.sleb128 -20
 855 03cb 13       		.uleb128 0x13
 856 03cc 7F030000 		.4byte	.LASF65
 857 03d0 01       		.byte	0x1
 858 03d1 91       		.byte	0x91
 859 03d2 63030000 		.4byte	0x363
 860 03d6 02       		.uleb128 0x2
 861 03d7 91       		.byte	0x91
 862 03d8 68       		.sleb128 -24
 863 03d9 15       		.uleb128 0x15
 864 03da D5020000 		.4byte	.LASF67
 865 03de 01       		.byte	0x1
 866 03df 93       		.byte	0x93
 867 03e0 FF020000 		.4byte	0x2ff
 868 03e4 02       		.uleb128 0x2
 869 03e5 91       		.byte	0x91
 870 03e6 74       		.sleb128 -12
 871 03e7 15       		.uleb128 0x15
 872 03e8 4D010000 		.4byte	.LASF68
 873 03ec 01       		.byte	0x1
 874 03ed 94       		.byte	0x94
 875 03ee F6030000 		.4byte	0x3f6
 876 03f2 02       		.uleb128 0x2
 877 03f3 91       		.byte	0x91
 878 03f4 70       		.sleb128 -16
 879 03f5 00       		.byte	0
 880 03f6 14       		.uleb128 0x14
 881 03f7 2D020000 		.4byte	0x22d
 882 03fb 16       		.uleb128 0x16
 883 03fc 72000000 		.4byte	.LASF77
 884 0400 01       		.byte	0x1
 885 0401 D4       		.byte	0xd4
 886 0402 22020000 		.4byte	0x222
 887 0406 00000000 		.4byte	.LFB72
 888 040a 52000000 		.4byte	.LFE72-.LFB72
 889 040e 01       		.uleb128 0x1
 890 040f 9C       		.byte	0x9c
 891 0410 31040000 		.4byte	0x431
 892 0414 13       		.uleb128 0x13
 893 0415 9C030000 		.4byte	.LASF69
 894 0419 01       		.byte	0x1
 895 041a D4       		.byte	0xd4
 896 041b 63030000 		.4byte	0x363
 897 041f 02       		.uleb128 0x2
 898 0420 91       		.byte	0x91
 899 0421 6C       		.sleb128 -20
 900 0422 15       		.uleb128 0x15
 901 0423 E1010000 		.4byte	.LASF62
 902 0427 01       		.byte	0x1
ARM GAS  C:\Users\THUNDE~1\AppData\Local\Temp\ccIjxufA.s 			page 21


 903 0428 D8       		.byte	0xd8
 904 0429 3A030000 		.4byte	0x33a
 905 042d 02       		.uleb128 0x2
 906 042e 91       		.byte	0x91
 907 042f 74       		.sleb128 -12
 908 0430 00       		.byte	0
 909 0431 17       		.uleb128 0x17
 910 0432 C5030000 		.4byte	.LASF70
 911 0436 08       		.byte	0x8
 912 0437 9606     		.2byte	0x696
 913 0439 3D040000 		.4byte	0x43d
 914 043d 18       		.uleb128 0x18
 915 043e AE000000 		.4byte	0xae
 916 0442 0A       		.uleb128 0xa
 917 0443 A3000000 		.4byte	0xa3
 918 0447 52040000 		.4byte	0x452
 919 044b 0B       		.uleb128 0xb
 920 044c 93000000 		.4byte	0x93
 921 0450 0C       		.byte	0xc
 922 0451 00       		.byte	0
 923 0452 19       		.uleb128 0x19
 924 0453 00000000 		.4byte	.LASF71
 925 0457 04       		.byte	0x4
 926 0458 12       		.byte	0x12
 927 0459 42040000 		.4byte	0x442
 928 045d 05       		.uleb128 0x5
 929 045e 03       		.byte	0x3
 930 045f 00000000 		.4byte	sniffIDFilter
 931 0463 19       		.uleb128 0x19
 932 0464 1D030000 		.4byte	.LASF72
 933 0468 05       		.byte	0x5
 934 0469 10       		.byte	0x10
 935 046a DD010000 		.4byte	0x1dd
 936 046e 05       		.uleb128 0x5
 937 046f 03       		.byte	0x3
 938 0470 00000000 		.4byte	buffer
 939 0474 0A       		.uleb128 0xa
 940 0475 D2010000 		.4byte	0x1d2
 941 0479 84040000 		.4byte	0x484
 942 047d 0B       		.uleb128 0xb
 943 047e 93000000 		.4byte	0x93
 944 0482 05       		.byte	0x5
 945 0483 00       		.byte	0
 946 0484 19       		.uleb128 0x19
 947 0485 64030000 		.4byte	.LASF73
 948 0489 09       		.byte	0x9
 949 048a 0D       		.byte	0xd
 950 048b 74040000 		.4byte	0x474
 951 048f 05       		.uleb128 0x5
 952 0490 03       		.byte	0x3
 953 0491 00000000 		.4byte	objectList
 954 0495 00       		.byte	0
 955              		.section	.debug_abbrev,"",%progbits
 956              	.Ldebug_abbrev0:
 957 0000 01       		.uleb128 0x1
 958 0001 11       		.uleb128 0x11
 959 0002 01       		.byte	0x1
ARM GAS  C:\Users\THUNDE~1\AppData\Local\Temp\ccIjxufA.s 			page 22


 960 0003 25       		.uleb128 0x25
 961 0004 0E       		.uleb128 0xe
 962 0005 13       		.uleb128 0x13
 963 0006 0B       		.uleb128 0xb
 964 0007 03       		.uleb128 0x3
 965 0008 0E       		.uleb128 0xe
 966 0009 1B       		.uleb128 0x1b
 967 000a 0E       		.uleb128 0xe
 968 000b 55       		.uleb128 0x55
 969 000c 17       		.uleb128 0x17
 970 000d 11       		.uleb128 0x11
 971 000e 01       		.uleb128 0x1
 972 000f 10       		.uleb128 0x10
 973 0010 17       		.uleb128 0x17
 974 0011 00       		.byte	0
 975 0012 00       		.byte	0
 976 0013 02       		.uleb128 0x2
 977 0014 24       		.uleb128 0x24
 978 0015 00       		.byte	0
 979 0016 0B       		.uleb128 0xb
 980 0017 0B       		.uleb128 0xb
 981 0018 3E       		.uleb128 0x3e
 982 0019 0B       		.uleb128 0xb
 983 001a 03       		.uleb128 0x3
 984 001b 0E       		.uleb128 0xe
 985 001c 00       		.byte	0
 986 001d 00       		.byte	0
 987 001e 03       		.uleb128 0x3
 988 001f 24       		.uleb128 0x24
 989 0020 00       		.byte	0
 990 0021 0B       		.uleb128 0xb
 991 0022 0B       		.uleb128 0xb
 992 0023 3E       		.uleb128 0x3e
 993 0024 0B       		.uleb128 0xb
 994 0025 03       		.uleb128 0x3
 995 0026 08       		.uleb128 0x8
 996 0027 00       		.byte	0
 997 0028 00       		.byte	0
 998 0029 04       		.uleb128 0x4
 999 002a 16       		.uleb128 0x16
 1000 002b 00       		.byte	0
 1001 002c 03       		.uleb128 0x3
 1002 002d 0E       		.uleb128 0xe
 1003 002e 3A       		.uleb128 0x3a
 1004 002f 0B       		.uleb128 0xb
 1005 0030 3B       		.uleb128 0x3b
 1006 0031 0B       		.uleb128 0xb
 1007 0032 49       		.uleb128 0x49
 1008 0033 13       		.uleb128 0x13
 1009 0034 00       		.byte	0
 1010 0035 00       		.byte	0
 1011 0036 05       		.uleb128 0x5
 1012 0037 0F       		.uleb128 0xf
 1013 0038 00       		.byte	0
 1014 0039 0B       		.uleb128 0xb
 1015 003a 0B       		.uleb128 0xb
 1016 003b 00       		.byte	0
ARM GAS  C:\Users\THUNDE~1\AppData\Local\Temp\ccIjxufA.s 			page 23


 1017 003c 00       		.byte	0
 1018 003d 06       		.uleb128 0x6
 1019 003e 04       		.uleb128 0x4
 1020 003f 01       		.byte	0x1
 1021 0040 0B       		.uleb128 0xb
 1022 0041 0B       		.uleb128 0xb
 1023 0042 49       		.uleb128 0x49
 1024 0043 13       		.uleb128 0x13
 1025 0044 3A       		.uleb128 0x3a
 1026 0045 0B       		.uleb128 0xb
 1027 0046 3B       		.uleb128 0x3b
 1028 0047 0B       		.uleb128 0xb
 1029 0048 01       		.uleb128 0x1
 1030 0049 13       		.uleb128 0x13
 1031 004a 00       		.byte	0
 1032 004b 00       		.byte	0
 1033 004c 07       		.uleb128 0x7
 1034 004d 28       		.uleb128 0x28
 1035 004e 00       		.byte	0
 1036 004f 03       		.uleb128 0x3
 1037 0050 0E       		.uleb128 0xe
 1038 0051 1C       		.uleb128 0x1c
 1039 0052 0B       		.uleb128 0xb
 1040 0053 00       		.byte	0
 1041 0054 00       		.byte	0
 1042 0055 08       		.uleb128 0x8
 1043 0056 13       		.uleb128 0x13
 1044 0057 01       		.byte	0x1
 1045 0058 0B       		.uleb128 0xb
 1046 0059 0B       		.uleb128 0xb
 1047 005a 3A       		.uleb128 0x3a
 1048 005b 0B       		.uleb128 0xb
 1049 005c 3B       		.uleb128 0x3b
 1050 005d 0B       		.uleb128 0xb
 1051 005e 01       		.uleb128 0x1
 1052 005f 13       		.uleb128 0x13
 1053 0060 00       		.byte	0
 1054 0061 00       		.byte	0
 1055 0062 09       		.uleb128 0x9
 1056 0063 0D       		.uleb128 0xd
 1057 0064 00       		.byte	0
 1058 0065 03       		.uleb128 0x3
 1059 0066 0E       		.uleb128 0xe
 1060 0067 3A       		.uleb128 0x3a
 1061 0068 0B       		.uleb128 0xb
 1062 0069 3B       		.uleb128 0x3b
 1063 006a 0B       		.uleb128 0xb
 1064 006b 49       		.uleb128 0x49
 1065 006c 13       		.uleb128 0x13
 1066 006d 38       		.uleb128 0x38
 1067 006e 0B       		.uleb128 0xb
 1068 006f 00       		.byte	0
 1069 0070 00       		.byte	0
 1070 0071 0A       		.uleb128 0xa
 1071 0072 01       		.uleb128 0x1
 1072 0073 01       		.byte	0x1
 1073 0074 49       		.uleb128 0x49
ARM GAS  C:\Users\THUNDE~1\AppData\Local\Temp\ccIjxufA.s 			page 24


 1074 0075 13       		.uleb128 0x13
 1075 0076 01       		.uleb128 0x1
 1076 0077 13       		.uleb128 0x13
 1077 0078 00       		.byte	0
 1078 0079 00       		.byte	0
 1079 007a 0B       		.uleb128 0xb
 1080 007b 21       		.uleb128 0x21
 1081 007c 00       		.byte	0
 1082 007d 49       		.uleb128 0x49
 1083 007e 13       		.uleb128 0x13
 1084 007f 2F       		.uleb128 0x2f
 1085 0080 0B       		.uleb128 0xb
 1086 0081 00       		.byte	0
 1087 0082 00       		.byte	0
 1088 0083 0C       		.uleb128 0xc
 1089 0084 13       		.uleb128 0x13
 1090 0085 01       		.byte	0x1
 1091 0086 0B       		.uleb128 0xb
 1092 0087 05       		.uleb128 0x5
 1093 0088 3A       		.uleb128 0x3a
 1094 0089 0B       		.uleb128 0xb
 1095 008a 3B       		.uleb128 0x3b
 1096 008b 0B       		.uleb128 0xb
 1097 008c 01       		.uleb128 0x1
 1098 008d 13       		.uleb128 0x13
 1099 008e 00       		.byte	0
 1100 008f 00       		.byte	0
 1101 0090 0D       		.uleb128 0xd
 1102 0091 13       		.uleb128 0x13
 1103 0092 01       		.byte	0x1
 1104 0093 03       		.uleb128 0x3
 1105 0094 0E       		.uleb128 0xe
 1106 0095 0B       		.uleb128 0xb
 1107 0096 05       		.uleb128 0x5
 1108 0097 3A       		.uleb128 0x3a
 1109 0098 0B       		.uleb128 0xb
 1110 0099 3B       		.uleb128 0x3b
 1111 009a 0B       		.uleb128 0xb
 1112 009b 01       		.uleb128 0x1
 1113 009c 13       		.uleb128 0x13
 1114 009d 00       		.byte	0
 1115 009e 00       		.byte	0
 1116 009f 0E       		.uleb128 0xe
 1117 00a0 0D       		.uleb128 0xd
 1118 00a1 00       		.byte	0
 1119 00a2 03       		.uleb128 0x3
 1120 00a3 0E       		.uleb128 0xe
 1121 00a4 3A       		.uleb128 0x3a
 1122 00a5 0B       		.uleb128 0xb
 1123 00a6 3B       		.uleb128 0x3b
 1124 00a7 0B       		.uleb128 0xb
 1125 00a8 49       		.uleb128 0x49
 1126 00a9 13       		.uleb128 0x13
 1127 00aa 38       		.uleb128 0x38
 1128 00ab 05       		.uleb128 0x5
 1129 00ac 00       		.byte	0
 1130 00ad 00       		.byte	0
ARM GAS  C:\Users\THUNDE~1\AppData\Local\Temp\ccIjxufA.s 			page 25


 1131 00ae 0F       		.uleb128 0xf
 1132 00af 21       		.uleb128 0x21
 1133 00b0 00       		.byte	0
 1134 00b1 49       		.uleb128 0x49
 1135 00b2 13       		.uleb128 0x13
 1136 00b3 2F       		.uleb128 0x2f
 1137 00b4 05       		.uleb128 0x5
 1138 00b5 00       		.byte	0
 1139 00b6 00       		.byte	0
 1140 00b7 10       		.uleb128 0x10
 1141 00b8 13       		.uleb128 0x13
 1142 00b9 01       		.byte	0x1
 1143 00ba 03       		.uleb128 0x3
 1144 00bb 0E       		.uleb128 0xe
 1145 00bc 0B       		.uleb128 0xb
 1146 00bd 0B       		.uleb128 0xb
 1147 00be 3A       		.uleb128 0x3a
 1148 00bf 0B       		.uleb128 0xb
 1149 00c0 3B       		.uleb128 0x3b
 1150 00c1 0B       		.uleb128 0xb
 1151 00c2 01       		.uleb128 0x1
 1152 00c3 13       		.uleb128 0x13
 1153 00c4 00       		.byte	0
 1154 00c5 00       		.byte	0
 1155 00c6 11       		.uleb128 0x11
 1156 00c7 0F       		.uleb128 0xf
 1157 00c8 00       		.byte	0
 1158 00c9 0B       		.uleb128 0xb
 1159 00ca 0B       		.uleb128 0xb
 1160 00cb 49       		.uleb128 0x49
 1161 00cc 13       		.uleb128 0x13
 1162 00cd 00       		.byte	0
 1163 00ce 00       		.byte	0
 1164 00cf 12       		.uleb128 0x12
 1165 00d0 2E       		.uleb128 0x2e
 1166 00d1 01       		.byte	0x1
 1167 00d2 3F       		.uleb128 0x3f
 1168 00d3 19       		.uleb128 0x19
 1169 00d4 03       		.uleb128 0x3
 1170 00d5 0E       		.uleb128 0xe
 1171 00d6 3A       		.uleb128 0x3a
 1172 00d7 0B       		.uleb128 0xb
 1173 00d8 3B       		.uleb128 0x3b
 1174 00d9 0B       		.uleb128 0xb
 1175 00da 27       		.uleb128 0x27
 1176 00db 19       		.uleb128 0x19
 1177 00dc 11       		.uleb128 0x11
 1178 00dd 01       		.uleb128 0x1
 1179 00de 12       		.uleb128 0x12
 1180 00df 06       		.uleb128 0x6
 1181 00e0 40       		.uleb128 0x40
 1182 00e1 18       		.uleb128 0x18
 1183 00e2 9742     		.uleb128 0x2117
 1184 00e4 19       		.uleb128 0x19
 1185 00e5 01       		.uleb128 0x1
 1186 00e6 13       		.uleb128 0x13
 1187 00e7 00       		.byte	0
ARM GAS  C:\Users\THUNDE~1\AppData\Local\Temp\ccIjxufA.s 			page 26


 1188 00e8 00       		.byte	0
 1189 00e9 13       		.uleb128 0x13
 1190 00ea 05       		.uleb128 0x5
 1191 00eb 00       		.byte	0
 1192 00ec 03       		.uleb128 0x3
 1193 00ed 0E       		.uleb128 0xe
 1194 00ee 3A       		.uleb128 0x3a
 1195 00ef 0B       		.uleb128 0xb
 1196 00f0 3B       		.uleb128 0x3b
 1197 00f1 0B       		.uleb128 0xb
 1198 00f2 49       		.uleb128 0x49
 1199 00f3 13       		.uleb128 0x13
 1200 00f4 02       		.uleb128 0x2
 1201 00f5 18       		.uleb128 0x18
 1202 00f6 00       		.byte	0
 1203 00f7 00       		.byte	0
 1204 00f8 14       		.uleb128 0x14
 1205 00f9 26       		.uleb128 0x26
 1206 00fa 00       		.byte	0
 1207 00fb 49       		.uleb128 0x49
 1208 00fc 13       		.uleb128 0x13
 1209 00fd 00       		.byte	0
 1210 00fe 00       		.byte	0
 1211 00ff 15       		.uleb128 0x15
 1212 0100 34       		.uleb128 0x34
 1213 0101 00       		.byte	0
 1214 0102 03       		.uleb128 0x3
 1215 0103 0E       		.uleb128 0xe
 1216 0104 3A       		.uleb128 0x3a
 1217 0105 0B       		.uleb128 0xb
 1218 0106 3B       		.uleb128 0x3b
 1219 0107 0B       		.uleb128 0xb
 1220 0108 49       		.uleb128 0x49
 1221 0109 13       		.uleb128 0x13
 1222 010a 02       		.uleb128 0x2
 1223 010b 18       		.uleb128 0x18
 1224 010c 00       		.byte	0
 1225 010d 00       		.byte	0
 1226 010e 16       		.uleb128 0x16
 1227 010f 2E       		.uleb128 0x2e
 1228 0110 01       		.byte	0x1
 1229 0111 3F       		.uleb128 0x3f
 1230 0112 19       		.uleb128 0x19
 1231 0113 03       		.uleb128 0x3
 1232 0114 0E       		.uleb128 0xe
 1233 0115 3A       		.uleb128 0x3a
 1234 0116 0B       		.uleb128 0xb
 1235 0117 3B       		.uleb128 0x3b
 1236 0118 0B       		.uleb128 0xb
 1237 0119 27       		.uleb128 0x27
 1238 011a 19       		.uleb128 0x19
 1239 011b 49       		.uleb128 0x49
 1240 011c 13       		.uleb128 0x13
 1241 011d 11       		.uleb128 0x11
 1242 011e 01       		.uleb128 0x1
 1243 011f 12       		.uleb128 0x12
 1244 0120 06       		.uleb128 0x6
ARM GAS  C:\Users\THUNDE~1\AppData\Local\Temp\ccIjxufA.s 			page 27


 1245 0121 40       		.uleb128 0x40
 1246 0122 18       		.uleb128 0x18
 1247 0123 9742     		.uleb128 0x2117
 1248 0125 19       		.uleb128 0x19
 1249 0126 01       		.uleb128 0x1
 1250 0127 13       		.uleb128 0x13
 1251 0128 00       		.byte	0
 1252 0129 00       		.byte	0
 1253 012a 17       		.uleb128 0x17
 1254 012b 34       		.uleb128 0x34
 1255 012c 00       		.byte	0
 1256 012d 03       		.uleb128 0x3
 1257 012e 0E       		.uleb128 0xe
 1258 012f 3A       		.uleb128 0x3a
 1259 0130 0B       		.uleb128 0xb
 1260 0131 3B       		.uleb128 0x3b
 1261 0132 05       		.uleb128 0x5
 1262 0133 49       		.uleb128 0x49
 1263 0134 13       		.uleb128 0x13
 1264 0135 3F       		.uleb128 0x3f
 1265 0136 19       		.uleb128 0x19
 1266 0137 3C       		.uleb128 0x3c
 1267 0138 19       		.uleb128 0x19
 1268 0139 00       		.byte	0
 1269 013a 00       		.byte	0
 1270 013b 18       		.uleb128 0x18
 1271 013c 35       		.uleb128 0x35
 1272 013d 00       		.byte	0
 1273 013e 49       		.uleb128 0x49
 1274 013f 13       		.uleb128 0x13
 1275 0140 00       		.byte	0
 1276 0141 00       		.byte	0
 1277 0142 19       		.uleb128 0x19
 1278 0143 34       		.uleb128 0x34
 1279 0144 00       		.byte	0
 1280 0145 03       		.uleb128 0x3
 1281 0146 0E       		.uleb128 0xe
 1282 0147 3A       		.uleb128 0x3a
 1283 0148 0B       		.uleb128 0xb
 1284 0149 3B       		.uleb128 0x3b
 1285 014a 0B       		.uleb128 0xb
 1286 014b 49       		.uleb128 0x49
 1287 014c 13       		.uleb128 0x13
 1288 014d 3F       		.uleb128 0x3f
 1289 014e 19       		.uleb128 0x19
 1290 014f 02       		.uleb128 0x2
 1291 0150 18       		.uleb128 0x18
 1292 0151 00       		.byte	0
 1293 0152 00       		.byte	0
 1294 0153 00       		.byte	0
 1295              		.section	.debug_aranges,"",%progbits
 1296 0000 3C000000 		.4byte	0x3c
 1297 0004 0200     		.2byte	0x2
 1298 0006 00000000 		.4byte	.Ldebug_info0
 1299 000a 04       		.byte	0x4
 1300 000b 00       		.byte	0
 1301 000c 0000     		.2byte	0
ARM GAS  C:\Users\THUNDE~1\AppData\Local\Temp\ccIjxufA.s 			page 28


 1302 000e 0000     		.2byte	0
 1303 0010 00000000 		.4byte	.LFB68
 1304 0014 3E000000 		.4byte	.LFE68-.LFB68
 1305 0018 00000000 		.4byte	.LFB69
 1306 001c 18000000 		.4byte	.LFE69-.LFB69
 1307 0020 00000000 		.4byte	.LFB70
 1308 0024 46000000 		.4byte	.LFE70-.LFB70
 1309 0028 00000000 		.4byte	.LFB71
 1310 002c 70000000 		.4byte	.LFE71-.LFB71
 1311 0030 00000000 		.4byte	.LFB72
 1312 0034 52000000 		.4byte	.LFE72-.LFB72
 1313 0038 00000000 		.4byte	0
 1314 003c 00000000 		.4byte	0
 1315              		.section	.debug_ranges,"",%progbits
 1316              	.Ldebug_ranges0:
 1317 0000 00000000 		.4byte	.LFB68
 1318 0004 3E000000 		.4byte	.LFE68
 1319 0008 00000000 		.4byte	.LFB69
 1320 000c 18000000 		.4byte	.LFE69
 1321 0010 00000000 		.4byte	.LFB70
 1322 0014 46000000 		.4byte	.LFE70
 1323 0018 00000000 		.4byte	.LFB71
 1324 001c 70000000 		.4byte	.LFE71
 1325 0020 00000000 		.4byte	.LFB72
 1326 0024 52000000 		.4byte	.LFE72
 1327 0028 00000000 		.4byte	0
 1328 002c 00000000 		.4byte	0
 1329              		.section	.debug_line,"",%progbits
 1330              	.Ldebug_line0:
 1331 0000 57020000 		.section	.debug_str,"MS",%progbits,1
 1331      0200CB01 
 1331      00000201 
 1331      FB0E0D00 
 1331      01010101 
 1332              	.LASF71:
 1333 0000 736E6966 		.ascii	"sniffIDFilter\000"
 1333      66494446 
 1333      696C7465 
 1333      7200
 1334              	.LASF29:
 1335 000e 696E666F 		.ascii	"informationID\000"
 1335      726D6174 
 1335      696F6E49 
 1335      4400
 1336              	.LASF42:
 1337 001c 77726974 		.ascii	"write\000"
 1337      6500
 1338              	.LASF49:
 1339 0022 70785072 		.ascii	"pxPrevious\000"
 1339      6576696F 
 1339      757300
 1340              	.LASF60:
 1341 002d 764C6973 		.ascii	"vListInitialise\000"
 1341      74496E69 
 1341      7469616C 
 1341      69736500 
 1342              	.LASF33:
ARM GAS  C:\Users\THUNDE~1\AppData\Local\Temp\ccIjxufA.s 			page 29


 1343 003d 6F626A65 		.ascii	"objectNumber\000"
 1343      63744E75 
 1343      6D626572 
 1343      00
 1344              	.LASF66:
 1345 004a 764C6973 		.ascii	"vListInsert\000"
 1345      74496E73 
 1345      65727400 
 1346              	.LASF5:
 1347 0056 73686F72 		.ascii	"short int\000"
 1347      7420696E 
 1347      7400
 1348              	.LASF58:
 1349 0060 784C6973 		.ascii	"xListEnd\000"
 1349      74456E64 
 1349      00
 1350              	.LASF13:
 1351 0069 73697A65 		.ascii	"sizetype\000"
 1351      74797065 
 1351      00
 1352              	.LASF77:
 1353 0072 75784C69 		.ascii	"uxListRemove\000"
 1353      73745265 
 1353      6D6F7665 
 1353      00
 1354              	.LASF21:
 1355 007f 4D555445 		.ascii	"MUTEX\000"
 1355      5800
 1356              	.LASF48:
 1357 0085 70784E65 		.ascii	"pxNext\000"
 1357      787400
 1358              	.LASF30:
 1359 008c 6F626A65 		.ascii	"objectType\000"
 1359      63745479 
 1359      706500
 1360              	.LASF74:
 1361 0097 474E5520 		.ascii	"GNU C11 5.4.1 20160609 (release) [ARM/embedded-5-br"
 1361      43313120 
 1361      352E342E 
 1361      31203230 
 1361      31363036 
 1362 00ca 616E6368 		.ascii	"anch revision 237715] -mcpu=cortex-m3 -mthumb -g -O"
 1362      20726576 
 1362      6973696F 
 1362      6E203233 
 1362      37373135 
 1363 00fd 30202D66 		.ascii	"0 -ffunction-sections -ffat-lto-objects\000"
 1363      66756E63 
 1363      74696F6E 
 1363      2D736563 
 1363      74696F6E 
 1364              	.LASF10:
 1365 0125 5F5F7569 		.ascii	"__uint32_t\000"
 1365      6E743332 
 1365      5F7400
 1366              	.LASF37:
 1367 0130 6F626A65 		.ascii	"objectHeader\000"
ARM GAS  C:\Users\THUNDE~1\AppData\Local\Temp\ccIjxufA.s 			page 30


 1367      63744865 
 1367      61646572 
 1367      00
 1368              	.LASF50:
 1369 013d 70764F77 		.ascii	"pvOwner\000"
 1369      6E657200 
 1370              	.LASF15:
 1371 0145 75696E74 		.ascii	"uint8_t\000"
 1371      385F7400 
 1372              	.LASF68:
 1373 014d 7856616C 		.ascii	"xValueOfInsertion\000"
 1373      75654F66 
 1373      496E7365 
 1373      7274696F 
 1373      6E00
 1374              	.LASF52:
 1375 015f 4C697374 		.ascii	"ListItem_t\000"
 1375      4974656D 
 1375      5F7400
 1376              	.LASF38:
 1377 016a 6F626A65 		.ascii	"objectArray\000"
 1377      63744172 
 1377      72617900 
 1378              	.LASF34:
 1379 0176 6C656E4F 		.ascii	"lenObjectName\000"
 1379      626A6563 
 1379      744E616D 
 1379      6500
 1380              	.LASF27:
 1381 0184 4F626A65 		.ascii	"ObjectType\000"
 1381      63745479 
 1381      706500
 1382              	.LASF31:
 1383 018f 6C656E67 		.ascii	"length\000"
 1383      746800
 1384              	.LASF75:
 1385 0196 2E2E5C53 		.ascii	"..\\Source\\list.c\000"
 1385      6F757263 
 1385      655C6C69 
 1385      73742E63 
 1385      00
 1386              	.LASF18:
 1387 01a7 666C6F61 		.ascii	"float\000"
 1387      7400
 1388              	.LASF36:
 1389 01ad 4F626A65 		.ascii	"Object\000"
 1389      637400
 1390              	.LASF41:
 1391 01b4 72656164 		.ascii	"read\000"
 1391      00
 1392              	.LASF54:
 1393 01b9 4D696E69 		.ascii	"MiniListItem_t\000"
 1393      4C697374 
 1393      4974656D 
 1393      5F7400
 1394              	.LASF1:
 1395 01c8 6C6F6E67 		.ascii	"long long int\000"
ARM GAS  C:\Users\THUNDE~1\AppData\Local\Temp\ccIjxufA.s 			page 31


 1395      206C6F6E 
 1395      6720696E 
 1395      7400
 1396              	.LASF44:
 1397 01d6 5469636B 		.ascii	"TickType_t\000"
 1397      54797065 
 1397      5F7400
 1398              	.LASF62:
 1399 01e1 70784C69 		.ascii	"pxList\000"
 1399      737400
 1400              	.LASF9:
 1401 01e8 6C6F6E67 		.ascii	"long int\000"
 1401      20696E74 
 1401      00
 1402              	.LASF55:
 1403 01f1 784C4953 		.ascii	"xLIST\000"
 1403      5400
 1404              	.LASF24:
 1405 01f7 52454355 		.ascii	"RECURSIVE_MUTEX\000"
 1405      52534956 
 1405      455F4D55 
 1405      54455800 
 1406              	.LASF7:
 1407 0207 5F5F7569 		.ascii	"__uint8_t\000"
 1407      6E74385F 
 1407      7400
 1408              	.LASF47:
 1409 0211 78497465 		.ascii	"xItemValue\000"
 1409      6D56616C 
 1409      756500
 1410              	.LASF45:
 1411 021c 42756666 		.ascii	"Buffer\000"
 1411      657200
 1412              	.LASF46:
 1413 0223 784C4953 		.ascii	"xLIST_ITEM\000"
 1413      545F4954 
 1413      454D00
 1414              	.LASF20:
 1415 022e 51554555 		.ascii	"QUEUE\000"
 1415      4500
 1416              	.LASF22:
 1417 0234 434F554E 		.ascii	"COUNTING_SEMAPHORE\000"
 1417      54494E47 
 1417      5F53454D 
 1417      4150484F 
 1417      524500
 1418              	.LASF35:
 1419 0247 6F626A65 		.ascii	"objectName\000"
 1419      63744E61 
 1419      6D6500
 1420              	.LASF2:
 1421 0252 6C6F6E67 		.ascii	"long double\000"
 1421      20646F75 
 1421      626C6500 
 1422              	.LASF4:
 1423 025e 756E7369 		.ascii	"unsigned char\000"
 1423      676E6564 
ARM GAS  C:\Users\THUNDE~1\AppData\Local\Temp\ccIjxufA.s 			page 32


 1423      20636861 
 1423      7200
 1424              	.LASF3:
 1425 026c 7369676E 		.ascii	"signed char\000"
 1425      65642063 
 1425      68617200 
 1426              	.LASF12:
 1427 0278 6C6F6E67 		.ascii	"long long unsigned int\000"
 1427      206C6F6E 
 1427      6720756E 
 1427      7369676E 
 1427      65642069 
 1428              	.LASF17:
 1429 028f 75696E74 		.ascii	"uint32_t\000"
 1429      33325F74 
 1429      00
 1430              	.LASF0:
 1431 0298 756E7369 		.ascii	"unsigned int\000"
 1431      676E6564 
 1431      20696E74 
 1431      00
 1432              	.LASF32:
 1433 02a5 4F626A65 		.ascii	"ObjectListHeader\000"
 1433      63744C69 
 1433      73744865 
 1433      61646572 
 1433      00
 1434              	.LASF51:
 1435 02b6 7076436F 		.ascii	"pvContainer\000"
 1435      6E746169 
 1435      6E657200 
 1436              	.LASF6:
 1437 02c2 73686F72 		.ascii	"short unsigned int\000"
 1437      7420756E 
 1437      7369676E 
 1437      65642069 
 1437      6E7400
 1438              	.LASF67:
 1439 02d5 70784974 		.ascii	"pxIterator\000"
 1439      65726174 
 1439      6F7200
 1440              	.LASF14:
 1441 02e0 63686172 		.ascii	"char\000"
 1441      00
 1442              	.LASF59:
 1443 02e5 4C697374 		.ascii	"List_t\000"
 1443      5F7400
 1444              	.LASF28:
 1445 02ec 7061636B 		.ascii	"packetID\000"
 1445      65744944 
 1445      00
 1446              	.LASF16:
 1447 02f5 696E7433 		.ascii	"int32_t\000"
 1447      325F7400 
 1448              	.LASF43:
 1449 02fd 55426173 		.ascii	"UBaseType_t\000"
 1449      65547970 
ARM GAS  C:\Users\THUNDE~1\AppData\Local\Temp\ccIjxufA.s 			page 33


 1449      655F7400 
 1450              	.LASF64:
 1451 0309 764C6973 		.ascii	"vListInsertEnd\000"
 1451      74496E73 
 1451      65727445 
 1451      6E6400
 1452              	.LASF40:
 1453 0318 64617461 		.ascii	"data\000"
 1453      00
 1454              	.LASF72:
 1455 031d 62756666 		.ascii	"buffer\000"
 1455      657200
 1456              	.LASF26:
 1457 0324 4E554D42 		.ascii	"NUMBER_OF_OBJECTTYPES\000"
 1457      45525F4F 
 1457      465F4F42 
 1457      4A454354 
 1457      54595045 
 1458              	.LASF11:
 1459 033a 6C6F6E67 		.ascii	"long unsigned int\000"
 1459      20756E73 
 1459      69676E65 
 1459      6420696E 
 1459      7400
 1460              	.LASF19:
 1461 034c 646F7562 		.ascii	"double\000"
 1461      6C6500
 1462              	.LASF23:
 1463 0353 42494E41 		.ascii	"BINARY_SEMAPHORE\000"
 1463      52595F53 
 1463      454D4150 
 1463      484F5245 
 1463      00
 1464              	.LASF73:
 1465 0364 6F626A65 		.ascii	"objectList\000"
 1465      63744C69 
 1465      737400
 1466              	.LASF56:
 1467 036f 75784E75 		.ascii	"uxNumberOfItems\000"
 1467      6D626572 
 1467      4F664974 
 1467      656D7300 
 1468              	.LASF65:
 1469 037f 70784E65 		.ascii	"pxNewListItem\000"
 1469      774C6973 
 1469      74497465 
 1469      6D00
 1470              	.LASF25:
 1471 038d 5441534B 		.ascii	"TASK\000"
 1471      00
 1472              	.LASF8:
 1473 0392 5F5F696E 		.ascii	"__int32_t\000"
 1473      7433325F 
 1473      7400
 1474              	.LASF69:
 1475 039c 70784974 		.ascii	"pxItemToRemove\000"
 1475      656D546F 
ARM GAS  C:\Users\THUNDE~1\AppData\Local\Temp\ccIjxufA.s 			page 34


 1475      52656D6F 
 1475      766500
 1476              	.LASF63:
 1477 03ab 70784974 		.ascii	"pxItem\000"
 1477      656D00
 1478              	.LASF39:
 1479 03b2 4F626A65 		.ascii	"ObjectList\000"
 1479      63744C69 
 1479      737400
 1480              	.LASF57:
 1481 03bd 7078496E 		.ascii	"pxIndex\000"
 1481      64657800 
 1482              	.LASF70:
 1483 03c5 49544D5F 		.ascii	"ITM_RxBuffer\000"
 1483      52784275 
 1483      66666572 
 1483      00
 1484              	.LASF53:
 1485 03d2 784D494E 		.ascii	"xMINI_LIST_ITEM\000"
 1485      495F4C49 
 1485      53545F49 
 1485      54454D00 
 1486              	.LASF76:
 1487 03e2 463A5C50 		.ascii	"F:\\Programme_Scripts\\PSOC Creator\\FreeRTOS\\Free"
 1487      726F6772 
 1487      616D6D65 
 1487      5F536372 
 1487      69707473 
 1488 0411 52544F53 		.ascii	"RTOS_CY8CKIT_059-master\\FreeRTOS_Demo.cydsn\000"
 1488      5F435938 
 1488      434B4954 
 1488      5F303539 
 1488      2D6D6173 
 1489              	.LASF61:
 1490 043d 764C6973 		.ascii	"vListInitialiseItem\000"
 1490      74496E69 
 1490      7469616C 
 1490      69736549 
 1490      74656D00 
 1491              		.ident	"GCC: (GNU Tools for ARM Embedded Processors) 5.4.1 20160609 (release) [ARM/embedded-5-bran
