ARM GAS  C:\Users\THUNDE~1\AppData\Local\Temp\ccfOsMdS.s 			page 1


   1              		.syntax unified
   2              		.cpu cortex-m3
   3              		.fpu softvfp
   4              		.eabi_attribute 20, 1
   5              		.eabi_attribute 21, 1
   6              		.eabi_attribute 23, 3
   7              		.eabi_attribute 24, 1
   8              		.eabi_attribute 25, 1
   9              		.eabi_attribute 26, 1
  10              		.eabi_attribute 30, 6
  11              		.eabi_attribute 34, 1
  12              		.eabi_attribute 18, 4
  13              		.thumb
  14              		.syntax unified
  15              		.file	"selfFIFO.c"
  16              		.text
  17              	.Ltext0:
  18              		.cfi_sections	.debug_frame
  19              		.comm	buffer,4098,4
  20              		.section	.text.BufferIn,"ax",%progbits
  21              		.align	2
  22              		.global	BufferIn
  23              		.thumb
  24              		.thumb_func
  25              		.type	BufferIn, %function
  26              	BufferIn:
  27              	.LFB0:
  28              		.file 1 "Tracer\\selfFIFO.c"
   1:Tracer/selfFIFO.c **** 
   2:Tracer/selfFIFO.c **** 
   3:Tracer/selfFIFO.c **** 
   4:Tracer/selfFIFO.c **** 
   5:Tracer/selfFIFO.c **** //
   6:Tracer/selfFIFO.c **** // Stellt 1 Byte in den Ringbuffer
   7:Tracer/selfFIFO.c **** //
   8:Tracer/selfFIFO.c **** // Returns:
   9:Tracer/selfFIFO.c **** //     BUFFER_FAIL       der Ringbuffer ist voll. Es kann kein weiteres Byte gespeichert werden
  10:Tracer/selfFIFO.c **** //     BUFFER_SUCCESS    das Byte wurde gespeichert
  11:Tracer/selfFIFO.c **** //
  12:Tracer/selfFIFO.c **** #include "selfFIFO.h"
  13:Tracer/selfFIFO.c **** 
  14:Tracer/selfFIFO.c **** uint8_t BufferIn(uint8_t byte)
  15:Tracer/selfFIFO.c **** {
  29              		.loc 1 15 0
  30              		.cfi_startproc
  31              		@ args = 0, pretend = 0, frame = 16
  32              		@ frame_needed = 1, uses_anonymous_args = 0
  33              		@ link register save eliminated.
  34 0000 80B4     		push	{r7}
  35              		.cfi_def_cfa_offset 4
  36              		.cfi_offset 7, -4
  37 0002 85B0     		sub	sp, sp, #20
  38              		.cfi_def_cfa_offset 24
  39 0004 00AF     		add	r7, sp, #0
  40              		.cfi_def_cfa_register 7
  41 0006 0346     		mov	r3, r0
  42 0008 FB71     		strb	r3, [r7, #7]
ARM GAS  C:\Users\THUNDE~1\AppData\Local\Temp\ccfOsMdS.s 			page 2


  16:Tracer/selfFIFO.c ****   uint8_t next = ((buffer.write + 1) & BUFFER_MASK);
  43              		.loc 1 16 0
  44 000a 124B     		ldr	r3, .L4
  45 000c 03F58053 		add	r3, r3, #4096
  46 0010 0133     		adds	r3, r3, #1
  47 0012 1B78     		ldrb	r3, [r3]	@ zero_extendqisi2
  48 0014 0133     		adds	r3, r3, #1
  49 0016 FB73     		strb	r3, [r7, #15]
  17:Tracer/selfFIFO.c **** 
  18:Tracer/selfFIFO.c ****   if (buffer.read == next)
  50              		.loc 1 18 0
  51 0018 0E4B     		ldr	r3, .L4
  52 001a 03F58053 		add	r3, r3, #4096
  53 001e 1B78     		ldrb	r3, [r3]	@ zero_extendqisi2
  54 0020 FA7B     		ldrb	r2, [r7, #15]	@ zero_extendqisi2
  55 0022 9A42     		cmp	r2, r3
  56 0024 01D1     		bne	.L2
  19:Tracer/selfFIFO.c ****     return BUFFER_FAIL; // voll
  57              		.loc 1 19 0
  58 0026 0023     		movs	r3, #0
  59 0028 0FE0     		b	.L3
  60              	.L2:
  20:Tracer/selfFIFO.c **** 
  21:Tracer/selfFIFO.c ****   buffer.data[buffer.write] = byte;
  61              		.loc 1 21 0
  62 002a 0A4B     		ldr	r3, .L4
  63 002c 03F58053 		add	r3, r3, #4096
  64 0030 0133     		adds	r3, r3, #1
  65 0032 1B78     		ldrb	r3, [r3]	@ zero_extendqisi2
  66 0034 1946     		mov	r1, r3
  67 0036 074A     		ldr	r2, .L4
  68 0038 FB79     		ldrb	r3, [r7, #7]
  69 003a 5354     		strb	r3, [r2, r1]
  22:Tracer/selfFIFO.c ****   // buffer.data[buffer.write & BUFFER_MASK] = byte; // absolut Sicher
  23:Tracer/selfFIFO.c ****   buffer.write = next;
  70              		.loc 1 23 0
  71 003c 054B     		ldr	r3, .L4
  72 003e 03F58053 		add	r3, r3, #4096
  73 0042 0133     		adds	r3, r3, #1
  74 0044 FA7B     		ldrb	r2, [r7, #15]
  75 0046 1A70     		strb	r2, [r3]
  24:Tracer/selfFIFO.c **** 
  25:Tracer/selfFIFO.c ****   return BUFFER_SUCCESS;
  76              		.loc 1 25 0
  77 0048 0123     		movs	r3, #1
  78              	.L3:
  26:Tracer/selfFIFO.c **** }
  79              		.loc 1 26 0
  80 004a 1846     		mov	r0, r3
  81 004c 1437     		adds	r7, r7, #20
  82              		.cfi_def_cfa_offset 4
  83 004e BD46     		mov	sp, r7
  84              		.cfi_def_cfa_register 13
  85              		@ sp needed
  86 0050 80BC     		pop	{r7}
  87              		.cfi_restore 7
  88              		.cfi_def_cfa_offset 0
ARM GAS  C:\Users\THUNDE~1\AppData\Local\Temp\ccfOsMdS.s 			page 3


  89 0052 7047     		bx	lr
  90              	.L5:
  91              		.align	2
  92              	.L4:
  93 0054 00000000 		.word	buffer
  94              		.cfi_endproc
  95              	.LFE0:
  96              		.size	BufferIn, .-BufferIn
  97              		.section	.text.BufferOut,"ax",%progbits
  98              		.align	2
  99              		.global	BufferOut
 100              		.thumb
 101              		.thumb_func
 102              		.type	BufferOut, %function
 103              	BufferOut:
 104              	.LFB1:
  27:Tracer/selfFIFO.c **** 
  28:Tracer/selfFIFO.c **** //
  29:Tracer/selfFIFO.c **** // Holt 1 Byte aus dem Ringbuffer, sofern mindestens eines abholbereit ist
  30:Tracer/selfFIFO.c **** //
  31:Tracer/selfFIFO.c **** // Returns:
  32:Tracer/selfFIFO.c **** //     BUFFER_FAIL       der Ringbuffer ist leer. Es kann kein Byte geliefert werden.
  33:Tracer/selfFIFO.c **** //     BUFFER_SUCCESS    1 Byte wurde geliefert
  34:Tracer/selfFIFO.c **** //
  35:Tracer/selfFIFO.c **** uint8_t BufferOut(uint8_t *pByte)
  36:Tracer/selfFIFO.c **** {
 105              		.loc 1 36 0
 106              		.cfi_startproc
 107              		@ args = 0, pretend = 0, frame = 8
 108              		@ frame_needed = 1, uses_anonymous_args = 0
 109              		@ link register save eliminated.
 110 0000 80B4     		push	{r7}
 111              		.cfi_def_cfa_offset 4
 112              		.cfi_offset 7, -4
 113 0002 83B0     		sub	sp, sp, #12
 114              		.cfi_def_cfa_offset 16
 115 0004 00AF     		add	r7, sp, #0
 116              		.cfi_def_cfa_register 7
 117 0006 7860     		str	r0, [r7, #4]
  37:Tracer/selfFIFO.c ****   if (buffer.read == buffer.write)
 118              		.loc 1 37 0
 119 0008 124B     		ldr	r3, .L9
 120 000a 03F58053 		add	r3, r3, #4096
 121 000e 1A78     		ldrb	r2, [r3]	@ zero_extendqisi2
 122 0010 104B     		ldr	r3, .L9
 123 0012 03F58053 		add	r3, r3, #4096
 124 0016 0133     		adds	r3, r3, #1
 125 0018 1B78     		ldrb	r3, [r3]	@ zero_extendqisi2
 126 001a 9A42     		cmp	r2, r3
 127 001c 01D1     		bne	.L7
  38:Tracer/selfFIFO.c ****     return BUFFER_FAIL;
 128              		.loc 1 38 0
 129 001e 0023     		movs	r3, #0
 130 0020 13E0     		b	.L8
 131              	.L7:
  39:Tracer/selfFIFO.c **** 
  40:Tracer/selfFIFO.c ****   *pByte = buffer.data[buffer.read];
ARM GAS  C:\Users\THUNDE~1\AppData\Local\Temp\ccfOsMdS.s 			page 4


 132              		.loc 1 40 0
 133 0022 0C4B     		ldr	r3, .L9
 134 0024 03F58053 		add	r3, r3, #4096
 135 0028 1B78     		ldrb	r3, [r3]	@ zero_extendqisi2
 136 002a 1A46     		mov	r2, r3
 137 002c 094B     		ldr	r3, .L9
 138 002e 9A5C     		ldrb	r2, [r3, r2]	@ zero_extendqisi2
 139 0030 7B68     		ldr	r3, [r7, #4]
 140 0032 1A70     		strb	r2, [r3]
  41:Tracer/selfFIFO.c **** 
  42:Tracer/selfFIFO.c ****   buffer.read = (buffer.read+1) & BUFFER_MASK;
 141              		.loc 1 42 0
 142 0034 074B     		ldr	r3, .L9
 143 0036 03F58053 		add	r3, r3, #4096
 144 003a 1B78     		ldrb	r3, [r3]	@ zero_extendqisi2
 145 003c 0133     		adds	r3, r3, #1
 146 003e DAB2     		uxtb	r2, r3
 147 0040 044B     		ldr	r3, .L9
 148 0042 03F58053 		add	r3, r3, #4096
 149 0046 1A70     		strb	r2, [r3]
  43:Tracer/selfFIFO.c **** 
  44:Tracer/selfFIFO.c ****   return BUFFER_SUCCESS;
 150              		.loc 1 44 0
 151 0048 0123     		movs	r3, #1
 152              	.L8:
  45:Tracer/selfFIFO.c **** }
 153              		.loc 1 45 0
 154 004a 1846     		mov	r0, r3
 155 004c 0C37     		adds	r7, r7, #12
 156              		.cfi_def_cfa_offset 4
 157 004e BD46     		mov	sp, r7
 158              		.cfi_def_cfa_register 13
 159              		@ sp needed
 160 0050 80BC     		pop	{r7}
 161              		.cfi_restore 7
 162              		.cfi_def_cfa_offset 0
 163 0052 7047     		bx	lr
 164              	.L10:
 165              		.align	2
 166              	.L9:
 167 0054 00000000 		.word	buffer
 168              		.cfi_endproc
 169              	.LFE1:
 170              		.size	BufferOut, .-BufferOut
 171              		.text
 172              	.Letext0:
 173              		.file 2 "c:\\program files (x86)\\cypress\\psoc creator\\4.2\\psoc creator\\import\\gnu\\arm\\5.4.
 174              		.file 3 "c:\\program files (x86)\\cypress\\psoc creator\\4.2\\psoc creator\\import\\gnu\\arm\\5.4.
 175              		.file 4 "Tracer\\selfFIFO.h"
 176              		.section	.debug_info,"",%progbits
 177              	.Ldebug_info0:
 178 0000 3F010000 		.4byte	0x13f
 179 0004 0400     		.2byte	0x4
 180 0006 00000000 		.4byte	.Ldebug_abbrev0
 181 000a 04       		.byte	0x4
 182 000b 01       		.uleb128 0x1
 183 000c 0A000000 		.4byte	.LASF19
ARM GAS  C:\Users\THUNDE~1\AppData\Local\Temp\ccfOsMdS.s 			page 5


 184 0010 0C       		.byte	0xc
 185 0011 23010000 		.4byte	.LASF20
 186 0015 4C010000 		.4byte	.LASF21
 187 0019 00000000 		.4byte	.Ldebug_ranges0+0
 188 001d 00000000 		.4byte	0
 189 0021 00000000 		.4byte	.Ldebug_line0
 190 0025 02       		.uleb128 0x2
 191 0026 01       		.byte	0x1
 192 0027 06       		.byte	0x6
 193 0028 CA010000 		.4byte	.LASF0
 194 002c 03       		.uleb128 0x3
 195 002d 00000000 		.4byte	.LASF9
 196 0031 02       		.byte	0x2
 197 0032 1D       		.byte	0x1d
 198 0033 37000000 		.4byte	0x37
 199 0037 02       		.uleb128 0x2
 200 0038 01       		.byte	0x1
 201 0039 08       		.byte	0x8
 202 003a AF000000 		.4byte	.LASF1
 203 003e 02       		.uleb128 0x2
 204 003f 02       		.byte	0x2
 205 0040 05       		.byte	0x5
 206 0041 A7010000 		.4byte	.LASF2
 207 0045 02       		.uleb128 0x2
 208 0046 02       		.byte	0x2
 209 0047 07       		.byte	0x7
 210 0048 CF000000 		.4byte	.LASF3
 211 004c 02       		.uleb128 0x2
 212 004d 04       		.byte	0x4
 213 004e 05       		.byte	0x5
 214 004f B8010000 		.4byte	.LASF4
 215 0053 02       		.uleb128 0x2
 216 0054 04       		.byte	0x4
 217 0055 07       		.byte	0x7
 218 0056 BD000000 		.4byte	.LASF5
 219 005a 02       		.uleb128 0x2
 220 005b 08       		.byte	0x8
 221 005c 05       		.byte	0x5
 222 005d 3E010000 		.4byte	.LASF6
 223 0061 02       		.uleb128 0x2
 224 0062 08       		.byte	0x8
 225 0063 07       		.byte	0x7
 226 0064 04010000 		.4byte	.LASF7
 227 0068 04       		.uleb128 0x4
 228 0069 04       		.byte	0x4
 229 006a 05       		.byte	0x5
 230 006b 696E7400 		.ascii	"int\000"
 231 006f 02       		.uleb128 0x2
 232 0070 04       		.byte	0x4
 233 0071 07       		.byte	0x7
 234 0072 F7000000 		.4byte	.LASF8
 235 0076 03       		.uleb128 0x3
 236 0077 1B010000 		.4byte	.LASF10
 237 007b 03       		.byte	0x3
 238 007c 18       		.byte	0x18
 239 007d 2C000000 		.4byte	0x2c
 240 0081 05       		.uleb128 0x5
ARM GAS  C:\Users\THUNDE~1\AppData\Local\Temp\ccfOsMdS.s 			page 6


 241 0082 A8000000 		.4byte	.LASF22
 242 0086 0210     		.2byte	0x1002
 243 0088 04       		.byte	0x4
 244 0089 0C       		.byte	0xc
 245 008a B5000000 		.4byte	0xb5
 246 008e 06       		.uleb128 0x6
 247 008f A3000000 		.4byte	.LASF11
 248 0093 04       		.byte	0x4
 249 0094 0D       		.byte	0xd
 250 0095 B5000000 		.4byte	0xb5
 251 0099 00       		.byte	0
 252 009a 07       		.uleb128 0x7
 253 009b F2000000 		.4byte	.LASF12
 254 009f 04       		.byte	0x4
 255 00a0 0E       		.byte	0xe
 256 00a1 76000000 		.4byte	0x76
 257 00a5 0010     		.2byte	0x1000
 258 00a7 07       		.uleb128 0x7
 259 00a8 EC000000 		.4byte	.LASF13
 260 00ac 04       		.byte	0x4
 261 00ad 0F       		.byte	0xf
 262 00ae 76000000 		.4byte	0x76
 263 00b2 0110     		.2byte	0x1001
 264 00b4 00       		.byte	0
 265 00b5 08       		.uleb128 0x8
 266 00b6 76000000 		.4byte	0x76
 267 00ba C6000000 		.4byte	0xc6
 268 00be 09       		.uleb128 0x9
 269 00bf C6000000 		.4byte	0xc6
 270 00c3 FF0F     		.2byte	0xfff
 271 00c5 00       		.byte	0
 272 00c6 02       		.uleb128 0x2
 273 00c7 04       		.byte	0x4
 274 00c8 07       		.byte	0x7
 275 00c9 35010000 		.4byte	.LASF14
 276 00cd 0A       		.uleb128 0xa
 277 00ce C1010000 		.4byte	.LASF15
 278 00d2 01       		.byte	0x1
 279 00d3 0E       		.byte	0xe
 280 00d4 76000000 		.4byte	0x76
 281 00d8 00000000 		.4byte	.LFB0
 282 00dc 58000000 		.4byte	.LFE0-.LFB0
 283 00e0 01       		.uleb128 0x1
 284 00e1 9C       		.byte	0x9c
 285 00e2 03010000 		.4byte	0x103
 286 00e6 0B       		.uleb128 0xb
 287 00e7 9E000000 		.4byte	.LASF17
 288 00eb 01       		.byte	0x1
 289 00ec 0E       		.byte	0xe
 290 00ed 76000000 		.4byte	0x76
 291 00f1 02       		.uleb128 0x2
 292 00f2 91       		.byte	0x91
 293 00f3 6F       		.sleb128 -17
 294 00f4 0C       		.uleb128 0xc
 295 00f5 D6010000 		.4byte	.LASF23
 296 00f9 01       		.byte	0x1
 297 00fa 10       		.byte	0x10
ARM GAS  C:\Users\THUNDE~1\AppData\Local\Temp\ccfOsMdS.s 			page 7


 298 00fb 76000000 		.4byte	0x76
 299 00ff 02       		.uleb128 0x2
 300 0100 91       		.byte	0x91
 301 0101 77       		.sleb128 -9
 302 0102 00       		.byte	0
 303 0103 0A       		.uleb128 0xa
 304 0104 E2000000 		.4byte	.LASF16
 305 0108 01       		.byte	0x1
 306 0109 23       		.byte	0x23
 307 010a 76000000 		.4byte	0x76
 308 010e 00000000 		.4byte	.LFB1
 309 0112 58000000 		.4byte	.LFE1-.LFB1
 310 0116 01       		.uleb128 0x1
 311 0117 9C       		.byte	0x9c
 312 0118 2B010000 		.4byte	0x12b
 313 011c 0B       		.uleb128 0xb
 314 011d 98000000 		.4byte	.LASF18
 315 0121 01       		.byte	0x1
 316 0122 23       		.byte	0x23
 317 0123 2B010000 		.4byte	0x12b
 318 0127 02       		.uleb128 0x2
 319 0128 91       		.byte	0x91
 320 0129 74       		.sleb128 -12
 321 012a 00       		.byte	0
 322 012b 0D       		.uleb128 0xd
 323 012c 04       		.byte	0x4
 324 012d 76000000 		.4byte	0x76
 325 0131 0E       		.uleb128 0xe
 326 0132 B1010000 		.4byte	.LASF24
 327 0136 04       		.byte	0x4
 328 0137 10       		.byte	0x10
 329 0138 81000000 		.4byte	0x81
 330 013c 05       		.uleb128 0x5
 331 013d 03       		.byte	0x3
 332 013e 00000000 		.4byte	buffer
 333 0142 00       		.byte	0
 334              		.section	.debug_abbrev,"",%progbits
 335              	.Ldebug_abbrev0:
 336 0000 01       		.uleb128 0x1
 337 0001 11       		.uleb128 0x11
 338 0002 01       		.byte	0x1
 339 0003 25       		.uleb128 0x25
 340 0004 0E       		.uleb128 0xe
 341 0005 13       		.uleb128 0x13
 342 0006 0B       		.uleb128 0xb
 343 0007 03       		.uleb128 0x3
 344 0008 0E       		.uleb128 0xe
 345 0009 1B       		.uleb128 0x1b
 346 000a 0E       		.uleb128 0xe
 347 000b 55       		.uleb128 0x55
 348 000c 17       		.uleb128 0x17
 349 000d 11       		.uleb128 0x11
 350 000e 01       		.uleb128 0x1
 351 000f 10       		.uleb128 0x10
 352 0010 17       		.uleb128 0x17
 353 0011 00       		.byte	0
 354 0012 00       		.byte	0
ARM GAS  C:\Users\THUNDE~1\AppData\Local\Temp\ccfOsMdS.s 			page 8


 355 0013 02       		.uleb128 0x2
 356 0014 24       		.uleb128 0x24
 357 0015 00       		.byte	0
 358 0016 0B       		.uleb128 0xb
 359 0017 0B       		.uleb128 0xb
 360 0018 3E       		.uleb128 0x3e
 361 0019 0B       		.uleb128 0xb
 362 001a 03       		.uleb128 0x3
 363 001b 0E       		.uleb128 0xe
 364 001c 00       		.byte	0
 365 001d 00       		.byte	0
 366 001e 03       		.uleb128 0x3
 367 001f 16       		.uleb128 0x16
 368 0020 00       		.byte	0
 369 0021 03       		.uleb128 0x3
 370 0022 0E       		.uleb128 0xe
 371 0023 3A       		.uleb128 0x3a
 372 0024 0B       		.uleb128 0xb
 373 0025 3B       		.uleb128 0x3b
 374 0026 0B       		.uleb128 0xb
 375 0027 49       		.uleb128 0x49
 376 0028 13       		.uleb128 0x13
 377 0029 00       		.byte	0
 378 002a 00       		.byte	0
 379 002b 04       		.uleb128 0x4
 380 002c 24       		.uleb128 0x24
 381 002d 00       		.byte	0
 382 002e 0B       		.uleb128 0xb
 383 002f 0B       		.uleb128 0xb
 384 0030 3E       		.uleb128 0x3e
 385 0031 0B       		.uleb128 0xb
 386 0032 03       		.uleb128 0x3
 387 0033 08       		.uleb128 0x8
 388 0034 00       		.byte	0
 389 0035 00       		.byte	0
 390 0036 05       		.uleb128 0x5
 391 0037 13       		.uleb128 0x13
 392 0038 01       		.byte	0x1
 393 0039 03       		.uleb128 0x3
 394 003a 0E       		.uleb128 0xe
 395 003b 0B       		.uleb128 0xb
 396 003c 05       		.uleb128 0x5
 397 003d 3A       		.uleb128 0x3a
 398 003e 0B       		.uleb128 0xb
 399 003f 3B       		.uleb128 0x3b
 400 0040 0B       		.uleb128 0xb
 401 0041 01       		.uleb128 0x1
 402 0042 13       		.uleb128 0x13
 403 0043 00       		.byte	0
 404 0044 00       		.byte	0
 405 0045 06       		.uleb128 0x6
 406 0046 0D       		.uleb128 0xd
 407 0047 00       		.byte	0
 408 0048 03       		.uleb128 0x3
 409 0049 0E       		.uleb128 0xe
 410 004a 3A       		.uleb128 0x3a
 411 004b 0B       		.uleb128 0xb
ARM GAS  C:\Users\THUNDE~1\AppData\Local\Temp\ccfOsMdS.s 			page 9


 412 004c 3B       		.uleb128 0x3b
 413 004d 0B       		.uleb128 0xb
 414 004e 49       		.uleb128 0x49
 415 004f 13       		.uleb128 0x13
 416 0050 38       		.uleb128 0x38
 417 0051 0B       		.uleb128 0xb
 418 0052 00       		.byte	0
 419 0053 00       		.byte	0
 420 0054 07       		.uleb128 0x7
 421 0055 0D       		.uleb128 0xd
 422 0056 00       		.byte	0
 423 0057 03       		.uleb128 0x3
 424 0058 0E       		.uleb128 0xe
 425 0059 3A       		.uleb128 0x3a
 426 005a 0B       		.uleb128 0xb
 427 005b 3B       		.uleb128 0x3b
 428 005c 0B       		.uleb128 0xb
 429 005d 49       		.uleb128 0x49
 430 005e 13       		.uleb128 0x13
 431 005f 38       		.uleb128 0x38
 432 0060 05       		.uleb128 0x5
 433 0061 00       		.byte	0
 434 0062 00       		.byte	0
 435 0063 08       		.uleb128 0x8
 436 0064 01       		.uleb128 0x1
 437 0065 01       		.byte	0x1
 438 0066 49       		.uleb128 0x49
 439 0067 13       		.uleb128 0x13
 440 0068 01       		.uleb128 0x1
 441 0069 13       		.uleb128 0x13
 442 006a 00       		.byte	0
 443 006b 00       		.byte	0
 444 006c 09       		.uleb128 0x9
 445 006d 21       		.uleb128 0x21
 446 006e 00       		.byte	0
 447 006f 49       		.uleb128 0x49
 448 0070 13       		.uleb128 0x13
 449 0071 2F       		.uleb128 0x2f
 450 0072 05       		.uleb128 0x5
 451 0073 00       		.byte	0
 452 0074 00       		.byte	0
 453 0075 0A       		.uleb128 0xa
 454 0076 2E       		.uleb128 0x2e
 455 0077 01       		.byte	0x1
 456 0078 3F       		.uleb128 0x3f
 457 0079 19       		.uleb128 0x19
 458 007a 03       		.uleb128 0x3
 459 007b 0E       		.uleb128 0xe
 460 007c 3A       		.uleb128 0x3a
 461 007d 0B       		.uleb128 0xb
 462 007e 3B       		.uleb128 0x3b
 463 007f 0B       		.uleb128 0xb
 464 0080 27       		.uleb128 0x27
 465 0081 19       		.uleb128 0x19
 466 0082 49       		.uleb128 0x49
 467 0083 13       		.uleb128 0x13
 468 0084 11       		.uleb128 0x11
ARM GAS  C:\Users\THUNDE~1\AppData\Local\Temp\ccfOsMdS.s 			page 10


 469 0085 01       		.uleb128 0x1
 470 0086 12       		.uleb128 0x12
 471 0087 06       		.uleb128 0x6
 472 0088 40       		.uleb128 0x40
 473 0089 18       		.uleb128 0x18
 474 008a 9742     		.uleb128 0x2117
 475 008c 19       		.uleb128 0x19
 476 008d 01       		.uleb128 0x1
 477 008e 13       		.uleb128 0x13
 478 008f 00       		.byte	0
 479 0090 00       		.byte	0
 480 0091 0B       		.uleb128 0xb
 481 0092 05       		.uleb128 0x5
 482 0093 00       		.byte	0
 483 0094 03       		.uleb128 0x3
 484 0095 0E       		.uleb128 0xe
 485 0096 3A       		.uleb128 0x3a
 486 0097 0B       		.uleb128 0xb
 487 0098 3B       		.uleb128 0x3b
 488 0099 0B       		.uleb128 0xb
 489 009a 49       		.uleb128 0x49
 490 009b 13       		.uleb128 0x13
 491 009c 02       		.uleb128 0x2
 492 009d 18       		.uleb128 0x18
 493 009e 00       		.byte	0
 494 009f 00       		.byte	0
 495 00a0 0C       		.uleb128 0xc
 496 00a1 34       		.uleb128 0x34
 497 00a2 00       		.byte	0
 498 00a3 03       		.uleb128 0x3
 499 00a4 0E       		.uleb128 0xe
 500 00a5 3A       		.uleb128 0x3a
 501 00a6 0B       		.uleb128 0xb
 502 00a7 3B       		.uleb128 0x3b
 503 00a8 0B       		.uleb128 0xb
 504 00a9 49       		.uleb128 0x49
 505 00aa 13       		.uleb128 0x13
 506 00ab 02       		.uleb128 0x2
 507 00ac 18       		.uleb128 0x18
 508 00ad 00       		.byte	0
 509 00ae 00       		.byte	0
 510 00af 0D       		.uleb128 0xd
 511 00b0 0F       		.uleb128 0xf
 512 00b1 00       		.byte	0
 513 00b2 0B       		.uleb128 0xb
 514 00b3 0B       		.uleb128 0xb
 515 00b4 49       		.uleb128 0x49
 516 00b5 13       		.uleb128 0x13
 517 00b6 00       		.byte	0
 518 00b7 00       		.byte	0
 519 00b8 0E       		.uleb128 0xe
 520 00b9 34       		.uleb128 0x34
 521 00ba 00       		.byte	0
 522 00bb 03       		.uleb128 0x3
 523 00bc 0E       		.uleb128 0xe
 524 00bd 3A       		.uleb128 0x3a
 525 00be 0B       		.uleb128 0xb
ARM GAS  C:\Users\THUNDE~1\AppData\Local\Temp\ccfOsMdS.s 			page 11


 526 00bf 3B       		.uleb128 0x3b
 527 00c0 0B       		.uleb128 0xb
 528 00c1 49       		.uleb128 0x49
 529 00c2 13       		.uleb128 0x13
 530 00c3 3F       		.uleb128 0x3f
 531 00c4 19       		.uleb128 0x19
 532 00c5 02       		.uleb128 0x2
 533 00c6 18       		.uleb128 0x18
 534 00c7 00       		.byte	0
 535 00c8 00       		.byte	0
 536 00c9 00       		.byte	0
 537              		.section	.debug_aranges,"",%progbits
 538 0000 24000000 		.4byte	0x24
 539 0004 0200     		.2byte	0x2
 540 0006 00000000 		.4byte	.Ldebug_info0
 541 000a 04       		.byte	0x4
 542 000b 00       		.byte	0
 543 000c 0000     		.2byte	0
 544 000e 0000     		.2byte	0
 545 0010 00000000 		.4byte	.LFB0
 546 0014 58000000 		.4byte	.LFE0-.LFB0
 547 0018 00000000 		.4byte	.LFB1
 548 001c 58000000 		.4byte	.LFE1-.LFB1
 549 0020 00000000 		.4byte	0
 550 0024 00000000 		.4byte	0
 551              		.section	.debug_ranges,"",%progbits
 552              	.Ldebug_ranges0:
 553 0000 00000000 		.4byte	.LFB0
 554 0004 58000000 		.4byte	.LFE0
 555 0008 00000000 		.4byte	.LFB1
 556 000c 58000000 		.4byte	.LFE1
 557 0010 00000000 		.4byte	0
 558 0014 00000000 		.4byte	0
 559              		.section	.debug_line,"",%progbits
 560              	.Ldebug_line0:
 561 0000 64010000 		.section	.debug_str,"MS",%progbits,1
 561      02003301 
 561      00000201 
 561      FB0E0D00 
 561      01010101 
 562              	.LASF9:
 563 0000 5F5F7569 		.ascii	"__uint8_t\000"
 563      6E74385F 
 563      7400
 564              	.LASF19:
 565 000a 474E5520 		.ascii	"GNU C11 5.4.1 20160609 (release) [ARM/embedded-5-br"
 565      43313120 
 565      352E342E 
 565      31203230 
 565      31363036 
 566 003d 616E6368 		.ascii	"anch revision 237715] -mcpu=cortex-m3 -mthumb -g -O"
 566      20726576 
 566      6973696F 
 566      6E203233 
 566      37373135 
 567 0070 30202D66 		.ascii	"0 -ffunction-sections -ffat-lto-objects\000"
 567      66756E63 
ARM GAS  C:\Users\THUNDE~1\AppData\Local\Temp\ccfOsMdS.s 			page 12


 567      74696F6E 
 567      2D736563 
 567      74696F6E 
 568              	.LASF18:
 569 0098 70427974 		.ascii	"pByte\000"
 569      6500
 570              	.LASF17:
 571 009e 62797465 		.ascii	"byte\000"
 571      00
 572              	.LASF11:
 573 00a3 64617461 		.ascii	"data\000"
 573      00
 574              	.LASF22:
 575 00a8 42756666 		.ascii	"Buffer\000"
 575      657200
 576              	.LASF1:
 577 00af 756E7369 		.ascii	"unsigned char\000"
 577      676E6564 
 577      20636861 
 577      7200
 578              	.LASF5:
 579 00bd 6C6F6E67 		.ascii	"long unsigned int\000"
 579      20756E73 
 579      69676E65 
 579      6420696E 
 579      7400
 580              	.LASF3:
 581 00cf 73686F72 		.ascii	"short unsigned int\000"
 581      7420756E 
 581      7369676E 
 581      65642069 
 581      6E7400
 582              	.LASF16:
 583 00e2 42756666 		.ascii	"BufferOut\000"
 583      65724F75 
 583      7400
 584              	.LASF13:
 585 00ec 77726974 		.ascii	"write\000"
 585      6500
 586              	.LASF12:
 587 00f2 72656164 		.ascii	"read\000"
 587      00
 588              	.LASF8:
 589 00f7 756E7369 		.ascii	"unsigned int\000"
 589      676E6564 
 589      20696E74 
 589      00
 590              	.LASF7:
 591 0104 6C6F6E67 		.ascii	"long long unsigned int\000"
 591      206C6F6E 
 591      6720756E 
 591      7369676E 
 591      65642069 
 592              	.LASF10:
 593 011b 75696E74 		.ascii	"uint8_t\000"
 593      385F7400 
 594              	.LASF20:
ARM GAS  C:\Users\THUNDE~1\AppData\Local\Temp\ccfOsMdS.s 			page 13


 595 0123 54726163 		.ascii	"Tracer\\selfFIFO.c\000"
 595      65725C73 
 595      656C6646 
 595      49464F2E 
 595      6300
 596              	.LASF14:
 597 0135 73697A65 		.ascii	"sizetype\000"
 597      74797065 
 597      00
 598              	.LASF6:
 599 013e 6C6F6E67 		.ascii	"long long int\000"
 599      206C6F6E 
 599      6720696E 
 599      7400
 600              	.LASF21:
 601 014c 463A5C50 		.ascii	"F:\\Programme_Scripts\\PSOC Creator\\FreeRTOS\\Free"
 601      726F6772 
 601      616D6D65 
 601      5F536372 
 601      69707473 
 602 017b 52544F53 		.ascii	"RTOS_CY8CKIT_059-master\\FreeRTOS_Demo.cydsn\000"
 602      5F435938 
 602      434B4954 
 602      5F303539 
 602      2D6D6173 
 603              	.LASF2:
 604 01a7 73686F72 		.ascii	"short int\000"
 604      7420696E 
 604      7400
 605              	.LASF24:
 606 01b1 62756666 		.ascii	"buffer\000"
 606      657200
 607              	.LASF4:
 608 01b8 6C6F6E67 		.ascii	"long int\000"
 608      20696E74 
 608      00
 609              	.LASF15:
 610 01c1 42756666 		.ascii	"BufferIn\000"
 610      6572496E 
 610      00
 611              	.LASF0:
 612 01ca 7369676E 		.ascii	"signed char\000"
 612      65642063 
 612      68617200 
 613              	.LASF23:
 614 01d6 6E657874 		.ascii	"next\000"
 614      00
 615              		.ident	"GCC: (GNU Tools for ARM Embedded Processors) 5.4.1 20160609 (release) [ARM/embedded-5-bran
