ARM GAS  C:\Users\THUNDE~1\AppData\Local\Temp\ccbcT2qU.s 			page 1


   1              		.syntax unified
   2              		.cpu cortex-m3
   3              		.fpu softvfp
   4              		.eabi_attribute 20, 1
   5              		.eabi_attribute 21, 1
   6              		.eabi_attribute 23, 3
   7              		.eabi_attribute 24, 1
   8              		.eabi_attribute 25, 1
   9              		.eabi_attribute 26, 1
  10              		.eabi_attribute 30, 6
  11              		.eabi_attribute 34, 1
  12              		.eabi_attribute 18, 4
  13              		.thumb
  14              		.syntax unified
  15              		.file	"sniffTask.c"
  16              		.text
  17              	.Ltext0:
  18              		.cfi_sections	.debug_frame
  19              		.comm	sniffIDFilter,13,4
  20              		.comm	objectList,1704,4
  21              		.comm	buffer,4098,4
  22              		.section	.text.sniffTask,"ax",%progbits
  23              		.align	2
  24              		.global	sniffTask
  25              		.thumb
  26              		.thumb_func
  27              		.type	sniffTask, %function
  28              	sniffTask:
  29              	.LFB0:
  30              		.file 1 "Tracer\\sniffTask.c"
   1:Tracer/sniffTask.c **** /** \file sniffTask.c
   2:Tracer/sniffTask.c ****  * \brief sniffTask source file.
   3:Tracer/sniffTask.c ****  * \details Implements everything needed for running the SniffTask.
   4:Tracer/sniffTask.c ****  * \author Jonas Mair
   5:Tracer/sniffTask.c ****  * \date 2018
   6:Tracer/sniffTask.c ****  */
   7:Tracer/sniffTask.c **** #include <stdlib.h>
   8:Tracer/sniffTask.c **** 
   9:Tracer/sniffTask.c **** #include <sniffTask.h>
  10:Tracer/sniffTask.c **** #include <sniffHooks.h>
  11:Tracer/sniffTask.c **** #include <sniffPayload.h>
  12:Tracer/sniffTask.c **** #include <sniffFIFO.h>
  13:Tracer/sniffTask.c **** #include <sniffPort.h>
  14:Tracer/sniffTask.c **** 
  15:Tracer/sniffTask.c **** extern void vTaskDelay();
  16:Tracer/sniffTask.c **** 
  17:Tracer/sniffTask.c **** void sniffTask() {
  31              		.loc 1 17 0
  32              		.cfi_startproc
  33              		@ args = 0, pretend = 0, frame = 56
  34              		@ frame_needed = 1, uses_anonymous_args = 0
  35 0000 80B5     		push	{r7, lr}
  36              		.cfi_def_cfa_offset 8
  37              		.cfi_offset 7, -8
  38              		.cfi_offset 14, -4
  39 0002 8EB0     		sub	sp, sp, #56
  40              		.cfi_def_cfa_offset 64
ARM GAS  C:\Users\THUNDE~1\AppData\Local\Temp\ccbcT2qU.s 			page 2


  41 0004 00AF     		add	r7, sp, #0
  42              		.cfi_def_cfa_register 7
  18:Tracer/sniffTask.c **** 
  19:Tracer/sniffTask.c **** 	//Important Variables
  20:Tracer/sniffTask.c **** 	Payload3 payload; // payload for read FIFO
  21:Tracer/sniffTask.c **** 
  22:Tracer/sniffTask.c **** 	Payload3 *currPayload; //Types to cast to depending on the receive payloadType
  23:Tracer/sniffTask.c **** 	PayloadError *currPayloadError;
  24:Tracer/sniffTask.c **** 	uint8_t* currPayloadReceived;
  25:Tracer/sniffTask.c **** 
  26:Tracer/sniffTask.c **** 	payloadType currPayloadType;
  27:Tracer/sniffTask.c **** 	Priority currReadPrio;
  28:Tracer/sniffTask.c **** 	uint8_t packetCounter = 0;
  43              		.loc 1 28 0
  44 0006 0023     		movs	r3, #0
  45 0008 7B71     		strb	r3, [r7, #5]
  29:Tracer/sniffTask.c **** 	ReceiverState receiverState = NORMAL;
  46              		.loc 1 29 0
  47 000a 0023     		movs	r3, #0
  48 000c 87F83730 		strb	r3, [r7, #55]
  30:Tracer/sniffTask.c **** 
  31:Tracer/sniffTask.c **** 	//Miscellanous Variables
  32:Tracer/sniffTask.c **** 	unsigned char const* ptr; // ptr for iterating over payload struct
  33:Tracer/sniffTask.c **** 	unsigned char currSniffFilterByte = 0;
  49              		.loc 1 33 0
  50 0010 0023     		movs	r3, #0
  51 0012 87F82F30 		strb	r3, [r7, #47]
  52              	.L23:
  34:Tracer/sniffTask.c **** 	uint8_t* pSniffIDFilter;
  35:Tracer/sniffTask.c **** 
  36:Tracer/sniffTask.c **** 	while (1) {
  37:Tracer/sniffTask.c **** 
  38:Tracer/sniffTask.c **** 		if (0 == readFIFO((void*) &payload, &currPayloadType, &currReadPrio)) {
  53              		.loc 1 38 0
  54 0016 BA1D     		adds	r2, r7, #6
  55 0018 F91D     		adds	r1, r7, #7
  56 001a 07F10803 		add	r3, r7, #8
  57 001e 1846     		mov	r0, r3
  58 0020 FFF7FEFF 		bl	readFIFO
  59 0024 0346     		mov	r3, r0
  60 0026 002B     		cmp	r3, #0
  61 0028 40F0B280 		bne	.L2
  39:Tracer/sniffTask.c **** 			switch (currReadPrio) {
  62              		.loc 1 39 0
  63 002c BB79     		ldrb	r3, [r7, #6]	@ zero_extendqisi2
  64 002e 012B     		cmp	r3, #1
  65 0030 04D0     		beq	.L4
  66 0032 022B     		cmp	r3, #2
  67 0034 73D0     		beq	.L5
  68 0036 002B     		cmp	r3, #0
  69 0038 3DD0     		beq	.L6
  40:Tracer/sniffTask.c **** 			case prioSTREAM: {
  41:Tracer/sniffTask.c **** 				currPayload = (Payload3*) &payload;
  42:Tracer/sniffTask.c **** 				if (applyInformationIDFilter(
  43:Tracer/sniffTask.c **** 						currPayload->payloadHead.informationID)) {
  44:Tracer/sniffTask.c **** 					currPayload->payloadHead.packetID = packetCounter++;
  45:Tracer/sniffTask.c **** 
ARM GAS  C:\Users\THUNDE~1\AppData\Local\Temp\ccbcT2qU.s 			page 3


  46:Tracer/sniffTask.c **** 					SEND_PREAMBLE
  47:Tracer/sniffTask.c **** 					;
  48:Tracer/sniffTask.c **** 					ptr = (unsigned char*) currPayload;
  49:Tracer/sniffTask.c **** 					for (size_t pos = 0; pos < currPayloadType; pos++) {
  50:Tracer/sniffTask.c **** 						sendByteOverInterface(*ptr);
  51:Tracer/sniffTask.c **** 						ptr++;
  52:Tracer/sniffTask.c **** 					}
  53:Tracer/sniffTask.c **** 				}
  54:Tracer/sniffTask.c **** 			}
  55:Tracer/sniffTask.c **** 				break;
  56:Tracer/sniffTask.c **** 			case prioERROR: {
  57:Tracer/sniffTask.c **** 				currPayloadError = (PayloadError*) &payload;
  58:Tracer/sniffTask.c **** 				currPayloadError->payloadHead.packetID = packetCounter++;
  59:Tracer/sniffTask.c **** 				SEND_PREAMBLE
  60:Tracer/sniffTask.c **** 				;
  61:Tracer/sniffTask.c **** 				ptr = (unsigned char*) currPayloadError;
  62:Tracer/sniffTask.c **** 				for (size_t pos = 0; pos < currPayloadType; pos++) {
  63:Tracer/sniffTask.c **** 					sendByteOverInterface(*ptr);
  64:Tracer/sniffTask.c **** 					ptr++;
  65:Tracer/sniffTask.c **** 				}
  66:Tracer/sniffTask.c **** 			}
  67:Tracer/sniffTask.c **** 				break;
  68:Tracer/sniffTask.c **** 			case prioRECEIVE: {
  69:Tracer/sniffTask.c **** 
  70:Tracer/sniffTask.c **** 				currPayloadReceived = (uint8_t*) &payload;
  71:Tracer/sniffTask.c **** 				#if SEND_WITHOUT_SNIFF_TASK
  72:Tracer/sniffTask.c **** 				uint8_t copySniffIDFilter[SIZE_OF_FILTER];
  73:Tracer/sniffTask.c **** 				#endif
  74:Tracer/sniffTask.c **** 
  75:Tracer/sniffTask.c **** 				switch (receiverState) {
  76:Tracer/sniffTask.c **** 				case NORMAL: {
  77:Tracer/sniffTask.c **** 					switch (*currPayloadReceived) {
  78:Tracer/sniffTask.c **** 					case ID_OBJECT_LIST:
  79:Tracer/sniffTask.c **** 					#if SEND_WITHOUT_SNIFF_TASK // So the Object Send wont get interrupted (Only by errors)
  80:Tracer/sniffTask.c **** 						for (int i = 0; i < SIZE_OF_FILTER; ++i) {
  81:Tracer/sniffTask.c **** 							copySniffIDFilter[i] = sniffIDFilter[i];
  82:Tracer/sniffTask.c **** 							sniffIDFilter[i] = 0;
  83:Tracer/sniffTask.c **** 						}
  84:Tracer/sniffTask.c **** 					#endif
  85:Tracer/sniffTask.c **** 						sendObjectList(&packetCounter);
  86:Tracer/sniffTask.c **** 					#if SEND_WITHOUT_SNIFF_TASK
  87:Tracer/sniffTask.c **** 						for (int i = 0; i < SIZE_OF_FILTER; ++i) {
  88:Tracer/sniffTask.c **** 							sniffIDFilter[i] = copySniffIDFilter[i];
  89:Tracer/sniffTask.c **** 						}
  90:Tracer/sniffTask.c **** 					#endif
  91:Tracer/sniffTask.c **** 						break;
  92:Tracer/sniffTask.c **** 					case ID_SNIFF_FILTER: {
  93:Tracer/sniffTask.c **** 						receiverState = RECEIVE_FILTER;
  94:Tracer/sniffTask.c **** 						pSniffIDFilter = (uint8_t*) sniffIDFilter;
  95:Tracer/sniffTask.c **** 					}
  96:Tracer/sniffTask.c **** 						break;
  97:Tracer/sniffTask.c **** 					default:
  98:Tracer/sniffTask.c **** 						break;
  99:Tracer/sniffTask.c **** 					}
 100:Tracer/sniffTask.c **** 				}
 101:Tracer/sniffTask.c **** 					break;
 102:Tracer/sniffTask.c **** 				case RECEIVE_FILTER: {
ARM GAS  C:\Users\THUNDE~1\AppData\Local\Temp\ccbcT2qU.s 			page 4


 103:Tracer/sniffTask.c **** 
 104:Tracer/sniffTask.c **** 					if (currSniffFilterByte < SIZE_OF_FILTER) {
 105:Tracer/sniffTask.c **** 						*pSniffIDFilter = *currPayloadReceived;
 106:Tracer/sniffTask.c **** 						pSniffIDFilter++;
 107:Tracer/sniffTask.c **** 						currSniffFilterByte++;
 108:Tracer/sniffTask.c **** 						if (currSniffFilterByte >= 13) {
 109:Tracer/sniffTask.c **** 							currSniffFilterByte = 0;
 110:Tracer/sniffTask.c **** 							receiverState = NORMAL;
 111:Tracer/sniffTask.c **** 						}
 112:Tracer/sniffTask.c **** 					}
 113:Tracer/sniffTask.c **** 				}
 114:Tracer/sniffTask.c **** 					break;
 115:Tracer/sniffTask.c **** 				default:
 116:Tracer/sniffTask.c **** 					break;
 117:Tracer/sniffTask.c **** 				}
 118:Tracer/sniffTask.c **** 
 119:Tracer/sniffTask.c **** 			}
 120:Tracer/sniffTask.c **** 				break;
 121:Tracer/sniffTask.c **** 			default:
 122:Tracer/sniffTask.c **** 
 123:Tracer/sniffTask.c **** 				break;
  70              		.loc 1 123 0
  71 003a AEE0     		b	.L22
  72              	.L4:
  41:Tracer/sniffTask.c **** 				if (applyInformationIDFilter(
  73              		.loc 1 41 0
  74 003c 07F10803 		add	r3, r7, #8
  75 0040 FB61     		str	r3, [r7, #28]
  42:Tracer/sniffTask.c **** 						currPayload->payloadHead.informationID)) {
  76              		.loc 1 42 0
  77 0042 FB69     		ldr	r3, [r7, #28]
  78 0044 5B78     		ldrb	r3, [r3, #1]	@ zero_extendqisi2
  79 0046 1846     		mov	r0, r3
  80 0048 FFF7FEFF 		bl	applyInformationIDFilter
  81 004c 0346     		mov	r3, r0
  82 004e 002B     		cmp	r3, #0
  83 0050 00F0A280 		beq	.L24
  44:Tracer/sniffTask.c **** 
  84              		.loc 1 44 0
  85 0054 7B79     		ldrb	r3, [r7, #5]	@ zero_extendqisi2
  86 0056 5A1C     		adds	r2, r3, #1
  87 0058 D2B2     		uxtb	r2, r2
  88 005a 7A71     		strb	r2, [r7, #5]
  89 005c FA69     		ldr	r2, [r7, #28]
  90 005e 1370     		strb	r3, [r2]
  46:Tracer/sniffTask.c **** 					;
  91              		.loc 1 46 0
  92 0060 FD20     		movs	r0, #253
  93 0062 FFF7FEFF 		bl	BufferIn
  94 0066 0120     		movs	r0, #1
  95 0068 FFF7FEFF 		bl	UART_1_SetTxInterruptMode
  96 006c FE20     		movs	r0, #254
  97 006e FFF7FEFF 		bl	BufferIn
  98 0072 0120     		movs	r0, #1
  99 0074 FFF7FEFF 		bl	UART_1_SetTxInterruptMode
 100 0078 FF20     		movs	r0, #255
 101 007a FFF7FEFF 		bl	BufferIn
ARM GAS  C:\Users\THUNDE~1\AppData\Local\Temp\ccbcT2qU.s 			page 5


 102 007e 0120     		movs	r0, #1
 103 0080 FFF7FEFF 		bl	UART_1_SetTxInterruptMode
  48:Tracer/sniffTask.c **** 					for (size_t pos = 0; pos < currPayloadType; pos++) {
 104              		.loc 1 48 0
 105 0084 FB69     		ldr	r3, [r7, #28]
 106 0086 3B63     		str	r3, [r7, #48]
 107              	.LBB2:
  49:Tracer/sniffTask.c **** 						sendByteOverInterface(*ptr);
 108              		.loc 1 49 0
 109 0088 0023     		movs	r3, #0
 110 008a 7B62     		str	r3, [r7, #36]
 111 008c 0DE0     		b	.L8
 112              	.L9:
  50:Tracer/sniffTask.c **** 						ptr++;
 113              		.loc 1 50 0 discriminator 3
 114 008e 3B6B     		ldr	r3, [r7, #48]
 115 0090 1B78     		ldrb	r3, [r3]	@ zero_extendqisi2
 116 0092 1846     		mov	r0, r3
 117 0094 FFF7FEFF 		bl	BufferIn
 118 0098 0120     		movs	r0, #1
 119 009a FFF7FEFF 		bl	UART_1_SetTxInterruptMode
  51:Tracer/sniffTask.c **** 					}
 120              		.loc 1 51 0 discriminator 3
 121 009e 3B6B     		ldr	r3, [r7, #48]
 122 00a0 0133     		adds	r3, r3, #1
 123 00a2 3B63     		str	r3, [r7, #48]
  49:Tracer/sniffTask.c **** 						sendByteOverInterface(*ptr);
 124              		.loc 1 49 0 discriminator 3
 125 00a4 7B6A     		ldr	r3, [r7, #36]
 126 00a6 0133     		adds	r3, r3, #1
 127 00a8 7B62     		str	r3, [r7, #36]
 128              	.L8:
  49:Tracer/sniffTask.c **** 						sendByteOverInterface(*ptr);
 129              		.loc 1 49 0 is_stmt 0 discriminator 1
 130 00aa FB79     		ldrb	r3, [r7, #7]	@ zero_extendqisi2
 131 00ac 1A46     		mov	r2, r3
 132 00ae 7B6A     		ldr	r3, [r7, #36]
 133 00b0 9A42     		cmp	r2, r3
 134 00b2 ECD8     		bhi	.L9
 135              	.LBE2:
  55:Tracer/sniffTask.c **** 			case prioERROR: {
 136              		.loc 1 55 0 is_stmt 1
 137 00b4 70E0     		b	.L24
 138              	.L6:
  57:Tracer/sniffTask.c **** 				currPayloadError->payloadHead.packetID = packetCounter++;
 139              		.loc 1 57 0
 140 00b6 07F10803 		add	r3, r7, #8
 141 00ba BB61     		str	r3, [r7, #24]
  58:Tracer/sniffTask.c **** 				SEND_PREAMBLE
 142              		.loc 1 58 0
 143 00bc 7B79     		ldrb	r3, [r7, #5]	@ zero_extendqisi2
 144 00be 5A1C     		adds	r2, r3, #1
 145 00c0 D2B2     		uxtb	r2, r2
 146 00c2 7A71     		strb	r2, [r7, #5]
 147 00c4 BA69     		ldr	r2, [r7, #24]
 148 00c6 1370     		strb	r3, [r2]
  59:Tracer/sniffTask.c **** 				;
ARM GAS  C:\Users\THUNDE~1\AppData\Local\Temp\ccbcT2qU.s 			page 6


 149              		.loc 1 59 0
 150 00c8 FD20     		movs	r0, #253
 151 00ca FFF7FEFF 		bl	BufferIn
 152 00ce 0120     		movs	r0, #1
 153 00d0 FFF7FEFF 		bl	UART_1_SetTxInterruptMode
 154 00d4 FE20     		movs	r0, #254
 155 00d6 FFF7FEFF 		bl	BufferIn
 156 00da 0120     		movs	r0, #1
 157 00dc FFF7FEFF 		bl	UART_1_SetTxInterruptMode
 158 00e0 FF20     		movs	r0, #255
 159 00e2 FFF7FEFF 		bl	BufferIn
 160 00e6 0120     		movs	r0, #1
 161 00e8 FFF7FEFF 		bl	UART_1_SetTxInterruptMode
  61:Tracer/sniffTask.c **** 				for (size_t pos = 0; pos < currPayloadType; pos++) {
 162              		.loc 1 61 0
 163 00ec BB69     		ldr	r3, [r7, #24]
 164 00ee 3B63     		str	r3, [r7, #48]
 165              	.LBB3:
  62:Tracer/sniffTask.c **** 					sendByteOverInterface(*ptr);
 166              		.loc 1 62 0
 167 00f0 0023     		movs	r3, #0
 168 00f2 3B62     		str	r3, [r7, #32]
 169 00f4 0DE0     		b	.L11
 170              	.L12:
  63:Tracer/sniffTask.c **** 					ptr++;
 171              		.loc 1 63 0 discriminator 3
 172 00f6 3B6B     		ldr	r3, [r7, #48]
 173 00f8 1B78     		ldrb	r3, [r3]	@ zero_extendqisi2
 174 00fa 1846     		mov	r0, r3
 175 00fc FFF7FEFF 		bl	BufferIn
 176 0100 0120     		movs	r0, #1
 177 0102 FFF7FEFF 		bl	UART_1_SetTxInterruptMode
  64:Tracer/sniffTask.c **** 				}
 178              		.loc 1 64 0 discriminator 3
 179 0106 3B6B     		ldr	r3, [r7, #48]
 180 0108 0133     		adds	r3, r3, #1
 181 010a 3B63     		str	r3, [r7, #48]
  62:Tracer/sniffTask.c **** 					sendByteOverInterface(*ptr);
 182              		.loc 1 62 0 discriminator 3
 183 010c 3B6A     		ldr	r3, [r7, #32]
 184 010e 0133     		adds	r3, r3, #1
 185 0110 3B62     		str	r3, [r7, #32]
 186              	.L11:
  62:Tracer/sniffTask.c **** 					sendByteOverInterface(*ptr);
 187              		.loc 1 62 0 is_stmt 0 discriminator 1
 188 0112 FB79     		ldrb	r3, [r7, #7]	@ zero_extendqisi2
 189 0114 1A46     		mov	r2, r3
 190 0116 3B6A     		ldr	r3, [r7, #32]
 191 0118 9A42     		cmp	r2, r3
 192 011a ECD8     		bhi	.L12
 193              	.LBE3:
  67:Tracer/sniffTask.c **** 			case prioRECEIVE: {
 194              		.loc 1 67 0 is_stmt 1
 195 011c 3DE0     		b	.L22
 196              	.L5:
  70:Tracer/sniffTask.c **** 				#if SEND_WITHOUT_SNIFF_TASK
 197              		.loc 1 70 0
ARM GAS  C:\Users\THUNDE~1\AppData\Local\Temp\ccbcT2qU.s 			page 7


 198 011e 07F10803 		add	r3, r7, #8
 199 0122 7B61     		str	r3, [r7, #20]
  75:Tracer/sniffTask.c **** 				case NORMAL: {
 200              		.loc 1 75 0
 201 0124 97F83730 		ldrb	r3, [r7, #55]	@ zero_extendqisi2
 202 0128 002B     		cmp	r3, #0
 203 012a 02D0     		beq	.L14
 204 012c 012B     		cmp	r3, #1
 205 012e 13D0     		beq	.L15
 116:Tracer/sniffTask.c **** 				}
 206              		.loc 1 116 0
 207 0130 2DE0     		b	.L20
 208              	.L14:
  77:Tracer/sniffTask.c **** 					case ID_OBJECT_LIST:
 209              		.loc 1 77 0
 210 0132 7B69     		ldr	r3, [r7, #20]
 211 0134 1B78     		ldrb	r3, [r3]	@ zero_extendqisi2
 212 0136 972B     		cmp	r3, #151
 213 0138 02D0     		beq	.L17
 214 013a 982B     		cmp	r3, #152
 215 013c 05D0     		beq	.L18
  98:Tracer/sniffTask.c **** 					}
 216              		.loc 1 98 0
 217 013e 0AE0     		b	.L19
 218              	.L17:
  85:Tracer/sniffTask.c **** 					#if SEND_WITHOUT_SNIFF_TASK
 219              		.loc 1 85 0
 220 0140 7B1D     		adds	r3, r7, #5
 221 0142 1846     		mov	r0, r3
 222 0144 FFF7FEFF 		bl	sendObjectList
  91:Tracer/sniffTask.c **** 					case ID_SNIFF_FILTER: {
 223              		.loc 1 91 0
 224 0148 05E0     		b	.L19
 225              	.L18:
  93:Tracer/sniffTask.c **** 						pSniffIDFilter = (uint8_t*) sniffIDFilter;
 226              		.loc 1 93 0
 227 014a 0123     		movs	r3, #1
 228 014c 87F83730 		strb	r3, [r7, #55]
  94:Tracer/sniffTask.c **** 					}
 229              		.loc 1 94 0
 230 0150 124B     		ldr	r3, .L26
 231 0152 BB62     		str	r3, [r7, #40]
  96:Tracer/sniffTask.c **** 					default:
 232              		.loc 1 96 0
 233 0154 00BF     		nop
 234              	.L19:
 101:Tracer/sniffTask.c **** 				case RECEIVE_FILTER: {
 235              		.loc 1 101 0 discriminator 3
 236 0156 1AE0     		b	.L20
 237              	.L15:
 104:Tracer/sniffTask.c **** 						*pSniffIDFilter = *currPayloadReceived;
 238              		.loc 1 104 0
 239 0158 97F82F30 		ldrb	r3, [r7, #47]	@ zero_extendqisi2
 240 015c 0C2B     		cmp	r3, #12
 241 015e 15D8     		bhi	.L25
 105:Tracer/sniffTask.c **** 						pSniffIDFilter++;
 242              		.loc 1 105 0
ARM GAS  C:\Users\THUNDE~1\AppData\Local\Temp\ccbcT2qU.s 			page 8


 243 0160 7B69     		ldr	r3, [r7, #20]
 244 0162 1A78     		ldrb	r2, [r3]	@ zero_extendqisi2
 245 0164 BB6A     		ldr	r3, [r7, #40]
 246 0166 1A70     		strb	r2, [r3]
 106:Tracer/sniffTask.c **** 						currSniffFilterByte++;
 247              		.loc 1 106 0
 248 0168 BB6A     		ldr	r3, [r7, #40]
 249 016a 0133     		adds	r3, r3, #1
 250 016c BB62     		str	r3, [r7, #40]
 107:Tracer/sniffTask.c **** 						if (currSniffFilterByte >= 13) {
 251              		.loc 1 107 0
 252 016e 97F82F30 		ldrb	r3, [r7, #47]	@ zero_extendqisi2
 253 0172 0133     		adds	r3, r3, #1
 254 0174 87F82F30 		strb	r3, [r7, #47]
 108:Tracer/sniffTask.c **** 							currSniffFilterByte = 0;
 255              		.loc 1 108 0
 256 0178 97F82F30 		ldrb	r3, [r7, #47]	@ zero_extendqisi2
 257 017c 0C2B     		cmp	r3, #12
 258 017e 05D9     		bls	.L25
 109:Tracer/sniffTask.c **** 							receiverState = NORMAL;
 259              		.loc 1 109 0
 260 0180 0023     		movs	r3, #0
 261 0182 87F82F30 		strb	r3, [r7, #47]
 110:Tracer/sniffTask.c **** 						}
 262              		.loc 1 110 0
 263 0186 0023     		movs	r3, #0
 264 0188 87F83730 		strb	r3, [r7, #55]
 265              	.L25:
 114:Tracer/sniffTask.c **** 				default:
 266              		.loc 1 114 0
 267 018c 00BF     		nop
 268              	.L20:
 120:Tracer/sniffTask.c **** 			default:
 269              		.loc 1 120 0 discriminator 4
 270 018e 04E0     		b	.L22
 271              	.L2:
 124:Tracer/sniffTask.c **** 			}
 125:Tracer/sniffTask.c **** 
 126:Tracer/sniffTask.c **** 		} else {
 127:Tracer/sniffTask.c **** 			vTaskDelay(10);
 272              		.loc 1 127 0
 273 0190 0A20     		movs	r0, #10
 274 0192 FFF7FEFF 		bl	vTaskDelay
 275 0196 3EE7     		b	.L23
 276              	.L24:
  55:Tracer/sniffTask.c **** 			case prioERROR: {
 277              		.loc 1 55 0
 278 0198 00BF     		nop
 279              	.L22:
 128:Tracer/sniffTask.c **** 		}
 129:Tracer/sniffTask.c **** 	}
 280              		.loc 1 129 0 discriminator 9
 281 019a 3CE7     		b	.L23
 282              	.L27:
 283              		.align	2
 284              	.L26:
 285 019c 00000000 		.word	sniffIDFilter
ARM GAS  C:\Users\THUNDE~1\AppData\Local\Temp\ccbcT2qU.s 			page 9


 286              		.cfi_endproc
 287              	.LFE0:
 288              		.size	sniffTask, .-sniffTask
 289              		.text
 290              	.Letext0:
 291              		.file 2 "c:\\program files (x86)\\cypress\\psoc creator\\4.2\\psoc creator\\import\\gnu\\arm\\5.4.
 292              		.file 3 "c:\\program files (x86)\\cypress\\psoc creator\\4.2\\psoc creator\\import\\gnu\\arm\\5.4.
 293              		.file 4 "c:\\program files (x86)\\cypress\\psoc creator\\4.2\\psoc creator\\import\\gnu\\arm\\5.4.
 294              		.file 5 ".\\Tracer/sniffPayload.h"
 295              		.file 6 ".\\Tracer/sniffTask.h"
 296              		.file 7 ".\\Tracer/selfFIFO.h"
 297              		.file 8 "Generated_Source\\PSoC5/cytypes.h"
 298              		.section	.debug_info,"",%progbits
 299              	.Ldebug_info0:
 300 0000 CC040000 		.4byte	0x4cc
 301 0004 0400     		.2byte	0x4
 302 0006 00000000 		.4byte	.Ldebug_abbrev0
 303 000a 04       		.byte	0x4
 304 000b 01       		.uleb128 0x1
 305 000c 07040000 		.4byte	.LASF81
 306 0010 0C       		.byte	0xc
 307 0011 9F020000 		.4byte	.LASF82
 308 0015 6C030000 		.4byte	.LASF83
 309 0019 00000000 		.4byte	.Ldebug_ranges0+0
 310 001d 00000000 		.4byte	0
 311 0021 00000000 		.4byte	.Ldebug_line0
 312 0025 02       		.uleb128 0x2
 313 0026 40000000 		.4byte	.LASF4
 314 002a 02       		.byte	0x2
 315 002b D8       		.byte	0xd8
 316 002c 30000000 		.4byte	0x30
 317 0030 03       		.uleb128 0x3
 318 0031 04       		.byte	0x4
 319 0032 07       		.byte	0x7
 320 0033 12020000 		.4byte	.LASF0
 321 0037 04       		.uleb128 0x4
 322 0038 04       		.byte	0x4
 323 0039 05       		.byte	0x5
 324 003a 696E7400 		.ascii	"int\000"
 325 003e 03       		.uleb128 0x3
 326 003f 08       		.byte	0x8
 327 0040 05       		.byte	0x5
 328 0041 91000000 		.4byte	.LASF1
 329 0045 03       		.uleb128 0x3
 330 0046 08       		.byte	0x8
 331 0047 04       		.byte	0x4
 332 0048 C6010000 		.4byte	.LASF2
 333 004c 03       		.uleb128 0x3
 334 004d 01       		.byte	0x1
 335 004e 06       		.byte	0x6
 336 004f EF010000 		.4byte	.LASF3
 337 0053 02       		.uleb128 0x2
 338 0054 BE040000 		.4byte	.LASF5
 339 0058 03       		.byte	0x3
 340 0059 1D       		.byte	0x1d
 341 005a 5E000000 		.4byte	0x5e
 342 005e 03       		.uleb128 0x3
ARM GAS  C:\Users\THUNDE~1\AppData\Local\Temp\ccbcT2qU.s 			page 10


 343 005f 01       		.byte	0x1
 344 0060 08       		.byte	0x8
 345 0061 D2010000 		.4byte	.LASF6
 346 0065 03       		.uleb128 0x3
 347 0066 02       		.byte	0x2
 348 0067 05       		.byte	0x5
 349 0068 36000000 		.4byte	.LASF7
 350 006c 03       		.uleb128 0x3
 351 006d 02       		.byte	0x2
 352 006e 07       		.byte	0x7
 353 006f 30020000 		.4byte	.LASF8
 354 0073 03       		.uleb128 0x3
 355 0074 04       		.byte	0x4
 356 0075 05       		.byte	0x5
 357 0076 48020000 		.4byte	.LASF9
 358 007a 03       		.uleb128 0x3
 359 007b 04       		.byte	0x4
 360 007c 07       		.byte	0x7
 361 007d E0020000 		.4byte	.LASF10
 362 0081 03       		.uleb128 0x3
 363 0082 08       		.byte	0x8
 364 0083 07       		.byte	0x7
 365 0084 FB010000 		.4byte	.LASF11
 366 0088 03       		.uleb128 0x3
 367 0089 04       		.byte	0x4
 368 008a 07       		.byte	0x7
 369 008b 4B030000 		.4byte	.LASF12
 370 008f 03       		.uleb128 0x3
 371 0090 01       		.byte	0x1
 372 0091 08       		.byte	0x8
 373 0092 43020000 		.4byte	.LASF13
 374 0096 02       		.uleb128 0x2
 375 0097 E4000000 		.4byte	.LASF14
 376 009b 04       		.byte	0x4
 377 009c 18       		.byte	0x18
 378 009d 53000000 		.4byte	0x53
 379 00a1 05       		.uleb128 0x5
 380 00a2 01       		.byte	0x1
 381 00a3 5E000000 		.4byte	0x5e
 382 00a7 05       		.byte	0x5
 383 00a8 10       		.byte	0x10
 384 00a9 D8000000 		.4byte	0xd8
 385 00ad 06       		.uleb128 0x6
 386 00ae 47000000 		.4byte	.LASF15
 387 00b2 00       		.byte	0
 388 00b3 06       		.uleb128 0x6
 389 00b4 62000000 		.4byte	.LASF16
 390 00b8 01       		.byte	0x1
 391 00b9 06       		.uleb128 0x6
 392 00ba A8010000 		.4byte	.LASF17
 393 00be 02       		.byte	0x2
 394 00bf 06       		.uleb128 0x6
 395 00c0 03030000 		.4byte	.LASF18
 396 00c4 03       		.byte	0x3
 397 00c5 06       		.uleb128 0x6
 398 00c6 7B010000 		.4byte	.LASF19
 399 00ca 04       		.byte	0x4
ARM GAS  C:\Users\THUNDE~1\AppData\Local\Temp\ccbcT2qU.s 			page 11


 400 00cb 06       		.uleb128 0x6
 401 00cc 68010000 		.4byte	.LASF20
 402 00d0 05       		.byte	0x5
 403 00d1 06       		.uleb128 0x6
 404 00d2 CA020000 		.4byte	.LASF21
 405 00d6 06       		.byte	0x6
 406 00d7 00       		.byte	0
 407 00d8 02       		.uleb128 0x2
 408 00d9 0F010000 		.4byte	.LASF22
 409 00dd 05       		.byte	0x5
 410 00de 10       		.byte	0x10
 411 00df A1000000 		.4byte	0xa1
 412 00e3 05       		.uleb128 0x5
 413 00e4 01       		.byte	0x1
 414 00e5 5E000000 		.4byte	0x5e
 415 00e9 05       		.byte	0x5
 416 00ea 6E       		.byte	0x6e
 417 00eb F6000000 		.4byte	0xf6
 418 00ef 06       		.uleb128 0x6
 419 00f0 E3030000 		.4byte	.LASF23
 420 00f4 97       		.byte	0x97
 421 00f5 00       		.byte	0
 422 00f6 05       		.uleb128 0x5
 423 00f7 01       		.byte	0x1
 424 00f8 5E000000 		.4byte	0x5e
 425 00fc 05       		.byte	0x5
 426 00fd 73       		.byte	0x73
 427 00fe 09010000 		.4byte	0x109
 428 0102 06       		.uleb128 0x6
 429 0103 D3030000 		.4byte	.LASF24
 430 0107 98       		.byte	0x98
 431 0108 00       		.byte	0
 432 0109 05       		.uleb128 0x5
 433 010a 01       		.byte	0x1
 434 010b 5E000000 		.4byte	0x5e
 435 010f 05       		.byte	0x5
 436 0110 77       		.byte	0x77
 437 0111 2E010000 		.4byte	0x12e
 438 0115 06       		.uleb128 0x6
 439 0116 62030000 		.4byte	.LASF25
 440 011a 00       		.byte	0
 441 011b 06       		.uleb128 0x6
 442 011c 91010000 		.4byte	.LASF26
 443 0120 01       		.byte	0x1
 444 0121 06       		.uleb128 0x6
 445 0122 CA000000 		.4byte	.LASF27
 446 0126 02       		.byte	0x2
 447 0127 06       		.uleb128 0x6
 448 0128 4D000000 		.4byte	.LASF28
 449 012c 03       		.byte	0x3
 450 012d 00       		.byte	0
 451 012e 02       		.uleb128 0x2
 452 012f 06000000 		.4byte	.LASF29
 453 0133 05       		.byte	0x5
 454 0134 7C       		.byte	0x7c
 455 0135 09010000 		.4byte	0x109
 456 0139 07       		.uleb128 0x7
ARM GAS  C:\Users\THUNDE~1\AppData\Local\Temp\ccbcT2qU.s 			page 12


 457 013a 04       		.byte	0x4
 458 013b 05       		.byte	0x5
 459 013c 86       		.byte	0x86
 460 013d 72010000 		.4byte	0x172
 461 0141 08       		.uleb128 0x8
 462 0142 5D020000 		.4byte	.LASF30
 463 0146 05       		.byte	0x5
 464 0147 87       		.byte	0x87
 465 0148 96000000 		.4byte	0x96
 466 014c 00       		.byte	0
 467 014d 08       		.uleb128 0x8
 468 014e 76000000 		.4byte	.LASF31
 469 0152 05       		.byte	0x5
 470 0153 88       		.byte	0x88
 471 0154 96000000 		.4byte	0x96
 472 0158 01       		.byte	0x1
 473 0159 08       		.uleb128 0x8
 474 015a 1F030000 		.4byte	.LASF32
 475 015e 05       		.byte	0x5
 476 015f 89       		.byte	0x89
 477 0160 D8000000 		.4byte	0xd8
 478 0164 02       		.byte	0x2
 479 0165 08       		.uleb128 0x8
 480 0166 1A010000 		.4byte	.LASF33
 481 016a 05       		.byte	0x5
 482 016b 8A       		.byte	0x8a
 483 016c 96000000 		.4byte	0x96
 484 0170 03       		.byte	0x3
 485 0171 00       		.byte	0
 486 0172 02       		.uleb128 0x2
 487 0173 1F020000 		.4byte	.LASF34
 488 0177 05       		.byte	0x5
 489 0178 8B       		.byte	0x8b
 490 0179 39010000 		.4byte	0x139
 491 017d 07       		.uleb128 0x7
 492 017e 0E       		.byte	0xe
 493 017f 05       		.byte	0x5
 494 0180 95       		.byte	0x95
 495 0181 AA010000 		.4byte	0x1aa
 496 0185 08       		.uleb128 0x8
 497 0186 1C000000 		.4byte	.LASF35
 498 018a 05       		.byte	0x5
 499 018b 96       		.byte	0x96
 500 018c 96000000 		.4byte	0x96
 501 0190 00       		.byte	0
 502 0191 08       		.uleb128 0x8
 503 0192 F8000000 		.4byte	.LASF36
 504 0196 05       		.byte	0x5
 505 0197 97       		.byte	0x97
 506 0198 96000000 		.4byte	0x96
 507 019c 01       		.byte	0x1
 508 019d 08       		.uleb128 0x8
 509 019e BB010000 		.4byte	.LASF37
 510 01a2 05       		.byte	0x5
 511 01a3 98       		.byte	0x98
 512 01a4 AA010000 		.4byte	0x1aa
 513 01a8 02       		.byte	0x2
ARM GAS  C:\Users\THUNDE~1\AppData\Local\Temp\ccbcT2qU.s 			page 13


 514 01a9 00       		.byte	0
 515 01aa 09       		.uleb128 0x9
 516 01ab 8F000000 		.4byte	0x8f
 517 01af BA010000 		.4byte	0x1ba
 518 01b3 0A       		.uleb128 0xa
 519 01b4 88000000 		.4byte	0x88
 520 01b8 0B       		.byte	0xb
 521 01b9 00       		.byte	0
 522 01ba 02       		.uleb128 0x2
 523 01bb 27010000 		.4byte	.LASF38
 524 01bf 05       		.byte	0x5
 525 01c0 99       		.byte	0x99
 526 01c1 7D010000 		.4byte	0x17d
 527 01c5 0B       		.uleb128 0xb
 528 01c6 1C01     		.2byte	0x11c
 529 01c8 05       		.byte	0x5
 530 01c9 A3       		.byte	0xa3
 531 01ca E7010000 		.4byte	0x1e7
 532 01ce 08       		.uleb128 0x8
 533 01cf AD000000 		.4byte	.LASF39
 534 01d3 05       		.byte	0x5
 535 01d4 A4       		.byte	0xa4
 536 01d5 72010000 		.4byte	0x172
 537 01d9 00       		.byte	0
 538 01da 08       		.uleb128 0x8
 539 01db EC000000 		.4byte	.LASF40
 540 01df 05       		.byte	0x5
 541 01e0 A5       		.byte	0xa5
 542 01e1 E7010000 		.4byte	0x1e7
 543 01e5 04       		.byte	0x4
 544 01e6 00       		.byte	0
 545 01e7 09       		.uleb128 0x9
 546 01e8 BA010000 		.4byte	0x1ba
 547 01ec F7010000 		.4byte	0x1f7
 548 01f0 0A       		.uleb128 0xa
 549 01f1 88000000 		.4byte	0x88
 550 01f5 13       		.byte	0x13
 551 01f6 00       		.byte	0
 552 01f7 02       		.uleb128 0x2
 553 01f8 80020000 		.4byte	.LASF41
 554 01fc 05       		.byte	0x5
 555 01fd A6       		.byte	0xa6
 556 01fe C5010000 		.4byte	0x1c5
 557 0202 07       		.uleb128 0x7
 558 0203 06       		.byte	0x6
 559 0204 05       		.byte	0x5
 560 0205 AF       		.byte	0xaf
 561 0206 53020000 		.4byte	0x253
 562 020a 08       		.uleb128 0x8
 563 020b 5D020000 		.4byte	.LASF30
 564 020f 05       		.byte	0x5
 565 0210 B0       		.byte	0xb0
 566 0211 96000000 		.4byte	0x96
 567 0215 00       		.byte	0
 568 0216 08       		.uleb128 0x8
 569 0217 76000000 		.4byte	.LASF31
 570 021b 05       		.byte	0x5
ARM GAS  C:\Users\THUNDE~1\AppData\Local\Temp\ccbcT2qU.s 			page 14


 571 021c B1       		.byte	0xb1
 572 021d 96000000 		.4byte	0x96
 573 0221 01       		.byte	0x1
 574 0222 08       		.uleb128 0x8
 575 0223 A1040000 		.4byte	.LASF42
 576 0227 05       		.byte	0x5
 577 0228 B2       		.byte	0xb2
 578 0229 96000000 		.4byte	0x96
 579 022d 02       		.byte	0x2
 580 022e 08       		.uleb128 0x8
 581 022f 29000000 		.4byte	.LASF43
 582 0233 05       		.byte	0x5
 583 0234 B3       		.byte	0xb3
 584 0235 96000000 		.4byte	0x96
 585 0239 03       		.byte	0x3
 586 023a 08       		.uleb128 0x8
 587 023b D6000000 		.4byte	.LASF44
 588 023f 05       		.byte	0x5
 589 0240 B4       		.byte	0xb4
 590 0241 96000000 		.4byte	0x96
 591 0245 04       		.byte	0x4
 592 0246 08       		.uleb128 0x8
 593 0247 2A030000 		.4byte	.LASF45
 594 024b 05       		.byte	0x5
 595 024c B5       		.byte	0xb5
 596 024d 96000000 		.4byte	0x96
 597 0251 05       		.byte	0x5
 598 0252 00       		.byte	0
 599 0253 02       		.uleb128 0x2
 600 0254 0F000000 		.4byte	.LASF46
 601 0258 05       		.byte	0x5
 602 0259 B6       		.byte	0xb6
 603 025a 02020000 		.4byte	0x202
 604 025e 07       		.uleb128 0x7
 605 025f 09       		.byte	0x9
 606 0260 05       		.byte	0x5
 607 0261 E3       		.byte	0xe3
 608 0262 97020000 		.4byte	0x297
 609 0266 08       		.uleb128 0x8
 610 0267 51020000 		.4byte	.LASF47
 611 026b 05       		.byte	0x5
 612 026c E4       		.byte	0xe4
 613 026d 53020000 		.4byte	0x253
 614 0271 00       		.byte	0
 615 0272 08       		.uleb128 0x8
 616 0273 C7030000 		.4byte	.LASF48
 617 0277 05       		.byte	0x5
 618 0278 E5       		.byte	0xe5
 619 0279 96000000 		.4byte	0x96
 620 027d 06       		.byte	0x6
 621 027e 08       		.uleb128 0x8
 622 027f CD030000 		.4byte	.LASF49
 623 0283 05       		.byte	0x5
 624 0284 E6       		.byte	0xe6
 625 0285 96000000 		.4byte	0x96
 626 0289 07       		.byte	0x7
 627 028a 08       		.uleb128 0x8
ARM GAS  C:\Users\THUNDE~1\AppData\Local\Temp\ccbcT2qU.s 			page 15


 628 028b 8B010000 		.4byte	.LASF50
 629 028f 05       		.byte	0x5
 630 0290 E7       		.byte	0xe7
 631 0291 96000000 		.4byte	0x96
 632 0295 08       		.byte	0x8
 633 0296 00       		.byte	0
 634 0297 02       		.uleb128 0x2
 635 0298 06010000 		.4byte	.LASF51
 636 029c 05       		.byte	0x5
 637 029d E8       		.byte	0xe8
 638 029e 5E020000 		.4byte	0x25e
 639 02a2 07       		.uleb128 0x7
 640 02a3 06       		.byte	0x6
 641 02a4 05       		.byte	0x5
 642 02a5 F4       		.byte	0xf4
 643 02a6 B7020000 		.4byte	0x2b7
 644 02aa 08       		.uleb128 0x8
 645 02ab 51020000 		.4byte	.LASF47
 646 02af 05       		.byte	0x5
 647 02b0 F5       		.byte	0xf5
 648 02b1 53020000 		.4byte	0x253
 649 02b5 00       		.byte	0
 650 02b6 00       		.byte	0
 651 02b7 02       		.uleb128 0x2
 652 02b8 5B010000 		.4byte	.LASF52
 653 02bc 05       		.byte	0x5
 654 02bd F6       		.byte	0xf6
 655 02be A2020000 		.4byte	0x2a2
 656 02c2 05       		.uleb128 0x5
 657 02c3 01       		.byte	0x1
 658 02c4 5E000000 		.4byte	0x5e
 659 02c8 05       		.byte	0x5
 660 02c9 FA       		.byte	0xfa
 661 02ca ED020000 		.4byte	0x2ed
 662 02ce 06       		.uleb128 0x6
 663 02cf 33010000 		.4byte	.LASF53
 664 02d3 06       		.byte	0x6
 665 02d4 06       		.uleb128 0x6
 666 02d5 3D010000 		.4byte	.LASF54
 667 02d9 07       		.byte	0x7
 668 02da 06       		.uleb128 0x6
 669 02db 47010000 		.4byte	.LASF55
 670 02df 08       		.byte	0x8
 671 02e0 06       		.uleb128 0x6
 672 02e1 51010000 		.4byte	.LASF56
 673 02e5 09       		.byte	0x9
 674 02e6 06       		.uleb128 0x6
 675 02e7 F9030000 		.4byte	.LASF57
 676 02eb 06       		.byte	0x6
 677 02ec 00       		.byte	0
 678 02ed 02       		.uleb128 0x2
 679 02ee 9C010000 		.4byte	.LASF58
 680 02f2 05       		.byte	0x5
 681 02f3 FA       		.byte	0xfa
 682 02f4 C2020000 		.4byte	0x2c2
 683 02f8 05       		.uleb128 0x5
 684 02f9 01       		.byte	0x1
ARM GAS  C:\Users\THUNDE~1\AppData\Local\Temp\ccbcT2qU.s 			page 16


 685 02fa 5E000000 		.4byte	0x5e
 686 02fe 06       		.byte	0x6
 687 02ff 17       		.byte	0x17
 688 0300 11030000 		.4byte	0x311
 689 0304 06       		.uleb128 0x6
 690 0305 B7040000 		.4byte	.LASF59
 691 0309 00       		.byte	0
 692 030a 06       		.uleb128 0x6
 693 030b 90020000 		.4byte	.LASF60
 694 030f 01       		.byte	0x1
 695 0310 00       		.byte	0
 696 0311 02       		.uleb128 0x2
 697 0312 68000000 		.4byte	.LASF61
 698 0316 06       		.byte	0x6
 699 0317 17       		.byte	0x17
 700 0318 F8020000 		.4byte	0x2f8
 701 031c 0C       		.uleb128 0xc
 702 031d F2030000 		.4byte	.LASF84
 703 0321 0210     		.2byte	0x1002
 704 0323 07       		.byte	0x7
 705 0324 0C       		.byte	0xc
 706 0325 50030000 		.4byte	0x350
 707 0329 08       		.uleb128 0x8
 708 032a 8B020000 		.4byte	.LASF62
 709 032e 07       		.byte	0x7
 710 032f 0D       		.byte	0xd
 711 0330 50030000 		.4byte	0x350
 712 0334 00       		.byte	0
 713 0335 0D       		.uleb128 0xd
 714 0336 2E010000 		.4byte	.LASF63
 715 033a 07       		.byte	0x7
 716 033b 0E       		.byte	0xe
 717 033c 96000000 		.4byte	0x96
 718 0340 0010     		.2byte	0x1000
 719 0342 0D       		.uleb128 0xd
 720 0343 00000000 		.4byte	.LASF64
 721 0347 07       		.byte	0x7
 722 0348 0F       		.byte	0xf
 723 0349 96000000 		.4byte	0x96
 724 034d 0110     		.2byte	0x1001
 725 034f 00       		.byte	0
 726 0350 09       		.uleb128 0x9
 727 0351 96000000 		.4byte	0x96
 728 0355 61030000 		.4byte	0x361
 729 0359 0E       		.uleb128 0xe
 730 035a 88000000 		.4byte	0x88
 731 035e FF0F     		.2byte	0xfff
 732 0360 00       		.byte	0
 733 0361 0F       		.uleb128 0xf
 734 0362 7A020000 		.4byte	.LASF65
 735 0366 08       		.byte	0x8
 736 0367 9201     		.2byte	0x192
 737 0369 5E000000 		.4byte	0x5e
 738 036d 03       		.uleb128 0x3
 739 036e 04       		.byte	0x4
 740 036f 04       		.byte	0x4
 741 0370 21010000 		.4byte	.LASF66
ARM GAS  C:\Users\THUNDE~1\AppData\Local\Temp\ccbcT2qU.s 			page 17


 742 0374 03       		.uleb128 0x3
 743 0375 08       		.byte	0x8
 744 0376 04       		.byte	0x4
 745 0377 FC020000 		.4byte	.LASF67
 746 037b 10       		.uleb128 0x10
 747 037c F2020000 		.4byte	.LASF85
 748 0380 01       		.byte	0x1
 749 0381 11       		.byte	0x11
 750 0382 00000000 		.4byte	.LFB0
 751 0386 A0010000 		.4byte	.LFE0-.LFB0
 752 038a 01       		.uleb128 0x1
 753 038b 9C       		.byte	0x9c
 754 038c 5F040000 		.4byte	0x45f
 755 0390 11       		.uleb128 0x11
 756 0391 AF040000 		.4byte	.LASF68
 757 0395 01       		.byte	0x1
 758 0396 14       		.byte	0x14
 759 0397 97020000 		.4byte	0x297
 760 039b 02       		.uleb128 0x2
 761 039c 91       		.byte	0x91
 762 039d 48       		.sleb128 -56
 763 039e 11       		.uleb128 0x11
 764 039f 95040000 		.4byte	.LASF69
 765 03a3 01       		.byte	0x1
 766 03a4 16       		.byte	0x16
 767 03a5 5F040000 		.4byte	0x45f
 768 03a9 02       		.uleb128 0x2
 769 03aa 91       		.byte	0x91
 770 03ab 5C       		.sleb128 -36
 771 03ac 11       		.uleb128 0x11
 772 03ad B9020000 		.4byte	.LASF70
 773 03b1 01       		.byte	0x1
 774 03b2 17       		.byte	0x17
 775 03b3 65040000 		.4byte	0x465
 776 03b7 02       		.uleb128 0x2
 777 03b8 91       		.byte	0x91
 778 03b9 58       		.sleb128 -40
 779 03ba 11       		.uleb128 0x11
 780 03bb 37030000 		.4byte	.LASF71
 781 03bf 01       		.byte	0x1
 782 03c0 18       		.byte	0x18
 783 03c1 6B040000 		.4byte	0x46b
 784 03c5 02       		.uleb128 0x2
 785 03c6 91       		.byte	0x91
 786 03c7 54       		.sleb128 -44
 787 03c8 11       		.uleb128 0x11
 788 03c9 BA000000 		.4byte	.LASF72
 789 03cd 01       		.byte	0x1
 790 03ce 1A       		.byte	0x1a
 791 03cf ED020000 		.4byte	0x2ed
 792 03d3 02       		.uleb128 0x2
 793 03d4 91       		.byte	0x91
 794 03d5 47       		.sleb128 -57
 795 03d6 11       		.uleb128 0x11
 796 03d7 84000000 		.4byte	.LASF73
 797 03db 01       		.byte	0x1
 798 03dc 1B       		.byte	0x1b
ARM GAS  C:\Users\THUNDE~1\AppData\Local\Temp\ccbcT2qU.s 			page 18


 799 03dd 2E010000 		.4byte	0x12e
 800 03e1 02       		.uleb128 0x2
 801 03e2 91       		.byte	0x91
 802 03e3 46       		.sleb128 -58
 803 03e4 11       		.uleb128 0x11
 804 03e5 54030000 		.4byte	.LASF74
 805 03e9 01       		.byte	0x1
 806 03ea 1C       		.byte	0x1c
 807 03eb 96000000 		.4byte	0x96
 808 03ef 02       		.uleb128 0x2
 809 03f0 91       		.byte	0x91
 810 03f1 45       		.sleb128 -59
 811 03f2 11       		.uleb128 0x11
 812 03f3 9F000000 		.4byte	.LASF75
 813 03f7 01       		.byte	0x1
 814 03f8 1D       		.byte	0x1d
 815 03f9 11030000 		.4byte	0x311
 816 03fd 02       		.uleb128 0x2
 817 03fe 91       		.byte	0x91
 818 03ff 77       		.sleb128 -9
 819 0400 12       		.uleb128 0x12
 820 0401 70747200 		.ascii	"ptr\000"
 821 0405 01       		.byte	0x1
 822 0406 20       		.byte	0x20
 823 0407 71040000 		.4byte	0x471
 824 040b 02       		.uleb128 0x2
 825 040c 91       		.byte	0x91
 826 040d 70       		.sleb128 -16
 827 040e 11       		.uleb128 0x11
 828 040f 66020000 		.4byte	.LASF76
 829 0413 01       		.byte	0x1
 830 0414 21       		.byte	0x21
 831 0415 5E000000 		.4byte	0x5e
 832 0419 02       		.uleb128 0x2
 833 041a 91       		.byte	0x91
 834 041b 6F       		.sleb128 -17
 835 041c 11       		.uleb128 0x11
 836 041d E0010000 		.4byte	.LASF77
 837 0421 01       		.byte	0x1
 838 0422 22       		.byte	0x22
 839 0423 6B040000 		.4byte	0x46b
 840 0427 02       		.uleb128 0x2
 841 0428 91       		.byte	0x91
 842 0429 68       		.sleb128 -24
 843 042a 13       		.uleb128 0x13
 844 042b 88000000 		.4byte	.LBB2
 845 042f 2C000000 		.4byte	.LBE2-.LBB2
 846 0433 46040000 		.4byte	0x446
 847 0437 12       		.uleb128 0x12
 848 0438 706F7300 		.ascii	"pos\000"
 849 043c 01       		.byte	0x1
 850 043d 31       		.byte	0x31
 851 043e 25000000 		.4byte	0x25
 852 0442 02       		.uleb128 0x2
 853 0443 91       		.byte	0x91
 854 0444 64       		.sleb128 -28
 855 0445 00       		.byte	0
ARM GAS  C:\Users\THUNDE~1\AppData\Local\Temp\ccbcT2qU.s 			page 19


 856 0446 14       		.uleb128 0x14
 857 0447 F0000000 		.4byte	.LBB3
 858 044b 2C000000 		.4byte	.LBE3-.LBB3
 859 044f 12       		.uleb128 0x12
 860 0450 706F7300 		.ascii	"pos\000"
 861 0454 01       		.byte	0x1
 862 0455 3E       		.byte	0x3e
 863 0456 25000000 		.4byte	0x25
 864 045a 02       		.uleb128 0x2
 865 045b 91       		.byte	0x91
 866 045c 60       		.sleb128 -32
 867 045d 00       		.byte	0
 868 045e 00       		.byte	0
 869 045f 15       		.uleb128 0x15
 870 0460 04       		.byte	0x4
 871 0461 97020000 		.4byte	0x297
 872 0465 15       		.uleb128 0x15
 873 0466 04       		.byte	0x4
 874 0467 B7020000 		.4byte	0x2b7
 875 046b 15       		.uleb128 0x15
 876 046c 04       		.byte	0x4
 877 046d 96000000 		.4byte	0x96
 878 0471 15       		.uleb128 0x15
 879 0472 04       		.byte	0x4
 880 0473 77040000 		.4byte	0x477
 881 0477 16       		.uleb128 0x16
 882 0478 5E000000 		.4byte	0x5e
 883 047c 09       		.uleb128 0x9
 884 047d 96000000 		.4byte	0x96
 885 0481 8C040000 		.4byte	0x48c
 886 0485 0A       		.uleb128 0xa
 887 0486 88000000 		.4byte	0x88
 888 048a 0C       		.byte	0xc
 889 048b 00       		.byte	0
 890 048c 17       		.uleb128 0x17
 891 048d 6D010000 		.4byte	.LASF78
 892 0491 05       		.byte	0x5
 893 0492 12       		.byte	0x12
 894 0493 7C040000 		.4byte	0x47c
 895 0497 05       		.uleb128 0x5
 896 0498 03       		.byte	0x3
 897 0499 00000000 		.4byte	sniffIDFilter
 898 049d 09       		.uleb128 0x9
 899 049e F7010000 		.4byte	0x1f7
 900 04a2 AD040000 		.4byte	0x4ad
 901 04a6 0A       		.uleb128 0xa
 902 04a7 88000000 		.4byte	0x88
 903 04ab 05       		.byte	0x5
 904 04ac 00       		.byte	0
 905 04ad 17       		.uleb128 0x17
 906 04ae 14030000 		.4byte	.LASF79
 907 04b2 06       		.byte	0x6
 908 04b3 0D       		.byte	0xd
 909 04b4 9D040000 		.4byte	0x49d
 910 04b8 05       		.uleb128 0x5
 911 04b9 03       		.byte	0x3
 912 04ba 00000000 		.4byte	objectList
ARM GAS  C:\Users\THUNDE~1\AppData\Local\Temp\ccbcT2qU.s 			page 20


 913 04be 17       		.uleb128 0x17
 914 04bf B2020000 		.4byte	.LASF80
 915 04c3 07       		.byte	0x7
 916 04c4 10       		.byte	0x10
 917 04c5 1C030000 		.4byte	0x31c
 918 04c9 05       		.uleb128 0x5
 919 04ca 03       		.byte	0x3
 920 04cb 00000000 		.4byte	buffer
 921 04cf 00       		.byte	0
 922              		.section	.debug_abbrev,"",%progbits
 923              	.Ldebug_abbrev0:
 924 0000 01       		.uleb128 0x1
 925 0001 11       		.uleb128 0x11
 926 0002 01       		.byte	0x1
 927 0003 25       		.uleb128 0x25
 928 0004 0E       		.uleb128 0xe
 929 0005 13       		.uleb128 0x13
 930 0006 0B       		.uleb128 0xb
 931 0007 03       		.uleb128 0x3
 932 0008 0E       		.uleb128 0xe
 933 0009 1B       		.uleb128 0x1b
 934 000a 0E       		.uleb128 0xe
 935 000b 55       		.uleb128 0x55
 936 000c 17       		.uleb128 0x17
 937 000d 11       		.uleb128 0x11
 938 000e 01       		.uleb128 0x1
 939 000f 10       		.uleb128 0x10
 940 0010 17       		.uleb128 0x17
 941 0011 00       		.byte	0
 942 0012 00       		.byte	0
 943 0013 02       		.uleb128 0x2
 944 0014 16       		.uleb128 0x16
 945 0015 00       		.byte	0
 946 0016 03       		.uleb128 0x3
 947 0017 0E       		.uleb128 0xe
 948 0018 3A       		.uleb128 0x3a
 949 0019 0B       		.uleb128 0xb
 950 001a 3B       		.uleb128 0x3b
 951 001b 0B       		.uleb128 0xb
 952 001c 49       		.uleb128 0x49
 953 001d 13       		.uleb128 0x13
 954 001e 00       		.byte	0
 955 001f 00       		.byte	0
 956 0020 03       		.uleb128 0x3
 957 0021 24       		.uleb128 0x24
 958 0022 00       		.byte	0
 959 0023 0B       		.uleb128 0xb
 960 0024 0B       		.uleb128 0xb
 961 0025 3E       		.uleb128 0x3e
 962 0026 0B       		.uleb128 0xb
 963 0027 03       		.uleb128 0x3
 964 0028 0E       		.uleb128 0xe
 965 0029 00       		.byte	0
 966 002a 00       		.byte	0
 967 002b 04       		.uleb128 0x4
 968 002c 24       		.uleb128 0x24
 969 002d 00       		.byte	0
ARM GAS  C:\Users\THUNDE~1\AppData\Local\Temp\ccbcT2qU.s 			page 21


 970 002e 0B       		.uleb128 0xb
 971 002f 0B       		.uleb128 0xb
 972 0030 3E       		.uleb128 0x3e
 973 0031 0B       		.uleb128 0xb
 974 0032 03       		.uleb128 0x3
 975 0033 08       		.uleb128 0x8
 976 0034 00       		.byte	0
 977 0035 00       		.byte	0
 978 0036 05       		.uleb128 0x5
 979 0037 04       		.uleb128 0x4
 980 0038 01       		.byte	0x1
 981 0039 0B       		.uleb128 0xb
 982 003a 0B       		.uleb128 0xb
 983 003b 49       		.uleb128 0x49
 984 003c 13       		.uleb128 0x13
 985 003d 3A       		.uleb128 0x3a
 986 003e 0B       		.uleb128 0xb
 987 003f 3B       		.uleb128 0x3b
 988 0040 0B       		.uleb128 0xb
 989 0041 01       		.uleb128 0x1
 990 0042 13       		.uleb128 0x13
 991 0043 00       		.byte	0
 992 0044 00       		.byte	0
 993 0045 06       		.uleb128 0x6
 994 0046 28       		.uleb128 0x28
 995 0047 00       		.byte	0
 996 0048 03       		.uleb128 0x3
 997 0049 0E       		.uleb128 0xe
 998 004a 1C       		.uleb128 0x1c
 999 004b 0B       		.uleb128 0xb
 1000 004c 00       		.byte	0
 1001 004d 00       		.byte	0
 1002 004e 07       		.uleb128 0x7
 1003 004f 13       		.uleb128 0x13
 1004 0050 01       		.byte	0x1
 1005 0051 0B       		.uleb128 0xb
 1006 0052 0B       		.uleb128 0xb
 1007 0053 3A       		.uleb128 0x3a
 1008 0054 0B       		.uleb128 0xb
 1009 0055 3B       		.uleb128 0x3b
 1010 0056 0B       		.uleb128 0xb
 1011 0057 01       		.uleb128 0x1
 1012 0058 13       		.uleb128 0x13
 1013 0059 00       		.byte	0
 1014 005a 00       		.byte	0
 1015 005b 08       		.uleb128 0x8
 1016 005c 0D       		.uleb128 0xd
 1017 005d 00       		.byte	0
 1018 005e 03       		.uleb128 0x3
 1019 005f 0E       		.uleb128 0xe
 1020 0060 3A       		.uleb128 0x3a
 1021 0061 0B       		.uleb128 0xb
 1022 0062 3B       		.uleb128 0x3b
 1023 0063 0B       		.uleb128 0xb
 1024 0064 49       		.uleb128 0x49
 1025 0065 13       		.uleb128 0x13
 1026 0066 38       		.uleb128 0x38
ARM GAS  C:\Users\THUNDE~1\AppData\Local\Temp\ccbcT2qU.s 			page 22


 1027 0067 0B       		.uleb128 0xb
 1028 0068 00       		.byte	0
 1029 0069 00       		.byte	0
 1030 006a 09       		.uleb128 0x9
 1031 006b 01       		.uleb128 0x1
 1032 006c 01       		.byte	0x1
 1033 006d 49       		.uleb128 0x49
 1034 006e 13       		.uleb128 0x13
 1035 006f 01       		.uleb128 0x1
 1036 0070 13       		.uleb128 0x13
 1037 0071 00       		.byte	0
 1038 0072 00       		.byte	0
 1039 0073 0A       		.uleb128 0xa
 1040 0074 21       		.uleb128 0x21
 1041 0075 00       		.byte	0
 1042 0076 49       		.uleb128 0x49
 1043 0077 13       		.uleb128 0x13
 1044 0078 2F       		.uleb128 0x2f
 1045 0079 0B       		.uleb128 0xb
 1046 007a 00       		.byte	0
 1047 007b 00       		.byte	0
 1048 007c 0B       		.uleb128 0xb
 1049 007d 13       		.uleb128 0x13
 1050 007e 01       		.byte	0x1
 1051 007f 0B       		.uleb128 0xb
 1052 0080 05       		.uleb128 0x5
 1053 0081 3A       		.uleb128 0x3a
 1054 0082 0B       		.uleb128 0xb
 1055 0083 3B       		.uleb128 0x3b
 1056 0084 0B       		.uleb128 0xb
 1057 0085 01       		.uleb128 0x1
 1058 0086 13       		.uleb128 0x13
 1059 0087 00       		.byte	0
 1060 0088 00       		.byte	0
 1061 0089 0C       		.uleb128 0xc
 1062 008a 13       		.uleb128 0x13
 1063 008b 01       		.byte	0x1
 1064 008c 03       		.uleb128 0x3
 1065 008d 0E       		.uleb128 0xe
 1066 008e 0B       		.uleb128 0xb
 1067 008f 05       		.uleb128 0x5
 1068 0090 3A       		.uleb128 0x3a
 1069 0091 0B       		.uleb128 0xb
 1070 0092 3B       		.uleb128 0x3b
 1071 0093 0B       		.uleb128 0xb
 1072 0094 01       		.uleb128 0x1
 1073 0095 13       		.uleb128 0x13
 1074 0096 00       		.byte	0
 1075 0097 00       		.byte	0
 1076 0098 0D       		.uleb128 0xd
 1077 0099 0D       		.uleb128 0xd
 1078 009a 00       		.byte	0
 1079 009b 03       		.uleb128 0x3
 1080 009c 0E       		.uleb128 0xe
 1081 009d 3A       		.uleb128 0x3a
 1082 009e 0B       		.uleb128 0xb
 1083 009f 3B       		.uleb128 0x3b
ARM GAS  C:\Users\THUNDE~1\AppData\Local\Temp\ccbcT2qU.s 			page 23


 1084 00a0 0B       		.uleb128 0xb
 1085 00a1 49       		.uleb128 0x49
 1086 00a2 13       		.uleb128 0x13
 1087 00a3 38       		.uleb128 0x38
 1088 00a4 05       		.uleb128 0x5
 1089 00a5 00       		.byte	0
 1090 00a6 00       		.byte	0
 1091 00a7 0E       		.uleb128 0xe
 1092 00a8 21       		.uleb128 0x21
 1093 00a9 00       		.byte	0
 1094 00aa 49       		.uleb128 0x49
 1095 00ab 13       		.uleb128 0x13
 1096 00ac 2F       		.uleb128 0x2f
 1097 00ad 05       		.uleb128 0x5
 1098 00ae 00       		.byte	0
 1099 00af 00       		.byte	0
 1100 00b0 0F       		.uleb128 0xf
 1101 00b1 16       		.uleb128 0x16
 1102 00b2 00       		.byte	0
 1103 00b3 03       		.uleb128 0x3
 1104 00b4 0E       		.uleb128 0xe
 1105 00b5 3A       		.uleb128 0x3a
 1106 00b6 0B       		.uleb128 0xb
 1107 00b7 3B       		.uleb128 0x3b
 1108 00b8 05       		.uleb128 0x5
 1109 00b9 49       		.uleb128 0x49
 1110 00ba 13       		.uleb128 0x13
 1111 00bb 00       		.byte	0
 1112 00bc 00       		.byte	0
 1113 00bd 10       		.uleb128 0x10
 1114 00be 2E       		.uleb128 0x2e
 1115 00bf 01       		.byte	0x1
 1116 00c0 3F       		.uleb128 0x3f
 1117 00c1 19       		.uleb128 0x19
 1118 00c2 03       		.uleb128 0x3
 1119 00c3 0E       		.uleb128 0xe
 1120 00c4 3A       		.uleb128 0x3a
 1121 00c5 0B       		.uleb128 0xb
 1122 00c6 3B       		.uleb128 0x3b
 1123 00c7 0B       		.uleb128 0xb
 1124 00c8 11       		.uleb128 0x11
 1125 00c9 01       		.uleb128 0x1
 1126 00ca 12       		.uleb128 0x12
 1127 00cb 06       		.uleb128 0x6
 1128 00cc 40       		.uleb128 0x40
 1129 00cd 18       		.uleb128 0x18
 1130 00ce 9642     		.uleb128 0x2116
 1131 00d0 19       		.uleb128 0x19
 1132 00d1 01       		.uleb128 0x1
 1133 00d2 13       		.uleb128 0x13
 1134 00d3 00       		.byte	0
 1135 00d4 00       		.byte	0
 1136 00d5 11       		.uleb128 0x11
 1137 00d6 34       		.uleb128 0x34
 1138 00d7 00       		.byte	0
 1139 00d8 03       		.uleb128 0x3
 1140 00d9 0E       		.uleb128 0xe
ARM GAS  C:\Users\THUNDE~1\AppData\Local\Temp\ccbcT2qU.s 			page 24


 1141 00da 3A       		.uleb128 0x3a
 1142 00db 0B       		.uleb128 0xb
 1143 00dc 3B       		.uleb128 0x3b
 1144 00dd 0B       		.uleb128 0xb
 1145 00de 49       		.uleb128 0x49
 1146 00df 13       		.uleb128 0x13
 1147 00e0 02       		.uleb128 0x2
 1148 00e1 18       		.uleb128 0x18
 1149 00e2 00       		.byte	0
 1150 00e3 00       		.byte	0
 1151 00e4 12       		.uleb128 0x12
 1152 00e5 34       		.uleb128 0x34
 1153 00e6 00       		.byte	0
 1154 00e7 03       		.uleb128 0x3
 1155 00e8 08       		.uleb128 0x8
 1156 00e9 3A       		.uleb128 0x3a
 1157 00ea 0B       		.uleb128 0xb
 1158 00eb 3B       		.uleb128 0x3b
 1159 00ec 0B       		.uleb128 0xb
 1160 00ed 49       		.uleb128 0x49
 1161 00ee 13       		.uleb128 0x13
 1162 00ef 02       		.uleb128 0x2
 1163 00f0 18       		.uleb128 0x18
 1164 00f1 00       		.byte	0
 1165 00f2 00       		.byte	0
 1166 00f3 13       		.uleb128 0x13
 1167 00f4 0B       		.uleb128 0xb
 1168 00f5 01       		.byte	0x1
 1169 00f6 11       		.uleb128 0x11
 1170 00f7 01       		.uleb128 0x1
 1171 00f8 12       		.uleb128 0x12
 1172 00f9 06       		.uleb128 0x6
 1173 00fa 01       		.uleb128 0x1
 1174 00fb 13       		.uleb128 0x13
 1175 00fc 00       		.byte	0
 1176 00fd 00       		.byte	0
 1177 00fe 14       		.uleb128 0x14
 1178 00ff 0B       		.uleb128 0xb
 1179 0100 01       		.byte	0x1
 1180 0101 11       		.uleb128 0x11
 1181 0102 01       		.uleb128 0x1
 1182 0103 12       		.uleb128 0x12
 1183 0104 06       		.uleb128 0x6
 1184 0105 00       		.byte	0
 1185 0106 00       		.byte	0
 1186 0107 15       		.uleb128 0x15
 1187 0108 0F       		.uleb128 0xf
 1188 0109 00       		.byte	0
 1189 010a 0B       		.uleb128 0xb
 1190 010b 0B       		.uleb128 0xb
 1191 010c 49       		.uleb128 0x49
 1192 010d 13       		.uleb128 0x13
 1193 010e 00       		.byte	0
 1194 010f 00       		.byte	0
 1195 0110 16       		.uleb128 0x16
 1196 0111 26       		.uleb128 0x26
 1197 0112 00       		.byte	0
ARM GAS  C:\Users\THUNDE~1\AppData\Local\Temp\ccbcT2qU.s 			page 25


 1198 0113 49       		.uleb128 0x49
 1199 0114 13       		.uleb128 0x13
 1200 0115 00       		.byte	0
 1201 0116 00       		.byte	0
 1202 0117 17       		.uleb128 0x17
 1203 0118 34       		.uleb128 0x34
 1204 0119 00       		.byte	0
 1205 011a 03       		.uleb128 0x3
 1206 011b 0E       		.uleb128 0xe
 1207 011c 3A       		.uleb128 0x3a
 1208 011d 0B       		.uleb128 0xb
 1209 011e 3B       		.uleb128 0x3b
 1210 011f 0B       		.uleb128 0xb
 1211 0120 49       		.uleb128 0x49
 1212 0121 13       		.uleb128 0x13
 1213 0122 3F       		.uleb128 0x3f
 1214 0123 19       		.uleb128 0x19
 1215 0124 02       		.uleb128 0x2
 1216 0125 18       		.uleb128 0x18
 1217 0126 00       		.byte	0
 1218 0127 00       		.byte	0
 1219 0128 00       		.byte	0
 1220              		.section	.debug_aranges,"",%progbits
 1221 0000 1C000000 		.4byte	0x1c
 1222 0004 0200     		.2byte	0x2
 1223 0006 00000000 		.4byte	.Ldebug_info0
 1224 000a 04       		.byte	0x4
 1225 000b 00       		.byte	0
 1226 000c 0000     		.2byte	0
 1227 000e 0000     		.2byte	0
 1228 0010 00000000 		.4byte	.LFB0
 1229 0014 A0010000 		.4byte	.LFE0-.LFB0
 1230 0018 00000000 		.4byte	0
 1231 001c 00000000 		.4byte	0
 1232              		.section	.debug_ranges,"",%progbits
 1233              	.Ldebug_ranges0:
 1234 0000 00000000 		.4byte	.LFB0
 1235 0004 A0010000 		.4byte	.LFE0
 1236 0008 00000000 		.4byte	0
 1237 000c 00000000 		.4byte	0
 1238              		.section	.debug_line,"",%progbits
 1239              	.Ldebug_line0:
 1240 0000 93020000 		.section	.debug_str,"MS",%progbits,1
 1240      02000402 
 1240      00000201 
 1240      FB0E0D00 
 1240      01010101 
 1241              	.LASF64:
 1242 0000 77726974 		.ascii	"write\000"
 1242      6500
 1243              	.LASF29:
 1244 0006 5072696F 		.ascii	"Priority\000"
 1244      72697479 
 1244      00
 1245              	.LASF46:
 1246 000f 42617369 		.ascii	"BasicPayload\000"
 1246      63506179 
ARM GAS  C:\Users\THUNDE~1\AppData\Local\Temp\ccbcT2qU.s 			page 26


 1246      6C6F6164 
 1246      00
 1247              	.LASF35:
 1248 001c 6F626A65 		.ascii	"objectNumber\000"
 1248      63744E75 
 1248      6D626572 
 1248      00
 1249              	.LASF43:
 1250 0029 7469636B 		.ascii	"tickCountLow\000"
 1250      436F756E 
 1250      744C6F77 
 1250      00
 1251              	.LASF7:
 1252 0036 73686F72 		.ascii	"short int\000"
 1252      7420696E 
 1252      7400
 1253              	.LASF4:
 1254 0040 73697A65 		.ascii	"size_t\000"
 1254      5F7400
 1255              	.LASF15:
 1256 0047 51554555 		.ascii	"QUEUE\000"
 1256      4500
 1257              	.LASF28:
 1258 004d 4E554D42 		.ascii	"NUMBER_OF_PRIORITIES\000"
 1258      45525F4F 
 1258      465F5052 
 1258      494F5249 
 1258      54494553 
 1259              	.LASF16:
 1260 0062 4D555445 		.ascii	"MUTEX\000"
 1260      5800
 1261              	.LASF61:
 1262 0068 52656365 		.ascii	"ReceiverState\000"
 1262      69766572 
 1262      53746174 
 1262      6500
 1263              	.LASF31:
 1264 0076 696E666F 		.ascii	"informationID\000"
 1264      726D6174 
 1264      696F6E49 
 1264      4400
 1265              	.LASF73:
 1266 0084 63757272 		.ascii	"currReadPrio\000"
 1266      52656164 
 1266      5072696F 
 1266      00
 1267              	.LASF1:
 1268 0091 6C6F6E67 		.ascii	"long long int\000"
 1268      206C6F6E 
 1268      6720696E 
 1268      7400
 1269              	.LASF75:
 1270 009f 72656365 		.ascii	"receiverState\000"
 1270      69766572 
 1270      53746174 
 1270      6500
 1271              	.LASF39:
ARM GAS  C:\Users\THUNDE~1\AppData\Local\Temp\ccbcT2qU.s 			page 27


 1272 00ad 6F626A65 		.ascii	"objectHeader\000"
 1272      63744865 
 1272      61646572 
 1272      00
 1273              	.LASF72:
 1274 00ba 63757272 		.ascii	"currPayloadType\000"
 1274      5061796C 
 1274      6F616454 
 1274      79706500 
 1275              	.LASF27:
 1276 00ca 7072696F 		.ascii	"prioRECEIVE\000"
 1276      52454345 
 1276      49564500 
 1277              	.LASF44:
 1278 00d6 74696D65 		.ascii	"timerByteHigh\000"
 1278      72427974 
 1278      65486967 
 1278      6800
 1279              	.LASF14:
 1280 00e4 75696E74 		.ascii	"uint8_t\000"
 1280      385F7400 
 1281              	.LASF40:
 1282 00ec 6F626A65 		.ascii	"objectArray\000"
 1282      63744172 
 1282      72617900 
 1283              	.LASF36:
 1284 00f8 6C656E4F 		.ascii	"lenObjectName\000"
 1284      626A6563 
 1284      744E616D 
 1284      6500
 1285              	.LASF51:
 1286 0106 5061796C 		.ascii	"Payload3\000"
 1286      6F616433 
 1286      00
 1287              	.LASF22:
 1288 010f 4F626A65 		.ascii	"ObjectType\000"
 1288      63745479 
 1288      706500
 1289              	.LASF33:
 1290 011a 6C656E67 		.ascii	"length\000"
 1290      746800
 1291              	.LASF66:
 1292 0121 666C6F61 		.ascii	"float\000"
 1292      7400
 1293              	.LASF38:
 1294 0127 4F626A65 		.ascii	"Object\000"
 1294      637400
 1295              	.LASF63:
 1296 012e 72656164 		.ascii	"read\000"
 1296      00
 1297              	.LASF53:
 1298 0133 5041594C 		.ascii	"PAYLOAD_0\000"
 1298      4F41445F 
 1298      3000
 1299              	.LASF54:
 1300 013d 5041594C 		.ascii	"PAYLOAD_1\000"
 1300      4F41445F 
ARM GAS  C:\Users\THUNDE~1\AppData\Local\Temp\ccbcT2qU.s 			page 28


 1300      3100
 1301              	.LASF55:
 1302 0147 5041594C 		.ascii	"PAYLOAD_2\000"
 1302      4F41445F 
 1302      3200
 1303              	.LASF56:
 1304 0151 5041594C 		.ascii	"PAYLOAD_3\000"
 1304      4F41445F 
 1304      3300
 1305              	.LASF52:
 1306 015b 5061796C 		.ascii	"PayloadError\000"
 1306      6F616445 
 1306      72726F72 
 1306      00
 1307              	.LASF20:
 1308 0168 5441534B 		.ascii	"TASK\000"
 1308      00
 1309              	.LASF78:
 1310 016d 736E6966 		.ascii	"sniffIDFilter\000"
 1310      66494446 
 1310      696C7465 
 1310      7200
 1311              	.LASF19:
 1312 017b 52454355 		.ascii	"RECURSIVE_MUTEX\000"
 1312      52534956 
 1312      455F4D55 
 1312      54455800 
 1313              	.LASF50:
 1314 018b 64617461 		.ascii	"data3\000"
 1314      3300
 1315              	.LASF26:
 1316 0191 7072696F 		.ascii	"prioSTREAM\000"
 1316      53545245 
 1316      414D00
 1317              	.LASF58:
 1318 019c 7061796C 		.ascii	"payloadType\000"
 1318      6F616454 
 1318      79706500 
 1319              	.LASF17:
 1320 01a8 434F554E 		.ascii	"COUNTING_SEMAPHORE\000"
 1320      54494E47 
 1320      5F53454D 
 1320      4150484F 
 1320      524500
 1321              	.LASF37:
 1322 01bb 6F626A65 		.ascii	"objectName\000"
 1322      63744E61 
 1322      6D6500
 1323              	.LASF2:
 1324 01c6 6C6F6E67 		.ascii	"long double\000"
 1324      20646F75 
 1324      626C6500 
 1325              	.LASF6:
 1326 01d2 756E7369 		.ascii	"unsigned char\000"
 1326      676E6564 
 1326      20636861 
 1326      7200
ARM GAS  C:\Users\THUNDE~1\AppData\Local\Temp\ccbcT2qU.s 			page 29


 1327              	.LASF77:
 1328 01e0 70536E69 		.ascii	"pSniffIDFilter\000"
 1328      66664944 
 1328      46696C74 
 1328      657200
 1329              	.LASF3:
 1330 01ef 7369676E 		.ascii	"signed char\000"
 1330      65642063 
 1330      68617200 
 1331              	.LASF11:
 1332 01fb 6C6F6E67 		.ascii	"long long unsigned int\000"
 1332      206C6F6E 
 1332      6720756E 
 1332      7369676E 
 1332      65642069 
 1333              	.LASF0:
 1334 0212 756E7369 		.ascii	"unsigned int\000"
 1334      676E6564 
 1334      20696E74 
 1334      00
 1335              	.LASF34:
 1336 021f 4F626A65 		.ascii	"ObjectListHeader\000"
 1336      63744C69 
 1336      73744865 
 1336      61646572 
 1336      00
 1337              	.LASF8:
 1338 0230 73686F72 		.ascii	"short unsigned int\000"
 1338      7420756E 
 1338      7369676E 
 1338      65642069 
 1338      6E7400
 1339              	.LASF13:
 1340 0243 63686172 		.ascii	"char\000"
 1340      00
 1341              	.LASF9:
 1342 0248 6C6F6E67 		.ascii	"long int\000"
 1342      20696E74 
 1342      00
 1343              	.LASF47:
 1344 0251 7061796C 		.ascii	"payloadHead\000"
 1344      6F616448 
 1344      65616400 
 1345              	.LASF30:
 1346 025d 7061636B 		.ascii	"packetID\000"
 1346      65744944 
 1346      00
 1347              	.LASF76:
 1348 0266 63757272 		.ascii	"currSniffFilterByte\000"
 1348      536E6966 
 1348      6646696C 
 1348      74657242 
 1348      79746500 
 1349              	.LASF65:
 1350 027a 75696E74 		.ascii	"uint8\000"
 1350      3800
 1351              	.LASF41:
ARM GAS  C:\Users\THUNDE~1\AppData\Local\Temp\ccbcT2qU.s 			page 30


 1352 0280 4F626A65 		.ascii	"ObjectList\000"
 1352      63744C69 
 1352      737400
 1353              	.LASF62:
 1354 028b 64617461 		.ascii	"data\000"
 1354      00
 1355              	.LASF60:
 1356 0290 52454345 		.ascii	"RECEIVE_FILTER\000"
 1356      4956455F 
 1356      46494C54 
 1356      455200
 1357              	.LASF82:
 1358 029f 54726163 		.ascii	"Tracer\\sniffTask.c\000"
 1358      65725C73 
 1358      6E696666 
 1358      5461736B 
 1358      2E6300
 1359              	.LASF80:
 1360 02b2 62756666 		.ascii	"buffer\000"
 1360      657200
 1361              	.LASF70:
 1362 02b9 63757272 		.ascii	"currPayloadError\000"
 1362      5061796C 
 1362      6F616445 
 1362      72726F72 
 1362      00
 1363              	.LASF21:
 1364 02ca 4E554D42 		.ascii	"NUMBER_OF_OBJECTTYPES\000"
 1364      45525F4F 
 1364      465F4F42 
 1364      4A454354 
 1364      54595045 
 1365              	.LASF10:
 1366 02e0 6C6F6E67 		.ascii	"long unsigned int\000"
 1366      20756E73 
 1366      69676E65 
 1366      6420696E 
 1366      7400
 1367              	.LASF85:
 1368 02f2 736E6966 		.ascii	"sniffTask\000"
 1368      66546173 
 1368      6B00
 1369              	.LASF67:
 1370 02fc 646F7562 		.ascii	"double\000"
 1370      6C6500
 1371              	.LASF18:
 1372 0303 42494E41 		.ascii	"BINARY_SEMAPHORE\000"
 1372      52595F53 
 1372      454D4150 
 1372      484F5245 
 1372      00
 1373              	.LASF79:
 1374 0314 6F626A65 		.ascii	"objectList\000"
 1374      63744C69 
 1374      737400
 1375              	.LASF32:
 1376 031f 6F626A65 		.ascii	"objectType\000"
ARM GAS  C:\Users\THUNDE~1\AppData\Local\Temp\ccbcT2qU.s 			page 31


 1376      63745479 
 1376      706500
 1377              	.LASF45:
 1378 032a 74696D65 		.ascii	"timerByteLow\000"
 1378      72427974 
 1378      654C6F77 
 1378      00
 1379              	.LASF71:
 1380 0337 63757272 		.ascii	"currPayloadReceived\000"
 1380      5061796C 
 1380      6F616452 
 1380      65636569 
 1380      76656400 
 1381              	.LASF12:
 1382 034b 73697A65 		.ascii	"sizetype\000"
 1382      74797065 
 1382      00
 1383              	.LASF74:
 1384 0354 7061636B 		.ascii	"packetCounter\000"
 1384      6574436F 
 1384      756E7465 
 1384      7200
 1385              	.LASF25:
 1386 0362 7072696F 		.ascii	"prioERROR\000"
 1386      4552524F 
 1386      5200
 1387              	.LASF83:
 1388 036c 463A5C50 		.ascii	"F:\\Programme_Scripts\\PSOC Creator\\FreeRTOS\\Free"
 1388      726F6772 
 1388      616D6D65 
 1388      5F536372 
 1388      69707473 
 1389 039b 52544F53 		.ascii	"RTOS_CY8CKIT_059-master\\FreeRTOS_Demo.cydsn\000"
 1389      5F435938 
 1389      434B4954 
 1389      5F303539 
 1389      2D6D6173 
 1390              	.LASF48:
 1391 03c7 64617461 		.ascii	"data1\000"
 1391      3100
 1392              	.LASF49:
 1393 03cd 64617461 		.ascii	"data2\000"
 1393      3200
 1394              	.LASF24:
 1395 03d3 49445F53 		.ascii	"ID_SNIFF_FILTER\000"
 1395      4E494646 
 1395      5F46494C 
 1395      54455200 
 1396              	.LASF23:
 1397 03e3 49445F4F 		.ascii	"ID_OBJECT_LIST\000"
 1397      424A4543 
 1397      545F4C49 
 1397      535400
 1398              	.LASF84:
 1399 03f2 42756666 		.ascii	"Buffer\000"
 1399      657200
 1400              	.LASF57:
ARM GAS  C:\Users\THUNDE~1\AppData\Local\Temp\ccbcT2qU.s 			page 32


 1401 03f9 5041594C 		.ascii	"PAYLOAD_ERROR\000"
 1401      4F41445F 
 1401      4552524F 
 1401      5200
 1402              	.LASF81:
 1403 0407 474E5520 		.ascii	"GNU C11 5.4.1 20160609 (release) [ARM/embedded-5-br"
 1403      43313120 
 1403      352E342E 
 1403      31203230 
 1403      31363036 
 1404 043a 616E6368 		.ascii	"anch revision 237715] -mcpu=cortex-m3 -mthumb -g -O"
 1404      20726576 
 1404      6973696F 
 1404      6E203233 
 1404      37373135 
 1405 046d 30202D66 		.ascii	"0 -ffunction-sections -ffat-lto-objects\000"
 1405      66756E63 
 1405      74696F6E 
 1405      2D736563 
 1405      74696F6E 
 1406              	.LASF69:
 1407 0495 63757272 		.ascii	"currPayload\000"
 1407      5061796C 
 1407      6F616400 
 1408              	.LASF42:
 1409 04a1 7469636B 		.ascii	"tickCountHigh\000"
 1409      436F756E 
 1409      74486967 
 1409      6800
 1410              	.LASF68:
 1411 04af 7061796C 		.ascii	"payload\000"
 1411      6F616400 
 1412              	.LASF59:
 1413 04b7 4E4F524D 		.ascii	"NORMAL\000"
 1413      414C00
 1414              	.LASF5:
 1415 04be 5F5F7569 		.ascii	"__uint8_t\000"
 1415      6E74385F 
 1415      7400
 1416              		.ident	"GCC: (GNU Tools for ARM Embedded Processors) 5.4.1 20160609 (release) [ARM/embedded-5-bran
