ARM GAS  C:\Users\THUNDE~1\AppData\Local\Temp\ccbGEkLT.s 			page 1


   1              		.syntax unified
   2              		.cpu cortex-m3
   3              		.fpu softvfp
   4              		.eabi_attribute 20, 1
   5              		.eabi_attribute 21, 1
   6              		.eabi_attribute 23, 3
   7              		.eabi_attribute 24, 1
   8              		.eabi_attribute 25, 1
   9              		.eabi_attribute 26, 1
  10              		.eabi_attribute 30, 6
  11              		.eabi_attribute 34, 1
  12              		.eabi_attribute 18, 4
  13              		.thumb
  14              		.syntax unified
  15              		.file	"USBUART_descr.c"
  16              		.text
  17              	.Ltext0:
  18              		.cfi_sections	.debug_frame
  19              		.global	USBUART_DEVICE0_DESCR
  20              		.section	.rodata
  21              		.align	2
  22              		.type	USBUART_DEVICE0_DESCR, %object
  23              		.size	USBUART_DEVICE0_DESCR, 18
  24              	USBUART_DEVICE0_DESCR:
  25 0000 12       		.byte	18
  26 0001 01       		.byte	1
  27 0002 00       		.byte	0
  28 0003 02       		.byte	2
  29 0004 02       		.byte	2
  30 0005 00       		.byte	0
  31 0006 00       		.byte	0
  32 0007 08       		.byte	8
  33 0008 B4       		.byte	-76
  34 0009 04       		.byte	4
  35 000a 32       		.byte	50
  36 000b F2       		.byte	-14
  37 000c 01       		.byte	1
  38 000d 00       		.byte	0
  39 000e 01       		.byte	1
  40 000f 02       		.byte	2
  41 0010 80       		.byte	-128
  42 0011 01       		.byte	1
  43              		.global	USBUART_DEVICE0_CONFIGURATION0_DESCR
  44 0012 0000     		.align	2
  45              		.type	USBUART_DEVICE0_CONFIGURATION0_DESCR, %object
  46              		.size	USBUART_DEVICE0_CONFIGURATION0_DESCR, 67
  47              	USBUART_DEVICE0_CONFIGURATION0_DESCR:
  48 0014 09       		.byte	9
  49 0015 02       		.byte	2
  50 0016 43       		.byte	67
  51 0017 00       		.byte	0
  52 0018 02       		.byte	2
  53 0019 01       		.byte	1
  54 001a 01       		.byte	1
  55 001b 80       		.byte	-128
  56 001c 32       		.byte	50
  57 001d 09       		.byte	9
ARM GAS  C:\Users\THUNDE~1\AppData\Local\Temp\ccbGEkLT.s 			page 2


  58 001e 04       		.byte	4
  59 001f 00       		.byte	0
  60 0020 00       		.byte	0
  61 0021 01       		.byte	1
  62 0022 02       		.byte	2
  63 0023 02       		.byte	2
  64 0024 01       		.byte	1
  65 0025 03       		.byte	3
  66 0026 05       		.byte	5
  67 0027 24       		.byte	36
  68 0028 00       		.byte	0
  69 0029 10       		.byte	16
  70 002a 01       		.byte	1
  71 002b 04       		.byte	4
  72 002c 24       		.byte	36
  73 002d 02       		.byte	2
  74 002e 02       		.byte	2
  75 002f 05       		.byte	5
  76 0030 24       		.byte	36
  77 0031 06       		.byte	6
  78 0032 00       		.byte	0
  79 0033 01       		.byte	1
  80 0034 05       		.byte	5
  81 0035 24       		.byte	36
  82 0036 01       		.byte	1
  83 0037 00       		.byte	0
  84 0038 01       		.byte	1
  85 0039 07       		.byte	7
  86 003a 05       		.byte	5
  87 003b 81       		.byte	-127
  88 003c 03       		.byte	3
  89 003d 08       		.byte	8
  90 003e 00       		.byte	0
  91 003f 0A       		.byte	10
  92 0040 09       		.byte	9
  93 0041 04       		.byte	4
  94 0042 01       		.byte	1
  95 0043 00       		.byte	0
  96 0044 02       		.byte	2
  97 0045 0A       		.byte	10
  98 0046 00       		.byte	0
  99 0047 00       		.byte	0
 100 0048 04       		.byte	4
 101 0049 07       		.byte	7
 102 004a 05       		.byte	5
 103 004b 82       		.byte	-126
 104 004c 02       		.byte	2
 105 004d 40       		.byte	64
 106 004e 00       		.byte	0
 107 004f 00       		.byte	0
 108 0050 07       		.byte	7
 109 0051 05       		.byte	5
 110 0052 03       		.byte	3
 111 0053 02       		.byte	2
 112 0054 40       		.byte	64
 113 0055 00       		.byte	0
 114 0056 00       		.byte	0
ARM GAS  C:\Users\THUNDE~1\AppData\Local\Temp\ccbGEkLT.s 			page 3


 115              		.global	USBUART_STRING_DESCRIPTORS
 116 0057 00       		.align	2
 117              		.type	USBUART_STRING_DESCRIPTORS, %object
 118              		.size	USBUART_STRING_DESCRIPTORS, 159
 119              	USBUART_STRING_DESCRIPTORS:
 120 0058 04       		.byte	4
 121 0059 03       		.byte	3
 122 005a 09       		.byte	9
 123 005b 04       		.byte	4
 124 005c 2C       		.byte	44
 125 005d 03       		.byte	3
 126 005e 43       		.byte	67
 127 005f 00       		.byte	0
 128 0060 79       		.byte	121
 129 0061 00       		.byte	0
 130 0062 70       		.byte	112
 131 0063 00       		.byte	0
 132 0064 72       		.byte	114
 133 0065 00       		.byte	0
 134 0066 65       		.byte	101
 135 0067 00       		.byte	0
 136 0068 73       		.byte	115
 137 0069 00       		.byte	0
 138 006a 73       		.byte	115
 139 006b 00       		.byte	0
 140 006c 20       		.byte	32
 141 006d 00       		.byte	0
 142 006e 53       		.byte	83
 143 006f 00       		.byte	0
 144 0070 65       		.byte	101
 145 0071 00       		.byte	0
 146 0072 6D       		.byte	109
 147 0073 00       		.byte	0
 148 0074 69       		.byte	105
 149 0075 00       		.byte	0
 150 0076 63       		.byte	99
 151 0077 00       		.byte	0
 152 0078 6F       		.byte	111
 153 0079 00       		.byte	0
 154 007a 6E       		.byte	110
 155 007b 00       		.byte	0
 156 007c 64       		.byte	100
 157 007d 00       		.byte	0
 158 007e 75       		.byte	117
 159 007f 00       		.byte	0
 160 0080 63       		.byte	99
 161 0081 00       		.byte	0
 162 0082 74       		.byte	116
 163 0083 00       		.byte	0
 164 0084 6F       		.byte	111
 165 0085 00       		.byte	0
 166 0086 72       		.byte	114
 167 0087 00       		.byte	0
 168 0088 10       		.byte	16
 169 0089 03       		.byte	3
 170 008a 55       		.byte	85
 171 008b 00       		.byte	0
ARM GAS  C:\Users\THUNDE~1\AppData\Local\Temp\ccbGEkLT.s 			page 4


 172 008c 53       		.byte	83
 173 008d 00       		.byte	0
 174 008e 42       		.byte	66
 175 008f 00       		.byte	0
 176 0090 55       		.byte	85
 177 0091 00       		.byte	0
 178 0092 41       		.byte	65
 179 0093 00       		.byte	0
 180 0094 52       		.byte	82
 181 0095 00       		.byte	0
 182 0096 54       		.byte	84
 183 0097 00       		.byte	0
 184 0098 38       		.byte	56
 185 0099 03       		.byte	3
 186 009a 43       		.byte	67
 187 009b 00       		.byte	0
 188 009c 44       		.byte	68
 189 009d 00       		.byte	0
 190 009e 43       		.byte	67
 191 009f 00       		.byte	0
 192 00a0 20       		.byte	32
 193 00a1 00       		.byte	0
 194 00a2 43       		.byte	67
 195 00a3 00       		.byte	0
 196 00a4 6F       		.byte	111
 197 00a5 00       		.byte	0
 198 00a6 6D       		.byte	109
 199 00a7 00       		.byte	0
 200 00a8 6D       		.byte	109
 201 00a9 00       		.byte	0
 202 00aa 75       		.byte	117
 203 00ab 00       		.byte	0
 204 00ac 6E       		.byte	110
 205 00ad 00       		.byte	0
 206 00ae 69       		.byte	105
 207 00af 00       		.byte	0
 208 00b0 63       		.byte	99
 209 00b1 00       		.byte	0
 210 00b2 61       		.byte	97
 211 00b3 00       		.byte	0
 212 00b4 74       		.byte	116
 213 00b5 00       		.byte	0
 214 00b6 69       		.byte	105
 215 00b7 00       		.byte	0
 216 00b8 6F       		.byte	111
 217 00b9 00       		.byte	0
 218 00ba 6E       		.byte	110
 219 00bb 00       		.byte	0
 220 00bc 20       		.byte	32
 221 00bd 00       		.byte	0
 222 00be 49       		.byte	73
 223 00bf 00       		.byte	0
 224 00c0 6E       		.byte	110
 225 00c1 00       		.byte	0
 226 00c2 74       		.byte	116
 227 00c3 00       		.byte	0
 228 00c4 65       		.byte	101
ARM GAS  C:\Users\THUNDE~1\AppData\Local\Temp\ccbGEkLT.s 			page 5


 229 00c5 00       		.byte	0
 230 00c6 72       		.byte	114
 231 00c7 00       		.byte	0
 232 00c8 66       		.byte	102
 233 00c9 00       		.byte	0
 234 00ca 61       		.byte	97
 235 00cb 00       		.byte	0
 236 00cc 63       		.byte	99
 237 00cd 00       		.byte	0
 238 00ce 65       		.byte	101
 239 00cf 00       		.byte	0
 240 00d0 26       		.byte	38
 241 00d1 03       		.byte	3
 242 00d2 43       		.byte	67
 243 00d3 00       		.byte	0
 244 00d4 44       		.byte	68
 245 00d5 00       		.byte	0
 246 00d6 43       		.byte	67
 247 00d7 00       		.byte	0
 248 00d8 20       		.byte	32
 249 00d9 00       		.byte	0
 250 00da 44       		.byte	68
 251 00db 00       		.byte	0
 252 00dc 61       		.byte	97
 253 00dd 00       		.byte	0
 254 00de 74       		.byte	116
 255 00df 00       		.byte	0
 256 00e0 61       		.byte	97
 257 00e1 00       		.byte	0
 258 00e2 20       		.byte	32
 259 00e3 00       		.byte	0
 260 00e4 49       		.byte	73
 261 00e5 00       		.byte	0
 262 00e6 6E       		.byte	110
 263 00e7 00       		.byte	0
 264 00e8 74       		.byte	116
 265 00e9 00       		.byte	0
 266 00ea 65       		.byte	101
 267 00eb 00       		.byte	0
 268 00ec 72       		.byte	114
 269 00ed 00       		.byte	0
 270 00ee 66       		.byte	102
 271 00ef 00       		.byte	0
 272 00f0 61       		.byte	97
 273 00f1 00       		.byte	0
 274 00f2 63       		.byte	99
 275 00f3 00       		.byte	0
 276 00f4 65       		.byte	101
 277 00f5 00       		.byte	0
 278 00f6 00       		.byte	0
 279              		.global	USBUART_SN_STRING_DESCRIPTOR
 280 00f7 00       		.align	2
 281              		.type	USBUART_SN_STRING_DESCRIPTOR, %object
 282              		.size	USBUART_SN_STRING_DESCRIPTOR, 2
 283              	USBUART_SN_STRING_DESCRIPTOR:
 284 00f8 02       		.byte	2
 285 00f9 03       		.byte	3
ARM GAS  C:\Users\THUNDE~1\AppData\Local\Temp\ccbGEkLT.s 			page 6


 286              		.global	USBUART_DEVICE0_CONFIGURATION0_EP_SETTINGS_TABLE
 287 00fa 0000     		.align	2
 288              		.type	USBUART_DEVICE0_CONFIGURATION0_EP_SETTINGS_TABLE, %object
 289              		.size	USBUART_DEVICE0_CONFIGURATION0_EP_SETTINGS_TABLE, 24
 290              	USBUART_DEVICE0_CONFIGURATION0_EP_SETTINGS_TABLE:
 291 00fc 00       		.byte	0
 292 00fd 00       		.byte	0
 293 00fe 81       		.byte	-127
 294 00ff 03       		.byte	3
 295 0100 0800     		.short	8
 296 0102 02       		.byte	2
 297 0103 00       		.space	1
 298 0104 01       		.byte	1
 299 0105 00       		.byte	0
 300 0106 82       		.byte	-126
 301 0107 02       		.byte	2
 302 0108 4000     		.short	64
 303 010a 0A       		.byte	10
 304 010b 00       		.space	1
 305 010c 01       		.byte	1
 306 010d 00       		.byte	0
 307 010e 03       		.byte	3
 308 010f 02       		.byte	2
 309 0110 4000     		.short	64
 310 0112 0A       		.byte	10
 311 0113 00       		.space	1
 312              		.global	USBUART_DEVICE0_CONFIGURATION0_INTERFACE_CLASS
 313              		.align	2
 314              		.type	USBUART_DEVICE0_CONFIGURATION0_INTERFACE_CLASS, %object
 315              		.size	USBUART_DEVICE0_CONFIGURATION0_INTERFACE_CLASS, 2
 316              	USBUART_DEVICE0_CONFIGURATION0_INTERFACE_CLASS:
 317 0114 02       		.byte	2
 318 0115 0A       		.byte	10
 319              		.global	USBUART_DEVICE0_CONFIGURATION0_TABLE
 320 0116 0000     		.align	2
 321              		.type	USBUART_DEVICE0_CONFIGURATION0_TABLE, %object
 322              		.size	USBUART_DEVICE0_CONFIGURATION0_TABLE, 40
 323              	USBUART_DEVICE0_CONFIGURATION0_TABLE:
 324 0118 01       		.byte	1
 325 0119 000000   		.space	3
 326 011c 00000000 		.word	USBUART_DEVICE0_CONFIGURATION0_DESCR
 327 0120 03       		.byte	3
 328 0121 000000   		.space	3
 329 0124 00000000 		.word	USBUART_DEVICE0_CONFIGURATION0_EP_SETTINGS_TABLE
 330 0128 00       		.byte	0
 331 0129 000000   		.space	3
 332 012c 00000000 		.word	0
 333 0130 00       		.byte	0
 334 0131 000000   		.space	3
 335 0134 00000000 		.word	0
 336 0138 00       		.byte	0
 337 0139 000000   		.space	3
 338 013c 00000000 		.word	USBUART_DEVICE0_CONFIGURATION0_INTERFACE_CLASS
 339              		.global	USBUART_DEVICE0_TABLE
 340              		.align	2
 341              		.type	USBUART_DEVICE0_TABLE, %object
 342              		.size	USBUART_DEVICE0_TABLE, 24
ARM GAS  C:\Users\THUNDE~1\AppData\Local\Temp\ccbGEkLT.s 			page 7


 343              	USBUART_DEVICE0_TABLE:
 344 0140 01       		.byte	1
 345 0141 000000   		.space	3
 346 0144 00000000 		.word	USBUART_DEVICE0_DESCR
 347 0148 00       		.byte	0
 348 0149 000000   		.space	3
 349 014c 00000000 		.word	0
 350 0150 01       		.byte	1
 351 0151 000000   		.space	3
 352 0154 00000000 		.word	USBUART_DEVICE0_CONFIGURATION0_TABLE
 353              		.global	USBUART_TABLE
 354              		.align	2
 355              		.type	USBUART_TABLE, %object
 356              		.size	USBUART_TABLE, 8
 357              	USBUART_TABLE:
 358 0158 01       		.byte	1
 359 0159 000000   		.space	3
 360 015c 00000000 		.word	USBUART_DEVICE0_TABLE
 361              		.comm	USBUART_idSerialNumberStringDescriptor,34,4
 362              		.text
 363              	.Letext0:
 364              		.file 1 "Generated_Source\\PSoC5\\cytypes.h"
 365              		.file 2 "Generated_Source\\PSoC5\\USBUART.h"
 366              		.file 3 "Generated_Source\\PSoC5\\USBUART_descr.c"
 367              		.section	.debug_info,"",%progbits
 368              	.Ldebug_info0:
 369 0000 9F020000 		.4byte	0x29f
 370 0004 0400     		.2byte	0x4
 371 0006 00000000 		.4byte	.Ldebug_abbrev0
 372 000a 04       		.byte	0x4
 373 000b 01       		.uleb128 0x1
 374 000c 2F000000 		.4byte	.LASF35
 375 0010 0C       		.byte	0xc
 376 0011 09010000 		.4byte	.LASF36
 377 0015 F0020000 		.4byte	.LASF37
 378 0019 00000000 		.4byte	.Ldebug_line0
 379 001d 02       		.uleb128 0x2
 380 001e 01       		.byte	0x1
 381 001f 06       		.byte	0x6
 382 0020 BB020000 		.4byte	.LASF0
 383 0024 02       		.uleb128 0x2
 384 0025 01       		.byte	0x1
 385 0026 08       		.byte	0x8
 386 0027 74010000 		.4byte	.LASF1
 387 002b 02       		.uleb128 0x2
 388 002c 02       		.byte	0x2
 389 002d 05       		.byte	0x5
 390 002e 8C020000 		.4byte	.LASF2
 391 0032 02       		.uleb128 0x2
 392 0033 02       		.byte	0x2
 393 0034 07       		.byte	0x7
 394 0035 C7020000 		.4byte	.LASF3
 395 0039 02       		.uleb128 0x2
 396 003a 04       		.byte	0x4
 397 003b 05       		.byte	0x5
 398 003c A6020000 		.4byte	.LASF4
 399 0040 02       		.uleb128 0x2
ARM GAS  C:\Users\THUNDE~1\AppData\Local\Temp\ccbGEkLT.s 			page 8


 400 0041 04       		.byte	0x4
 401 0042 07       		.byte	0x7
 402 0043 A9010000 		.4byte	.LASF5
 403 0047 02       		.uleb128 0x2
 404 0048 08       		.byte	0x8
 405 0049 05       		.byte	0x5
 406 004a 5A020000 		.4byte	.LASF6
 407 004e 02       		.uleb128 0x2
 408 004f 08       		.byte	0x8
 409 0050 07       		.byte	0x7
 410 0051 0E020000 		.4byte	.LASF7
 411 0055 03       		.uleb128 0x3
 412 0056 04       		.byte	0x4
 413 0057 05       		.byte	0x5
 414 0058 696E7400 		.ascii	"int\000"
 415 005c 02       		.uleb128 0x2
 416 005d 04       		.byte	0x4
 417 005e 07       		.byte	0x7
 418 005f F3010000 		.4byte	.LASF8
 419 0063 04       		.uleb128 0x4
 420 0064 96020000 		.4byte	.LASF9
 421 0068 01       		.byte	0x1
 422 0069 9201     		.2byte	0x192
 423 006b 24000000 		.4byte	0x24
 424 006f 04       		.uleb128 0x4
 425 0070 EC010000 		.4byte	.LASF10
 426 0074 01       		.byte	0x1
 427 0075 9301     		.2byte	0x193
 428 0077 32000000 		.4byte	0x32
 429 007b 02       		.uleb128 0x2
 430 007c 04       		.byte	0x4
 431 007d 04       		.byte	0x4
 432 007e 46010000 		.4byte	.LASF11
 433 0082 02       		.uleb128 0x2
 434 0083 08       		.byte	0x8
 435 0084 04       		.byte	0x4
 436 0085 E5010000 		.4byte	.LASF12
 437 0089 02       		.uleb128 0x2
 438 008a 01       		.byte	0x1
 439 008b 08       		.byte	0x8
 440 008c 68020000 		.4byte	.LASF13
 441 0090 02       		.uleb128 0x2
 442 0091 08       		.byte	0x8
 443 0092 04       		.byte	0x4
 444 0093 AF020000 		.4byte	.LASF14
 445 0097 02       		.uleb128 0x2
 446 0098 04       		.byte	0x4
 447 0099 07       		.byte	0x7
 448 009a 51020000 		.4byte	.LASF15
 449 009e 05       		.uleb128 0x5
 450 009f 08       		.byte	0x8
 451 00a0 02       		.byte	0x2
 452 00a1 9A       		.byte	0x9a
 453 00a2 EF000000 		.4byte	0xef
 454 00a6 06       		.uleb128 0x6
 455 00a7 9C020000 		.4byte	.LASF16
 456 00ab 02       		.byte	0x2
ARM GAS  C:\Users\THUNDE~1\AppData\Local\Temp\ccbGEkLT.s 			page 9


 457 00ac 9C       		.byte	0x9c
 458 00ad 63000000 		.4byte	0x63
 459 00b1 00       		.byte	0
 460 00b2 06       		.uleb128 0x6
 461 00b3 69010000 		.4byte	.LASF17
 462 00b7 02       		.byte	0x2
 463 00b8 9D       		.byte	0x9d
 464 00b9 63000000 		.4byte	0x63
 465 00bd 01       		.byte	0x1
 466 00be 06       		.uleb128 0x6
 467 00bf BB010000 		.4byte	.LASF18
 468 00c3 02       		.byte	0x2
 469 00c4 9E       		.byte	0x9e
 470 00c5 63000000 		.4byte	0x63
 471 00c9 02       		.byte	0x2
 472 00ca 06       		.uleb128 0x6
 473 00cb 82010000 		.4byte	.LASF19
 474 00cf 02       		.byte	0x2
 475 00d0 9F       		.byte	0x9f
 476 00d1 63000000 		.4byte	0x63
 477 00d5 03       		.byte	0x3
 478 00d6 06       		.uleb128 0x6
 479 00d7 73020000 		.4byte	.LASF20
 480 00db 02       		.byte	0x2
 481 00dc A0       		.byte	0xa0
 482 00dd 6F000000 		.4byte	0x6f
 483 00e1 04       		.byte	0x4
 484 00e2 06       		.uleb128 0x6
 485 00e3 6D020000 		.4byte	.LASF21
 486 00e7 02       		.byte	0x2
 487 00e8 A1       		.byte	0xa1
 488 00e9 63000000 		.4byte	0x63
 489 00ed 06       		.byte	0x6
 490 00ee 00       		.byte	0
 491 00ef 07       		.uleb128 0x7
 492 00f0 8D010000 		.4byte	.LASF22
 493 00f4 02       		.byte	0x2
 494 00f5 A2       		.byte	0xa2
 495 00f6 9E000000 		.4byte	0x9e
 496 00fa 05       		.uleb128 0x5
 497 00fb 08       		.byte	0x8
 498 00fc 02       		.byte	0x2
 499 00fd B1       		.byte	0xb1
 500 00fe 19010000 		.4byte	0x119
 501 0102 08       		.uleb128 0x8
 502 0103 6300     		.ascii	"c\000"
 503 0105 02       		.byte	0x2
 504 0106 B3       		.byte	0xb3
 505 0107 63000000 		.4byte	0x63
 506 010b 00       		.byte	0
 507 010c 06       		.uleb128 0x6
 508 010d 4A020000 		.4byte	.LASF23
 509 0111 02       		.byte	0x2
 510 0112 B4       		.byte	0xb4
 511 0113 19010000 		.4byte	0x119
 512 0117 04       		.byte	0x4
 513 0118 00       		.byte	0
ARM GAS  C:\Users\THUNDE~1\AppData\Local\Temp\ccbGEkLT.s 			page 10


 514 0119 09       		.uleb128 0x9
 515 011a 04       		.byte	0x4
 516 011b 1F010000 		.4byte	0x11f
 517 011f 0A       		.uleb128 0xa
 518 0120 07       		.uleb128 0x7
 519 0121 00020000 		.4byte	.LASF24
 520 0125 02       		.byte	0x2
 521 0126 B5       		.byte	0xb5
 522 0127 FA000000 		.4byte	0xfa
 523 012b 0B       		.uleb128 0xb
 524 012c 3B010000 		.4byte	0x13b
 525 0130 3B010000 		.4byte	0x13b
 526 0134 0C       		.uleb128 0xc
 527 0135 97000000 		.4byte	0x97
 528 0139 11       		.byte	0x11
 529 013a 00       		.byte	0
 530 013b 0D       		.uleb128 0xd
 531 013c 63000000 		.4byte	0x63
 532 0140 0E       		.uleb128 0xe
 533 0141 30010000 		.4byte	.LASF25
 534 0145 03       		.byte	0x3
 535 0146 24       		.byte	0x24
 536 0147 51010000 		.4byte	0x151
 537 014b 05       		.uleb128 0x5
 538 014c 03       		.byte	0x3
 539 014d 00000000 		.4byte	USBUART_DEVICE0_DESCR
 540 0151 0D       		.uleb128 0xd
 541 0152 2B010000 		.4byte	0x12b
 542 0156 0B       		.uleb128 0xb
 543 0157 3B010000 		.4byte	0x13b
 544 015b 66010000 		.4byte	0x166
 545 015f 0C       		.uleb128 0xc
 546 0160 97000000 		.4byte	0x97
 547 0164 42       		.byte	0x42
 548 0165 00       		.byte	0
 549 0166 0E       		.uleb128 0xe
 550 0167 25020000 		.4byte	.LASF26
 551 016b 03       		.byte	0x3
 552 016c 37       		.byte	0x37
 553 016d 77010000 		.4byte	0x177
 554 0171 05       		.uleb128 0x5
 555 0172 03       		.byte	0x3
 556 0173 00000000 		.4byte	USBUART_DEVICE0_CONFIGURATION0_DESCR
 557 0177 0D       		.uleb128 0xd
 558 0178 56010000 		.4byte	0x156
 559 017c 0B       		.uleb128 0xb
 560 017d 8C010000 		.4byte	0x18c
 561 0181 8C010000 		.4byte	0x18c
 562 0185 0C       		.uleb128 0xc
 563 0186 97000000 		.4byte	0x97
 564 018a 02       		.byte	0x2
 565 018b 00       		.byte	0
 566 018c 0D       		.uleb128 0xd
 567 018d EF000000 		.4byte	0xef
 568 0191 0E       		.uleb128 0xe
 569 0192 D8000000 		.4byte	.LASF27
 570 0196 03       		.byte	0x3
ARM GAS  C:\Users\THUNDE~1\AppData\Local\Temp\ccbGEkLT.s 			page 11


 571 0197 D8       		.byte	0xd8
 572 0198 A2010000 		.4byte	0x1a2
 573 019c 05       		.uleb128 0x5
 574 019d 03       		.byte	0x3
 575 019e 00000000 		.4byte	USBUART_DEVICE0_CONFIGURATION0_EP_SETTINGS_TABLE
 576 01a2 0D       		.uleb128 0xd
 577 01a3 7C010000 		.4byte	0x17c
 578 01a7 0B       		.uleb128 0xb
 579 01a8 3B010000 		.4byte	0x13b
 580 01ac B7010000 		.4byte	0x1b7
 581 01b0 0C       		.uleb128 0xc
 582 01b1 97000000 		.4byte	0x97
 583 01b5 01       		.byte	0x1
 584 01b6 00       		.byte	0
 585 01b7 0E       		.uleb128 0xe
 586 01b8 00000000 		.4byte	.LASF28
 587 01bc 03       		.byte	0x3
 588 01bd DE       		.byte	0xde
 589 01be C8010000 		.4byte	0x1c8
 590 01c2 05       		.uleb128 0x5
 591 01c3 03       		.byte	0x3
 592 01c4 00000000 		.4byte	USBUART_DEVICE0_CONFIGURATION0_INTERFACE_CLASS
 593 01c8 0D       		.uleb128 0xd
 594 01c9 A7010000 		.4byte	0x1a7
 595 01cd 0B       		.uleb128 0xb
 596 01ce DD010000 		.4byte	0x1dd
 597 01d2 DD010000 		.4byte	0x1dd
 598 01d6 0C       		.uleb128 0xc
 599 01d7 97000000 		.4byte	0x97
 600 01db 04       		.byte	0x4
 601 01dc 00       		.byte	0
 602 01dd 0D       		.uleb128 0xd
 603 01de 20010000 		.4byte	0x120
 604 01e2 0E       		.uleb128 0xe
 605 01e3 C0010000 		.4byte	.LASF29
 606 01e7 03       		.byte	0x3
 607 01e8 E6       		.byte	0xe6
 608 01e9 F3010000 		.4byte	0x1f3
 609 01ed 05       		.uleb128 0x5
 610 01ee 03       		.byte	0x3
 611 01ef 00000000 		.4byte	USBUART_DEVICE0_CONFIGURATION0_TABLE
 612 01f3 0D       		.uleb128 0xd
 613 01f4 CD010000 		.4byte	0x1cd
 614 01f8 0B       		.uleb128 0xb
 615 01f9 DD010000 		.4byte	0x1dd
 616 01fd 08020000 		.4byte	0x208
 617 0201 0C       		.uleb128 0xc
 618 0202 97000000 		.4byte	0x97
 619 0206 02       		.byte	0x2
 620 0207 00       		.byte	0
 621 0208 0E       		.uleb128 0xe
 622 0209 DA020000 		.4byte	.LASF30
 623 020d 03       		.byte	0x3
 624 020e F1       		.byte	0xf1
 625 020f 19020000 		.4byte	0x219
 626 0213 05       		.uleb128 0x5
 627 0214 03       		.byte	0x3
ARM GAS  C:\Users\THUNDE~1\AppData\Local\Temp\ccbGEkLT.s 			page 12


 628 0215 00000000 		.4byte	USBUART_DEVICE0_TABLE
 629 0219 0D       		.uleb128 0xd
 630 021a F8010000 		.4byte	0x1f8
 631 021e 0B       		.uleb128 0xb
 632 021f DD010000 		.4byte	0x1dd
 633 0223 2E020000 		.4byte	0x22e
 634 0227 0C       		.uleb128 0xc
 635 0228 97000000 		.4byte	0x97
 636 022c 00       		.byte	0
 637 022d 00       		.byte	0
 638 022e 0E       		.uleb128 0xe
 639 022f 7E020000 		.4byte	.LASF31
 640 0233 03       		.byte	0x3
 641 0234 F9       		.byte	0xf9
 642 0235 3F020000 		.4byte	0x23f
 643 0239 05       		.uleb128 0x5
 644 023a 03       		.byte	0x3
 645 023b 00000000 		.4byte	USBUART_TABLE
 646 023f 0D       		.uleb128 0xd
 647 0240 1E020000 		.4byte	0x21e
 648 0244 0E       		.uleb128 0xe
 649 0245 4C010000 		.4byte	.LASF32
 650 0249 03       		.byte	0x3
 651 024a C9       		.byte	0xc9
 652 024b 55020000 		.4byte	0x255
 653 024f 05       		.uleb128 0x5
 654 0250 03       		.byte	0x3
 655 0251 00000000 		.4byte	USBUART_SN_STRING_DESCRIPTOR
 656 0255 0D       		.uleb128 0xd
 657 0256 A7010000 		.4byte	0x1a7
 658 025a 0B       		.uleb128 0xb
 659 025b 3B010000 		.4byte	0x13b
 660 025f 6A020000 		.4byte	0x26a
 661 0263 0C       		.uleb128 0xc
 662 0264 97000000 		.4byte	0x97
 663 0268 9E       		.byte	0x9e
 664 0269 00       		.byte	0
 665 026a 0E       		.uleb128 0xe
 666 026b BD000000 		.4byte	.LASF33
 667 026f 03       		.byte	0x3
 668 0270 96       		.byte	0x96
 669 0271 7B020000 		.4byte	0x27b
 670 0275 05       		.uleb128 0x5
 671 0276 03       		.byte	0x3
 672 0277 00000000 		.4byte	USBUART_STRING_DESCRIPTORS
 673 027b 0D       		.uleb128 0xd
 674 027c 5A020000 		.4byte	0x25a
 675 0280 0B       		.uleb128 0xb
 676 0281 63000000 		.4byte	0x63
 677 0285 90020000 		.4byte	0x290
 678 0289 0C       		.uleb128 0xc
 679 028a 97000000 		.4byte	0x97
 680 028e 21       		.byte	0x21
 681 028f 00       		.byte	0
 682 0290 0F       		.uleb128 0xf
 683 0291 4B030000 		.4byte	.LASF34
 684 0295 03       		.byte	0x3
ARM GAS  C:\Users\THUNDE~1\AppData\Local\Temp\ccbGEkLT.s 			page 13


 685 0296 2701     		.2byte	0x127
 686 0298 80020000 		.4byte	0x280
 687 029c 05       		.uleb128 0x5
 688 029d 03       		.byte	0x3
 689 029e 00000000 		.4byte	USBUART_idSerialNumberStringDescriptor
 690 02a2 00       		.byte	0
 691              		.section	.debug_abbrev,"",%progbits
 692              	.Ldebug_abbrev0:
 693 0000 01       		.uleb128 0x1
 694 0001 11       		.uleb128 0x11
 695 0002 01       		.byte	0x1
 696 0003 25       		.uleb128 0x25
 697 0004 0E       		.uleb128 0xe
 698 0005 13       		.uleb128 0x13
 699 0006 0B       		.uleb128 0xb
 700 0007 03       		.uleb128 0x3
 701 0008 0E       		.uleb128 0xe
 702 0009 1B       		.uleb128 0x1b
 703 000a 0E       		.uleb128 0xe
 704 000b 10       		.uleb128 0x10
 705 000c 17       		.uleb128 0x17
 706 000d 00       		.byte	0
 707 000e 00       		.byte	0
 708 000f 02       		.uleb128 0x2
 709 0010 24       		.uleb128 0x24
 710 0011 00       		.byte	0
 711 0012 0B       		.uleb128 0xb
 712 0013 0B       		.uleb128 0xb
 713 0014 3E       		.uleb128 0x3e
 714 0015 0B       		.uleb128 0xb
 715 0016 03       		.uleb128 0x3
 716 0017 0E       		.uleb128 0xe
 717 0018 00       		.byte	0
 718 0019 00       		.byte	0
 719 001a 03       		.uleb128 0x3
 720 001b 24       		.uleb128 0x24
 721 001c 00       		.byte	0
 722 001d 0B       		.uleb128 0xb
 723 001e 0B       		.uleb128 0xb
 724 001f 3E       		.uleb128 0x3e
 725 0020 0B       		.uleb128 0xb
 726 0021 03       		.uleb128 0x3
 727 0022 08       		.uleb128 0x8
 728 0023 00       		.byte	0
 729 0024 00       		.byte	0
 730 0025 04       		.uleb128 0x4
 731 0026 16       		.uleb128 0x16
 732 0027 00       		.byte	0
 733 0028 03       		.uleb128 0x3
 734 0029 0E       		.uleb128 0xe
 735 002a 3A       		.uleb128 0x3a
 736 002b 0B       		.uleb128 0xb
 737 002c 3B       		.uleb128 0x3b
 738 002d 05       		.uleb128 0x5
 739 002e 49       		.uleb128 0x49
 740 002f 13       		.uleb128 0x13
 741 0030 00       		.byte	0
ARM GAS  C:\Users\THUNDE~1\AppData\Local\Temp\ccbGEkLT.s 			page 14


 742 0031 00       		.byte	0
 743 0032 05       		.uleb128 0x5
 744 0033 13       		.uleb128 0x13
 745 0034 01       		.byte	0x1
 746 0035 0B       		.uleb128 0xb
 747 0036 0B       		.uleb128 0xb
 748 0037 3A       		.uleb128 0x3a
 749 0038 0B       		.uleb128 0xb
 750 0039 3B       		.uleb128 0x3b
 751 003a 0B       		.uleb128 0xb
 752 003b 01       		.uleb128 0x1
 753 003c 13       		.uleb128 0x13
 754 003d 00       		.byte	0
 755 003e 00       		.byte	0
 756 003f 06       		.uleb128 0x6
 757 0040 0D       		.uleb128 0xd
 758 0041 00       		.byte	0
 759 0042 03       		.uleb128 0x3
 760 0043 0E       		.uleb128 0xe
 761 0044 3A       		.uleb128 0x3a
 762 0045 0B       		.uleb128 0xb
 763 0046 3B       		.uleb128 0x3b
 764 0047 0B       		.uleb128 0xb
 765 0048 49       		.uleb128 0x49
 766 0049 13       		.uleb128 0x13
 767 004a 38       		.uleb128 0x38
 768 004b 0B       		.uleb128 0xb
 769 004c 00       		.byte	0
 770 004d 00       		.byte	0
 771 004e 07       		.uleb128 0x7
 772 004f 16       		.uleb128 0x16
 773 0050 00       		.byte	0
 774 0051 03       		.uleb128 0x3
 775 0052 0E       		.uleb128 0xe
 776 0053 3A       		.uleb128 0x3a
 777 0054 0B       		.uleb128 0xb
 778 0055 3B       		.uleb128 0x3b
 779 0056 0B       		.uleb128 0xb
 780 0057 49       		.uleb128 0x49
 781 0058 13       		.uleb128 0x13
 782 0059 00       		.byte	0
 783 005a 00       		.byte	0
 784 005b 08       		.uleb128 0x8
 785 005c 0D       		.uleb128 0xd
 786 005d 00       		.byte	0
 787 005e 03       		.uleb128 0x3
 788 005f 08       		.uleb128 0x8
 789 0060 3A       		.uleb128 0x3a
 790 0061 0B       		.uleb128 0xb
 791 0062 3B       		.uleb128 0x3b
 792 0063 0B       		.uleb128 0xb
 793 0064 49       		.uleb128 0x49
 794 0065 13       		.uleb128 0x13
 795 0066 38       		.uleb128 0x38
 796 0067 0B       		.uleb128 0xb
 797 0068 00       		.byte	0
 798 0069 00       		.byte	0
ARM GAS  C:\Users\THUNDE~1\AppData\Local\Temp\ccbGEkLT.s 			page 15


 799 006a 09       		.uleb128 0x9
 800 006b 0F       		.uleb128 0xf
 801 006c 00       		.byte	0
 802 006d 0B       		.uleb128 0xb
 803 006e 0B       		.uleb128 0xb
 804 006f 49       		.uleb128 0x49
 805 0070 13       		.uleb128 0x13
 806 0071 00       		.byte	0
 807 0072 00       		.byte	0
 808 0073 0A       		.uleb128 0xa
 809 0074 26       		.uleb128 0x26
 810 0075 00       		.byte	0
 811 0076 00       		.byte	0
 812 0077 00       		.byte	0
 813 0078 0B       		.uleb128 0xb
 814 0079 01       		.uleb128 0x1
 815 007a 01       		.byte	0x1
 816 007b 49       		.uleb128 0x49
 817 007c 13       		.uleb128 0x13
 818 007d 01       		.uleb128 0x1
 819 007e 13       		.uleb128 0x13
 820 007f 00       		.byte	0
 821 0080 00       		.byte	0
 822 0081 0C       		.uleb128 0xc
 823 0082 21       		.uleb128 0x21
 824 0083 00       		.byte	0
 825 0084 49       		.uleb128 0x49
 826 0085 13       		.uleb128 0x13
 827 0086 2F       		.uleb128 0x2f
 828 0087 0B       		.uleb128 0xb
 829 0088 00       		.byte	0
 830 0089 00       		.byte	0
 831 008a 0D       		.uleb128 0xd
 832 008b 26       		.uleb128 0x26
 833 008c 00       		.byte	0
 834 008d 49       		.uleb128 0x49
 835 008e 13       		.uleb128 0x13
 836 008f 00       		.byte	0
 837 0090 00       		.byte	0
 838 0091 0E       		.uleb128 0xe
 839 0092 34       		.uleb128 0x34
 840 0093 00       		.byte	0
 841 0094 03       		.uleb128 0x3
 842 0095 0E       		.uleb128 0xe
 843 0096 3A       		.uleb128 0x3a
 844 0097 0B       		.uleb128 0xb
 845 0098 3B       		.uleb128 0x3b
 846 0099 0B       		.uleb128 0xb
 847 009a 49       		.uleb128 0x49
 848 009b 13       		.uleb128 0x13
 849 009c 3F       		.uleb128 0x3f
 850 009d 19       		.uleb128 0x19
 851 009e 02       		.uleb128 0x2
 852 009f 18       		.uleb128 0x18
 853 00a0 00       		.byte	0
 854 00a1 00       		.byte	0
 855 00a2 0F       		.uleb128 0xf
ARM GAS  C:\Users\THUNDE~1\AppData\Local\Temp\ccbGEkLT.s 			page 16


 856 00a3 34       		.uleb128 0x34
 857 00a4 00       		.byte	0
 858 00a5 03       		.uleb128 0x3
 859 00a6 0E       		.uleb128 0xe
 860 00a7 3A       		.uleb128 0x3a
 861 00a8 0B       		.uleb128 0xb
 862 00a9 3B       		.uleb128 0x3b
 863 00aa 05       		.uleb128 0x5
 864 00ab 49       		.uleb128 0x49
 865 00ac 13       		.uleb128 0x13
 866 00ad 3F       		.uleb128 0x3f
 867 00ae 19       		.uleb128 0x19
 868 00af 02       		.uleb128 0x2
 869 00b0 18       		.uleb128 0x18
 870 00b1 00       		.byte	0
 871 00b2 00       		.byte	0
 872 00b3 00       		.byte	0
 873              		.section	.debug_aranges,"",%progbits
 874 0000 14000000 		.4byte	0x14
 875 0004 0200     		.2byte	0x2
 876 0006 00000000 		.4byte	.Ldebug_info0
 877 000a 04       		.byte	0x4
 878 000b 00       		.byte	0
 879 000c 0000     		.2byte	0
 880 000e 0000     		.2byte	0
 881 0010 00000000 		.4byte	0
 882 0014 00000000 		.4byte	0
 883              		.section	.debug_line,"",%progbits
 884              	.Ldebug_line0:
 885 0000 5D000000 		.section	.debug_str,"MS",%progbits,1
 885      02005700 
 885      00000201 
 885      FB0E0D00 
 885      01010101 
 886              	.LASF28:
 887 0000 55534255 		.ascii	"USBUART_DEVICE0_CONFIGURATION0_INTERFACE_CLASS\000"
 887      4152545F 
 887      44455649 
 887      4345305F 
 887      434F4E46 
 888              	.LASF35:
 889 002f 474E5520 		.ascii	"GNU C11 5.4.1 20160609 (release) [ARM/embedded-5-br"
 889      43313120 
 889      352E342E 
 889      31203230 
 889      31363036 
 890 0062 616E6368 		.ascii	"anch revision 237715] -mcpu=cortex-m3 -mthumb -g -O"
 890      20726576 
 890      6973696F 
 890      6E203233 
 890      37373135 
 891 0095 30202D66 		.ascii	"0 -ffunction-sections -ffat-lto-objects\000"
 891      66756E63 
 891      74696F6E 
 891      2D736563 
 891      74696F6E 
 892              	.LASF33:
ARM GAS  C:\Users\THUNDE~1\AppData\Local\Temp\ccbGEkLT.s 			page 17


 893 00bd 55534255 		.ascii	"USBUART_STRING_DESCRIPTORS\000"
 893      4152545F 
 893      53545249 
 893      4E475F44 
 893      45534352 
 894              	.LASF27:
 895 00d8 55534255 		.ascii	"USBUART_DEVICE0_CONFIGURATION0_EP_SETTINGS_TABLE\000"
 895      4152545F 
 895      44455649 
 895      4345305F 
 895      434F4E46 
 896              	.LASF36:
 897 0109 47656E65 		.ascii	"Generated_Source\\PSoC5\\USBUART_descr.c\000"
 897      72617465 
 897      645F536F 
 897      75726365 
 897      5C50536F 
 898              	.LASF25:
 899 0130 55534255 		.ascii	"USBUART_DEVICE0_DESCR\000"
 899      4152545F 
 899      44455649 
 899      4345305F 
 899      44455343 
 900              	.LASF11:
 901 0146 666C6F61 		.ascii	"float\000"
 901      7400
 902              	.LASF32:
 903 014c 55534255 		.ascii	"USBUART_SN_STRING_DESCRIPTOR\000"
 903      4152545F 
 903      534E5F53 
 903      5452494E 
 903      475F4445 
 904              	.LASF17:
 905 0169 616C7453 		.ascii	"altSetting\000"
 905      65747469 
 905      6E6700
 906              	.LASF1:
 907 0174 756E7369 		.ascii	"unsigned char\000"
 907      676E6564 
 907      20636861 
 907      7200
 908              	.LASF19:
 909 0182 61747472 		.ascii	"attributes\000"
 909      69627574 
 909      657300
 910              	.LASF22:
 911 018d 545F5553 		.ascii	"T_USBUART_EP_SETTINGS_BLOCK\000"
 911      42554152 
 911      545F4550 
 911      5F534554 
 911      54494E47 
 912              	.LASF5:
 913 01a9 6C6F6E67 		.ascii	"long unsigned int\000"
 913      20756E73 
 913      69676E65 
 913      6420696E 
 913      7400
ARM GAS  C:\Users\THUNDE~1\AppData\Local\Temp\ccbGEkLT.s 			page 18


 914              	.LASF18:
 915 01bb 61646472 		.ascii	"addr\000"
 915      00
 916              	.LASF29:
 917 01c0 55534255 		.ascii	"USBUART_DEVICE0_CONFIGURATION0_TABLE\000"
 917      4152545F 
 917      44455649 
 917      4345305F 
 917      434F4E46 
 918              	.LASF12:
 919 01e5 646F7562 		.ascii	"double\000"
 919      6C6500
 920              	.LASF10:
 921 01ec 75696E74 		.ascii	"uint16\000"
 921      313600
 922              	.LASF8:
 923 01f3 756E7369 		.ascii	"unsigned int\000"
 923      676E6564 
 923      20696E74 
 923      00
 924              	.LASF24:
 925 0200 545F5553 		.ascii	"T_USBUART_LUT\000"
 925      42554152 
 925      545F4C55 
 925      5400
 926              	.LASF7:
 927 020e 6C6F6E67 		.ascii	"long long unsigned int\000"
 927      206C6F6E 
 927      6720756E 
 927      7369676E 
 927      65642069 
 928              	.LASF26:
 929 0225 55534255 		.ascii	"USBUART_DEVICE0_CONFIGURATION0_DESCR\000"
 929      4152545F 
 929      44455649 
 929      4345305F 
 929      434F4E46 
 930              	.LASF23:
 931 024a 705F6C69 		.ascii	"p_list\000"
 931      737400
 932              	.LASF15:
 933 0251 73697A65 		.ascii	"sizetype\000"
 933      74797065 
 933      00
 934              	.LASF6:
 935 025a 6C6F6E67 		.ascii	"long long int\000"
 935      206C6F6E 
 935      6720696E 
 935      7400
 936              	.LASF13:
 937 0268 63686172 		.ascii	"char\000"
 937      00
 938              	.LASF21:
 939 026d 624D6973 		.ascii	"bMisc\000"
 939      6300
 940              	.LASF20:
 941 0273 62756666 		.ascii	"bufferSize\000"
ARM GAS  C:\Users\THUNDE~1\AppData\Local\Temp\ccbGEkLT.s 			page 19


 941      65725369 
 941      7A6500
 942              	.LASF31:
 943 027e 55534255 		.ascii	"USBUART_TABLE\000"
 943      4152545F 
 943      5441424C 
 943      4500
 944              	.LASF2:
 945 028c 73686F72 		.ascii	"short int\000"
 945      7420696E 
 945      7400
 946              	.LASF9:
 947 0296 75696E74 		.ascii	"uint8\000"
 947      3800
 948              	.LASF16:
 949 029c 696E7465 		.ascii	"interface\000"
 949      72666163 
 949      6500
 950              	.LASF4:
 951 02a6 6C6F6E67 		.ascii	"long int\000"
 951      20696E74 
 951      00
 952              	.LASF14:
 953 02af 6C6F6E67 		.ascii	"long double\000"
 953      20646F75 
 953      626C6500 
 954              	.LASF0:
 955 02bb 7369676E 		.ascii	"signed char\000"
 955      65642063 
 955      68617200 
 956              	.LASF3:
 957 02c7 73686F72 		.ascii	"short unsigned int\000"
 957      7420756E 
 957      7369676E 
 957      65642069 
 957      6E7400
 958              	.LASF30:
 959 02da 55534255 		.ascii	"USBUART_DEVICE0_TABLE\000"
 959      4152545F 
 959      44455649 
 959      4345305F 
 959      5441424C 
 960              	.LASF37:
 961 02f0 463A5C50 		.ascii	"F:\\Programme_Scripts\\PSOC Creator\\FreeRTOS\\Free"
 961      726F6772 
 961      616D6D65 
 961      5F536372 
 961      69707473 
 962 031f 52544F53 		.ascii	"RTOS_CY8CKIT_059-master\\FreeRTOS_Demo.cydsn\000"
 962      5F435938 
 962      434B4954 
 962      5F303539 
 962      2D6D6173 
 963              	.LASF34:
 964 034b 55534255 		.ascii	"USBUART_idSerialNumberStringDescriptor\000"
 964      4152545F 
 964      69645365 
ARM GAS  C:\Users\THUNDE~1\AppData\Local\Temp\ccbGEkLT.s 			page 20


 964      7269616C 
 964      4E756D62 
 965              		.ident	"GCC: (GNU Tools for ARM Embedded Processors) 5.4.1 20160609 (release) [ARM/embedded-5-bran
