ARM GAS  C:\Users\THUNDE~1\AppData\Local\Temp\ccno8gIJ.s 			page 1


   1              		.syntax unified
   2              		.cpu cortex-m3
   3              		.fpu softvfp
   4              		.eabi_attribute 20, 1
   5              		.eabi_attribute 21, 1
   6              		.eabi_attribute 23, 3
   7              		.eabi_attribute 24, 1
   8              		.eabi_attribute 25, 1
   9              		.eabi_attribute 26, 1
  10              		.eabi_attribute 30, 6
  11              		.eabi_attribute 34, 1
  12              		.eabi_attribute 18, 4
  13              		.thumb
  14              		.syntax unified
  15              		.file	"USBUART_cls.c"
  16              		.text
  17              	.Ltext0:
  18              		.cfi_sections	.debug_frame
  19              		.section	.text.USBUART_DispatchClassRqst,"ax",%progbits
  20              		.align	2
  21              		.global	USBUART_DispatchClassRqst
  22              		.thumb
  23              		.thumb_func
  24              		.type	USBUART_DispatchClassRqst, %function
  25              	USBUART_DispatchClassRqst:
  26              	.LFB0:
  27              		.file 1 "Generated_Source\\PSoC5\\USBUART_cls.c"
   1:Generated_Source\PSoC5/USBUART_cls.c **** /***************************************************************************//**
   2:Generated_Source\PSoC5/USBUART_cls.c **** * \file USBUART_cls.c
   3:Generated_Source\PSoC5/USBUART_cls.c **** * \version 3.10
   4:Generated_Source\PSoC5/USBUART_cls.c **** *
   5:Generated_Source\PSoC5/USBUART_cls.c **** * \brief
   6:Generated_Source\PSoC5/USBUART_cls.c **** *  This file contains the USB Class request handler.
   7:Generated_Source\PSoC5/USBUART_cls.c **** *
   8:Generated_Source\PSoC5/USBUART_cls.c **** ********************************************************************************
   9:Generated_Source\PSoC5/USBUART_cls.c **** * \copyright
  10:Generated_Source\PSoC5/USBUART_cls.c **** * Copyright 2008-2016, Cypress Semiconductor Corporation.  All rights reserved.
  11:Generated_Source\PSoC5/USBUART_cls.c **** * You may use this file only in accordance with the license, terms, conditions,
  12:Generated_Source\PSoC5/USBUART_cls.c **** * disclaimers, and limitations in the end user license agreement accompanying
  13:Generated_Source\PSoC5/USBUART_cls.c **** * the software package with which this file was provided.
  14:Generated_Source\PSoC5/USBUART_cls.c **** *******************************************************************************/
  15:Generated_Source\PSoC5/USBUART_cls.c **** 
  16:Generated_Source\PSoC5/USBUART_cls.c **** #include "USBUART_pvt.h"
  17:Generated_Source\PSoC5/USBUART_cls.c **** 
  18:Generated_Source\PSoC5/USBUART_cls.c **** 
  19:Generated_Source\PSoC5/USBUART_cls.c **** #if(USBUART_EXTERN_CLS == USBUART_FALSE)
  20:Generated_Source\PSoC5/USBUART_cls.c **** 
  21:Generated_Source\PSoC5/USBUART_cls.c **** /***************************************
  22:Generated_Source\PSoC5/USBUART_cls.c **** * User Implemented Class Driver Declarations.
  23:Generated_Source\PSoC5/USBUART_cls.c **** ***************************************/
  24:Generated_Source\PSoC5/USBUART_cls.c **** /* `#START USER_DEFINED_CLASS_DECLARATIONS` Place your declaration here */
  25:Generated_Source\PSoC5/USBUART_cls.c **** 
  26:Generated_Source\PSoC5/USBUART_cls.c **** /* `#END` */
  27:Generated_Source\PSoC5/USBUART_cls.c **** 
  28:Generated_Source\PSoC5/USBUART_cls.c **** 
  29:Generated_Source\PSoC5/USBUART_cls.c **** /*******************************************************************************
  30:Generated_Source\PSoC5/USBUART_cls.c **** * Function Name: USBUART_DispatchClassRqst
ARM GAS  C:\Users\THUNDE~1\AppData\Local\Temp\ccno8gIJ.s 			page 2


  31:Generated_Source\PSoC5/USBUART_cls.c **** ****************************************************************************//**
  32:Generated_Source\PSoC5/USBUART_cls.c **** *  This routine dispatches class specific requests depend on interface class.
  33:Generated_Source\PSoC5/USBUART_cls.c **** *
  34:Generated_Source\PSoC5/USBUART_cls.c **** * \return
  35:Generated_Source\PSoC5/USBUART_cls.c **** *  requestHandled.
  36:Generated_Source\PSoC5/USBUART_cls.c **** *
  37:Generated_Source\PSoC5/USBUART_cls.c **** * \reentrant
  38:Generated_Source\PSoC5/USBUART_cls.c **** *  No.
  39:Generated_Source\PSoC5/USBUART_cls.c **** *
  40:Generated_Source\PSoC5/USBUART_cls.c **** *******************************************************************************/
  41:Generated_Source\PSoC5/USBUART_cls.c **** uint8 USBUART_DispatchClassRqst(void) 
  42:Generated_Source\PSoC5/USBUART_cls.c **** {
  28              		.loc 1 42 0
  29              		.cfi_startproc
  30              		@ args = 0, pretend = 0, frame = 8
  31              		@ frame_needed = 1, uses_anonymous_args = 0
  32 0000 80B5     		push	{r7, lr}
  33              		.cfi_def_cfa_offset 8
  34              		.cfi_offset 7, -8
  35              		.cfi_offset 14, -4
  36 0002 82B0     		sub	sp, sp, #8
  37              		.cfi_def_cfa_offset 16
  38 0004 00AF     		add	r7, sp, #0
  39              		.cfi_def_cfa_register 7
  43:Generated_Source\PSoC5/USBUART_cls.c ****     uint8 requestHandled;
  44:Generated_Source\PSoC5/USBUART_cls.c ****     uint8 interfaceNumber;
  45:Generated_Source\PSoC5/USBUART_cls.c **** 
  46:Generated_Source\PSoC5/USBUART_cls.c ****     /* Get interface to which request is intended. */
  47:Generated_Source\PSoC5/USBUART_cls.c ****     switch (USBUART_bmRequestTypeReg & USBUART_RQST_RCPT_MASK)
  40              		.loc 1 47 0
  41 0006 1A4B     		ldr	r3, .L12
  42 0008 1B78     		ldrb	r3, [r3]
  43 000a DBB2     		uxtb	r3, r3
  44 000c 03F00303 		and	r3, r3, #3
  45 0010 012B     		cmp	r3, #1
  46 0012 02D0     		beq	.L3
  47 0014 022B     		cmp	r3, #2
  48 0016 04D0     		beq	.L4
  49 0018 12E0     		b	.L10
  50              	.L3:
  48:Generated_Source\PSoC5/USBUART_cls.c ****     {
  49:Generated_Source\PSoC5/USBUART_cls.c ****         case USBUART_RQST_RCPT_IFC:
  50:Generated_Source\PSoC5/USBUART_cls.c ****             /* Class-specific request directed to interface: wIndexLoReg 
  51:Generated_Source\PSoC5/USBUART_cls.c ****             * contains interface number.
  52:Generated_Source\PSoC5/USBUART_cls.c ****             */
  53:Generated_Source\PSoC5/USBUART_cls.c ****             interfaceNumber = (uint8) USBUART_wIndexLoReg;
  51              		.loc 1 53 0
  52 001a 154B     		ldr	r3, .L12
  53 001c 1B79     		ldrb	r3, [r3, #4]
  54 001e BB71     		strb	r3, [r7, #6]
  54:Generated_Source\PSoC5/USBUART_cls.c ****             break;
  55              		.loc 1 54 0
  56 0020 11E0     		b	.L5
  57              	.L4:
  55:Generated_Source\PSoC5/USBUART_cls.c ****         
  56:Generated_Source\PSoC5/USBUART_cls.c ****         case USBUART_RQST_RCPT_EP:
  57:Generated_Source\PSoC5/USBUART_cls.c ****             /* Class-specific request directed to endpoint: wIndexLoReg contains 
ARM GAS  C:\Users\THUNDE~1\AppData\Local\Temp\ccno8gIJ.s 			page 3


  58:Generated_Source\PSoC5/USBUART_cls.c ****             * endpoint number. Find interface related to endpoint, 
  59:Generated_Source\PSoC5/USBUART_cls.c ****             */
  60:Generated_Source\PSoC5/USBUART_cls.c ****             interfaceNumber = USBUART_EP[USBUART_wIndexLoReg & USBUART_DIR_UNUSED].interface;
  58              		.loc 1 60 0
  59 0022 134B     		ldr	r3, .L12
  60 0024 1B79     		ldrb	r3, [r3, #4]
  61 0026 DBB2     		uxtb	r3, r3
  62 0028 03F07F02 		and	r2, r3, #127
  63 002c 1149     		ldr	r1, .L12+4
  64 002e 1346     		mov	r3, r2
  65 0030 5B00     		lsls	r3, r3, #1
  66 0032 1344     		add	r3, r3, r2
  67 0034 9B00     		lsls	r3, r3, #2
  68 0036 0B44     		add	r3, r3, r1
  69 0038 0A33     		adds	r3, r3, #10
  70 003a 1B78     		ldrb	r3, [r3]
  71 003c BB71     		strb	r3, [r7, #6]
  61:Generated_Source\PSoC5/USBUART_cls.c ****             break;
  72              		.loc 1 61 0
  73 003e 02E0     		b	.L5
  74              	.L10:
  62:Generated_Source\PSoC5/USBUART_cls.c ****             
  63:Generated_Source\PSoC5/USBUART_cls.c ****         default:
  64:Generated_Source\PSoC5/USBUART_cls.c ****             /* Default interface is zero. */
  65:Generated_Source\PSoC5/USBUART_cls.c ****             interfaceNumber = 0u;
  75              		.loc 1 65 0
  76 0040 0023     		movs	r3, #0
  77 0042 BB71     		strb	r3, [r7, #6]
  66:Generated_Source\PSoC5/USBUART_cls.c ****             break;
  78              		.loc 1 66 0
  79 0044 00BF     		nop
  80              	.L5:
  67:Generated_Source\PSoC5/USBUART_cls.c ****     }
  68:Generated_Source\PSoC5/USBUART_cls.c **** 
  69:Generated_Source\PSoC5/USBUART_cls.c **** #if (defined(USBUART_ENABLE_HID_CLASS) ||\
  70:Generated_Source\PSoC5/USBUART_cls.c ****             defined(USBUART_ENABLE_AUDIO_CLASS) ||\
  71:Generated_Source\PSoC5/USBUART_cls.c ****             defined(USBUART_ENABLE_CDC_CLASS) ||\
  72:Generated_Source\PSoC5/USBUART_cls.c ****             USBUART_ENABLE_MSC_CLASS)
  73:Generated_Source\PSoC5/USBUART_cls.c **** 
  74:Generated_Source\PSoC5/USBUART_cls.c ****     /* Handle class request depends on interface type. */
  75:Generated_Source\PSoC5/USBUART_cls.c ****     switch (USBUART_interfaceClass[interfaceNumber])
  81              		.loc 1 75 0
  82 0046 0C4B     		ldr	r3, .L12+8
  83 0048 1A68     		ldr	r2, [r3]
  84 004a BB79     		ldrb	r3, [r7, #6]	@ zero_extendqisi2
  85 004c 1344     		add	r3, r3, r2
  86 004e 1B78     		ldrb	r3, [r3]	@ zero_extendqisi2
  87 0050 022B     		cmp	r3, #2
  88 0052 04D1     		bne	.L11
  76:Generated_Source\PSoC5/USBUART_cls.c ****     {
  77:Generated_Source\PSoC5/USBUART_cls.c ****     #if defined(USBUART_ENABLE_HID_CLASS)
  78:Generated_Source\PSoC5/USBUART_cls.c ****         case USBUART_CLASS_HID:
  79:Generated_Source\PSoC5/USBUART_cls.c ****             requestHandled = USBUART_DispatchHIDClassRqst();
  80:Generated_Source\PSoC5/USBUART_cls.c ****             break;
  81:Generated_Source\PSoC5/USBUART_cls.c ****     #endif /* (USBUART_ENABLE_HID_CLASS) */
  82:Generated_Source\PSoC5/USBUART_cls.c ****             
  83:Generated_Source\PSoC5/USBUART_cls.c ****     #if defined(USBUART_ENABLE_AUDIO_CLASS)
ARM GAS  C:\Users\THUNDE~1\AppData\Local\Temp\ccno8gIJ.s 			page 4


  84:Generated_Source\PSoC5/USBUART_cls.c ****         case USBUART_CLASS_AUDIO:
  85:Generated_Source\PSoC5/USBUART_cls.c ****             requestHandled = USBUART_DispatchAUDIOClassRqst();
  86:Generated_Source\PSoC5/USBUART_cls.c ****             break;
  87:Generated_Source\PSoC5/USBUART_cls.c ****     #endif /* (USBUART_CLASS_AUDIO) */
  88:Generated_Source\PSoC5/USBUART_cls.c ****             
  89:Generated_Source\PSoC5/USBUART_cls.c ****     #if defined(USBUART_ENABLE_CDC_CLASS)
  90:Generated_Source\PSoC5/USBUART_cls.c ****         case USBUART_CLASS_CDC:
  91:Generated_Source\PSoC5/USBUART_cls.c ****             requestHandled = USBUART_DispatchCDCClassRqst();
  89              		.loc 1 91 0
  90 0054 FFF7FEFF 		bl	USBUART_DispatchCDCClassRqst
  91 0058 0346     		mov	r3, r0
  92 005a FB71     		strb	r3, [r7, #7]
  92:Generated_Source\PSoC5/USBUART_cls.c ****             break;
  93              		.loc 1 92 0
  94 005c 02E0     		b	.L8
  95              	.L11:
  93:Generated_Source\PSoC5/USBUART_cls.c ****     #endif /* (USBUART_ENABLE_CDC_CLASS) */
  94:Generated_Source\PSoC5/USBUART_cls.c ****         
  95:Generated_Source\PSoC5/USBUART_cls.c ****     #if (USBUART_ENABLE_MSC_CLASS)
  96:Generated_Source\PSoC5/USBUART_cls.c ****         case USBUART_CLASS_MSD:
  97:Generated_Source\PSoC5/USBUART_cls.c ****         #if (USBUART_HANDLE_MSC_REQUESTS)
  98:Generated_Source\PSoC5/USBUART_cls.c ****             /* MSC requests are handled by the component. */
  99:Generated_Source\PSoC5/USBUART_cls.c ****             requestHandled = USBUART_DispatchMSCClassRqst();
 100:Generated_Source\PSoC5/USBUART_cls.c ****         #elif defined(USBUART_DISPATCH_MSC_CLASS_RQST_CALLBACK)
 101:Generated_Source\PSoC5/USBUART_cls.c ****             /* MSC requests are handled by user defined callbcak. */
 102:Generated_Source\PSoC5/USBUART_cls.c ****             requestHandled = USBUART_DispatchMSCClassRqst_Callback();
 103:Generated_Source\PSoC5/USBUART_cls.c ****         #else
 104:Generated_Source\PSoC5/USBUART_cls.c ****             /* MSC requests are not handled. */
 105:Generated_Source\PSoC5/USBUART_cls.c ****             requestHandled = USBUART_FALSE;
 106:Generated_Source\PSoC5/USBUART_cls.c ****         #endif /* (USBUART_HANDLE_MSC_REQUESTS) */
 107:Generated_Source\PSoC5/USBUART_cls.c ****             break;
 108:Generated_Source\PSoC5/USBUART_cls.c ****     #endif /* (USBUART_ENABLE_MSC_CLASS) */
 109:Generated_Source\PSoC5/USBUART_cls.c ****         
 110:Generated_Source\PSoC5/USBUART_cls.c ****         default:
 111:Generated_Source\PSoC5/USBUART_cls.c ****             /* Request is not handled: unknown class request type. */
 112:Generated_Source\PSoC5/USBUART_cls.c ****             requestHandled = USBUART_FALSE;
  96              		.loc 1 112 0
  97 005e 0023     		movs	r3, #0
  98 0060 FB71     		strb	r3, [r7, #7]
 113:Generated_Source\PSoC5/USBUART_cls.c ****             break;
  99              		.loc 1 113 0
 100 0062 00BF     		nop
 101              	.L8:
 114:Generated_Source\PSoC5/USBUART_cls.c ****     }
 115:Generated_Source\PSoC5/USBUART_cls.c **** #else /*No class is defined*/
 116:Generated_Source\PSoC5/USBUART_cls.c ****     if (0u != interfaceNumber)
 117:Generated_Source\PSoC5/USBUART_cls.c ****     {
 118:Generated_Source\PSoC5/USBUART_cls.c ****         /* Suppress warning message */
 119:Generated_Source\PSoC5/USBUART_cls.c ****     }
 120:Generated_Source\PSoC5/USBUART_cls.c ****     requestHandled = USBUART_FALSE;
 121:Generated_Source\PSoC5/USBUART_cls.c **** #endif /*HID or AUDIO or MSC or CDC class enabled*/
 122:Generated_Source\PSoC5/USBUART_cls.c **** 
 123:Generated_Source\PSoC5/USBUART_cls.c ****     /* `#START USER_DEFINED_CLASS_CODE` Place your Class request here */
 124:Generated_Source\PSoC5/USBUART_cls.c **** 
 125:Generated_Source\PSoC5/USBUART_cls.c ****     /* `#END` */
 126:Generated_Source\PSoC5/USBUART_cls.c **** 
 127:Generated_Source\PSoC5/USBUART_cls.c **** #ifdef USBUART_DISPATCH_CLASS_RQST_CALLBACK
ARM GAS  C:\Users\THUNDE~1\AppData\Local\Temp\ccno8gIJ.s 			page 5


 128:Generated_Source\PSoC5/USBUART_cls.c ****     if (USBUART_FALSE == requestHandled)
 129:Generated_Source\PSoC5/USBUART_cls.c ****     {
 130:Generated_Source\PSoC5/USBUART_cls.c ****         requestHandled = USBUART_DispatchClassRqst_Callback(interfaceNumber);
 131:Generated_Source\PSoC5/USBUART_cls.c ****     }
 132:Generated_Source\PSoC5/USBUART_cls.c **** #endif /* (USBUART_DISPATCH_CLASS_RQST_CALLBACK) */
 133:Generated_Source\PSoC5/USBUART_cls.c **** 
 134:Generated_Source\PSoC5/USBUART_cls.c ****     return (requestHandled);
 102              		.loc 1 134 0
 103 0064 FB79     		ldrb	r3, [r7, #7]	@ zero_extendqisi2
 135:Generated_Source\PSoC5/USBUART_cls.c **** }
 104              		.loc 1 135 0
 105 0066 1846     		mov	r0, r3
 106 0068 0837     		adds	r7, r7, #8
 107              		.cfi_def_cfa_offset 8
 108 006a BD46     		mov	sp, r7
 109              		.cfi_def_cfa_register 13
 110              		@ sp needed
 111 006c 80BD     		pop	{r7, pc}
 112              	.L13:
 113 006e 00BF     		.align	2
 114              	.L12:
 115 0070 00600040 		.word	1073766400
 116 0074 00000000 		.word	USBUART_EP
 117 0078 00000000 		.word	USBUART_interfaceClass
 118              		.cfi_endproc
 119              	.LFE0:
 120              		.size	USBUART_DispatchClassRqst, .-USBUART_DispatchClassRqst
 121              		.text
 122              	.Letext0:
 123              		.file 2 "Generated_Source\\PSoC5\\cytypes.h"
 124              		.file 3 "Generated_Source\\PSoC5\\USBUART.h"
 125              		.file 4 "Generated_Source\\PSoC5\\USBUART_pvt.h"
 126              		.section	.debug_info,"",%progbits
 127              	.Ldebug_info0:
 128 0000 C4010000 		.4byte	0x1c4
 129 0004 0400     		.2byte	0x4
 130 0006 00000000 		.4byte	.Ldebug_abbrev0
 131 000a 04       		.byte	0x4
 132 000b 01       		.uleb128 0x1
 133 000c 00000000 		.4byte	.LASF32
 134 0010 0C       		.byte	0xc
 135 0011 D6010000 		.4byte	.LASF33
 136 0015 4D020000 		.4byte	.LASF34
 137 0019 00000000 		.4byte	.Ldebug_ranges0+0
 138 001d 00000000 		.4byte	0
 139 0021 00000000 		.4byte	.Ldebug_line0
 140 0025 02       		.uleb128 0x2
 141 0026 01       		.byte	0x1
 142 0027 06       		.byte	0x6
 143 0028 41020000 		.4byte	.LASF0
 144 002c 02       		.uleb128 0x2
 145 002d 01       		.byte	0x1
 146 002e 08       		.byte	0x8
 147 002f 0F010000 		.4byte	.LASF1
 148 0033 02       		.uleb128 0x2
 149 0034 02       		.byte	0x2
 150 0035 05       		.byte	0x5
ARM GAS  C:\Users\THUNDE~1\AppData\Local\Temp\ccno8gIJ.s 			page 6


 151 0036 FB010000 		.4byte	.LASF2
 152 003a 02       		.uleb128 0x2
 153 003b 02       		.byte	0x2
 154 003c 07       		.byte	0x7
 155 003d 8E000000 		.4byte	.LASF3
 156 0041 02       		.uleb128 0x2
 157 0042 04       		.byte	0x4
 158 0043 05       		.byte	0x5
 159 0044 15020000 		.4byte	.LASF4
 160 0048 02       		.uleb128 0x2
 161 0049 04       		.byte	0x4
 162 004a 07       		.byte	0x7
 163 004b E8000000 		.4byte	.LASF5
 164 004f 02       		.uleb128 0x2
 165 0050 08       		.byte	0x8
 166 0051 05       		.byte	0x5
 167 0052 B8010000 		.4byte	.LASF6
 168 0056 02       		.uleb128 0x2
 169 0057 08       		.byte	0x8
 170 0058 07       		.byte	0x7
 171 0059 55010000 		.4byte	.LASF7
 172 005d 03       		.uleb128 0x3
 173 005e 04       		.byte	0x4
 174 005f 05       		.byte	0x5
 175 0060 696E7400 		.ascii	"int\000"
 176 0064 02       		.uleb128 0x2
 177 0065 04       		.byte	0x4
 178 0066 07       		.byte	0x7
 179 0067 48010000 		.4byte	.LASF8
 180 006b 04       		.uleb128 0x4
 181 006c 05020000 		.4byte	.LASF9
 182 0070 02       		.byte	0x2
 183 0071 9201     		.2byte	0x192
 184 0073 2C000000 		.4byte	0x2c
 185 0077 04       		.uleb128 0x4
 186 0078 36010000 		.4byte	.LASF10
 187 007c 02       		.byte	0x2
 188 007d 9301     		.2byte	0x193
 189 007f 3A000000 		.4byte	0x3a
 190 0083 02       		.uleb128 0x2
 191 0084 04       		.byte	0x4
 192 0085 04       		.byte	0x4
 193 0086 CE000000 		.4byte	.LASF11
 194 008a 02       		.uleb128 0x2
 195 008b 08       		.byte	0x8
 196 008c 04       		.byte	0x4
 197 008d 1D010000 		.4byte	.LASF12
 198 0091 02       		.uleb128 0x2
 199 0092 01       		.byte	0x1
 200 0093 08       		.byte	0x8
 201 0094 C6010000 		.4byte	.LASF13
 202 0098 02       		.uleb128 0x2
 203 0099 08       		.byte	0x8
 204 009a 04       		.byte	0x4
 205 009b 35020000 		.4byte	.LASF14
 206 009f 02       		.uleb128 0x2
 207 00a0 04       		.byte	0x4
ARM GAS  C:\Users\THUNDE~1\AppData\Local\Temp\ccno8gIJ.s 			page 7


 208 00a1 07       		.byte	0x7
 209 00a2 A8010000 		.4byte	.LASF15
 210 00a6 05       		.uleb128 0x5
 211 00a7 0C       		.byte	0xc
 212 00a8 03       		.byte	0x3
 213 00a9 8D       		.byte	0x8d
 214 00aa 1B010000 		.4byte	0x11b
 215 00ae 06       		.uleb128 0x6
 216 00af 24010000 		.4byte	.LASF16
 217 00b3 03       		.byte	0x3
 218 00b4 8F       		.byte	0x8f
 219 00b5 6B000000 		.4byte	0x6b
 220 00b9 00       		.byte	0
 221 00ba 06       		.uleb128 0x6
 222 00bb 3D010000 		.4byte	.LASF17
 223 00bf 03       		.byte	0x3
 224 00c0 90       		.byte	0x90
 225 00c1 6B000000 		.4byte	0x6b
 226 00c5 01       		.byte	0x1
 227 00c6 06       		.uleb128 0x6
 228 00c7 6C010000 		.4byte	.LASF18
 229 00cb 03       		.byte	0x3
 230 00cc 91       		.byte	0x91
 231 00cd 6B000000 		.4byte	0x6b
 232 00d1 02       		.byte	0x2
 233 00d2 06       		.uleb128 0x6
 234 00d3 D4000000 		.4byte	.LASF19
 235 00d7 03       		.byte	0x3
 236 00d8 92       		.byte	0x92
 237 00d9 6B000000 		.4byte	0x6b
 238 00dd 03       		.byte	0x3
 239 00de 06       		.uleb128 0x6
 240 00df FA000000 		.4byte	.LASF20
 241 00e3 03       		.byte	0x3
 242 00e4 93       		.byte	0x93
 243 00e5 6B000000 		.4byte	0x6b
 244 00e9 04       		.byte	0x4
 245 00ea 06       		.uleb128 0x6
 246 00eb B1010000 		.4byte	.LASF21
 247 00ef 03       		.byte	0x3
 248 00f0 94       		.byte	0x94
 249 00f1 6B000000 		.4byte	0x6b
 250 00f5 05       		.byte	0x5
 251 00f6 06       		.uleb128 0x6
 252 00f7 2B010000 		.4byte	.LASF22
 253 00fb 03       		.byte	0x3
 254 00fc 95       		.byte	0x95
 255 00fd 77000000 		.4byte	0x77
 256 0101 06       		.byte	0x6
 257 0102 06       		.uleb128 0x6
 258 0103 CB010000 		.4byte	.LASF23
 259 0107 03       		.byte	0x3
 260 0108 96       		.byte	0x96
 261 0109 77000000 		.4byte	0x77
 262 010d 08       		.byte	0x8
 263 010e 06       		.uleb128 0x6
 264 010f 0B020000 		.4byte	.LASF24
ARM GAS  C:\Users\THUNDE~1\AppData\Local\Temp\ccno8gIJ.s 			page 8


 265 0113 03       		.byte	0x3
 266 0114 97       		.byte	0x97
 267 0115 6B000000 		.4byte	0x6b
 268 0119 0A       		.byte	0xa
 269 011a 00       		.byte	0
 270 011b 07       		.uleb128 0x7
 271 011c 1E020000 		.4byte	.LASF25
 272 0120 03       		.byte	0x3
 273 0121 98       		.byte	0x98
 274 0122 A6000000 		.4byte	0xa6
 275 0126 05       		.uleb128 0x5
 276 0127 08       		.byte	0x8
 277 0128 03       		.byte	0x3
 278 0129 C5       		.byte	0xc5
 279 012a 3B010000 		.4byte	0x13b
 280 012e 06       		.uleb128 0x6
 281 012f B8000000 		.4byte	.LASF26
 282 0133 03       		.byte	0x3
 283 0134 C7       		.byte	0xc7
 284 0135 3B010000 		.4byte	0x13b
 285 0139 00       		.byte	0
 286 013a 00       		.byte	0
 287 013b 08       		.uleb128 0x8
 288 013c 6B000000 		.4byte	0x6b
 289 0140 4B010000 		.4byte	0x14b
 290 0144 09       		.uleb128 0x9
 291 0145 9F000000 		.4byte	0x9f
 292 0149 07       		.byte	0x7
 293 014a 00       		.byte	0
 294 014b 07       		.uleb128 0x7
 295 014c 90010000 		.4byte	.LASF27
 296 0150 03       		.byte	0x3
 297 0151 C8       		.byte	0xc8
 298 0152 26010000 		.4byte	0x126
 299 0156 0A       		.uleb128 0xa
 300 0157 76010000 		.4byte	.LASF35
 301 015b 01       		.byte	0x1
 302 015c 29       		.byte	0x29
 303 015d 6B000000 		.4byte	0x6b
 304 0161 00000000 		.4byte	.LFB0
 305 0165 7C000000 		.4byte	.LFE0-.LFB0
 306 0169 01       		.uleb128 0x1
 307 016a 9C       		.byte	0x9c
 308 016b 8C010000 		.4byte	0x18c
 309 016f 0B       		.uleb128 0xb
 310 0170 BF000000 		.4byte	.LASF28
 311 0174 01       		.byte	0x1
 312 0175 2B       		.byte	0x2b
 313 0176 6B000000 		.4byte	0x6b
 314 017a 02       		.uleb128 0x2
 315 017b 91       		.byte	0x91
 316 017c 77       		.sleb128 -9
 317 017d 0B       		.uleb128 0xb
 318 017e FF000000 		.4byte	.LASF29
 319 0182 01       		.byte	0x1
 320 0183 2C       		.byte	0x2c
 321 0184 6B000000 		.4byte	0x6b
ARM GAS  C:\Users\THUNDE~1\AppData\Local\Temp\ccno8gIJ.s 			page 9


 322 0188 02       		.uleb128 0x2
 323 0189 91       		.byte	0x91
 324 018a 76       		.sleb128 -10
 325 018b 00       		.byte	0
 326 018c 0C       		.uleb128 0xc
 327 018d A1000000 		.4byte	.LASF30
 328 0191 04       		.byte	0x4
 329 0192 77       		.byte	0x77
 330 0193 97010000 		.4byte	0x197
 331 0197 0D       		.uleb128 0xd
 332 0198 04       		.byte	0x4
 333 0199 9D010000 		.4byte	0x19d
 334 019d 0E       		.uleb128 0xe
 335 019e 6B000000 		.4byte	0x6b
 336 01a2 08       		.uleb128 0x8
 337 01a3 B2010000 		.4byte	0x1b2
 338 01a7 B2010000 		.4byte	0x1b2
 339 01ab 09       		.uleb128 0x9
 340 01ac 9F000000 		.4byte	0x9f
 341 01b0 08       		.byte	0x8
 342 01b1 00       		.byte	0
 343 01b2 0F       		.uleb128 0xf
 344 01b3 1B010000 		.4byte	0x11b
 345 01b7 0C       		.uleb128 0xc
 346 01b8 DD000000 		.4byte	.LASF31
 347 01bc 04       		.byte	0x4
 348 01bd 79       		.byte	0x79
 349 01be C2010000 		.4byte	0x1c2
 350 01c2 0F       		.uleb128 0xf
 351 01c3 A2010000 		.4byte	0x1a2
 352 01c7 00       		.byte	0
 353              		.section	.debug_abbrev,"",%progbits
 354              	.Ldebug_abbrev0:
 355 0000 01       		.uleb128 0x1
 356 0001 11       		.uleb128 0x11
 357 0002 01       		.byte	0x1
 358 0003 25       		.uleb128 0x25
 359 0004 0E       		.uleb128 0xe
 360 0005 13       		.uleb128 0x13
 361 0006 0B       		.uleb128 0xb
 362 0007 03       		.uleb128 0x3
 363 0008 0E       		.uleb128 0xe
 364 0009 1B       		.uleb128 0x1b
 365 000a 0E       		.uleb128 0xe
 366 000b 55       		.uleb128 0x55
 367 000c 17       		.uleb128 0x17
 368 000d 11       		.uleb128 0x11
 369 000e 01       		.uleb128 0x1
 370 000f 10       		.uleb128 0x10
 371 0010 17       		.uleb128 0x17
 372 0011 00       		.byte	0
 373 0012 00       		.byte	0
 374 0013 02       		.uleb128 0x2
 375 0014 24       		.uleb128 0x24
 376 0015 00       		.byte	0
 377 0016 0B       		.uleb128 0xb
 378 0017 0B       		.uleb128 0xb
ARM GAS  C:\Users\THUNDE~1\AppData\Local\Temp\ccno8gIJ.s 			page 10


 379 0018 3E       		.uleb128 0x3e
 380 0019 0B       		.uleb128 0xb
 381 001a 03       		.uleb128 0x3
 382 001b 0E       		.uleb128 0xe
 383 001c 00       		.byte	0
 384 001d 00       		.byte	0
 385 001e 03       		.uleb128 0x3
 386 001f 24       		.uleb128 0x24
 387 0020 00       		.byte	0
 388 0021 0B       		.uleb128 0xb
 389 0022 0B       		.uleb128 0xb
 390 0023 3E       		.uleb128 0x3e
 391 0024 0B       		.uleb128 0xb
 392 0025 03       		.uleb128 0x3
 393 0026 08       		.uleb128 0x8
 394 0027 00       		.byte	0
 395 0028 00       		.byte	0
 396 0029 04       		.uleb128 0x4
 397 002a 16       		.uleb128 0x16
 398 002b 00       		.byte	0
 399 002c 03       		.uleb128 0x3
 400 002d 0E       		.uleb128 0xe
 401 002e 3A       		.uleb128 0x3a
 402 002f 0B       		.uleb128 0xb
 403 0030 3B       		.uleb128 0x3b
 404 0031 05       		.uleb128 0x5
 405 0032 49       		.uleb128 0x49
 406 0033 13       		.uleb128 0x13
 407 0034 00       		.byte	0
 408 0035 00       		.byte	0
 409 0036 05       		.uleb128 0x5
 410 0037 13       		.uleb128 0x13
 411 0038 01       		.byte	0x1
 412 0039 0B       		.uleb128 0xb
 413 003a 0B       		.uleb128 0xb
 414 003b 3A       		.uleb128 0x3a
 415 003c 0B       		.uleb128 0xb
 416 003d 3B       		.uleb128 0x3b
 417 003e 0B       		.uleb128 0xb
 418 003f 01       		.uleb128 0x1
 419 0040 13       		.uleb128 0x13
 420 0041 00       		.byte	0
 421 0042 00       		.byte	0
 422 0043 06       		.uleb128 0x6
 423 0044 0D       		.uleb128 0xd
 424 0045 00       		.byte	0
 425 0046 03       		.uleb128 0x3
 426 0047 0E       		.uleb128 0xe
 427 0048 3A       		.uleb128 0x3a
 428 0049 0B       		.uleb128 0xb
 429 004a 3B       		.uleb128 0x3b
 430 004b 0B       		.uleb128 0xb
 431 004c 49       		.uleb128 0x49
 432 004d 13       		.uleb128 0x13
 433 004e 38       		.uleb128 0x38
 434 004f 0B       		.uleb128 0xb
 435 0050 00       		.byte	0
ARM GAS  C:\Users\THUNDE~1\AppData\Local\Temp\ccno8gIJ.s 			page 11


 436 0051 00       		.byte	0
 437 0052 07       		.uleb128 0x7
 438 0053 16       		.uleb128 0x16
 439 0054 00       		.byte	0
 440 0055 03       		.uleb128 0x3
 441 0056 0E       		.uleb128 0xe
 442 0057 3A       		.uleb128 0x3a
 443 0058 0B       		.uleb128 0xb
 444 0059 3B       		.uleb128 0x3b
 445 005a 0B       		.uleb128 0xb
 446 005b 49       		.uleb128 0x49
 447 005c 13       		.uleb128 0x13
 448 005d 00       		.byte	0
 449 005e 00       		.byte	0
 450 005f 08       		.uleb128 0x8
 451 0060 01       		.uleb128 0x1
 452 0061 01       		.byte	0x1
 453 0062 49       		.uleb128 0x49
 454 0063 13       		.uleb128 0x13
 455 0064 01       		.uleb128 0x1
 456 0065 13       		.uleb128 0x13
 457 0066 00       		.byte	0
 458 0067 00       		.byte	0
 459 0068 09       		.uleb128 0x9
 460 0069 21       		.uleb128 0x21
 461 006a 00       		.byte	0
 462 006b 49       		.uleb128 0x49
 463 006c 13       		.uleb128 0x13
 464 006d 2F       		.uleb128 0x2f
 465 006e 0B       		.uleb128 0xb
 466 006f 00       		.byte	0
 467 0070 00       		.byte	0
 468 0071 0A       		.uleb128 0xa
 469 0072 2E       		.uleb128 0x2e
 470 0073 01       		.byte	0x1
 471 0074 3F       		.uleb128 0x3f
 472 0075 19       		.uleb128 0x19
 473 0076 03       		.uleb128 0x3
 474 0077 0E       		.uleb128 0xe
 475 0078 3A       		.uleb128 0x3a
 476 0079 0B       		.uleb128 0xb
 477 007a 3B       		.uleb128 0x3b
 478 007b 0B       		.uleb128 0xb
 479 007c 27       		.uleb128 0x27
 480 007d 19       		.uleb128 0x19
 481 007e 49       		.uleb128 0x49
 482 007f 13       		.uleb128 0x13
 483 0080 11       		.uleb128 0x11
 484 0081 01       		.uleb128 0x1
 485 0082 12       		.uleb128 0x12
 486 0083 06       		.uleb128 0x6
 487 0084 40       		.uleb128 0x40
 488 0085 18       		.uleb128 0x18
 489 0086 9642     		.uleb128 0x2116
 490 0088 19       		.uleb128 0x19
 491 0089 01       		.uleb128 0x1
 492 008a 13       		.uleb128 0x13
ARM GAS  C:\Users\THUNDE~1\AppData\Local\Temp\ccno8gIJ.s 			page 12


 493 008b 00       		.byte	0
 494 008c 00       		.byte	0
 495 008d 0B       		.uleb128 0xb
 496 008e 34       		.uleb128 0x34
 497 008f 00       		.byte	0
 498 0090 03       		.uleb128 0x3
 499 0091 0E       		.uleb128 0xe
 500 0092 3A       		.uleb128 0x3a
 501 0093 0B       		.uleb128 0xb
 502 0094 3B       		.uleb128 0x3b
 503 0095 0B       		.uleb128 0xb
 504 0096 49       		.uleb128 0x49
 505 0097 13       		.uleb128 0x13
 506 0098 02       		.uleb128 0x2
 507 0099 18       		.uleb128 0x18
 508 009a 00       		.byte	0
 509 009b 00       		.byte	0
 510 009c 0C       		.uleb128 0xc
 511 009d 34       		.uleb128 0x34
 512 009e 00       		.byte	0
 513 009f 03       		.uleb128 0x3
 514 00a0 0E       		.uleb128 0xe
 515 00a1 3A       		.uleb128 0x3a
 516 00a2 0B       		.uleb128 0xb
 517 00a3 3B       		.uleb128 0x3b
 518 00a4 0B       		.uleb128 0xb
 519 00a5 49       		.uleb128 0x49
 520 00a6 13       		.uleb128 0x13
 521 00a7 3F       		.uleb128 0x3f
 522 00a8 19       		.uleb128 0x19
 523 00a9 3C       		.uleb128 0x3c
 524 00aa 19       		.uleb128 0x19
 525 00ab 00       		.byte	0
 526 00ac 00       		.byte	0
 527 00ad 0D       		.uleb128 0xd
 528 00ae 0F       		.uleb128 0xf
 529 00af 00       		.byte	0
 530 00b0 0B       		.uleb128 0xb
 531 00b1 0B       		.uleb128 0xb
 532 00b2 49       		.uleb128 0x49
 533 00b3 13       		.uleb128 0x13
 534 00b4 00       		.byte	0
 535 00b5 00       		.byte	0
 536 00b6 0E       		.uleb128 0xe
 537 00b7 26       		.uleb128 0x26
 538 00b8 00       		.byte	0
 539 00b9 49       		.uleb128 0x49
 540 00ba 13       		.uleb128 0x13
 541 00bb 00       		.byte	0
 542 00bc 00       		.byte	0
 543 00bd 0F       		.uleb128 0xf
 544 00be 35       		.uleb128 0x35
 545 00bf 00       		.byte	0
 546 00c0 49       		.uleb128 0x49
 547 00c1 13       		.uleb128 0x13
 548 00c2 00       		.byte	0
 549 00c3 00       		.byte	0
ARM GAS  C:\Users\THUNDE~1\AppData\Local\Temp\ccno8gIJ.s 			page 13


 550 00c4 00       		.byte	0
 551              		.section	.debug_aranges,"",%progbits
 552 0000 1C000000 		.4byte	0x1c
 553 0004 0200     		.2byte	0x2
 554 0006 00000000 		.4byte	.Ldebug_info0
 555 000a 04       		.byte	0x4
 556 000b 00       		.byte	0
 557 000c 0000     		.2byte	0
 558 000e 0000     		.2byte	0
 559 0010 00000000 		.4byte	.LFB0
 560 0014 7C000000 		.4byte	.LFE0-.LFB0
 561 0018 00000000 		.4byte	0
 562 001c 00000000 		.4byte	0
 563              		.section	.debug_ranges,"",%progbits
 564              	.Ldebug_ranges0:
 565 0000 00000000 		.4byte	.LFB0
 566 0004 7C000000 		.4byte	.LFE0
 567 0008 00000000 		.4byte	0
 568 000c 00000000 		.4byte	0
 569              		.section	.debug_line,"",%progbits
 570              	.Ldebug_line0:
 571 0000 91000000 		.section	.debug_str,"MS",%progbits,1
 571      02006600 
 571      00000201 
 571      FB0E0D00 
 571      01010101 
 572              	.LASF32:
 573 0000 474E5520 		.ascii	"GNU C11 5.4.1 20160609 (release) [ARM/embedded-5-br"
 573      43313120 
 573      352E342E 
 573      31203230 
 573      31363036 
 574 0033 616E6368 		.ascii	"anch revision 237715] -mcpu=cortex-m3 -mthumb -g -O"
 574      20726576 
 574      6973696F 
 574      6E203233 
 574      37373135 
 575 0066 30202D66 		.ascii	"0 -ffunction-sections -ffat-lto-objects\000"
 575      66756E63 
 575      74696F6E 
 575      2D736563 
 575      74696F6E 
 576              	.LASF3:
 577 008e 73686F72 		.ascii	"short unsigned int\000"
 577      7420756E 
 577      7369676E 
 577      65642069 
 577      6E7400
 578              	.LASF30:
 579 00a1 55534255 		.ascii	"USBUART_interfaceClass\000"
 579      4152545F 
 579      696E7465 
 579      72666163 
 579      65436C61 
 580              	.LASF26:
 581 00b8 65704461 		.ascii	"epData\000"
 581      746100
ARM GAS  C:\Users\THUNDE~1\AppData\Local\Temp\ccno8gIJ.s 			page 14


 582              	.LASF28:
 583 00bf 72657175 		.ascii	"requestHandled\000"
 583      65737448 
 583      616E646C 
 583      656400
 584              	.LASF11:
 585 00ce 666C6F61 		.ascii	"float\000"
 585      7400
 586              	.LASF19:
 587 00d4 6570546F 		.ascii	"epToggle\000"
 587      67676C65 
 587      00
 588              	.LASF31:
 589 00dd 55534255 		.ascii	"USBUART_EP\000"
 589      4152545F 
 589      455000
 590              	.LASF5:
 591 00e8 6C6F6E67 		.ascii	"long unsigned int\000"
 591      20756E73 
 591      69676E65 
 591      6420696E 
 591      7400
 592              	.LASF20:
 593 00fa 61646472 		.ascii	"addr\000"
 593      00
 594              	.LASF29:
 595 00ff 696E7465 		.ascii	"interfaceNumber\000"
 595      72666163 
 595      654E756D 
 595      62657200 
 596              	.LASF1:
 597 010f 756E7369 		.ascii	"unsigned char\000"
 597      676E6564 
 597      20636861 
 597      7200
 598              	.LASF12:
 599 011d 646F7562 		.ascii	"double\000"
 599      6C6500
 600              	.LASF16:
 601 0124 61747472 		.ascii	"attrib\000"
 601      696200
 602              	.LASF22:
 603 012b 62756666 		.ascii	"buffOffset\000"
 603      4F666673 
 603      657400
 604              	.LASF10:
 605 0136 75696E74 		.ascii	"uint16\000"
 605      313600
 606              	.LASF17:
 607 013d 61706945 		.ascii	"apiEpState\000"
 607      70537461 
 607      746500
 608              	.LASF8:
 609 0148 756E7369 		.ascii	"unsigned int\000"
 609      676E6564 
 609      20696E74 
 609      00
ARM GAS  C:\Users\THUNDE~1\AppData\Local\Temp\ccno8gIJ.s 			page 15


 610              	.LASF7:
 611 0155 6C6F6E67 		.ascii	"long long unsigned int\000"
 611      206C6F6E 
 611      6720756E 
 611      7369676E 
 611      65642069 
 612              	.LASF18:
 613 016c 68774570 		.ascii	"hwEpState\000"
 613      53746174 
 613      6500
 614              	.LASF35:
 615 0176 55534255 		.ascii	"USBUART_DispatchClassRqst\000"
 615      4152545F 
 615      44697370 
 615      61746368 
 615      436C6173 
 616              	.LASF27:
 617 0190 55534255 		.ascii	"USBUART_ep0_data_struct\000"
 617      4152545F 
 617      6570305F 
 617      64617461 
 617      5F737472 
 618              	.LASF15:
 619 01a8 73697A65 		.ascii	"sizetype\000"
 619      74797065 
 619      00
 620              	.LASF21:
 621 01b1 65704D6F 		.ascii	"epMode\000"
 621      646500
 622              	.LASF6:
 623 01b8 6C6F6E67 		.ascii	"long long int\000"
 623      206C6F6E 
 623      6720696E 
 623      7400
 624              	.LASF13:
 625 01c6 63686172 		.ascii	"char\000"
 625      00
 626              	.LASF23:
 627 01cb 62756666 		.ascii	"bufferSize\000"
 627      65725369 
 627      7A6500
 628              	.LASF33:
 629 01d6 47656E65 		.ascii	"Generated_Source\\PSoC5\\USBUART_cls.c\000"
 629      72617465 
 629      645F536F 
 629      75726365 
 629      5C50536F 
 630              	.LASF2:
 631 01fb 73686F72 		.ascii	"short int\000"
 631      7420696E 
 631      7400
 632              	.LASF9:
 633 0205 75696E74 		.ascii	"uint8\000"
 633      3800
 634              	.LASF24:
 635 020b 696E7465 		.ascii	"interface\000"
 635      72666163 
ARM GAS  C:\Users\THUNDE~1\AppData\Local\Temp\ccno8gIJ.s 			page 16


 635      6500
 636              	.LASF4:
 637 0215 6C6F6E67 		.ascii	"long int\000"
 637      20696E74 
 637      00
 638              	.LASF25:
 639 021e 545F5553 		.ascii	"T_USBUART_EP_CTL_BLOCK\000"
 639      42554152 
 639      545F4550 
 639      5F43544C 
 639      5F424C4F 
 640              	.LASF14:
 641 0235 6C6F6E67 		.ascii	"long double\000"
 641      20646F75 
 641      626C6500 
 642              	.LASF0:
 643 0241 7369676E 		.ascii	"signed char\000"
 643      65642063 
 643      68617200 
 644              	.LASF34:
 645 024d 463A5C50 		.ascii	"F:\\Programme_Scripts\\PSOC Creator\\FreeRTOS\\Free"
 645      726F6772 
 645      616D6D65 
 645      5F536372 
 645      69707473 
 646 027c 52544F53 		.ascii	"RTOS_CY8CKIT_059-master\\FreeRTOS_Demo.cydsn\000"
 646      5F435938 
 646      434B4954 
 646      5F303539 
 646      2D6D6173 
 647              		.ident	"GCC: (GNU Tools for ARM Embedded Processors) 5.4.1 20160609 (release) [ARM/embedded-5-bran
